Number of Dyck words is 1
Processing Dyck words, elapsed time = 30μs 
Dyck words use ~ 5.000000 bytes
Using 62 / 64 threads
Number of palindromic Dyck words is 1
Number of non-palindromic Dyck words is 0
Thread 0 has load 0
Thread 1 has load 0
Thread 0 is finished, elapsed time = 20μs 
Thread 1 is finished, elapsed time = 199μs 
Thread 6 is finished, elapsed time = 4977ns 
Thread 3 is finished, elapsed time = 251μs 
Thread 9 is finished, elapsed time = 4706ns 
Thread 14 is finished, elapsed time = 14μs 
Thread 5 is finished, elapsed time = 780μs 
Thread 17 is finished, elapsed time = 8557ns 
Thread 7 is finished, elapsed time = 786μs 
Thread 4 is finished, elapsed time = 1019μs 
Thread 10 is finished, elapsed time = 827μs 
Thread 11 is finished, elapsed time = 587μs 
Thread 13 is finished, elapsed time = 639μs 
Thread 23 is finished, elapsed time = 4598ns 
Thread 12 is finished, elapsed time = 734μs 
Thread 16 is finished, elapsed time = 729μs 
Thread 26 is finished, elapsed time = 4283ns 
Thread 27 is finished, elapsed time = 4913ns 
Thread 8 is finished, elapsed time = 1517μs 
Thread 28 is finished, elapsed time = 8899ns 
Thread 29 is finished, elapsed time = 7899ns 
Thread 30 is finished, elapsed time = 8149ns 
Thread 21 is finished, elapsed time = 802μs 
Thread 31 is finished, elapsed time = 4050ns 
Thread 2 is finished, elapsed time = 2259μs 
Thread 25 is finished, elapsed time = 616μs 
Thread 24 is finished, elapsed time = 555μs 
Thread 15 is finished, elapsed time = 1456μs 
Thread 18 is finished, elapsed time = 1322μs 
Thread 19 is finished, elapsed time = 1284μs 
Thread 36 is finished, elapsed time = 4766ns 
Thread 32 is finished, elapsed time = 473μs 
Thread 33 is finished, elapsed time = 533μs 
Thread 34 is finished, elapsed time = 555μs 
Thread 22 is finished, elapsed time = 1352μs 
Thread 35 is finished, elapsed time = 427μs 
Thread 38 is finished, elapsed time = 9104ns 
Thread 37 is finished, elapsed time = 153μs 
Thread 20 is finished, elapsed time = 1750μs 
Thread 39 is finished, elapsed time = 202μs 
Thread 40 is finished, elapsed time = 111μs 
Thread 43 is finished, elapsed time = 3039ns 
Thread 42 is finished, elapsed time = 92μs 
Thread 44 is finished, elapsed time = 3032ns 
Thread 41 is finished, elapsed time = 195μs 
Thread 45 is finished, elapsed time = 4554ns 
Thread 46 is finished, elapsed time = 9088ns 
Thread 47 is finished, elapsed time = 7125ns 
Thread 48 is finished, elapsed time = 8983ns 
Thread 49 is finished, elapsed time = 9106ns 
Thread 50 is finished, elapsed time = 64μs 
Thread 51 is finished, elapsed time = 3903ns 
Thread 52 is finished, elapsed time = 8922ns 
Thread 53 is finished, elapsed time = 73μs 
Thread 54 is finished, elapsed time = 59μs 
Thread 55 is finished, elapsed time = 8554ns 
Thread 57 is finished, elapsed time = 4140ns 
Thread 56 is finished, elapsed time = 113μs 
Thread 58 is finished, elapsed time = 3803ns 
Thread 59 is finished, elapsed time = 8669ns 
Thread 60 is finished, elapsed time = 65μs 
Thread 61 is finished, elapsed time = 3347ns 
From comparison of palindromic and palindromic: 2
Thread 0 has load 0
Thread 0 is finished, elapsed time = 6942ns 
Thread 2 is finished, elapsed time = 9588ns 
Thread 3 is finished, elapsed time = 19μs 
Thread 1 is finished, elapsed time = 409μs 
Thread 4 is finished, elapsed time = 261μs 
Thread 5 is finished, elapsed time = 292μs 
Thread 6 is finished, elapsed time = 258μs 
Thread 10 is finished, elapsed time = 11μs 
Thread 11 is finished, elapsed time = 8639ns 
Thread 9 is finished, elapsed time = 265μs 
Thread 7 is finished, elapsed time = 426μs 
Thread 8 is finished, elapsed time = 426μs 
Thread 13 is finished, elapsed time = 19μs 
Thread 16 is finished, elapsed time = 5043ns 
Thread 14 is finished, elapsed time = 110μs 
Thread 15 is finished, elapsed time = 173μs 
Thread 12 is finished, elapsed time = 443μs 
Thread 17 is finished, elapsed time = 96μs 
Thread 18 is finished, elapsed time = 89μs 
Thread 20 is finished, elapsed time = 69μs 
Thread 19 is finished, elapsed time = 112μs 
Thread 21 is finished, elapsed time = 4705ns 
Thread 22 is finished, elapsed time = 3754ns 
Thread 23 is finished, elapsed time = 8336ns 
Thread 25 is finished, elapsed time = 4637ns 
Thread 24 is finished, elapsed time = 98μs 
Thread 26 is finished, elapsed time = 4370ns 
Thread 27 is finished, elapsed time = 8196ns 
Thread 28 is finished, elapsed time = 300μs 
Thread 29 is finished, elapsed time = 315μs 
Thread 30 is finished, elapsed time = 122μs 
Thread 31 is finished, elapsed time = 95μs 
Thread 32 is finished, elapsed time = 67μs 
Thread 34 is finished, elapsed time = 3022ns 
Thread 35 is finished, elapsed time = 7930ns 
Thread 33 is finished, elapsed time = 139μs 
Thread 36 is finished, elapsed time = 44μs 
Thread 37 is finished, elapsed time = 9036ns 
Thread 39 is finished, elapsed time = 3990ns 
Thread 38 is finished, elapsed time = 79μs 
Thread 40 is finished, elapsed time = 55μs 
Thread 41 is finished, elapsed time = 8204ns 
Thread 43 is finished, elapsed time = 3713ns 
Thread 42 is finished, elapsed time = 4062ns 
Thread 44 is finished, elapsed time = 6792ns 
Thread 45 is finished, elapsed time = 8622ns 
Thread 46 is finished, elapsed time = 3888ns 
Thread 47 is finished, elapsed time = 4664ns 
Thread 48 is finished, elapsed time = 9000ns 
Thread 49 is finished, elapsed time = 8632ns 
Thread 50 is finished, elapsed time = 5013ns 
Thread 51 is finished, elapsed time = 8652ns 
Thread 53 is finished, elapsed time = 4457ns 
Thread 52 is finished, elapsed time = 145μs 
Thread 54 is finished, elapsed time = 6755ns 
Thread 55 is finished, elapsed time = 8555ns 
Thread 56 is finished, elapsed time = 3801ns 
Thread 57 is finished, elapsed time = 11μs 
Thread 59 is finished, elapsed time = 3422ns 
Thread 58 is finished, elapsed time = 91μs 
Thread 60 is finished, elapsed time = 2308ns 
Thread 61 is finished, elapsed time = 2463ns 
From comparison of non-palindromic and non-palindromic: 0
Thread 0 has load 0
Thread 1 has load 0
Thread 0 is finished, elapsed time = 2562ns 
Thread 1 is finished, elapsed time = 2240ns 
Thread 2 is finished, elapsed time = 12μs 
Thread 5 is finished, elapsed time = 8119ns 
Thread 6 is finished, elapsed time = 8205ns 
Thread 3 is finished, elapsed time = 305μs 
Thread 4 is finished, elapsed time = 322μs 
Thread 7 is finished, elapsed time = 212μs 
Thread 8 is finished, elapsed time = 264μs 
Thread 9 is finished, elapsed time = 232μs 
Thread 10 is finished, elapsed time = 216μs 
Thread 11 is finished, elapsed time = 76μs 
Thread 12 is finished, elapsed time = 75μs 
Thread 13 is finished, elapsed time = 2434ns 
Thread 14 is finished, elapsed time = 2299ns 
Thread 15 is finished, elapsed time = 2197ns 
Thread 16 is finished, elapsed time = 2486ns 
Thread 17 is finished, elapsed time = 2520ns 
Thread 18 is finished, elapsed time = 2188ns 
Thread 19 is finished, elapsed time = 2147ns 
Thread 21 is finished, elapsed time = 2176ns 
Thread 20 is finished, elapsed time = 8876ns 
Thread 22 is finished, elapsed time = 8294ns 
Thread 24 is finished, elapsed time = 4672ns 
Thread 23 is finished, elapsed time = 140μs 
Thread 25 is finished, elapsed time = 78μs 
Thread 27 is finished, elapsed time = 5000ns 
Thread 26 is finished, elapsed time = 69μs 
Thread 29 is finished, elapsed time = 4255ns 
Thread 30 is finished, elapsed time = 8693ns 
Thread 28 is finished, elapsed time = 143μs 
Thread 31 is finished, elapsed time = 111μs 
Thread 32 is finished, elapsed time = 102μs 
Thread 33 is finished, elapsed time = 73μs 
Thread 35 is finished, elapsed time = 4529ns 
Thread 34 is finished, elapsed time = 109μs 
Thread 36 is finished, elapsed time = 63μs 
Thread 37 is finished, elapsed time = 7262ns 
Thread 38 is finished, elapsed time = 4033ns 
Thread 39 is finished, elapsed time = 3424ns 
Thread 40 is finished, elapsed time = 3857ns 
Thread 41 is finished, elapsed time = 3414ns 
Thread 42 is finished, elapsed time = 3280ns 
Thread 43 is finished, elapsed time = 3258ns 
Thread 44 is finished, elapsed time = 3299ns 
Thread 45 is finished, elapsed time = 3292ns 
Thread 46 is finished, elapsed time = 5147ns 
Thread 48 is finished, elapsed time = 3891ns 
Thread 47 is finished, elapsed time = 30μs 
Thread 49 is finished, elapsed time = 8483ns 
Thread 51 is finished, elapsed time = 4436ns 
Thread 50 is finished, elapsed time = 93μs 
Thread 52 is finished, elapsed time = 3928ns 
Thread 53 is finished, elapsed time = 3859ns 
Thread 54 is finished, elapsed time = 3775ns 
Thread 55 is finished, elapsed time = 3968ns 
Thread 56 is finished, elapsed time = 4153ns 
Thread 57 is finished, elapsed time = 13μs 
Thread 58 is finished, elapsed time = 3013ns 
Thread 59 is finished, elapsed time = 8455ns 
Thread 60 is finished, elapsed time = 2764ns 
Thread 61 is finished, elapsed time = 2363ns 
From comparison of palindromic and non-palindromic: 0
Thread 0 has load 0
Thread 0 is finished, elapsed time = 7825ns 
Thread 2 is finished, elapsed time = 8175ns 
Thread 1 is finished, elapsed time = 114μs 
Thread 6 is finished, elapsed time = 6371ns 
Thread 5 is finished, elapsed time = 155μs 
Thread 4 is finished, elapsed time = 186μs 
Thread 9 is finished, elapsed time = 8347ns 
Thread 10 is finished, elapsed time = 3479ns 
Thread 11 is finished, elapsed time = 2100ns 
Thread 7 is finished, elapsed time = 233μs 
Thread 8 is finished, elapsed time = 272μs 
Thread 13 is finished, elapsed time = 2792ns 
Thread 12 is finished, elapsed time = 78μs 
Thread 3 is finished, elapsed time = 569μs 
Thread 15 is finished, elapsed time = 2390ns 
Thread 14 is finished, elapsed time = 31μs 
Thread 16 is finished, elapsed time = 5996ns 
Thread 17 is finished, elapsed time = 8100ns 
Thread 18 is finished, elapsed time = 2985ns 
Thread 20 is finished, elapsed time = 2186ns 
Thread 19 is finished, elapsed time = 8833ns 
Thread 21 is finished, elapsed time = 3872ns 
Thread 22 is finished, elapsed time = 5274ns 
Thread 23 is finished, elapsed time = 2687ns 
Thread 24 is finished, elapsed time = 8792ns 
Thread 25 is finished, elapsed time = 9338ns 
Thread 26 is finished, elapsed time = 5250ns 
Thread 27 is finished, elapsed time = 4135ns 
Thread 28 is finished, elapsed time = 18μs 
Thread 29 is finished, elapsed time = 9248ns 
Thread 30 is finished, elapsed time = 8356ns 
Thread 31 is finished, elapsed time = 67μs 
Thread 32 is finished, elapsed time = 27μs 
Thread 33 is finished, elapsed time = 8733ns 
Thread 34 is finished, elapsed time = 8743ns 
Thread 35 is finished, elapsed time = 78μs 
Thread 36 is finished, elapsed time = 4284ns 
Thread 37 is finished, elapsed time = 12μs 
Thread 38 is finished, elapsed time = 8575ns 
Thread 39 is finished, elapsed time = 70μs 
Thread 40 is finished, elapsed time = 57μs 
Thread 41 is finished, elapsed time = 4289ns 
Thread 42 is finished, elapsed time = 4862ns 
Thread 43 is finished, elapsed time = 8601ns 
Thread 44 is finished, elapsed time = 5197ns 
Thread 45 is finished, elapsed time = 4295ns 
Thread 46 is finished, elapsed time = 8485ns 
Thread 47 is finished, elapsed time = 8890ns 
Thread 48 is finished, elapsed time = 3654ns 
Thread 49 is finished, elapsed time = 5511ns 
Thread 50 is finished, elapsed time = 4371ns 
Thread 51 is finished, elapsed time = 4103ns 
Thread 52 is finished, elapsed time = 4339ns 
Thread 53 is finished, elapsed time = 4046ns 
Thread 54 is finished, elapsed time = 4016ns 
Thread 55 is finished, elapsed time = 3990ns 
Thread 56 is finished, elapsed time = 4304ns 
Thread 57 is finished, elapsed time = 3973ns 
Thread 58 is finished, elapsed time = 4127ns 
Thread 59 is finished, elapsed time = 3967ns 
Thread 60 is finished, elapsed time = 4181ns 
Thread 61 is finished, elapsed time = 8400ns 
From comparison of non-palindromics and their reverses: 0
Total elapsed time = 23ms 
2
