Number of Dyck words is 5
Processing Dyck words, elapsed time = 101μs 
Dyck words use ~ 69.000000 bytes
Using 62 / 64 threads
Number of palindromic Dyck words is 3
Number of non-palindromic Dyck words is 1
Thread 0 has load 2
Thread 1 has load 1
Thread 2 has load 0
Thread 3 has load 0
Thread 0 is finished, elapsed time = 12μs 
Thread 1 is finished, elapsed time = 14μs 
Thread 2 is finished, elapsed time = 13μs 
Thread 3 is finished, elapsed time = 63μs 
Thread 5 is finished, elapsed time = 2596ns 
Thread 4 is finished, elapsed time = 37μs 
Thread 7 is finished, elapsed time = 2943ns 
Thread 6 is finished, elapsed time = 77μs 
Thread 8 is finished, elapsed time = 2729ns 
Thread 10 is finished, elapsed time = 2290ns 
Thread 9 is finished, elapsed time = 14μs 
Thread 11 is finished, elapsed time = 22μs 
Thread 12 is finished, elapsed time = 4031ns 
Thread 13 is finished, elapsed time = 2653ns 
Thread 14 is finished, elapsed time = 2062ns 
Thread 16 is finished, elapsed time = 4135ns 
Thread 15 is finished, elapsed time = 93μs 
Thread 17 is finished, elapsed time = 83μs 
Thread 18 is finished, elapsed time = 70μs 
Thread 19 is finished, elapsed time = 116μs 
Thread 20 is finished, elapsed time = 76μs 
Thread 21 is finished, elapsed time = 4015ns 
Thread 22 is finished, elapsed time = 4074ns 
Thread 23 is finished, elapsed time = 3903ns 
Thread 24 is finished, elapsed time = 3952ns 
Thread 25 is finished, elapsed time = 3884ns 
Thread 26 is finished, elapsed time = 3386ns 
Thread 27 is finished, elapsed time = 8431ns 
Thread 29 is finished, elapsed time = 4273ns 
Thread 28 is finished, elapsed time = 237μs 
Thread 31 is finished, elapsed time = 8738ns 
Thread 30 is finished, elapsed time = 239μs 
Thread 32 is finished, elapsed time = 92μs 
Thread 33 is finished, elapsed time = 5339ns 
Thread 34 is finished, elapsed time = 4198ns 
Thread 35 is finished, elapsed time = 4118ns 
Thread 36 is finished, elapsed time = 3690ns 
Thread 37 is finished, elapsed time = 5888ns 
Thread 38 is finished, elapsed time = 6199ns 
Thread 40 is finished, elapsed time = 4132ns 
Thread 39 is finished, elapsed time = 299μs 
Thread 41 is finished, elapsed time = 299μs 
Thread 42 is finished, elapsed time = 133μs 
Thread 44 is finished, elapsed time = 8485ns 
Thread 43 is finished, elapsed time = 128μs 
Thread 45 is finished, elapsed time = 164μs 
Thread 47 is finished, elapsed time = 4012ns 
Thread 46 is finished, elapsed time = 162μs 
Thread 48 is finished, elapsed time = 3519ns 
Thread 49 is finished, elapsed time = 12μs 
Thread 50 is finished, elapsed time = 3483ns 
Thread 52 is finished, elapsed time = 20μs 
Thread 51 is finished, elapsed time = 82μs 
Thread 53 is finished, elapsed time = 8308ns 
Thread 54 is finished, elapsed time = 8188ns 
Thread 56 is finished, elapsed time = 7796ns 
Thread 55 is finished, elapsed time = 106μs 
Thread 57 is finished, elapsed time = 8489ns 
Thread 58 is finished, elapsed time = 8247ns 
Thread 60 is finished, elapsed time = 4545ns 
Thread 59 is finished, elapsed time = 94μs 
Thread 61 is finished, elapsed time = 24μs 
From comparison of palindromic and palindromic: 30
Thread 0 has load 0
Thread 1 has load 0
Thread 0 is finished, elapsed time = 5447ns 
Thread 2 is finished, elapsed time = 9039ns 
Thread 1 is finished, elapsed time = 59μs 
Thread 3 is finished, elapsed time = 8727ns 
Thread 4 is finished, elapsed time = 19μs 
Thread 5 is finished, elapsed time = 85μs 
Thread 7 is finished, elapsed time = 4086ns 
Thread 6 is finished, elapsed time = 84μs 
Thread 9 is finished, elapsed time = 2760ns 
Thread 8 is finished, elapsed time = 30μs 
Thread 11 is finished, elapsed time = 3010ns 
Thread 10 is finished, elapsed time = 11μs 
Thread 12 is finished, elapsed time = 4632ns 
Thread 14 is finished, elapsed time = 2889ns 
Thread 13 is finished, elapsed time = 8772ns 
Thread 15 is finished, elapsed time = 35μs 
Thread 16 is finished, elapsed time = 24μs 
Thread 18 is finished, elapsed time = 2583ns 
Thread 17 is finished, elapsed time = 30μs 
Thread 19 is finished, elapsed time = 3220ns 
Thread 20 is finished, elapsed time = 4129ns 
Thread 22 is finished, elapsed time = 2855ns 
Thread 21 is finished, elapsed time = 30μs 
Thread 24 is finished, elapsed time = 3062ns 
Thread 23 is finished, elapsed time = 24μs 
Thread 25 is finished, elapsed time = 3056ns 
Thread 26 is finished, elapsed time = 3942ns 
Thread 27 is finished, elapsed time = 8485ns 
Thread 28 is finished, elapsed time = 7543ns 
Thread 29 is finished, elapsed time = 30μs 
Thread 30 is finished, elapsed time = 8962ns 
Thread 31 is finished, elapsed time = 3423ns 
Thread 32 is finished, elapsed time = 5342ns 
Thread 33 is finished, elapsed time = 9194ns 
Thread 35 is finished, elapsed time = 3110ns 
Thread 34 is finished, elapsed time = 33μs 
Thread 36 is finished, elapsed time = 47μs 
Thread 37 is finished, elapsed time = 36μs 
Thread 39 is finished, elapsed time = 2355ns 
Thread 38 is finished, elapsed time = 29μs 
Thread 40 is finished, elapsed time = 38μs 
Thread 41 is finished, elapsed time = 29μs 
Thread 43 is finished, elapsed time = 2591ns 
Thread 42 is finished, elapsed time = 8591ns 
Thread 44 is finished, elapsed time = 4576ns 
Thread 45 is finished, elapsed time = 8606ns 
Thread 47 is finished, elapsed time = 2791ns 
Thread 46 is finished, elapsed time = 69μs 
Thread 48 is finished, elapsed time = 8269ns 
Thread 49 is finished, elapsed time = 8309ns 
Thread 50 is finished, elapsed time = 4133ns 
Thread 51 is finished, elapsed time = 8411ns 
Thread 52 is finished, elapsed time = 62μs 
Thread 53 is finished, elapsed time = 47μs 
Thread 54 is finished, elapsed time = 26μs 
Thread 56 is finished, elapsed time = 3125ns 
Thread 55 is finished, elapsed time = 34μs 
Thread 58 is finished, elapsed time = 2878ns 
Thread 57 is finished, elapsed time = 84μs 
Thread 60 is finished, elapsed time = 3213ns 
Thread 59 is finished, elapsed time = 29μs 
Thread 61 is finished, elapsed time = 62μs 
From comparison of non-palindromic and non-palindromic: 8
Thread 0 has load 1
Thread 1 has load 1
Thread 2 has load 1
Thread 3 has load 0
Thread 0 is finished, elapsed time = 18μs 
Thread 1 is finished, elapsed time = 67μs 
Thread 2 is finished, elapsed time = 84μs 
Thread 3 is finished, elapsed time = 110μs 
Thread 4 is finished, elapsed time = 102μs 
Thread 5 is finished, elapsed time = 133μs 
Thread 6 is finished, elapsed time = 120μs 
Thread 7 is finished, elapsed time = 110μs 
Thread 8 is finished, elapsed time = 94μs 
Thread 9 is finished, elapsed time = 19μs 
Thread 10 is finished, elapsed time = 6064ns 
Thread 11 is finished, elapsed time = 3722ns 
Thread 12 is finished, elapsed time = 3807ns 
Thread 13 is finished, elapsed time = 3718ns 
Thread 14 is finished, elapsed time = 3671ns 
Thread 15 is finished, elapsed time = 3116ns 
Thread 16 is finished, elapsed time = 4097ns 
Thread 17 is finished, elapsed time = 3806ns 
Thread 18 is finished, elapsed time = 3636ns 
Thread 19 is finished, elapsed time = 3728ns 
Thread 20 is finished, elapsed time = 2681ns 
Thread 21 is finished, elapsed time = 3557ns 
Thread 22 is finished, elapsed time = 2653ns 
Thread 23 is finished, elapsed time = 2199ns 
Thread 24 is finished, elapsed time = 2123ns 
Thread 25 is finished, elapsed time = 2155ns 
Thread 26 is finished, elapsed time = 2173ns 
Thread 27 is finished, elapsed time = 3586ns 
Thread 29 is finished, elapsed time = 3270ns 
Thread 28 is finished, elapsed time = 30μs 
Thread 31 is finished, elapsed time = 3669ns 
Thread 30 is finished, elapsed time = 24μs 
Thread 32 is finished, elapsed time = 54μs 
Thread 33 is finished, elapsed time = 2336ns 
Thread 34 is finished, elapsed time = 3583ns 
Thread 35 is finished, elapsed time = 2953ns 
Thread 36 is finished, elapsed time = 3757ns 
Thread 37 is finished, elapsed time = 3657ns 
Thread 38 is finished, elapsed time = 4260ns 
Thread 39 is finished, elapsed time = 3625ns 
Thread 40 is finished, elapsed time = 4201ns 
Thread 41 is finished, elapsed time = 3876ns 
Thread 42 is finished, elapsed time = 4226ns 
Thread 43 is finished, elapsed time = 3572ns 
Thread 44 is finished, elapsed time = 3869ns 
Thread 45 is finished, elapsed time = 27μs 
Thread 47 is finished, elapsed time = 4077ns 
Thread 48 is finished, elapsed time = 3780ns 
Thread 46 is finished, elapsed time = 48μs 
Thread 50 is finished, elapsed time = 2771ns 
Thread 49 is finished, elapsed time = 10μs 
Thread 52 is finished, elapsed time = 5698ns 
Thread 51 is finished, elapsed time = 100μs 
Thread 53 is finished, elapsed time = 8393ns 
Thread 55 is finished, elapsed time = 4376ns 
Thread 54 is finished, elapsed time = 83μs 
Thread 57 is finished, elapsed time = 2805ns 
Thread 56 is finished, elapsed time = 39μs 
Thread 58 is finished, elapsed time = 3029ns 
Thread 60 is finished, elapsed time = 2297ns 
Thread 59 is finished, elapsed time = 8584ns 
Thread 61 is finished, elapsed time = 57μs 
From comparison of palindromic and non-palindromic: 48
Thread 0 has load 1
Thread 1 has load 0
Thread 1 is finished, elapsed time = 5823ns 
Thread 0 is finished, elapsed time = 57μs 
Thread 3 is finished, elapsed time = 8717ns 
Thread 4 is finished, elapsed time = 8549ns 
Thread 2 is finished, elapsed time = 173μs 
Thread 7 is finished, elapsed time = 5069ns 
Thread 6 is finished, elapsed time = 94μs 
Thread 5 is finished, elapsed time = 192μs 
Thread 9 is finished, elapsed time = 4763ns 
Thread 10 is finished, elapsed time = 4645ns 
Thread 11 is finished, elapsed time = 3958ns 
Thread 8 is finished, elapsed time = 113μs 
Thread 13 is finished, elapsed time = 4458ns 
Thread 14 is finished, elapsed time = 3990ns 
Thread 12 is finished, elapsed time = 118μs 
Thread 16 is finished, elapsed time = 4025ns 
Thread 15 is finished, elapsed time = 23μs 
Thread 17 is finished, elapsed time = 30μs 
Thread 18 is finished, elapsed time = 34μs 
Thread 20 is finished, elapsed time = 3895ns 
Thread 19 is finished, elapsed time = 52μs 
Thread 21 is finished, elapsed time = 16μs 
Thread 22 is finished, elapsed time = 8518ns 
Thread 23 is finished, elapsed time = 66μs 
Thread 24 is finished, elapsed time = 10μs 
Thread 25 is finished, elapsed time = 8677ns 
Thread 26 is finished, elapsed time = 79μs 
Thread 28 is finished, elapsed time = 4207ns 
Thread 27 is finished, elapsed time = 104μs 
Thread 29 is finished, elapsed time = 8615ns 
Thread 31 is finished, elapsed time = 2792ns 
Thread 30 is finished, elapsed time = 8639ns 
Thread 32 is finished, elapsed time = 4507ns 
Thread 33 is finished, elapsed time = 2888ns 
Thread 34 is finished, elapsed time = 5284ns 
Thread 35 is finished, elapsed time = 2704ns 
Thread 36 is finished, elapsed time = 7281ns 
Thread 37 is finished, elapsed time = 74μs 
Thread 39 is finished, elapsed time = 3872ns 
Thread 38 is finished, elapsed time = 69μs 
Thread 40 is finished, elapsed time = 8440ns 
Thread 42 is finished, elapsed time = 5839ns 
Thread 41 is finished, elapsed time = 68μs 
Thread 43 is finished, elapsed time = 27μs 
Thread 44 is finished, elapsed time = 5927ns 
Thread 45 is finished, elapsed time = 23μs 
Thread 46 is finished, elapsed time = 15μs 
Thread 47 is finished, elapsed time = 8213ns 
Thread 49 is finished, elapsed time = 4177ns 
Thread 48 is finished, elapsed time = 69μs 
Thread 50 is finished, elapsed time = 5169ns 
Thread 51 is finished, elapsed time = 3976ns 
Thread 52 is finished, elapsed time = 3451ns 
Thread 53 is finished, elapsed time = 3567ns 
Thread 54 is finished, elapsed time = 3376ns 
Thread 55 is finished, elapsed time = 55μs 
Thread 56 is finished, elapsed time = 31μs 
Thread 57 is finished, elapsed time = 4092ns 
Thread 58 is finished, elapsed time = 3948ns 
Thread 59 is finished, elapsed time = 4011ns 
Thread 60 is finished, elapsed time = 3041ns 
Thread 61 is finished, elapsed time = 4118ns 
From comparison of non-palindromics and their reverses: 10
Total elapsed time = 18ms 
96
