Counting even rank Motzkin idempotents . . .
Number of weight 0 Motzkin words is 853467
Processing Motzkin words, elapsed time = 383ms 
Motzkin words use ~ 27.7841 MB
Using 62 / 64 threads
Thread 5 is finished, elapsed time = 25m 41s
Thread 3 is finished, elapsed time = 25m 52s
Thread 4 is finished, elapsed time = 26m 14s
Thread 1 is finished, elapsed time = 26m 39s
Thread 0 is finished, elapsed time = 26m 41s
Thread 2 is finished, elapsed time = 27m 3s
Thread 59 is finished, elapsed time = 28m 34s
Thread 60 is finished, elapsed time = 28m 40s
Thread 61 is finished, elapsed time = 29m 6s
Thread 58 is finished, elapsed time = 29m 31s
Thread 54 is finished, elapsed time = 29m 39s
Thread 55 is finished, elapsed time = 29m 43s
Thread 56 is finished, elapsed time = 29m 52s
Thread 57 is finished, elapsed time = 30m 19s
Thread 8 is finished, elapsed time = 30m 43s
Thread 9 is finished, elapsed time = 31m 5s
Thread 7 is finished, elapsed time = 31m 23s
Thread 6 is finished, elapsed time = 31m 27s
Thread 11 is finished, elapsed time = 31m 46s
Thread 13 is finished, elapsed time = 31m 51s
Thread 10 is finished, elapsed time = 32m 5s
Thread 15 is finished, elapsed time = 32m 8s
Thread 45 is finished, elapsed time = 32m 28s
Thread 51 is finished, elapsed time = 32m 30s
Thread 12 is finished, elapsed time = 32m 34s
Thread 18 is finished, elapsed time = 32m 37s
Thread 46 is finished, elapsed time = 32m 40s
Thread 19 is finished, elapsed time = 32m 43s
Thread 21 is finished, elapsed time = 32m 48s
Thread 23 is finished, elapsed time = 32m 56s
Thread 53 is finished, elapsed time = 32m 57s
Thread 48 is finished, elapsed time = 32m 59s
Thread 26 is finished, elapsed time = 33m 2s
Thread 25 is finished, elapsed time = 33m 3s
Thread 52 is finished, elapsed time = 33m 3s
Thread 50 is finished, elapsed time = 33m 4s
Thread 44 is finished, elapsed time = 33m 8s
Thread 20 is finished, elapsed time = 33m 12s
Thread 49 is finished, elapsed time = 33m 15s
Thread 14 is finished, elapsed time = 33m 15s
Thread 16 is finished, elapsed time = 33m 17s
Thread 47 is finished, elapsed time = 33m 23s
Thread 17 is finished, elapsed time = 33m 30s
Thread 22 is finished, elapsed time = 33m 35s
Thread 42 is finished, elapsed time = 33m 46s
Thread 28 is finished, elapsed time = 33m 47s
Thread 40 is finished, elapsed time = 33m 49s
Thread 41 is finished, elapsed time = 33m 50s
Thread 39 is finished, elapsed time = 33m 54s
Thread 43 is finished, elapsed time = 33m 54s
Thread 34 is finished, elapsed time = 33m 55s
Thread 35 is finished, elapsed time = 33m 57s
Thread 38 is finished, elapsed time = 34m 
Thread 27 is finished, elapsed time = 34m 2s
Thread 37 is finished, elapsed time = 34m 3s
Thread 29 is finished, elapsed time = 34m 3s
Thread 24 is finished, elapsed time = 34m 5s
Thread 36 is finished, elapsed time = 34m 22s
Thread 30 is finished, elapsed time = 34m 31s
Thread 32 is finished, elapsed time = 34m 39s
Thread 33 is finished, elapsed time = 34m 39s
Thread 31 is finished, elapsed time = 34m 48s
There are 840618758991 even rank idempotents, elapsed time = 34m 48s
Counting odd rank Motzkin idempotents . . .
Number of weight 1 Motzkin words is 1503312
Processing Motzkin words, elapsed time = 1013ms 
Motzkin words use ~ 50.4618 MB
Using 62 / 64 threads
Thread 59 is finished, elapsed time = 54m 22s
Thread 58 is finished, elapsed time = 54m 47s
Thread 56 is finished, elapsed time = 56m 6s
Thread 57 is finished, elapsed time = 56m 27s
Thread 54 is finished, elapsed time = 57m 59s
Thread 61 is finished, elapsed time = 58m 
Thread 55 is finished, elapsed time = 58m 3s
Thread 52 is finished, elapsed time = 58m 37s
Thread 60 is finished, elapsed time = 58m 42s
Thread 49 is finished, elapsed time = 59m 8s
Thread 53 is finished, elapsed time = 59m 42s
Thread 41 is finished, elapsed time = 1h 
Thread 39 is finished, elapsed time = 1h 
Thread 31 is finished, elapsed time = 1h 
Thread 51 is finished, elapsed time = 1h 
Thread 33 is finished, elapsed time = 1h 1m
Thread 47 is finished, elapsed time = 1h 1m
Thread 50 is finished, elapsed time = 1h 2m
Thread 38 is finished, elapsed time = 1h 2m
Thread 48 is finished, elapsed time = 1h 2m
Thread 13 is finished, elapsed time = 1h 2m
Thread 12 is finished, elapsed time = 1h 3m
Thread 42 is finished, elapsed time = 1h 3m
Thread 37 is finished, elapsed time = 1h 3m
Thread 40 is finished, elapsed time = 1h 4m
Thread 46 is finished, elapsed time = 1h 4m
Thread 23 is finished, elapsed time = 1h 4m
Thread 21 is finished, elapsed time = 1h 4m
Thread 44 is finished, elapsed time = 1h 4m
Thread 36 is finished, elapsed time = 1h 4m
Thread 5 is finished, elapsed time = 1h 5m
Thread 45 is finished, elapsed time = 1h 6m
Thread 10 is finished, elapsed time = 1h 6m
Thread 24 is finished, elapsed time = 1h 6m
Thread 17 is finished, elapsed time = 1h 6m
Thread 9 is finished, elapsed time = 1h 6m
Thread 35 is finished, elapsed time = 1h 6m
Thread 34 is finished, elapsed time = 1h 6m
Thread 43 is finished, elapsed time = 1h 7m
Thread 1 is finished, elapsed time = 1h 7m
Thread 27 is finished, elapsed time = 1h 7m
Thread 28 is finished, elapsed time = 1h 7m
Thread 3 is finished, elapsed time = 1h 7m
Thread 7 is finished, elapsed time = 1h 8m
Thread 0 is finished, elapsed time = 1h 8m
Thread 19 is finished, elapsed time = 1h 8m
Thread 32 is finished, elapsed time = 1h 8m
Thread 4 is finished, elapsed time = 1h 8m
Thread 11 is finished, elapsed time = 1h 8m
Thread 6 is finished, elapsed time = 1h 8m
Thread 30 is finished, elapsed time = 1h 8m
Thread 15 is finished, elapsed time = 1h 8m
Thread 29 is finished, elapsed time = 1h 9m
Thread 14 is finished, elapsed time = 1h 9m
Thread 20 is finished, elapsed time = 1h 9m
Thread 8 is finished, elapsed time = 1h 9m
Thread 16 is finished, elapsed time = 1h 9m
Thread 26 is finished, elapsed time = 1h 9m
Thread 2 is finished, elapsed time = 1h 9m
Thread 22 is finished, elapsed time = 1h 9m
Thread 25 is finished, elapsed time = 1h 9m
Thread 18 is finished, elapsed time = 1h 9m
There are 368639984848 odd rank idempotents, elapsed time = 1h 9m
Total elapsed time = 1h 44m
1209258743839
