Counting even rank Motzkin idempotents . . .
Number of weight 0 Motzkin words is 15511
Processing Motzkin words, elapsed time = 5751μs 
Motzkin words use ~ 392.777 KB
Using 62 / 64 threads
Thread 1 is finished, elapsed time = 187ms 
Thread 3 is finished, elapsed time = 192ms 
Thread 0 is finished, elapsed time = 201ms 
Thread 2 is finished, elapsed time = 204ms 
Thread 61 is finished, elapsed time = 210ms 
Thread 60 is finished, elapsed time = 275ms 
Thread 28 is finished, elapsed time = 324ms 
Thread 9 is finished, elapsed time = 334ms 
Thread 35 is finished, elapsed time = 332ms 
Thread 6 is finished, elapsed time = 355ms 
Thread 7 is finished, elapsed time = 361ms 
Thread 4 is finished, elapsed time = 370ms 
Thread 8 is finished, elapsed time = 373ms 
Thread 54 is finished, elapsed time = 369ms 
Thread 46 is finished, elapsed time = 373ms 
Thread 15 is finished, elapsed time = 383ms 
Thread 33 is finished, elapsed time = 379ms 
Thread 30 is finished, elapsed time = 386ms 
Thread 31 is finished, elapsed time = 387ms 
Thread 32 is finished, elapsed time = 388ms 
Thread 29 is finished, elapsed time = 388ms 
Thread 41 is finished, elapsed time = 390ms 
Thread 53 is finished, elapsed time = 384ms 
Thread 58 is finished, elapsed time = 378ms 
Thread 14 is finished, elapsed time = 404ms 
Thread 34 is finished, elapsed time = 375ms 
Thread 23 is finished, elapsed time = 406ms 
Thread 5 is finished, elapsed time = 412ms 
Thread 22 is finished, elapsed time = 412ms 
Thread 19 is finished, elapsed time = 415ms 
Thread 52 is finished, elapsed time = 410ms 
Thread 51 is finished, elapsed time = 412ms 
Thread 18 is finished, elapsed time = 418ms 
Thread 57 is finished, elapsed time = 401ms 
Thread 11 is finished, elapsed time = 424ms 
Thread 27 is finished, elapsed time = 419ms 
Thread 24 is finished, elapsed time = 424ms 
Thread 39 is finished, elapsed time = 420ms 
Thread 56 is finished, elapsed time = 409ms 
Thread 48 is finished, elapsed time = 422ms 
Thread 26 is finished, elapsed time = 428ms 
Thread 20 is finished, elapsed time = 430ms 
Thread 10 is finished, elapsed time = 433ms 
Thread 25 is finished, elapsed time = 431ms 
Thread 21 is finished, elapsed time = 433ms 
Thread 38 is finished, elapsed time = 429ms 
Thread 55 is finished, elapsed time = 429ms 
Thread 37 is finished, elapsed time = 430ms 
Thread 49 is finished, elapsed time = 432ms 
Thread 45 is finished, elapsed time = 434ms 
Thread 42 is finished, elapsed time = 435ms 
Thread 47 is finished, elapsed time = 438ms 
Thread 17 is finished, elapsed time = 445ms 
Thread 16 is finished, elapsed time = 448ms 
Thread 59 is finished, elapsed time = 434ms 
Thread 36 is finished, elapsed time = 443ms 
Thread 44 is finished, elapsed time = 450ms 
Thread 50 is finished, elapsed time = 452ms 
Thread 13 is finished, elapsed time = 478ms 
Thread 12 is finished, elapsed time = 480ms 
Thread 40 is finished, elapsed time = 477ms 
Thread 43 is finished, elapsed time = 478ms 
There are 282762045 even rank idempotents, elapsed time = 492ms 
Counting odd rank Motzkin idempotents . . .
Number of weight 1 Motzkin words is 26324
Processing Motzkin words, elapsed time = 21ms 
Motzkin words use ~ 694.766 KB
Using 62 / 64 threads
Thread 1 is finished, elapsed time = 103ms 
Thread 18 is finished, elapsed time = 176ms 
Thread 14 is finished, elapsed time = 180ms 
Thread 15 is finished, elapsed time = 181ms 
Thread 2 is finished, elapsed time = 186ms 
Thread 0 is finished, elapsed time = 191ms 
Thread 61 is finished, elapsed time = 190ms 
Thread 3 is finished, elapsed time = 207ms 
Thread 17 is finished, elapsed time = 219ms 
Thread 7 is finished, elapsed time = 232ms 
Thread 13 is finished, elapsed time = 236ms 
Thread 6 is finished, elapsed time = 243ms 
Thread 30 is finished, elapsed time = 249ms 
Thread 60 is finished, elapsed time = 241ms 
Thread 8 is finished, elapsed time = 266ms 
Thread 16 is finished, elapsed time = 266ms 
Thread 32 is finished, elapsed time = 270ms 
Thread 43 is finished, elapsed time = 281ms 
Thread 12 is finished, elapsed time = 301ms 
Thread 31 is finished, elapsed time = 301ms 
Thread 19 is finished, elapsed time = 311ms 
Thread 42 is finished, elapsed time = 308ms 
Thread 29 is finished, elapsed time = 312ms 
Thread 41 is finished, elapsed time = 324ms 
Thread 28 is finished, elapsed time = 329ms 
Thread 50 is finished, elapsed time = 328ms 
Thread 23 is finished, elapsed time = 334ms 
Thread 37 is finished, elapsed time = 339ms 
Thread 9 is finished, elapsed time = 349ms 
Thread 22 is finished, elapsed time = 362ms 
Thread 5 is finished, elapsed time = 370ms 
Thread 40 is finished, elapsed time = 365ms 
Thread 36 is finished, elapsed time = 369ms 
Thread 4 is finished, elapsed time = 375ms 
Thread 10 is finished, elapsed time = 376ms 
Thread 11 is finished, elapsed time = 380ms 
Thread 44 is finished, elapsed time = 376ms 
Thread 33 is finished, elapsed time = 383ms 
Thread 48 is finished, elapsed time = 381ms 
Thread 24 is finished, elapsed time = 387ms 
Thread 35 is finished, elapsed time = 402ms 
Thread 39 is finished, elapsed time = 413ms 
Thread 34 is finished, elapsed time = 415ms 
Thread 38 is finished, elapsed time = 420ms 
Thread 27 is finished, elapsed time = 448ms 
Thread 47 is finished, elapsed time = 446ms 
Thread 51 is finished, elapsed time = 447ms 
Thread 55 is finished, elapsed time = 452ms 
Thread 45 is finished, elapsed time = 461ms 
Thread 57 is finished, elapsed time = 469ms 
Thread 21 is finished, elapsed time = 476ms 
Thread 49 is finished, elapsed time = 456ms 
Thread 46 is finished, elapsed time = 494ms 
Thread 59 is finished, elapsed time = 487ms 
Thread 25 is finished, elapsed time = 532ms 
Thread 26 is finished, elapsed time = 535ms 
Thread 20 is finished, elapsed time = 537ms 
Thread 56 is finished, elapsed time = 541ms 
Thread 54 is finished, elapsed time = 543ms 
Thread 53 is finished, elapsed time = 555ms 
Thread 52 is finished, elapsed time = 562ms 
Thread 58 is finished, elapsed time = 544ms 
There are 131131744 odd rank idempotents, elapsed time = 600ms 
Total elapsed time = 1093ms 
413893789
