Counting even rank Motzkin idempotents . . .
Number of weight 0 Motzkin words is 310572
Processing Motzkin words, elapsed time = 129ms 
Motzkin words use ~ 9.50525 MB
Using 62 / 64 threads
Thread 5 is finished, elapsed time = 3m 27s
Thread 3 is finished, elapsed time = 3m 32s
Thread 1 is finished, elapsed time = 3m 32s
Thread 0 is finished, elapsed time = 3m 35s
Thread 4 is finished, elapsed time = 3m 36s
Thread 2 is finished, elapsed time = 3m 38s
Thread 54 is finished, elapsed time = 3m 56s
Thread 49 is finished, elapsed time = 3m 58s
Thread 33 is finished, elapsed time = 4m 2s
Thread 28 is finished, elapsed time = 4m 4s
Thread 51 is finished, elapsed time = 4m 5s
Thread 55 is finished, elapsed time = 4m 6s
Thread 16 is finished, elapsed time = 4m 6s
Thread 7 is finished, elapsed time = 4m 6s
Thread 23 is finished, elapsed time = 4m 6s
Thread 50 is finished, elapsed time = 4m 7s
Thread 13 is finished, elapsed time = 4m 7s
Thread 57 is finished, elapsed time = 4m 9s
Thread 61 is finished, elapsed time = 4m 9s
Thread 24 is finished, elapsed time = 4m 9s
Thread 53 is finished, elapsed time = 4m 10s
Thread 9 is finished, elapsed time = 4m 10s
Thread 30 is finished, elapsed time = 4m 10s
Thread 8 is finished, elapsed time = 4m 10s
Thread 46 is finished, elapsed time = 4m 10s
Thread 56 is finished, elapsed time = 4m 11s
Thread 11 is finished, elapsed time = 4m 11s
Thread 15 is finished, elapsed time = 4m 11s
Thread 19 is finished, elapsed time = 4m 11s
Thread 47 is finished, elapsed time = 4m 11s
Thread 22 is finished, elapsed time = 4m 12s
Thread 48 is finished, elapsed time = 4m 12s
Thread 58 is finished, elapsed time = 4m 12s
Thread 52 is finished, elapsed time = 4m 12s
Thread 14 is finished, elapsed time = 4m 12s
Thread 29 is finished, elapsed time = 4m 13s
Thread 21 is finished, elapsed time = 4m 14s
Thread 36 is finished, elapsed time = 4m 14s
Thread 18 is finished, elapsed time = 4m 14s
Thread 37 is finished, elapsed time = 4m 15s
Thread 25 is finished, elapsed time = 4m 15s
Thread 31 is finished, elapsed time = 4m 15s
Thread 32 is finished, elapsed time = 4m 15s
Thread 26 is finished, elapsed time = 4m 16s
Thread 40 is finished, elapsed time = 4m 16s
Thread 35 is finished, elapsed time = 4m 16s
Thread 27 is finished, elapsed time = 4m 17s
Thread 20 is finished, elapsed time = 4m 17s
Thread 10 is finished, elapsed time = 4m 17s
Thread 34 is finished, elapsed time = 4m 17s
Thread 45 is finished, elapsed time = 4m 18s
Thread 60 is finished, elapsed time = 4m 18s
Thread 17 is finished, elapsed time = 4m 19s
Thread 6 is finished, elapsed time = 4m 19s
Thread 39 is finished, elapsed time = 4m 19s
Thread 12 is finished, elapsed time = 4m 20s
Thread 59 is finished, elapsed time = 4m 20s
Thread 38 is finished, elapsed time = 4m 21s
Thread 42 is finished, elapsed time = 4m 22s
Thread 43 is finished, elapsed time = 4m 22s
Thread 44 is finished, elapsed time = 4m 23s
Thread 41 is finished, elapsed time = 4m 25s
There are 111751958951 even rank idempotents, elapsed time = 4m 25s
Counting odd rank Motzkin idempotents . . .
Number of weight 1 Motzkin words is 542895
Processing Motzkin words, elapsed time = 382ms 
Motzkin words use ~ 17.1687 MB
Using 62 / 64 threads
Thread 21 is finished, elapsed time = 6m 25s
Thread 20 is finished, elapsed time = 6m 33s
Thread 29 is finished, elapsed time = 6m 56s
Thread 42 is finished, elapsed time = 7m 
Thread 61 is finished, elapsed time = 7m 8s
Thread 32 is finished, elapsed time = 7m 10s
Thread 18 is finished, elapsed time = 7m 11s
Thread 25 is finished, elapsed time = 7m 17s
Thread 16 is finished, elapsed time = 7m 20s
Thread 40 is finished, elapsed time = 7m 20s
Thread 50 is finished, elapsed time = 7m 21s
Thread 15 is finished, elapsed time = 7m 27s
Thread 60 is finished, elapsed time = 7m 30s
Thread 19 is finished, elapsed time = 7m 35s
Thread 30 is finished, elapsed time = 7m 35s
Thread 47 is finished, elapsed time = 7m 36s
Thread 23 is finished, elapsed time = 7m 37s
Thread 26 is finished, elapsed time = 7m 39s
Thread 36 is finished, elapsed time = 7m 40s
Thread 43 is finished, elapsed time = 7m 41s
Thread 45 is finished, elapsed time = 7m 45s
Thread 48 is finished, elapsed time = 7m 46s
Thread 33 is finished, elapsed time = 7m 48s
Thread 9 is finished, elapsed time = 7m 50s
Thread 46 is finished, elapsed time = 7m 52s
Thread 24 is finished, elapsed time = 7m 58s
Thread 31 is finished, elapsed time = 7m 59s
Thread 8 is finished, elapsed time = 8m 2s
Thread 27 is finished, elapsed time = 8m 2s
Thread 3 is finished, elapsed time = 8m 2s
Thread 12 is finished, elapsed time = 8m 3s
Thread 35 is finished, elapsed time = 8m 5s
Thread 58 is finished, elapsed time = 8m 5s
Thread 2 is finished, elapsed time = 8m 6s
Thread 22 is finished, elapsed time = 8m 6s
Thread 37 is finished, elapsed time = 8m 6s
Thread 17 is finished, elapsed time = 8m 7s
Thread 44 is finished, elapsed time = 8m 7s
Thread 49 is finished, elapsed time = 8m 7s
Thread 28 is finished, elapsed time = 8m 8s
Thread 39 is finished, elapsed time = 8m 9s
Thread 55 is finished, elapsed time = 8m 12s
Thread 51 is finished, elapsed time = 8m 12s
Thread 34 is finished, elapsed time = 8m 13s
Thread 52 is finished, elapsed time = 8m 13s
Thread 57 is finished, elapsed time = 8m 15s
Thread 14 is finished, elapsed time = 8m 15s
Thread 54 is finished, elapsed time = 8m 15s
Thread 59 is finished, elapsed time = 8m 16s
Thread 10 is finished, elapsed time = 8m 16s
Thread 41 is finished, elapsed time = 8m 18s
Thread 7 is finished, elapsed time = 8m 22s
Thread 13 is finished, elapsed time = 8m 22s
Thread 38 is finished, elapsed time = 8m 22s
Thread 56 is finished, elapsed time = 8m 23s
Thread 5 is finished, elapsed time = 8m 24s
Thread 1 is finished, elapsed time = 8m 25s
Thread 6 is finished, elapsed time = 8m 26s
Thread 0 is finished, elapsed time = 8m 27s
Thread 53 is finished, elapsed time = 8m 27s
Thread 11 is finished, elapsed time = 8m 28s
Thread 4 is finished, elapsed time = 8m 38s
There are 49622082994 odd rank idempotents, elapsed time = 8m 39s
Total elapsed time = 13m 4s
161374041945
