Counting even rank Motzkin idempotents . . .
Number of weight 0 Motzkin words is 5798
Processing Motzkin words, elapsed time = 2488μs 
Motzkin words use ~ 135.104 KB
Using 62 / 64 threads
Thread 1 is finished, elapsed time = 28ms 
Thread 40 is finished, elapsed time = 30ms 
Thread 0 is finished, elapsed time = 34ms 
Thread 45 is finished, elapsed time = 30ms 
Thread 17 is finished, elapsed time = 37ms 
Thread 19 is finished, elapsed time = 37ms 
Thread 3 is finished, elapsed time = 35ms 
Thread 18 is finished, elapsed time = 39ms 
Thread 58 is finished, elapsed time = 30ms 
Thread 25 is finished, elapsed time = 41ms 
Thread 8 is finished, elapsed time = 44ms 
Thread 16 is finished, elapsed time = 44ms 
Thread 46 is finished, elapsed time = 41ms 
Thread 31 is finished, elapsed time = 44ms 
Thread 30 is finished, elapsed time = 44ms 
Thread 38 is finished, elapsed time = 43ms 
Thread 12 is finished, elapsed time = 47ms 
Thread 24 is finished, elapsed time = 45ms 
Thread 2 is finished, elapsed time = 48ms 
Thread 14 is finished, elapsed time = 48ms 
Thread 32 is finished, elapsed time = 45ms 
Thread 13 is finished, elapsed time = 48ms 
Thread 59 is finished, elapsed time = 43ms 
Thread 61 is finished, elapsed time = 32ms 
Thread 36 is finished, elapsed time = 46ms 
Thread 5 is finished, elapsed time = 47ms 
Thread 57 is finished, elapsed time = 39ms 
Thread 60 is finished, elapsed time = 40ms 
Thread 56 is finished, elapsed time = 42ms 
Thread 35 is finished, elapsed time = 49ms 
Thread 52 is finished, elapsed time = 45ms 
Thread 50 is finished, elapsed time = 46ms 
Thread 4 is finished, elapsed time = 52ms 
Thread 7 is finished, elapsed time = 49ms 
Thread 11 is finished, elapsed time = 55ms 
Thread 55 is finished, elapsed time = 39ms 
Thread 54 is finished, elapsed time = 48ms 
Thread 23 is finished, elapsed time = 50ms 
Thread 33 is finished, elapsed time = 54ms 
Thread 37 is finished, elapsed time = 53ms 
Thread 39 is finished, elapsed time = 54ms 
Thread 6 is finished, elapsed time = 57ms 
Thread 34 is finished, elapsed time = 55ms 
Thread 21 is finished, elapsed time = 57ms 
Thread 53 is finished, elapsed time = 52ms 
Thread 48 is finished, elapsed time = 53ms 
Thread 27 is finished, elapsed time = 58ms 
Thread 9 is finished, elapsed time = 60ms 
Thread 29 is finished, elapsed time = 58ms 
Thread 26 is finished, elapsed time = 59ms 
Thread 28 is finished, elapsed time = 58ms 
Thread 43 is finished, elapsed time = 39ms 
Thread 15 is finished, elapsed time = 61ms 
Thread 10 is finished, elapsed time = 62ms 
Thread 51 is finished, elapsed time = 57ms 
Thread 49 is finished, elapsed time = 56ms 
Thread 42 is finished, elapsed time = 47ms 
Thread 44 is finished, elapsed time = 37ms 
Thread 22 is finished, elapsed time = 61ms 
Thread 47 is finished, elapsed time = 60ms 
Thread 20 is finished, elapsed time = 61ms 
Thread 41 is finished, elapsed time = 52ms 
There are 39734739 even rank idempotents, elapsed time = 68ms 
Counting odd rank Motzkin idempotents . . .
Number of weight 1 Motzkin words is 9713
Processing Motzkin words, elapsed time = 5327μs 
Motzkin words use ~ 236.865 KB
Using 62 / 64 threads
Thread 3 is finished, elapsed time = 11ms 
Thread 2 is finished, elapsed time = 16ms 
Thread 1 is finished, elapsed time = 18ms 
Thread 0 is finished, elapsed time = 20ms 
Thread 21 is finished, elapsed time = 18ms 
Thread 20 is finished, elapsed time = 19ms 
Thread 12 is finished, elapsed time = 28ms 
Thread 37 is finished, elapsed time = 29ms 
Thread 23 is finished, elapsed time = 20ms 
Thread 10 is finished, elapsed time = 30ms 
Thread 33 is finished, elapsed time = 30ms 
Thread 22 is finished, elapsed time = 22ms 
Thread 34 is finished, elapsed time = 31ms 
Thread 24 is finished, elapsed time = 22ms 
Thread 11 is finished, elapsed time = 34ms 
Thread 25 is finished, elapsed time = 26ms 
Thread 27 is finished, elapsed time = 32ms 
Thread 13 is finished, elapsed time = 32ms 
Thread 61 is finished, elapsed time = 23ms 
Thread 26 is finished, elapsed time = 39ms 
Thread 4 is finished, elapsed time = 44ms 
Thread 38 is finished, elapsed time = 45ms 
Thread 14 is finished, elapsed time = 34ms 
Thread 60 is finished, elapsed time = 32ms 
Thread 28 is finished, elapsed time = 43ms 
Thread 35 is finished, elapsed time = 47ms 
Thread 50 is finished, elapsed time = 33ms 
Thread 39 is finished, elapsed time = 42ms 
Thread 56 is finished, elapsed time = 44ms 
Thread 17 is finished, elapsed time = 49ms 
Thread 19 is finished, elapsed time = 49ms 
Thread 7 is finished, elapsed time = 52ms 
Thread 18 is finished, elapsed time = 51ms 
Thread 5 is finished, elapsed time = 56ms 
Thread 15 is finished, elapsed time = 45ms 
Thread 16 is finished, elapsed time = 46ms 
Thread 8 is finished, elapsed time = 58ms 
Thread 9 is finished, elapsed time = 58ms 
Thread 32 is finished, elapsed time = 44ms 
Thread 6 is finished, elapsed time = 61ms 
Thread 41 is finished, elapsed time = 31ms 
Thread 29 is finished, elapsed time = 64ms 
Thread 42 is finished, elapsed time = 41ms 
Thread 40 is finished, elapsed time = 56ms 
Thread 45 is finished, elapsed time = 48ms 
Thread 36 is finished, elapsed time = 66ms 
Thread 57 is finished, elapsed time = 59ms 
Thread 30 is finished, elapsed time = 64ms 
Thread 46 is finished, elapsed time = 44ms 
Thread 43 is finished, elapsed time = 48ms 
Thread 31 is finished, elapsed time = 60ms 
Thread 51 is finished, elapsed time = 55ms 
Thread 52 is finished, elapsed time = 56ms 
Thread 49 is finished, elapsed time = 65ms 
Thread 44 is finished, elapsed time = 60ms 
Thread 47 is finished, elapsed time = 56ms 
Thread 54 is finished, elapsed time = 55ms 
Thread 58 is finished, elapsed time = 74ms 
Thread 59 is finished, elapsed time = 72ms 
Thread 55 is finished, elapsed time = 84ms 
Thread 48 is finished, elapsed time = 79ms 
Thread 53 is finished, elapsed time = 70ms 
There are 18741742 odd rank idempotents, elapsed time = 102ms 
Total elapsed time = 171ms 
58476481
