Counting even rank Motzkin idempotents . . .
Number of weight 0 Motzkin words is 2188
Processing Motzkin words, elapsed time = 1467μs 
Motzkin words use ~ 46.5381 KB
Using 62 / 64 threads
Thread 40 is finished, elapsed time = 1787μs 
Thread 61 is finished, elapsed time = 8993ns 
Thread 42 is finished, elapsed time = 1684μs 
Thread 49 is finished, elapsed time = 2015μs 
Thread 0 is finished, elapsed time = 5526μs 
Thread 1 is finished, elapsed time = 6251μs 
Thread 25 is finished, elapsed time = 5667μs 
Thread 2 is finished, elapsed time = 6712μs 
Thread 33 is finished, elapsed time = 4587μs 
Thread 50 is finished, elapsed time = 4027μs 
Thread 5 is finished, elapsed time = 6756μs 
Thread 10 is finished, elapsed time = 7262μs 
Thread 39 is finished, elapsed time = 3453μs 
Thread 15 is finished, elapsed time = 7203μs 
Thread 3 is finished, elapsed time = 7138μs 
Thread 4 is finished, elapsed time = 5992μs 
Thread 53 is finished, elapsed time = 3731μs 
Thread 60 is finished, elapsed time = 4548μs 
Thread 12 is finished, elapsed time = 8920μs 
Thread 21 is finished, elapsed time = 7258μs 
Thread 13 is finished, elapsed time = 9305μs 
Thread 24 is finished, elapsed time = 8599μs 
Thread 20 is finished, elapsed time = 9298μs 
Thread 9 is finished, elapsed time = 9189μs 
Thread 28 is finished, elapsed time = 8356μs 
Thread 43 is finished, elapsed time = 3590μs 
Thread 14 is finished, elapsed time = 10ms 
Thread 7 is finished, elapsed time = 9978μs 
Thread 57 is finished, elapsed time = 6103μs 
Thread 34 is finished, elapsed time = 9644μs 
Thread 59 is finished, elapsed time = 4152μs 
Thread 35 is finished, elapsed time = 9426μs 
Thread 6 is finished, elapsed time = 5574μs 
Thread 19 is finished, elapsed time = 10ms 
Thread 16 is finished, elapsed time = 11ms 
Thread 38 is finished, elapsed time = 5739μs 
Thread 26 is finished, elapsed time = 7769μs 
Thread 11 is finished, elapsed time = 11ms 
Thread 22 is finished, elapsed time = 11ms 
Thread 27 is finished, elapsed time = 10ms 
Thread 17 is finished, elapsed time = 11ms 
Thread 48 is finished, elapsed time = 4171μs 
Thread 23 is finished, elapsed time = 11ms 
Thread 47 is finished, elapsed time = 4369μs 
Thread 44 is finished, elapsed time = 4497μs 
Thread 32 is finished, elapsed time = 8404μs 
Thread 46 is finished, elapsed time = 5328μs 
Thread 29 is finished, elapsed time = 7439μs 
Thread 41 is finished, elapsed time = 5085μs 
Thread 18 is finished, elapsed time = 8545μs 
Thread 31 is finished, elapsed time = 6636μs 
Thread 45 is finished, elapsed time = 4117μs 
Thread 37 is finished, elapsed time = 5908μs 
Thread 52 is finished, elapsed time = 4740μs 
Thread 51 is finished, elapsed time = 5683μs 
Thread 30 is finished, elapsed time = 7944μs 
Thread 55 is finished, elapsed time = 8998μs 
Thread 8 is finished, elapsed time = 12ms 
Thread 36 is finished, elapsed time = 6041μs 
Thread 58 is finished, elapsed time = 7620μs 
Thread 54 is finished, elapsed time = 10ms 
Thread 56 is finished, elapsed time = 5436μs 
There are 5694563 even rank idempotents, elapsed time = 16ms 
Counting odd rank Motzkin idempotents . . .
Number of weight 1 Motzkin words is 3610
Processing Motzkin words, elapsed time = 2066μs 
Motzkin words use ~ 80.7695 KB
Using 62 / 64 threads
Thread 0 is finished, elapsed time = 2837μs 
Thread 3 is finished, elapsed time = 3691μs 
Thread 7 is finished, elapsed time = 3567μs 
Thread 36 is finished, elapsed time = 2390μs 
Thread 1 is finished, elapsed time = 3978μs 
Thread 61 is finished, elapsed time = 1885μs 
Thread 2 is finished, elapsed time = 4526μs 
Thread 6 is finished, elapsed time = 4487μs 
Thread 17 is finished, elapsed time = 3832μs 
Thread 38 is finished, elapsed time = 2294μs 
Thread 21 is finished, elapsed time = 4793μs 
Thread 37 is finished, elapsed time = 4471μs 
Thread 60 is finished, elapsed time = 3717μs 
Thread 48 is finished, elapsed time = 4237μs 
Thread 4 is finished, elapsed time = 6275μs 
Thread 12 is finished, elapsed time = 7229μs 
Thread 5 is finished, elapsed time = 7696μs 
Thread 22 is finished, elapsed time = 7001μs 
Thread 18 is finished, elapsed time = 6801μs 
Thread 19 is finished, elapsed time = 4815μs 
Thread 50 is finished, elapsed time = 6227μs 
Thread 33 is finished, elapsed time = 6826μs 
Thread 49 is finished, elapsed time = 6375μs 
Thread 9 is finished, elapsed time = 8219μs 
Thread 13 is finished, elapsed time = 8006μs 
Thread 27 is finished, elapsed time = 7592μs 
Thread 31 is finished, elapsed time = 7424μs 
Thread 20 is finished, elapsed time = 3638μs 
Thread 8 is finished, elapsed time = 8702μs 
Thread 11 is finished, elapsed time = 8798μs 
Thread 10 is finished, elapsed time = 8917μs 
Thread 16 is finished, elapsed time = 3027μs 
Thread 47 is finished, elapsed time = 7725μs 
Thread 14 is finished, elapsed time = 9055μs 
Thread 28 is finished, elapsed time = 8547μs 
Thread 32 is finished, elapsed time = 6866μs 
Thread 35 is finished, elapsed time = 8244μs 
Thread 29 is finished, elapsed time = 8624μs 
Thread 15 is finished, elapsed time = 6605μs 
Thread 26 is finished, elapsed time = 8941μs 
Thread 30 is finished, elapsed time = 8873μs 
Thread 23 is finished, elapsed time = 9163μs 
Thread 24 is finished, elapsed time = 9243μs 
Thread 34 is finished, elapsed time = 7236μs 
Thread 25 is finished, elapsed time = 9623μs 
Thread 53 is finished, elapsed time = 7551μs 
Thread 39 is finished, elapsed time = 4979μs 
Thread 59 is finished, elapsed time = 8964μs 
Thread 58 is finished, elapsed time = 9307μs 
Thread 55 is finished, elapsed time = 9530μs 
Thread 51 is finished, elapsed time = 11ms 
Thread 42 is finished, elapsed time = 8739μs 
Thread 52 is finished, elapsed time = 10ms 
Thread 56 is finished, elapsed time = 9690μs 
Thread 57 is finished, elapsed time = 9844μs 
Thread 43 is finished, elapsed time = 7775μs 
Thread 40 is finished, elapsed time = 8222μs 
Thread 41 is finished, elapsed time = 8192μs 
Thread 44 is finished, elapsed time = 7506μs 
Thread 54 is finished, elapsed time = 10ms 
Thread 45 is finished, elapsed time = 12ms 
Thread 46 is finished, elapsed time = 11ms 
There are 2734034 odd rank idempotents, elapsed time = 18ms 
Total elapsed time = 35ms 
8428597
