Counting even rank Motzkin idempotents . . .
Number of weight 0 Motzkin words is 4
Processing Motzkin words, elapsed time = 15μs 
Motzkin words use ~ 21 bytes
Using 62 / 64 threads
Thread 3 is finished, elapsed time = 6217ns 
Thread 2 is finished, elapsed time = 329μs 
Thread 1 is finished, elapsed time = 418μs 
Thread 0 is finished, elapsed time = 534μs 
Thread 4 is finished, elapsed time = 166μs 
Thread 5 is finished, elapsed time = 18μs 
Thread 6 is finished, elapsed time = 89μs 
Thread 7 is finished, elapsed time = 75μs 
Thread 9 is finished, elapsed time = 10μs 
Thread 10 is finished, elapsed time = 415μs 
Thread 8 is finished, elapsed time = 603μs 
Thread 11 is finished, elapsed time = 404μs 
Thread 12 is finished, elapsed time = 164μs 
Thread 13 is finished, elapsed time = 150μs 
Thread 14 is finished, elapsed time = 3220ns 
Thread 15 is finished, elapsed time = 3014ns 
Thread 16 is finished, elapsed time = 3852ns 
Thread 17 is finished, elapsed time = 4611ns 
Thread 18 is finished, elapsed time = 38μs 
Thread 19 is finished, elapsed time = 4136ns 
Thread 20 is finished, elapsed time = 61μs 
Thread 21 is finished, elapsed time = 2516ns 
Thread 22 is finished, elapsed time = 2544ns 
Thread 24 is finished, elapsed time = 2504ns 
Thread 23 is finished, elapsed time = 26μs 
Thread 25 is finished, elapsed time = 3448ns 
Thread 26 is finished, elapsed time = 46μs 
Thread 28 is finished, elapsed time = 2596ns 
Thread 27 is finished, elapsed time = 39μs 
Thread 29 is finished, elapsed time = 62μs 
Thread 30 is finished, elapsed time = 47μs 
Thread 32 is finished, elapsed time = 2636ns 
Thread 31 is finished, elapsed time = 29μs 
Thread 33 is finished, elapsed time = 5164ns 
Thread 35 is finished, elapsed time = 2880ns 
Thread 34 is finished, elapsed time = 95μs 
Thread 36 is finished, elapsed time = 4591ns 
Thread 37 is finished, elapsed time = 4555ns 
Thread 38 is finished, elapsed time = 4522ns 
Thread 39 is finished, elapsed time = 3225ns 
Thread 40 is finished, elapsed time = 4572ns 
Thread 42 is finished, elapsed time = 2761ns 
Thread 41 is finished, elapsed time = 108μs 
Thread 43 is finished, elapsed time = 4496ns 
Thread 45 is finished, elapsed time = 8175ns 
Thread 44 is finished, elapsed time = 97μs 
Thread 46 is finished, elapsed time = 4683ns 
Thread 47 is finished, elapsed time = 31μs 
Thread 48 is finished, elapsed time = 3886ns 
Thread 49 is finished, elapsed time = 22μs 
Thread 50 is finished, elapsed time = 4537ns 
Thread 51 is finished, elapsed time = 3964ns 
Thread 52 is finished, elapsed time = 3909ns 
Thread 53 is finished, elapsed time = 4619ns 
Thread 54 is finished, elapsed time = 2707ns 
Thread 55 is finished, elapsed time = 59μs 
Thread 56 is finished, elapsed time = 3555ns 
Thread 57 is finished, elapsed time = 3006ns 
Thread 58 is finished, elapsed time = 26μs 
Thread 59 is finished, elapsed time = 2436ns 
Thread 60 is finished, elapsed time = 3128ns 
Thread 61 is finished, elapsed time = 2346ns 
There are 19 even rank idempotents, elapsed time = 6803μs 
Counting odd rank Motzkin idempotents . . .
Number of weight 1 Motzkin words is 5
Processing Motzkin words, elapsed time = 15μs 
Motzkin words use ~ 41 bytes
Using 62 / 64 threads
Thread 0 is finished, elapsed time = 36μs 
Thread 2 is finished, elapsed time = 7602ns 
Thread 1 is finished, elapsed time = 148μs 
Thread 3 is finished, elapsed time = 122μs 
Thread 4 is finished, elapsed time = 150μs 
Thread 5 is finished, elapsed time = 192μs 
Thread 6 is finished, elapsed time = 3529ns 
Thread 7 is finished, elapsed time = 3520ns 
Thread 9 is finished, elapsed time = 2801ns 
Thread 10 is finished, elapsed time = 3974ns 
Thread 11 is finished, elapsed time = 3168ns 
Thread 12 is finished, elapsed time = 3245ns 
Thread 8 is finished, elapsed time = 209μs 
Thread 13 is finished, elapsed time = 43μs 
Thread 14 is finished, elapsed time = 4787ns 
Thread 16 is finished, elapsed time = 3293ns 
Thread 17 is finished, elapsed time = 12μs 
Thread 15 is finished, elapsed time = 142μs 
Thread 18 is finished, elapsed time = 20μs 
Thread 22 is finished, elapsed time = 2700ns 
Thread 19 is finished, elapsed time = 280μs 
Thread 20 is finished, elapsed time = 289μs 
Thread 21 is finished, elapsed time = 287μs 
Thread 23 is finished, elapsed time = 141μs 
Thread 27 is finished, elapsed time = 4055ns 
Thread 28 is finished, elapsed time = 7245ns 
Thread 25 is finished, elapsed time = 158μs 
Thread 29 is finished, elapsed time = 3037ns 
Thread 26 is finished, elapsed time = 258μs 
Thread 24 is finished, elapsed time = 372μs 
Thread 30 is finished, elapsed time = 78μs 
Thread 31 is finished, elapsed time = 64μs 
Thread 32 is finished, elapsed time = 5835ns 
Thread 34 is finished, elapsed time = 5742ns 
Thread 35 is finished, elapsed time = 66μs 
Thread 33 is finished, elapsed time = 192μs 
Thread 36 is finished, elapsed time = 2831ns 
Thread 37 is finished, elapsed time = 2978ns 
Thread 39 is finished, elapsed time = 2968ns 
Thread 38 is finished, elapsed time = 37μs 
Thread 41 is finished, elapsed time = 2719ns 
Thread 40 is finished, elapsed time = 42μs 
Thread 42 is finished, elapsed time = 7022ns 
Thread 43 is finished, elapsed time = 64μs 
Thread 44 is finished, elapsed time = 4574ns 
Thread 45 is finished, elapsed time = 56μs 
Thread 46 is finished, elapsed time = 2653ns 
Thread 47 is finished, elapsed time = 4746ns 
Thread 48 is finished, elapsed time = 2570ns 
Thread 50 is finished, elapsed time = 2634ns 
Thread 49 is finished, elapsed time = 26μs 
Thread 52 is finished, elapsed time = 2489ns 
Thread 51 is finished, elapsed time = 36μs 
Thread 53 is finished, elapsed time = 4238ns 
Thread 54 is finished, elapsed time = 58μs 
Thread 55 is finished, elapsed time = 4699ns 
Thread 56 is finished, elapsed time = 4511ns 
Thread 57 is finished, elapsed time = 4035ns 
Thread 58 is finished, elapsed time = 4475ns 
Thread 59 is finished, elapsed time = 30μs 
Thread 60 is finished, elapsed time = 3937ns 
Thread 61 is finished, elapsed time = 62μs 
There are 12 odd rank idempotents, elapsed time = 5491μs 
Total elapsed time = 12ms 
31
