Counting even rank Motzkin idempotents . . .
Number of weight 0 Motzkin words is 9
Processing Motzkin words, elapsed time = 22μs 
Motzkin words use ~ 73 bytes
Using 62 / 64 threads
Thread 0 is finished, elapsed time = 187μs 
Thread 1 is finished, elapsed time = 211μs 
Thread 3 is finished, elapsed time = 16μs 
Thread 2 is finished, elapsed time = 314μs 
Thread 4 is finished, elapsed time = 33μs 
Thread 5 is finished, elapsed time = 18μs 
Thread 6 is finished, elapsed time = 22μs 
Thread 7 is finished, elapsed time = 52μs 
Thread 8 is finished, elapsed time = 3017ns 
Thread 10 is finished, elapsed time = 2987ns 
Thread 9 is finished, elapsed time = 68μs 
Thread 11 is finished, elapsed time = 2732ns 
Thread 13 is finished, elapsed time = 2562ns 
Thread 12 is finished, elapsed time = 57μs 
Thread 14 is finished, elapsed time = 24μs 
Thread 15 is finished, elapsed time = 2575ns 
Thread 16 is finished, elapsed time = 2648ns 
Thread 17 is finished, elapsed time = 4765ns 
Thread 18 is finished, elapsed time = 38μs 
Thread 19 is finished, elapsed time = 119μs 
Thread 21 is finished, elapsed time = 3077ns 
Thread 20 is finished, elapsed time = 15μs 
Thread 22 is finished, elapsed time = 4438ns 
Thread 23 is finished, elapsed time = 5546ns 
Thread 26 is finished, elapsed time = 3411ns 
Thread 25 is finished, elapsed time = 9007ns 
Thread 24 is finished, elapsed time = 517μs 
Thread 33 is finished, elapsed time = 3370ns 
Thread 28 is finished, elapsed time = 340μs 
Thread 29 is finished, elapsed time = 349μs 
Thread 34 is finished, elapsed time = 4520ns 
Thread 36 is finished, elapsed time = 4048ns 
Thread 37 is finished, elapsed time = 2856ns 
Thread 38 is finished, elapsed time = 2856ns 
Thread 31 is finished, elapsed time = 379μs 
Thread 30 is finished, elapsed time = 504μs 
Thread 35 is finished, elapsed time = 260μs 
Thread 27 is finished, elapsed time = 944μs 
Thread 32 is finished, elapsed time = 587μs 
Thread 39 is finished, elapsed time = 4075ns 
Thread 40 is finished, elapsed time = 4221ns 
Thread 41 is finished, elapsed time = 8320ns 
Thread 43 is finished, elapsed time = 2606ns 
Thread 42 is finished, elapsed time = 77μs 
Thread 44 is finished, elapsed time = 42μs 
Thread 45 is finished, elapsed time = 4106ns 
Thread 46 is finished, elapsed time = 2701ns 
Thread 47 is finished, elapsed time = 2482ns 
Thread 48 is finished, elapsed time = 2776ns 
Thread 49 is finished, elapsed time = 4691ns 
Thread 52 is finished, elapsed time = 4120ns 
Thread 54 is finished, elapsed time = 2608ns 
Thread 51 is finished, elapsed time = 206μs 
Thread 50 is finished, elapsed time = 299μs 
Thread 55 is finished, elapsed time = 4582ns 
Thread 53 is finished, elapsed time = 339μs 
Thread 56 is finished, elapsed time = 4336ns 
Thread 58 is finished, elapsed time = 3211ns 
Thread 59 is finished, elapsed time = 4487ns 
Thread 60 is finished, elapsed time = 3675ns 
Thread 57 is finished, elapsed time = 203μs 
Thread 61 is finished, elapsed time = 4078ns 
There are 101 even rank idempotents, elapsed time = 6325μs 
Counting odd rank Motzkin idempotents . . .
Number of weight 1 Motzkin words is 12
Processing Motzkin words, elapsed time = 12μs 
Motzkin words use ~ 124 bytes
Using 62 / 64 threads
Thread 0 is finished, elapsed time = 20μs 
Thread 4 is finished, elapsed time = 3706ns 
Thread 5 is finished, elapsed time = 4206ns 
Thread 3 is finished, elapsed time = 216μs 
Thread 1 is finished, elapsed time = 324μs 
Thread 2 is finished, elapsed time = 335μs 
Thread 6 is finished, elapsed time = 204μs 
Thread 7 is finished, elapsed time = 180μs 
Thread 9 is finished, elapsed time = 3732ns 
Thread 11 is finished, elapsed time = 12μs 
Thread 12 is finished, elapsed time = 3017ns 
Thread 10 is finished, elapsed time = 129μs 
Thread 13 is finished, elapsed time = 2518ns 
Thread 8 is finished, elapsed time = 372μs 
Thread 15 is finished, elapsed time = 3858ns 
Thread 16 is finished, elapsed time = 7558ns 
Thread 18 is finished, elapsed time = 172μs 
Thread 17 is finished, elapsed time = 231μs 
Thread 20 is finished, elapsed time = 2979ns 
Thread 19 is finished, elapsed time = 280μs 
Thread 21 is finished, elapsed time = 107μs 
Thread 14 is finished, elapsed time = 408μs 
Thread 22 is finished, elapsed time = 4649ns 
Thread 24 is finished, elapsed time = 2813ns 
Thread 23 is finished, elapsed time = 2728ns 
Thread 26 is finished, elapsed time = 4829ns 
Thread 27 is finished, elapsed time = 4323ns 
Thread 28 is finished, elapsed time = 4305ns 
Thread 25 is finished, elapsed time = 3212ns 
Thread 29 is finished, elapsed time = 2235ns 
Thread 30 is finished, elapsed time = 4676ns 
Thread 31 is finished, elapsed time = 4722ns 
Thread 32 is finished, elapsed time = 4696ns 
Thread 34 is finished, elapsed time = 2788ns 
Thread 33 is finished, elapsed time = 197μs 
Thread 35 is finished, elapsed time = 115μs 
Thread 36 is finished, elapsed time = 3157ns 
Thread 37 is finished, elapsed time = 4602ns 
Thread 38 is finished, elapsed time = 4879ns 
Thread 39 is finished, elapsed time = 4933ns 
Thread 41 is finished, elapsed time = 2608ns 
Thread 40 is finished, elapsed time = 117μs 
Thread 42 is finished, elapsed time = 13μs 
Thread 43 is finished, elapsed time = 2545ns 
Thread 44 is finished, elapsed time = 52μs 
Thread 45 is finished, elapsed time = 4061ns 
Thread 46 is finished, elapsed time = 4647ns 
Thread 47 is finished, elapsed time = 4138ns 
Thread 49 is finished, elapsed time = 11μs 
Thread 48 is finished, elapsed time = 132μs 
Thread 50 is finished, elapsed time = 4433ns 
Thread 51 is finished, elapsed time = 47μs 
Thread 52 is finished, elapsed time = 5053ns 
Thread 53 is finished, elapsed time = 4474ns 
Thread 55 is finished, elapsed time = 2838ns 
Thread 54 is finished, elapsed time = 112μs 
Thread 56 is finished, elapsed time = 2660ns 
Thread 57 is finished, elapsed time = 2444ns 
Thread 58 is finished, elapsed time = 4714ns 
Thread 60 is finished, elapsed time = 3242ns 
Thread 59 is finished, elapsed time = 139μs 
Thread 61 is finished, elapsed time = 2430ns 
There are 52 odd rank idempotents, elapsed time = 6881μs 
Total elapsed time = 13ms 
153
