Counting even rank Motzkin idempotents . . .
Number of weight 0 Motzkin words is 51
Processing Motzkin words, elapsed time = 65μs 
Motzkin words use ~ 669 bytes
Using 62 / 64 threads
Thread 2 is finished, elapsed time = 39μs 
Thread 1 is finished, elapsed time = 383μs 
Thread 5 is finished, elapsed time = 11μs 
Thread 3 is finished, elapsed time = 228μs 
Thread 6 is finished, elapsed time = 22μs 
Thread 4 is finished, elapsed time = 284μs 
Thread 0 is finished, elapsed time = 787μs 
Thread 8 is finished, elapsed time = 7231ns 
Thread 7 is finished, elapsed time = 302μs 
Thread 9 is finished, elapsed time = 125μs 
Thread 11 is finished, elapsed time = 8821ns 
Thread 10 is finished, elapsed time = 210μs 
Thread 12 is finished, elapsed time = 7322ns 
Thread 13 is finished, elapsed time = 5534ns 
Thread 14 is finished, elapsed time = 5429ns 
Thread 15 is finished, elapsed time = 27μs 
Thread 16 is finished, elapsed time = 5087ns 
Thread 17 is finished, elapsed time = 5767ns 
Thread 18 is finished, elapsed time = 9220ns 
Thread 20 is finished, elapsed time = 4851ns 
Thread 19 is finished, elapsed time = 102μs 
Thread 22 is finished, elapsed time = 4526ns 
Thread 21 is finished, elapsed time = 85μs 
Thread 23 is finished, elapsed time = 143μs 
Thread 24 is finished, elapsed time = 149μs 
Thread 25 is finished, elapsed time = 179μs 
Thread 27 is finished, elapsed time = 7914ns 
Thread 28 is finished, elapsed time = 68μs 
Thread 26 is finished, elapsed time = 310μs 
Thread 29 is finished, elapsed time = 107μs 
Thread 30 is finished, elapsed time = 4197ns 
Thread 31 is finished, elapsed time = 7234ns 
Thread 32 is finished, elapsed time = 64μs 
Thread 33 is finished, elapsed time = 9660ns 
Thread 34 is finished, elapsed time = 4308ns 
Thread 35 is finished, elapsed time = 4625ns 
Thread 36 is finished, elapsed time = 8887ns 
Thread 37 is finished, elapsed time = 52μs 
Thread 38 is finished, elapsed time = 42μs 
Thread 39 is finished, elapsed time = 4104ns 
Thread 40 is finished, elapsed time = 2383ns 
Thread 41 is finished, elapsed time = 2977ns 
Thread 42 is finished, elapsed time = 2548ns 
Thread 43 is finished, elapsed time = 2608ns 
Thread 44 is finished, elapsed time = 2377ns 
Thread 45 is finished, elapsed time = 2928ns 
Thread 46 is finished, elapsed time = 4566ns 
Thread 47 is finished, elapsed time = 50μs 
Thread 48 is finished, elapsed time = 5008ns 
Thread 49 is finished, elapsed time = 2609ns 
Thread 51 is finished, elapsed time = 2652ns 
Thread 52 is finished, elapsed time = 2827ns 
Thread 50 is finished, elapsed time = 139μs 
Thread 53 is finished, elapsed time = 103μs 
Thread 54 is finished, elapsed time = 2385ns 
Thread 56 is finished, elapsed time = 2313ns 
Thread 57 is finished, elapsed time = 4054ns 
Thread 58 is finished, elapsed time = 2872ns 
Thread 55 is finished, elapsed time = 128μs 
Thread 59 is finished, elapsed time = 2231ns 
Thread 60 is finished, elapsed time = 4744ns 
Thread 61 is finished, elapsed time = 59μs 
There are 3189 even rank idempotents, elapsed time = 6657μs 
Counting odd rank Motzkin idempotents . . .
Number of weight 1 Motzkin words is 76
Processing Motzkin words, elapsed time = 84μs 
Motzkin words use ~ 1.08203 KB
Using 62 / 64 threads
Thread 0 is finished, elapsed time = 8298ns 
Thread 1 is finished, elapsed time = 11μs 
Thread 2 is finished, elapsed time = 16μs 
Thread 3 is finished, elapsed time = 172μs 
Thread 5 is finished, elapsed time = 11μs 
Thread 6 is finished, elapsed time = 12μs 
Thread 8 is finished, elapsed time = 5800ns 
Thread 12 is finished, elapsed time = 4236ns 
Thread 13 is finished, elapsed time = 4511ns 
Thread 7 is finished, elapsed time = 588μs 
Thread 9 is finished, elapsed time = 632μs 
Thread 10 is finished, elapsed time = 327μs 
Thread 16 is finished, elapsed time = 6553ns 
Thread 4 is finished, elapsed time = 1079μs 
Thread 15 is finished, elapsed time = 183μs 
Thread 14 is finished, elapsed time = 213μs 
Thread 18 is finished, elapsed time = 7679ns 
Thread 17 is finished, elapsed time = 149μs 
Thread 19 is finished, elapsed time = 7558ns 
Thread 20 is finished, elapsed time = 5547ns 
Thread 11 is finished, elapsed time = 584μs 
Thread 21 is finished, elapsed time = 5534ns 
Thread 22 is finished, elapsed time = 4573ns 
Thread 23 is finished, elapsed time = 8959ns 
Thread 24 is finished, elapsed time = 22μs 
Thread 25 is finished, elapsed time = 5965ns 
Thread 26 is finished, elapsed time = 4072ns 
Thread 28 is finished, elapsed time = 4451ns 
Thread 27 is finished, elapsed time = 7354ns 
Thread 29 is finished, elapsed time = 33μs 
Thread 30 is finished, elapsed time = 8119ns 
Thread 31 is finished, elapsed time = 9608ns 
Thread 32 is finished, elapsed time = 5093ns 
Thread 33 is finished, elapsed time = 92μs 
Thread 34 is finished, elapsed time = 5923ns 
Thread 35 is finished, elapsed time = 6101ns 
Thread 36 is finished, elapsed time = 6152ns 
Thread 37 is finished, elapsed time = 10μs 
Thread 38 is finished, elapsed time = 5761ns 
Thread 39 is finished, elapsed time = 6058ns 
Thread 40 is finished, elapsed time = 7068ns 
Thread 42 is finished, elapsed time = 5605ns 
Thread 41 is finished, elapsed time = 93μs 
Thread 43 is finished, elapsed time = 8999ns 
Thread 44 is finished, elapsed time = 7153ns 
Thread 46 is finished, elapsed time = 6571ns 
Thread 45 is finished, elapsed time = 80μs 
Thread 47 is finished, elapsed time = 5058ns 
Thread 49 is finished, elapsed time = 2504ns 
Thread 48 is finished, elapsed time = 85μs 
Thread 50 is finished, elapsed time = 2913ns 
Thread 51 is finished, elapsed time = 4421ns 
Thread 55 is finished, elapsed time = 2349ns 
Thread 56 is finished, elapsed time = 2482ns 
Thread 57 is finished, elapsed time = 2708ns 
Thread 58 is finished, elapsed time = 2705ns 
Thread 52 is finished, elapsed time = 284μs 
Thread 53 is finished, elapsed time = 259μs 
Thread 54 is finished, elapsed time = 250μs 
Thread 61 is finished, elapsed time = 2862ns 
Thread 59 is finished, elapsed time = 180μs 
Thread 60 is finished, elapsed time = 197μs 
There are 1650 odd rank idempotents, elapsed time = 4944μs 
Total elapsed time = 11ms 
4839
