Counting even rank Motzkin idempotents . . .
Number of weight 0 Motzkin words is 41835
Processing Motzkin words, elapsed time = 17ms 
Motzkin words use ~ 1.11674 MB
Using 62 / 64 threads
Thread 59 is finished, elapsed time = 1365ms 
Thread 0 is finished, elapsed time = 1398ms 
Thread 61 is finished, elapsed time = 1483ms 
Thread 58 is finished, elapsed time = 1663ms 
Thread 60 is finished, elapsed time = 1690ms 
Thread 1 is finished, elapsed time = 2683ms 
Thread 45 is finished, elapsed time = 2833ms 
Thread 44 is finished, elapsed time = 2843ms 
Thread 33 is finished, elapsed time = 2851ms 
Thread 14 is finished, elapsed time = 2830ms 
Thread 40 is finished, elapsed time = 2898ms 
Thread 5 is finished, elapsed time = 2917ms 
Thread 23 is finished, elapsed time = 2929ms 
Thread 17 is finished, elapsed time = 2938ms 
Thread 13 is finished, elapsed time = 3025ms 
Thread 48 is finished, elapsed time = 3041ms 
Thread 32 is finished, elapsed time = 3063ms 
Thread 12 is finished, elapsed time = 3075ms 
Thread 47 is finished, elapsed time = 3117ms 
Thread 42 is finished, elapsed time = 3124ms 
Thread 2 is finished, elapsed time = 3127ms 
Thread 49 is finished, elapsed time = 3145ms 
Thread 35 is finished, elapsed time = 3207ms 
Thread 27 is finished, elapsed time = 3224ms 
Thread 46 is finished, elapsed time = 3278ms 
Thread 3 is finished, elapsed time = 3281ms 
Thread 25 is finished, elapsed time = 3278ms 
Thread 6 is finished, elapsed time = 3295ms 
Thread 39 is finished, elapsed time = 3302ms 
Thread 43 is finished, elapsed time = 3303ms 
Thread 24 is finished, elapsed time = 3310ms 
Thread 9 is finished, elapsed time = 3319ms 
Thread 10 is finished, elapsed time = 3320ms 
Thread 15 is finished, elapsed time = 3311ms 
Thread 26 is finished, elapsed time = 3333ms 
Thread 50 is finished, elapsed time = 3353ms 
Thread 29 is finished, elapsed time = 3364ms 
Thread 4 is finished, elapsed time = 3370ms 
Thread 37 is finished, elapsed time = 3420ms 
Thread 36 is finished, elapsed time = 3424ms 
Thread 19 is finished, elapsed time = 3466ms 
Thread 8 is finished, elapsed time = 3470ms 
Thread 7 is finished, elapsed time = 3470ms 
Thread 38 is finished, elapsed time = 3473ms 
Thread 20 is finished, elapsed time = 3476ms 
Thread 41 is finished, elapsed time = 3504ms 
Thread 16 is finished, elapsed time = 3499ms 
Thread 56 is finished, elapsed time = 3519ms 
Thread 51 is finished, elapsed time = 3523ms 
Thread 52 is finished, elapsed time = 3525ms 
Thread 34 is finished, elapsed time = 3528ms 
Thread 11 is finished, elapsed time = 3522ms 
Thread 54 is finished, elapsed time = 3552ms 
Thread 21 is finished, elapsed time = 3563ms 
Thread 55 is finished, elapsed time = 3569ms 
Thread 53 is finished, elapsed time = 3620ms 
Thread 57 is finished, elapsed time = 3618ms 
Thread 18 is finished, elapsed time = 3665ms 
Thread 22 is finished, elapsed time = 3689ms 
Thread 31 is finished, elapsed time = 3728ms 
Thread 28 is finished, elapsed time = 3719ms 
Thread 30 is finished, elapsed time = 3751ms 
There are 2046194295 even rank idempotents, elapsed time = 3778ms 
Counting odd rank Motzkin idempotents . . .
Number of weight 1 Motzkin words is 71799
Processing Motzkin words, elapsed time = 42ms 
Motzkin words use ~ 1.99088 MB
Using 62 / 64 threads
Thread 61 is finished, elapsed time = 1763ms 
Thread 60 is finished, elapsed time = 1800ms 
Thread 0 is finished, elapsed time = 1940ms 
Thread 27 is finished, elapsed time = 2192ms 
Thread 31 is finished, elapsed time = 2335ms 
Thread 21 is finished, elapsed time = 2353ms 
Thread 22 is finished, elapsed time = 2455ms 
Thread 23 is finished, elapsed time = 2474ms 
Thread 8 is finished, elapsed time = 2494ms 
Thread 19 is finished, elapsed time = 2572ms 
Thread 20 is finished, elapsed time = 2651ms 
Thread 4 is finished, elapsed time = 2695ms 
Thread 3 is finished, elapsed time = 2704ms 
Thread 15 is finished, elapsed time = 2818ms 
Thread 9 is finished, elapsed time = 3007ms 
Thread 25 is finished, elapsed time = 3023ms 
Thread 32 is finished, elapsed time = 3025ms 
Thread 1 is finished, elapsed time = 3041ms 
Thread 34 is finished, elapsed time = 3049ms 
Thread 11 is finished, elapsed time = 3071ms 
Thread 41 is finished, elapsed time = 3091ms 
Thread 39 is finished, elapsed time = 3105ms 
Thread 10 is finished, elapsed time = 3127ms 
Thread 26 is finished, elapsed time = 3127ms 
Thread 33 is finished, elapsed time = 3146ms 
Thread 14 is finished, elapsed time = 3165ms 
Thread 24 is finished, elapsed time = 3160ms 
Thread 37 is finished, elapsed time = 3185ms 
Thread 16 is finished, elapsed time = 3206ms 
Thread 6 is finished, elapsed time = 3246ms 
Thread 38 is finished, elapsed time = 3296ms 
Thread 5 is finished, elapsed time = 3302ms 
Thread 2 is finished, elapsed time = 3325ms 
Thread 40 is finished, elapsed time = 3330ms 
Thread 7 is finished, elapsed time = 3357ms 
Thread 28 is finished, elapsed time = 3476ms 
Thread 47 is finished, elapsed time = 3481ms 
Thread 30 is finished, elapsed time = 3522ms 
Thread 44 is finished, elapsed time = 3531ms 
Thread 13 is finished, elapsed time = 3558ms 
Thread 17 is finished, elapsed time = 3548ms 
Thread 29 is finished, elapsed time = 3610ms 
Thread 35 is finished, elapsed time = 3708ms 
Thread 43 is finished, elapsed time = 3710ms 
Thread 36 is finished, elapsed time = 3807ms 
Thread 12 is finished, elapsed time = 3839ms 
Thread 18 is finished, elapsed time = 3856ms 
Thread 52 is finished, elapsed time = 3869ms 
Thread 50 is finished, elapsed time = 3901ms 
Thread 54 is finished, elapsed time = 3933ms 
Thread 42 is finished, elapsed time = 3968ms 
Thread 48 is finished, elapsed time = 4063ms 
Thread 46 is finished, elapsed time = 4198ms 
Thread 59 is finished, elapsed time = 4265ms 
Thread 56 is finished, elapsed time = 4281ms 
Thread 51 is finished, elapsed time = 4311ms 
Thread 49 is finished, elapsed time = 4353ms 
Thread 45 is finished, elapsed time = 4376ms 
Thread 57 is finished, elapsed time = 4356ms 
Thread 53 is finished, elapsed time = 4372ms 
Thread 55 is finished, elapsed time = 4388ms 
Thread 58 is finished, elapsed time = 4507ms 
There are 934294961 odd rank idempotents, elapsed time = 4589ms 
Total elapsed time = 8368ms 
2980489256
