Counting even rank Motzkin idempotents . . .
Number of weight 0 Motzkin words is 835
Processing Motzkin words, elapsed time = 721μs 
Motzkin words use ~ 16.0488 KB
Using 62 / 64 threads
Thread 1 is finished, elapsed time = 386μs 
Thread 0 is finished, elapsed time = 687μs 
Thread 2 is finished, elapsed time = 1114μs 
Thread 3 is finished, elapsed time = 1300μs 
Thread 4 is finished, elapsed time = 1458μs 
Thread 5 is finished, elapsed time = 1496μs 
Thread 6 is finished, elapsed time = 1539μs 
Thread 7 is finished, elapsed time = 1534μs 
Thread 20 is finished, elapsed time = 460μs 
Thread 10 is finished, elapsed time = 1399μs 
Thread 8 is finished, elapsed time = 1670μs 
Thread 9 is finished, elapsed time = 1670μs 
Thread 12 is finished, elapsed time = 1516μs 
Thread 16 is finished, elapsed time = 1362μs 
Thread 24 is finished, elapsed time = 814μs 
Thread 19 is finished, elapsed time = 1282μs 
Thread 13 is finished, elapsed time = 2198μs 
Thread 17 is finished, elapsed time = 1933μs 
Thread 23 is finished, elapsed time = 219μs 
Thread 15 is finished, elapsed time = 2201μs 
Thread 21 is finished, elapsed time = 1552μs 
Thread 32 is finished, elapsed time = 1030μs 
Thread 25 is finished, elapsed time = 137μs 
Thread 11 is finished, elapsed time = 2661μs 
Thread 28 is finished, elapsed time = 1470μs 
Thread 27 is finished, elapsed time = 752μs 
Thread 30 is finished, elapsed time = 1462μs 
Thread 26 is finished, elapsed time = 487μs 
Thread 14 is finished, elapsed time = 2764μs 
Thread 22 is finished, elapsed time = 1205μs 
Thread 33 is finished, elapsed time = 1424μs 
Thread 31 is finished, elapsed time = 1270μs 
Thread 37 is finished, elapsed time = 1019μs 
Thread 34 is finished, elapsed time = 1543μs 
Thread 35 is finished, elapsed time = 1596μs 
Thread 18 is finished, elapsed time = 2337μs 
Thread 29 is finished, elapsed time = 2199μs 
Thread 42 is finished, elapsed time = 754μs 
Thread 36 is finished, elapsed time = 1659μs 
Thread 41 is finished, elapsed time = 1024μs 
Thread 39 is finished, elapsed time = 1199μs 
Thread 50 is finished, elapsed time = 513μs 
Thread 40 is finished, elapsed time = 1249μs 
Thread 38 is finished, elapsed time = 1613μs 
Thread 60 is finished, elapsed time = 4410ns 
Thread 61 is finished, elapsed time = 2271ns 
Thread 59 is finished, elapsed time = 268μs 
Thread 58 is finished, elapsed time = 405μs 
Thread 43 is finished, elapsed time = 1417μs 
Thread 44 is finished, elapsed time = 1397μs 
Thread 47 is finished, elapsed time = 1225μs 
Thread 49 is finished, elapsed time = 1205μs 
Thread 46 is finished, elapsed time = 1420μs 
Thread 45 is finished, elapsed time = 1538μs 
Thread 48 is finished, elapsed time = 1430μs 
Thread 55 is finished, elapsed time = 1071μs 
Thread 51 is finished, elapsed time = 1273μs 
Thread 54 is finished, elapsed time = 1216μs 
Thread 56 is finished, elapsed time = 1229μs 
Thread 52 is finished, elapsed time = 1418μs 
Thread 53 is finished, elapsed time = 1492μs 
Thread 57 is finished, elapsed time = 1387μs 
There are 834765 even rank idempotents, elapsed time = 7964μs 
Counting odd rank Motzkin idempotents . . .
Number of weight 1 Motzkin words is 1353
Processing Motzkin words, elapsed time = 867μs 
Motzkin words use ~ 27.5391 KB
Using 62 / 64 threads
Thread 0 is finished, elapsed time = 712μs 
Thread 12 is finished, elapsed time = 680μs 
Thread 10 is finished, elapsed time = 913μs 
Thread 13 is finished, elapsed time = 861μs 
Thread 8 is finished, elapsed time = 1136μs 
Thread 3 is finished, elapsed time = 1482μs 
Thread 14 is finished, elapsed time = 999μs 
Thread 11 is finished, elapsed time = 1181μs 
Thread 1 is finished, elapsed time = 1718μs 
Thread 2 is finished, elapsed time = 1785μs 
Thread 29 is finished, elapsed time = 543μs 
Thread 4 is finished, elapsed time = 1768μs 
Thread 7 is finished, elapsed time = 1680μs 
Thread 31 is finished, elapsed time = 645μs 
Thread 6 is finished, elapsed time = 1845μs 
Thread 5 is finished, elapsed time = 1877μs 
Thread 9 is finished, elapsed time = 1861μs 
Thread 30 is finished, elapsed time = 810μs 
Thread 24 is finished, elapsed time = 818μs 
Thread 25 is finished, elapsed time = 931μs 
Thread 41 is finished, elapsed time = 795μs 
Thread 40 is finished, elapsed time = 905μs 
Thread 47 is finished, elapsed time = 559μs 
Thread 17 is finished, elapsed time = 1449μs 
Thread 48 is finished, elapsed time = 721μs 
Thread 26 is finished, elapsed time = 314μs 
Thread 28 is finished, elapsed time = 709μs 
Thread 16 is finished, elapsed time = 2312μs 
Thread 15 is finished, elapsed time = 2393μs 
Thread 18 is finished, elapsed time = 1395μs 
Thread 27 is finished, elapsed time = 1544μs 
Thread 22 is finished, elapsed time = 1667μs 
Thread 35 is finished, elapsed time = 1960μs 
Thread 19 is finished, elapsed time = 1503μs 
Thread 38 is finished, elapsed time = 1885μs 
Thread 49 is finished, elapsed time = 1250μs 
Thread 60 is finished, elapsed time = 212μs 
Thread 56 is finished, elapsed time = 986μs 
Thread 42 is finished, elapsed time = 289μs 
Thread 44 is finished, elapsed time = 328μs 
Thread 61 is finished, elapsed time = 101μs 
Thread 32 is finished, elapsed time = 2907μs 
Thread 58 is finished, elapsed time = 1947μs 
Thread 55 is finished, elapsed time = 2188μs 
Thread 36 is finished, elapsed time = 3434μs 
Thread 53 is finished, elapsed time = 2501μs 
Thread 37 is finished, elapsed time = 3496μs 
Thread 20 is finished, elapsed time = 3414μs 
Thread 21 is finished, elapsed time = 2738μs 
Thread 51 is finished, elapsed time = 1459μs 
Thread 43 is finished, elapsed time = 1805μs 
Thread 57 is finished, elapsed time = 2749μs 
Thread 34 is finished, elapsed time = 4204μs 
Thread 45 is finished, elapsed time = 1894μs 
Thread 46 is finished, elapsed time = 1904μs 
Thread 59 is finished, elapsed time = 2085μs 
Thread 50 is finished, elapsed time = 3370μs 
Thread 54 is finished, elapsed time = 3333μs 
Thread 39 is finished, elapsed time = 4336μs 
Thread 52 is finished, elapsed time = 3682μs 
Thread 23 is finished, elapsed time = 3764μs 
Thread 33 is finished, elapsed time = 4990μs 
There are 408981 odd rank idempotents, elapsed time = 8019μs 
Total elapsed time = 16ms 
1243746
