Counting even rank Motzkin idempotents . . .
Number of weight 0 Motzkin words is 113634
Processing Motzkin words, elapsed time = 47ms 
Motzkin words use ~ 3.25589 MB
Using 62 / 64 threads
Thread 56 is finished, elapsed time = 21889ms 
Thread 58 is finished, elapsed time = 23205ms 
Thread 57 is finished, elapsed time = 24182ms 
Thread 61 is finished, elapsed time = 25120ms 
Thread 26 is finished, elapsed time = 25412ms 
Thread 60 is finished, elapsed time = 25390ms 
Thread 32 is finished, elapsed time = 25436ms 
Thread 3 is finished, elapsed time = 25463ms 
Thread 22 is finished, elapsed time = 25491ms 
Thread 59 is finished, elapsed time = 25750ms 
Thread 41 is finished, elapsed time = 27432ms 
Thread 12 is finished, elapsed time = 27870ms 
Thread 13 is finished, elapsed time = 28310ms 
Thread 43 is finished, elapsed time = 28408ms 
Thread 48 is finished, elapsed time = 28601ms 
Thread 5 is finished, elapsed time = 28743ms 
Thread 31 is finished, elapsed time = 28798ms 
Thread 49 is finished, elapsed time = 29082ms 
Thread 16 is finished, elapsed time = 29166ms 
Thread 27 is finished, elapsed time = 29227ms 
Thread 10 is finished, elapsed time = 29436ms 
Thread 4 is finished, elapsed time = 29755ms 
Thread 2 is finished, elapsed time = 29760ms 
Thread 45 is finished, elapsed time = 29775ms 
Thread 11 is finished, elapsed time = 30049ms 
Thread 15 is finished, elapsed time = 30185ms 
Thread 21 is finished, elapsed time = 30262ms 
Thread 18 is finished, elapsed time = 30381ms 
Thread 23 is finished, elapsed time = 30545ms 
Thread 6 is finished, elapsed time = 30655ms 
Thread 29 is finished, elapsed time = 30700ms 
Thread 46 is finished, elapsed time = 30748ms 
Thread 40 is finished, elapsed time = 30790ms 
Thread 50 is finished, elapsed time = 30792ms 
Thread 47 is finished, elapsed time = 30829ms 
Thread 44 is finished, elapsed time = 31023ms 
Thread 7 is finished, elapsed time = 31030ms 
Thread 34 is finished, elapsed time = 31234ms 
Thread 35 is finished, elapsed time = 31450ms 
Thread 14 is finished, elapsed time = 31947ms 
Thread 8 is finished, elapsed time = 32029ms 
Thread 38 is finished, elapsed time = 32028ms 
Thread 9 is finished, elapsed time = 32315ms 
Thread 42 is finished, elapsed time = 32327ms 
Thread 51 is finished, elapsed time = 32457ms 
Thread 33 is finished, elapsed time = 32620ms 
Thread 24 is finished, elapsed time = 32755ms 
Thread 25 is finished, elapsed time = 32798ms 
Thread 17 is finished, elapsed time = 32836ms 
Thread 0 is finished, elapsed time = 32844ms 
Thread 55 is finished, elapsed time = 32999ms 
Thread 28 is finished, elapsed time = 33090ms 
Thread 37 is finished, elapsed time = 33212ms 
Thread 20 is finished, elapsed time = 33221ms 
Thread 54 is finished, elapsed time = 33248ms 
Thread 53 is finished, elapsed time = 33313ms 
Thread 52 is finished, elapsed time = 33364ms 
Thread 19 is finished, elapsed time = 33467ms 
Thread 30 is finished, elapsed time = 33521ms 
Thread 1 is finished, elapsed time = 33553ms 
Thread 36 is finished, elapsed time = 33652ms 
Thread 39 is finished, elapsed time = 34122ms 
There are 15025298599 even rank idempotents, elapsed time = 34174ms 
Counting odd rank Motzkin idempotents . . .
Number of weight 1 Motzkin words is 196938
Processing Motzkin words, elapsed time = 117ms 
Motzkin words use ~ 5.84481 MB
Using 62 / 64 threads
Thread 24 is finished, elapsed time = 25002ms 
Thread 27 is finished, elapsed time = 25509ms 
Thread 28 is finished, elapsed time = 27165ms 
Thread 61 is finished, elapsed time = 29110ms 
Thread 13 is finished, elapsed time = 29863ms 
Thread 18 is finished, elapsed time = 30065ms 
Thread 34 is finished, elapsed time = 31043ms 
Thread 53 is finished, elapsed time = 31883ms 
Thread 16 is finished, elapsed time = 32281ms 
Thread 56 is finished, elapsed time = 33342ms 
Thread 9 is finished, elapsed time = 34704ms 
Thread 30 is finished, elapsed time = 35298ms 
Thread 50 is finished, elapsed time = 35605ms 
Thread 7 is finished, elapsed time = 37594ms 
Thread 54 is finished, elapsed time = 37730ms 
Thread 36 is finished, elapsed time = 38517ms 
Thread 2 is finished, elapsed time = 39131ms 
Thread 52 is finished, elapsed time = 39324ms 
Thread 17 is finished, elapsed time = 39638ms 
Thread 26 is finished, elapsed time = 40323ms 
Thread 14 is finished, elapsed time = 40760ms 
Thread 22 is finished, elapsed time = 40821ms 
Thread 49 is finished, elapsed time = 41244ms 
Thread 5 is finished, elapsed time = 41646ms 
Thread 60 is finished, elapsed time = 42314ms 
Thread 19 is finished, elapsed time = 42345ms 
Thread 57 is finished, elapsed time = 42520ms 
Thread 11 is finished, elapsed time = 42905ms 
Thread 4 is finished, elapsed time = 43438ms 
Thread 25 is finished, elapsed time = 44494ms 
Thread 15 is finished, elapsed time = 44622ms 
Thread 29 is finished, elapsed time = 45369ms 
Thread 6 is finished, elapsed time = 45486ms 
Thread 10 is finished, elapsed time = 45487ms 
Thread 20 is finished, elapsed time = 45714ms 
Thread 23 is finished, elapsed time = 45745ms 
Thread 39 is finished, elapsed time = 46142ms 
Thread 51 is finished, elapsed time = 46133ms 
Thread 59 is finished, elapsed time = 46184ms 
Thread 0 is finished, elapsed time = 46277ms 
Thread 21 is finished, elapsed time = 47227ms 
Thread 41 is finished, elapsed time = 47460ms 
Thread 8 is finished, elapsed time = 48068ms 
Thread 42 is finished, elapsed time = 48148ms 
Thread 55 is finished, elapsed time = 48438ms 
Thread 31 is finished, elapsed time = 48615ms 
Thread 38 is finished, elapsed time = 49006ms 
Thread 3 is finished, elapsed time = 49313ms 
Thread 12 is finished, elapsed time = 50007ms 
Thread 46 is finished, elapsed time = 50060ms 
Thread 1 is finished, elapsed time = 50292ms 
Thread 35 is finished, elapsed time = 50441ms 
Thread 33 is finished, elapsed time = 50705ms 
Thread 48 is finished, elapsed time = 50860ms 
Thread 58 is finished, elapsed time = 50882ms 
Thread 40 is finished, elapsed time = 51050ms 
Thread 32 is finished, elapsed time = 51259ms 
Thread 45 is finished, elapsed time = 51289ms 
Thread 44 is finished, elapsed time = 52298ms 
Thread 37 is finished, elapsed time = 52473ms 
Thread 47 is finished, elapsed time = 52498ms 
Thread 43 is finished, elapsed time = 53194ms 
There are 6761918390 odd rank idempotents, elapsed time = 53342ms 
Total elapsed time = 1m 27s
21787216989
