Counting even rank Motzkin idempotents . . .
Number of weight 0 Motzkin words is 21
Processing Motzkin words, elapsed time = 40μs 
Motzkin words use ~ 225 bytes
Using 62 / 64 threads
Thread 1 is finished, elapsed time = 8619ns 
Thread 0 is finished, elapsed time = 205μs 
Thread 2 is finished, elapsed time = 10μs 
Thread 3 is finished, elapsed time = 11μs 
Thread 4 is finished, elapsed time = 10μs 
Thread 5 is finished, elapsed time = 3650ns 
Thread 6 is finished, elapsed time = 11μs 
Thread 7 is finished, elapsed time = 14μs 
Thread 9 is finished, elapsed time = 10μs 
Thread 8 is finished, elapsed time = 109μs 
Thread 10 is finished, elapsed time = 23μs 
Thread 11 is finished, elapsed time = 9927ns 
Thread 13 is finished, elapsed time = 3360ns 
Thread 12 is finished, elapsed time = 597μs 
Thread 14 is finished, elapsed time = 504μs 
Thread 15 is finished, elapsed time = 182μs 
Thread 16 is finished, elapsed time = 139μs 
Thread 17 is finished, elapsed time = 96μs 
Thread 18 is finished, elapsed time = 5126ns 
Thread 19 is finished, elapsed time = 2870ns 
Thread 20 is finished, elapsed time = 3009ns 
Thread 21 is finished, elapsed time = 4752ns 
Thread 23 is finished, elapsed time = 3190ns 
Thread 22 is finished, elapsed time = 102μs 
Thread 24 is finished, elapsed time = 4738ns 
Thread 25 is finished, elapsed time = 2810ns 
Thread 26 is finished, elapsed time = 2671ns 
Thread 27 is finished, elapsed time = 4952ns 
Thread 29 is finished, elapsed time = 3000ns 
Thread 28 is finished, elapsed time = 69μs 
Thread 30 is finished, elapsed time = 7418ns 
Thread 31 is finished, elapsed time = 4771ns 
Thread 32 is finished, elapsed time = 71μs 
Thread 33 is finished, elapsed time = 2324ns 
Thread 35 is finished, elapsed time = 2391ns 
Thread 34 is finished, elapsed time = 5155ns 
Thread 36 is finished, elapsed time = 1865ns 
Thread 37 is finished, elapsed time = 4560ns 
Thread 38 is finished, elapsed time = 14μs 
Thread 39 is finished, elapsed time = 4559ns 
Thread 40 is finished, elapsed time = 2767ns 
Thread 41 is finished, elapsed time = 2705ns 
Thread 42 is finished, elapsed time = 3065ns 
Thread 43 is finished, elapsed time = 3932ns 
Thread 44 is finished, elapsed time = 13μs 
Thread 46 is finished, elapsed time = 2936ns 
Thread 45 is finished, elapsed time = 95μs 
Thread 47 is finished, elapsed time = 4159ns 
Thread 49 is finished, elapsed time = 2532ns 
Thread 48 is finished, elapsed time = 1666ns 
Thread 50 is finished, elapsed time = 2974ns 
Thread 51 is finished, elapsed time = 2968ns 
Thread 52 is finished, elapsed time = 4867ns 
Thread 53 is finished, elapsed time = 4788ns 
Thread 55 is finished, elapsed time = 11μs 
Thread 54 is finished, elapsed time = 120μs 
Thread 56 is finished, elapsed time = 4569ns 
Thread 57 is finished, elapsed time = 62μs 
Thread 59 is finished, elapsed time = 2384ns 
Thread 58 is finished, elapsed time = 8513ns 
Thread 61 is finished, elapsed time = 78μs 
Thread 60 is finished, elapsed time = 113μs 
There are 539 even rank idempotents, elapsed time = 7292μs 
Counting odd rank Motzkin idempotents . . .
Number of weight 1 Motzkin words is 30
Processing Motzkin words, elapsed time = 45μs 
Motzkin words use ~ 374 bytes
Using 62 / 64 threads
Thread 0 is finished, elapsed time = 28μs 
Thread 1 is finished, elapsed time = 16μs 
Thread 4 is finished, elapsed time = 4626ns 
Thread 2 is finished, elapsed time = 73μs 
Thread 5 is finished, elapsed time = 8438ns 
Thread 3 is finished, elapsed time = 146μs 
Thread 7 is finished, elapsed time = 4617ns 
Thread 8 is finished, elapsed time = 5446ns 
Thread 6 is finished, elapsed time = 149μs 
Thread 10 is finished, elapsed time = 4492ns 
Thread 9 is finished, elapsed time = 89μs 
Thread 11 is finished, elapsed time = 2892ns 
Thread 12 is finished, elapsed time = 4642ns 
Thread 13 is finished, elapsed time = 4674ns 
Thread 14 is finished, elapsed time = 4041ns 
Thread 15 is finished, elapsed time = 7085ns 
Thread 16 is finished, elapsed time = 3476ns 
Thread 17 is finished, elapsed time = 3926ns 
Thread 18 is finished, elapsed time = 6690ns 
Thread 19 is finished, elapsed time = 5467ns 
Thread 20 is finished, elapsed time = 9023ns 
Thread 21 is finished, elapsed time = 7502ns 
Thread 22 is finished, elapsed time = 55μs 
Thread 23 is finished, elapsed time = 2718ns 
Thread 24 is finished, elapsed time = 6260ns 
Thread 25 is finished, elapsed time = 3294ns 
Thread 26 is finished, elapsed time = 2680ns 
Thread 27 is finished, elapsed time = 2512ns 
Thread 28 is finished, elapsed time = 8336ns 
Thread 30 is finished, elapsed time = 2901ns 
Thread 29 is finished, elapsed time = 66μs 
Thread 31 is finished, elapsed time = 4612ns 
Thread 34 is finished, elapsed time = 2636ns 
Thread 33 is finished, elapsed time = 113μs 
Thread 32 is finished, elapsed time = 202μs 
Thread 35 is finished, elapsed time = 4922ns 
Thread 36 is finished, elapsed time = 4774ns 
Thread 38 is finished, elapsed time = 2565ns 
Thread 37 is finished, elapsed time = 79μs 
Thread 39 is finished, elapsed time = 2025ns 
Thread 40 is finished, elapsed time = 2692ns 
Thread 42 is finished, elapsed time = 2648ns 
Thread 41 is finished, elapsed time = 94μs 
Thread 43 is finished, elapsed time = 70μs 
Thread 44 is finished, elapsed time = 62μs 
Thread 45 is finished, elapsed time = 5035ns 
Thread 46 is finished, elapsed time = 4440ns 
Thread 47 is finished, elapsed time = 67μs 
Thread 48 is finished, elapsed time = 2648ns 
Thread 49 is finished, elapsed time = 3075ns 
Thread 50 is finished, elapsed time = 2818ns 
Thread 52 is finished, elapsed time = 2770ns 
Thread 51 is finished, elapsed time = 63μs 
Thread 53 is finished, elapsed time = 62μs 
Thread 54 is finished, elapsed time = 3732ns 
Thread 55 is finished, elapsed time = 2619ns 
Thread 56 is finished, elapsed time = 2899ns 
Thread 57 is finished, elapsed time = 2655ns 
Thread 58 is finished, elapsed time = 2755ns 
Thread 59 is finished, elapsed time = 3246ns 
Thread 60 is finished, elapsed time = 2924ns 
Thread 61 is finished, elapsed time = 2811ns 
There are 295 odd rank idempotents, elapsed time = 5964μs 
Total elapsed time = 13ms 
834
