Counting even rank Motzkin idempotents . . .
Number of weight 0 Motzkin words is 2
Processing Motzkin words, elapsed time = 19μs 
Motzkin words use ~ 5 bytes
Using 62 / 64 threads
Thread 0 is finished, elapsed time = 43μs 
Thread 1 is finished, elapsed time = 318μs 
Thread 2 is finished, elapsed time = 391μs 
Thread 5 is finished, elapsed time = 6440ns 
Thread 6 is finished, elapsed time = 7331ns 
Thread 8 is finished, elapsed time = 4834ns 
Thread 4 is finished, elapsed time = 593μs 
Thread 7 is finished, elapsed time = 422μs 
Thread 3 is finished, elapsed time = 916μs 
Thread 16 is finished, elapsed time = 3315ns 
Thread 10 is finished, elapsed time = 528μs 
Thread 11 is finished, elapsed time = 480μs 
Thread 12 is finished, elapsed time = 472μs 
Thread 13 is finished, elapsed time = 471μs 
Thread 14 is finished, elapsed time = 524μs 
Thread 20 is finished, elapsed time = 4166ns 
Thread 9 is finished, elapsed time = 1086μs 
Thread 21 is finished, elapsed time = 2942ns 
Thread 18 is finished, elapsed time = 411μs 
Thread 19 is finished, elapsed time = 329μs 
Thread 15 is finished, elapsed time = 787μs 
Thread 17 is finished, elapsed time = 682μs 
Thread 22 is finished, elapsed time = 136μs 
Thread 23 is finished, elapsed time = 102μs 
Thread 25 is finished, elapsed time = 3369ns 
Thread 24 is finished, elapsed time = 129μs 
Thread 26 is finished, elapsed time = 4887ns 
Thread 28 is finished, elapsed time = 3037ns 
Thread 27 is finished, elapsed time = 110μs 
Thread 29 is finished, elapsed time = 2137ns 
Thread 30 is finished, elapsed time = 1998ns 
Thread 31 is finished, elapsed time = 4474ns 
Thread 33 is finished, elapsed time = 3079ns 
Thread 32 is finished, elapsed time = 139μs 
Thread 34 is finished, elapsed time = 4805ns 
Thread 35 is finished, elapsed time = 78μs 
Thread 36 is finished, elapsed time = 4341ns 
Thread 37 is finished, elapsed time = 6022ns 
Thread 38 is finished, elapsed time = 5633ns 
Thread 39 is finished, elapsed time = 6352ns 
Thread 40 is finished, elapsed time = 28μs 
Thread 41 is finished, elapsed time = 14μs 
Thread 42 is finished, elapsed time = 2984ns 
Thread 43 is finished, elapsed time = 4559ns 
Thread 44 is finished, elapsed time = 1826ns 
Thread 46 is finished, elapsed time = 1723ns 
Thread 47 is finished, elapsed time = 4120ns 
Thread 48 is finished, elapsed time = 1755ns 
Thread 45 is finished, elapsed time = 136μs 
Thread 49 is finished, elapsed time = 2958ns 
Thread 50 is finished, elapsed time = 3256ns 
Thread 51 is finished, elapsed time = 3910ns 
Thread 52 is finished, elapsed time = 2576ns 
Thread 53 is finished, elapsed time = 5799ns 
Thread 54 is finished, elapsed time = 4811ns 
Thread 55 is finished, elapsed time = 143μs 
Thread 56 is finished, elapsed time = 9354ns 
Thread 57 is finished, elapsed time = 108μs 
Thread 60 is finished, elapsed time = 3005ns 
Thread 58 is finished, elapsed time = 219μs 
Thread 61 is finished, elapsed time = 4941ns 
Thread 59 is finished, elapsed time = 313μs 
There are 5 even rank idempotents, elapsed time = 6615μs 
Counting odd rank Motzkin idempotents . . .
Number of weight 1 Motzkin words is 2
Processing Motzkin words, elapsed time = 29μs 
Motzkin words use ~ 12 bytes
Using 62 / 64 threads
Thread 0 is finished, elapsed time = 48μs 
Thread 3 is finished, elapsed time = 5740ns 
Thread 5 is finished, elapsed time = 5472ns 
Thread 4 is finished, elapsed time = 354μs 
Thread 14 is finished, elapsed time = 3400ns 
Thread 15 is finished, elapsed time = 4537ns 
Thread 7 is finished, elapsed time = 445μs 
Thread 1 is finished, elapsed time = 680μs 
Thread 17 is finished, elapsed time = 2820ns 
Thread 16 is finished, elapsed time = 8116ns 
Thread 20 is finished, elapsed time = 2096ns 
Thread 12 is finished, elapsed time = 473μs 
Thread 11 is finished, elapsed time = 521μs 
Thread 21 is finished, elapsed time = 2810ns 
Thread 2 is finished, elapsed time = 1041μs 
Thread 6 is finished, elapsed time = 909μs 
Thread 9 is finished, elapsed time = 826μs 
Thread 22 is finished, elapsed time = 4801ns 
Thread 23 is finished, elapsed time = 1974ns 
Thread 24 is finished, elapsed time = 2740ns 
Thread 25 is finished, elapsed time = 10μs 
Thread 26 is finished, elapsed time = 1922ns 
Thread 18 is finished, elapsed time = 653μs 
Thread 27 is finished, elapsed time = 1796ns 
Thread 19 is finished, elapsed time = 673μs 
Thread 10 is finished, elapsed time = 1204μs 
Thread 13 is finished, elapsed time = 1113μs 
Thread 30 is finished, elapsed time = 2610ns 
Thread 31 is finished, elapsed time = 2136ns 
Thread 8 is finished, elapsed time = 1376μs 
Thread 29 is finished, elapsed time = 79μs 
Thread 28 is finished, elapsed time = 272μs 
Thread 32 is finished, elapsed time = 77μs 
Thread 33 is finished, elapsed time = 80μs 
Thread 34 is finished, elapsed time = 53μs 
Thread 35 is finished, elapsed time = 4217ns 
Thread 37 is finished, elapsed time = 2241ns 
Thread 38 is finished, elapsed time = 3271ns 
Thread 36 is finished, elapsed time = 108μs 
Thread 39 is finished, elapsed time = 34μs 
Thread 40 is finished, elapsed time = 2194ns 
Thread 41 is finished, elapsed time = 3449ns 
Thread 42 is finished, elapsed time = 2771ns 
Thread 43 is finished, elapsed time = 2566ns 
Thread 44 is finished, elapsed time = 4688ns 
Thread 47 is finished, elapsed time = 4732ns 
Thread 46 is finished, elapsed time = 111μs 
Thread 45 is finished, elapsed time = 234μs 
Thread 48 is finished, elapsed time = 4909ns 
Thread 50 is finished, elapsed time = 3154ns 
Thread 49 is finished, elapsed time = 179μs 
Thread 51 is finished, elapsed time = 2981ns 
Thread 52 is finished, elapsed time = 2685ns 
Thread 53 is finished, elapsed time = 1866ns 
Thread 54 is finished, elapsed time = 2741ns 
Thread 55 is finished, elapsed time = 1923ns 
Thread 56 is finished, elapsed time = 1876ns 
Thread 57 is finished, elapsed time = 1834ns 
Thread 58 is finished, elapsed time = 1879ns 
Thread 59 is finished, elapsed time = 1853ns 
Thread 60 is finished, elapsed time = 1828ns 
Thread 61 is finished, elapsed time = 1843ns 
There are 2 odd rank idempotents, elapsed time = 5096μs 
Total elapsed time = 11ms 
7
