Counting even rank Motzkin idempotents . . .
Number of weight 0 Motzkin words is 323
Processing Motzkin words, elapsed time = 267μs 
Motzkin words use ~ 5.53711 KB
Using 62 / 64 threads
Thread 0 is finished, elapsed time = 102μs 
Thread 1 is finished, elapsed time = 342μs 
Thread 2 is finished, elapsed time = 365μs 
Thread 5 is finished, elapsed time = 89μs 
Thread 4 is finished, elapsed time = 161μs 
Thread 3 is finished, elapsed time = 547μs 
Thread 6 is finished, elapsed time = 304μs 
Thread 7 is finished, elapsed time = 183μs 
Thread 8 is finished, elapsed time = 47μs 
Thread 9 is finished, elapsed time = 103μs 
Thread 10 is finished, elapsed time = 44μs 
Thread 11 is finished, elapsed time = 59μs 
Thread 12 is finished, elapsed time = 63μs 
Thread 13 is finished, elapsed time = 46μs 
Thread 14 is finished, elapsed time = 37μs 
Thread 15 is finished, elapsed time = 50μs 
Thread 16 is finished, elapsed time = 59μs 
Thread 18 is finished, elapsed time = 56μs 
Thread 17 is finished, elapsed time = 83μs 
Thread 19 is finished, elapsed time = 92μs 
Thread 20 is finished, elapsed time = 69μs 
Thread 21 is finished, elapsed time = 92μs 
Thread 22 is finished, elapsed time = 52μs 
Thread 24 is finished, elapsed time = 155μs 
Thread 25 is finished, elapsed time = 139μs 
Thread 23 is finished, elapsed time = 309μs 
Thread 28 is finished, elapsed time = 43μs 
Thread 26 is finished, elapsed time = 294μs 
Thread 27 is finished, elapsed time = 311μs 
Thread 29 is finished, elapsed time = 197μs 
Thread 30 is finished, elapsed time = 219μs 
Thread 31 is finished, elapsed time = 45μs 
Thread 32 is finished, elapsed time = 37μs 
Thread 33 is finished, elapsed time = 48μs 
Thread 34 is finished, elapsed time = 47μs 
Thread 36 is finished, elapsed time = 53μs 
Thread 35 is finished, elapsed time = 98μs 
Thread 37 is finished, elapsed time = 78μs 
Thread 39 is finished, elapsed time = 65μs 
Thread 38 is finished, elapsed time = 171μs 
Thread 40 is finished, elapsed time = 60μs 
Thread 41 is finished, elapsed time = 73μs 
Thread 42 is finished, elapsed time = 111μs 
Thread 44 is finished, elapsed time = 77μs 
Thread 43 is finished, elapsed time = 140μs 
Thread 45 is finished, elapsed time = 141μs 
Thread 46 is finished, elapsed time = 77μs 
Thread 47 is finished, elapsed time = 52μs 
Thread 48 is finished, elapsed time = 149μs 
Thread 50 is finished, elapsed time = 164μs 
Thread 51 is finished, elapsed time = 89μs 
Thread 53 is finished, elapsed time = 63μs 
Thread 49 is finished, elapsed time = 331μs 
Thread 52 is finished, elapsed time = 204μs 
Thread 54 is finished, elapsed time = 174μs 
Thread 55 is finished, elapsed time = 151μs 
Thread 56 is finished, elapsed time = 130μs 
Thread 57 is finished, elapsed time = 2836ns 
Thread 58 is finished, elapsed time = 2687ns 
Thread 59 is finished, elapsed time = 3242ns 
Thread 60 is finished, elapsed time = 2633ns 
Thread 61 is finished, elapsed time = 3002ns 
There are 125875 even rank idempotents, elapsed time = 6408μs 
Counting odd rank Motzkin idempotents . . .
Number of weight 1 Motzkin words is 512
Processing Motzkin words, elapsed time = 318μs 
Motzkin words use ~ 9.38281 KB
Using 62 / 64 threads
Thread 0 is finished, elapsed time = 84μs 
Thread 1 is finished, elapsed time = 88μs 
Thread 2 is finished, elapsed time = 106μs 
Thread 3 is finished, elapsed time = 118μs 
Thread 5 is finished, elapsed time = 134μs 
Thread 7 is finished, elapsed time = 102μs 
Thread 6 is finished, elapsed time = 145μs 
Thread 8 is finished, elapsed time = 188μs 
Thread 4 is finished, elapsed time = 370μs 
Thread 9 is finished, elapsed time = 201μs 
Thread 14 is finished, elapsed time = 52μs 
Thread 11 is finished, elapsed time = 237μs 
Thread 10 is finished, elapsed time = 282μs 
Thread 16 is finished, elapsed time = 46μs 
Thread 13 is finished, elapsed time = 244μs 
Thread 12 is finished, elapsed time = 420μs 
Thread 17 is finished, elapsed time = 54μs 
Thread 19 is finished, elapsed time = 61μs 
Thread 15 is finished, elapsed time = 329μs 
Thread 18 is finished, elapsed time = 200μs 
Thread 22 is finished, elapsed time = 62μs 
Thread 20 is finished, elapsed time = 180μs 
Thread 21 is finished, elapsed time = 253μs 
Thread 23 is finished, elapsed time = 199μs 
Thread 24 is finished, elapsed time = 106μs 
Thread 25 is finished, elapsed time = 92μs 
Thread 26 is finished, elapsed time = 115μs 
Thread 27 is finished, elapsed time = 108μs 
Thread 28 is finished, elapsed time = 103μs 
Thread 29 is finished, elapsed time = 107μs 
Thread 30 is finished, elapsed time = 145μs 
Thread 31 is finished, elapsed time = 157μs 
Thread 32 is finished, elapsed time = 81μs 
Thread 33 is finished, elapsed time = 99μs 
Thread 34 is finished, elapsed time = 117μs 
Thread 35 is finished, elapsed time = 107μs 
Thread 36 is finished, elapsed time = 86μs 
Thread 37 is finished, elapsed time = 90μs 
Thread 38 is finished, elapsed time = 120μs 
Thread 39 is finished, elapsed time = 116μs 
Thread 41 is finished, elapsed time = 91μs 
Thread 40 is finished, elapsed time = 270μs 
Thread 45 is finished, elapsed time = 168μs 
Thread 47 is finished, elapsed time = 110μs 
Thread 43 is finished, elapsed time = 113μs 
Thread 48 is finished, elapsed time = 99μs 
Thread 50 is finished, elapsed time = 117μs 
Thread 44 is finished, elapsed time = 180μs 
Thread 42 is finished, elapsed time = 485μs 
Thread 49 is finished, elapsed time = 238μs 
Thread 46 is finished, elapsed time = 426μs 
Thread 51 is finished, elapsed time = 234μs 
Thread 53 is finished, elapsed time = 86μs 
Thread 52 is finished, elapsed time = 190μs 
Thread 54 is finished, elapsed time = 188μs 
Thread 57 is finished, elapsed time = 136μs 
Thread 56 is finished, elapsed time = 225μs 
Thread 59 is finished, elapsed time = 4512ns 
Thread 55 is finished, elapsed time = 358μs 
Thread 61 is finished, elapsed time = 3819ns 
Thread 60 is finished, elapsed time = 224μs 
Thread 58 is finished, elapsed time = 413μs 
There are 62820 odd rank idempotents, elapsed time = 5736μs 
Total elapsed time = 12ms 
188695
