Counting even rank Motzkin idempotents . . .
Number of weight 0 Motzkin words is 127
Processing Motzkin words, elapsed time = 134μs 
Motzkin words use ~ 1.90723 KB
Using 62 / 64 threads
Thread 1 is finished, elapsed time = 129μs 
Thread 2 is finished, elapsed time = 329μs 
Thread 6 is finished, elapsed time = 12μs 
Thread 0 is finished, elapsed time = 609μs 
Thread 4 is finished, elapsed time = 341μs 
Thread 9 is finished, elapsed time = 28μs 
Thread 5 is finished, elapsed time = 398μs 
Thread 7 is finished, elapsed time = 325μs 
Thread 8 is finished, elapsed time = 358μs 
Thread 14 is finished, elapsed time = 17μs 
Thread 11 is finished, elapsed time = 587μs 
Thread 10 is finished, elapsed time = 540μs 
Thread 12 is finished, elapsed time = 557μs 
Thread 13 is finished, elapsed time = 519μs 
Thread 3 is finished, elapsed time = 1345μs 
Thread 15 is finished, elapsed time = 519μs 
Thread 16 is finished, elapsed time = 332μs 
Thread 17 is finished, elapsed time = 315μs 
Thread 18 is finished, elapsed time = 300μs 
Thread 23 is finished, elapsed time = 12μs 
Thread 21 is finished, elapsed time = 19μs 
Thread 20 is finished, elapsed time = 349μs 
Thread 19 is finished, elapsed time = 436μs 
Thread 24 is finished, elapsed time = 114μs 
Thread 22 is finished, elapsed time = 383μs 
Thread 25 is finished, elapsed time = 125μs 
Thread 27 is finished, elapsed time = 12μs 
Thread 26 is finished, elapsed time = 159μs 
Thread 28 is finished, elapsed time = 11μs 
Thread 29 is finished, elapsed time = 89μs 
Thread 30 is finished, elapsed time = 9937ns 
Thread 31 is finished, elapsed time = 12μs 
Thread 32 is finished, elapsed time = 12μs 
Thread 33 is finished, elapsed time = 13μs 
Thread 34 is finished, elapsed time = 12μs 
Thread 35 is finished, elapsed time = 11μs 
Thread 36 is finished, elapsed time = 14μs 
Thread 37 is finished, elapsed time = 13μs 
Thread 38 is finished, elapsed time = 14μs 
Thread 39 is finished, elapsed time = 13μs 
Thread 40 is finished, elapsed time = 105μs 
Thread 41 is finished, elapsed time = 14μs 
Thread 43 is finished, elapsed time = 13μs 
Thread 44 is finished, elapsed time = 6258ns 
Thread 42 is finished, elapsed time = 82μs 
Thread 45 is finished, elapsed time = 60μs 
Thread 46 is finished, elapsed time = 2725ns 
Thread 47 is finished, elapsed time = 3092ns 
Thread 48 is finished, elapsed time = 3815ns 
Thread 49 is finished, elapsed time = 2402ns 
Thread 50 is finished, elapsed time = 2692ns 
Thread 51 is finished, elapsed time = 2574ns 
Thread 52 is finished, elapsed time = 2723ns 
Thread 53 is finished, elapsed time = 2448ns 
Thread 54 is finished, elapsed time = 2897ns 
Thread 55 is finished, elapsed time = 2878ns 
Thread 56 is finished, elapsed time = 2398ns 
Thread 57 is finished, elapsed time = 2846ns 
Thread 58 is finished, elapsed time = 2491ns 
Thread 59 is finished, elapsed time = 4687ns 
Thread 60 is finished, elapsed time = 3220ns 
Thread 61 is finished, elapsed time = 2522ns 
There are 19573 even rank idempotents, elapsed time = 5656μs 
Counting odd rank Motzkin idempotents . . .
Number of weight 1 Motzkin words is 196
Processing Motzkin words, elapsed time = 217μs 
Motzkin words use ~ 3.19238 KB
Using 62 / 64 threads
Thread 0 is finished, elapsed time = 21μs 
Thread 1 is finished, elapsed time = 22μs 
Thread 2 is finished, elapsed time = 24μs 
Thread 3 is finished, elapsed time = 24μs 
Thread 4 is finished, elapsed time = 64μs 
Thread 5 is finished, elapsed time = 67μs 
Thread 6 is finished, elapsed time = 21μs 
Thread 7 is finished, elapsed time = 16μs 
Thread 9 is finished, elapsed time = 22μs 
Thread 8 is finished, elapsed time = 62μs 
Thread 10 is finished, elapsed time = 55μs 
Thread 11 is finished, elapsed time = 49μs 
Thread 12 is finished, elapsed time = 22μs 
Thread 13 is finished, elapsed time = 47μs 
Thread 14 is finished, elapsed time = 25μs 
Thread 16 is finished, elapsed time = 17μs 
Thread 15 is finished, elapsed time = 153μs 
Thread 17 is finished, elapsed time = 77μs 
Thread 18 is finished, elapsed time = 107μs 
Thread 20 is finished, elapsed time = 17μs 
Thread 19 is finished, elapsed time = 141μs 
Thread 22 is finished, elapsed time = 19μs 
Thread 24 is finished, elapsed time = 13μs 
Thread 23 is finished, elapsed time = 28μs 
Thread 21 is finished, elapsed time = 204μs 
Thread 25 is finished, elapsed time = 119μs 
Thread 26 is finished, elapsed time = 129μs 
Thread 27 is finished, elapsed time = 26μs 
Thread 28 is finished, elapsed time = 13μs 
Thread 29 is finished, elapsed time = 13μs 
Thread 30 is finished, elapsed time = 13μs 
Thread 31 is finished, elapsed time = 13μs 
Thread 32 is finished, elapsed time = 16μs 
Thread 33 is finished, elapsed time = 24μs 
Thread 35 is finished, elapsed time = 23μs 
Thread 34 is finished, elapsed time = 140μs 
Thread 37 is finished, elapsed time = 18μs 
Thread 36 is finished, elapsed time = 130μs 
Thread 38 is finished, elapsed time = 68μs 
Thread 39 is finished, elapsed time = 35μs 
Thread 40 is finished, elapsed time = 19μs 
Thread 41 is finished, elapsed time = 18μs 
Thread 42 is finished, elapsed time = 19μs 
Thread 43 is finished, elapsed time = 22μs 
Thread 44 is finished, elapsed time = 22μs 
Thread 45 is finished, elapsed time = 70μs 
Thread 46 is finished, elapsed time = 35μs 
Thread 48 is finished, elapsed time = 14μs 
Thread 47 is finished, elapsed time = 26μs 
Thread 49 is finished, elapsed time = 12μs 
Thread 50 is finished, elapsed time = 57μs 
Thread 51 is finished, elapsed time = 16μs 
Thread 53 is finished, elapsed time = 10μs 
Thread 52 is finished, elapsed time = 30μs 
Thread 55 is finished, elapsed time = 3404ns 
Thread 54 is finished, elapsed time = 78μs 
Thread 56 is finished, elapsed time = 2963ns 
Thread 57 is finished, elapsed time = 2976ns 
Thread 58 is finished, elapsed time = 2797ns 
Thread 59 is finished, elapsed time = 4020ns 
Thread 60 is finished, elapsed time = 2799ns 
Thread 61 is finished, elapsed time = 2678ns 
There are 10039 odd rank idempotents, elapsed time = 6525μs 
Total elapsed time = 12ms 
29612
