Number of Dyck words is 132
Processing Dyck words, elapsed time = 104μs 
Dyck words use ~ 3.641602 KB
Using 190 / 192 threads
Thread 0 is finished, elapsed time = 51μs 
Thread 1 is finished, elapsed time = 8934ns 
Thread 2 is finished, elapsed time = 8492ns 
Thread 3 is finished, elapsed time = 4889ns 
Thread 4 is finished, elapsed time = 10μs 
Thread 5 is finished, elapsed time = 6035ns 
Thread 6 is finished, elapsed time = 6824ns 
Thread 7 is finished, elapsed time = 5531ns 
Thread 8 is finished, elapsed time = 8401ns 
Thread 9 is finished, elapsed time = 5055ns 
Thread 10 is finished, elapsed time = 7959ns 
Thread 11 is finished, elapsed time = 91μs 
Thread 12 is finished, elapsed time = 76μs 
Thread 13 is finished, elapsed time = 4931ns 
Thread 14 is finished, elapsed time = 6867ns 
Thread 15 is finished, elapsed time = 4826ns 
Thread 16 is finished, elapsed time = 9414ns 
Thread 17 is finished, elapsed time = 3906ns 
Thread 18 is finished, elapsed time = 6152ns 
Thread 19 is finished, elapsed time = 6230ns 
Thread 20 is finished, elapsed time = 12μs 
Thread 21 is finished, elapsed time = 6029ns 
Thread 22 is finished, elapsed time = 3558ns 
Thread 23 is finished, elapsed time = 5318ns 
Thread 24 is finished, elapsed time = 8145ns 
Thread 25 is finished, elapsed time = 5202ns 
Thread 26 is finished, elapsed time = 4571ns 
Thread 27 is finished, elapsed time = 5537ns 
Thread 28 is finished, elapsed time = 7104ns 
Thread 29 is finished, elapsed time = 5768ns 
Thread 30 is finished, elapsed time = 4683ns 
Thread 31 is finished, elapsed time = 4569ns 
Thread 32 is finished, elapsed time = 5544ns 
Thread 33 is finished, elapsed time = 6025ns 
Thread 34 is finished, elapsed time = 4140ns 
Thread 35 is finished, elapsed time = 5119ns 
Thread 36 is finished, elapsed time = 8768ns 
Thread 37 is finished, elapsed time = 6441ns 
Thread 38 is finished, elapsed time = 3388ns 
Thread 39 is finished, elapsed time = 4861ns 
Thread 40 is finished, elapsed time = 8353ns 
Thread 41 is finished, elapsed time = 3912ns 
Thread 42 is finished, elapsed time = 5242ns 
Thread 43 is finished, elapsed time = 3602ns 
Thread 44 is finished, elapsed time = 7627ns 
Thread 45 is finished, elapsed time = 4174ns 
Thread 46 is finished, elapsed time = 4777ns 
Thread 47 is finished, elapsed time = 3965ns 
Thread 48 is finished, elapsed time = 7188ns 
Thread 49 is finished, elapsed time = 3352ns 
Thread 50 is finished, elapsed time = 3665ns 
Thread 51 is finished, elapsed time = 3987ns 
Thread 52 is finished, elapsed time = 6242ns 
Thread 53 is finished, elapsed time = 3845ns 
Thread 54 is finished, elapsed time = 4504ns 
Thread 55 is finished, elapsed time = 3211ns 
Thread 56 is finished, elapsed time = 7049ns 
Thread 57 is finished, elapsed time = 3361ns 
Thread 58 is finished, elapsed time = 4252ns 
Thread 59 is finished, elapsed time = 3553ns 
Thread 60 is finished, elapsed time = 6793ns 
Thread 61 is finished, elapsed time = 3018ns 
Thread 62 is finished, elapsed time = 3922ns 
Thread 63 is finished, elapsed time = 2758ns 
Thread 64 is finished, elapsed time = 6824ns 
Thread 65 is finished, elapsed time = 3535ns 
Thread 66 is finished, elapsed time = 4342ns 
Thread 67 is finished, elapsed time = 3291ns 
Thread 68 is finished, elapsed time = 7986ns 
Thread 69 is finished, elapsed time = 4807ns 
Thread 70 is finished, elapsed time = 3076ns 
Thread 71 is finished, elapsed time = 3494ns 
Thread 72 is finished, elapsed time = 4895ns 
Thread 73 is finished, elapsed time = 4218ns 
Thread 74 is finished, elapsed time = 3315ns 
Thread 75 is finished, elapsed time = 3846ns 
Thread 76 is finished, elapsed time = 5310ns 
Thread 77 is finished, elapsed time = 4574ns 
Thread 78 is finished, elapsed time = 3414ns 
Thread 79 is finished, elapsed time = 4135ns 
Thread 80 is finished, elapsed time = 5094ns 
Thread 81 is finished, elapsed time = 4420ns 
Thread 82 is finished, elapsed time = 3039ns 
Thread 83 is finished, elapsed time = 4101ns 
Thread 84 is finished, elapsed time = 5029ns 
Thread 85 is finished, elapsed time = 3275ns 
Thread 86 is finished, elapsed time = 3411ns 
Thread 87 is finished, elapsed time = 3881ns 
Thread 88 is finished, elapsed time = 4782ns 
Thread 89 is finished, elapsed time = 4453ns 
Thread 90 is finished, elapsed time = 3326ns 
Thread 91 is finished, elapsed time = 4865ns 
Thread 92 is finished, elapsed time = 6144ns 
Thread 93 is finished, elapsed time = 3570ns 
Thread 94 is finished, elapsed time = 3090ns 
Thread 95 is finished, elapsed time = 3670ns 
Thread 96 is finished, elapsed time = 5463ns 
Thread 97 is finished, elapsed time = 3590ns 
Thread 98 is finished, elapsed time = 4688ns 
Thread 99 is finished, elapsed time = 3844ns 
Thread 100 is finished, elapsed time = 5203ns 
Thread 101 is finished, elapsed time = 3808ns 
Thread 102 is finished, elapsed time = 3021ns 
Thread 103 is finished, elapsed time = 2330ns 
Thread 104 is finished, elapsed time = 5199ns 
Thread 105 is finished, elapsed time = 1584ns 
Thread 106 is finished, elapsed time = 1966ns 
Thread 107 is finished, elapsed time = 2057ns 
Thread 108 is finished, elapsed time = 4632ns 
Thread 109 is finished, elapsed time = 2113ns 
Thread 110 is finished, elapsed time = 1986ns 
Thread 111 is finished, elapsed time = 1627ns 
Thread 112 is finished, elapsed time = 4677ns 
Thread 113 is finished, elapsed time = 1597ns 
Thread 114 is finished, elapsed time = 1945ns 
Thread 115 is finished, elapsed time = 1728ns 
Thread 116 is finished, elapsed time = 4805ns 
Thread 117 is finished, elapsed time = 1658ns 
Thread 118 is finished, elapsed time = 2055ns 
Thread 119 is finished, elapsed time = 1844ns 
Thread 120 is finished, elapsed time = 3721ns 
Thread 121 is finished, elapsed time = 1961ns 
Thread 122 is finished, elapsed time = 1635ns 
Thread 123 is finished, elapsed time = 1894ns 
Thread 124 is finished, elapsed time = 3922ns 
Thread 125 is finished, elapsed time = 2596ns 
Thread 126 is finished, elapsed time = 1562ns 
Thread 127 is finished, elapsed time = 2308ns 
Thread 128 is finished, elapsed time = 3760ns 
Thread 129 is finished, elapsed time = 1992ns 
Thread 130 is finished, elapsed time = 1618ns 
Thread 131 is finished, elapsed time = 1919ns 
Thread 132 is finished, elapsed time = 4580ns 
Thread 133 is finished, elapsed time = 2694ns 
Thread 134 is finished, elapsed time = 1660ns 
Thread 135 is finished, elapsed time = 1934ns 
Thread 136 is finished, elapsed time = 5496ns 
Thread 137 is finished, elapsed time = 1922ns 
Thread 138 is finished, elapsed time = 1578ns 
Thread 139 is finished, elapsed time = 1877ns 
Thread 140 is finished, elapsed time = 5049ns 
Thread 141 is finished, elapsed time = 2014ns 
Thread 142 is finished, elapsed time = 1916ns 
Thread 143 is finished, elapsed time = 1515ns 
Thread 144 is finished, elapsed time = 6588ns 
Thread 145 is finished, elapsed time = 1496ns 
Thread 146 is finished, elapsed time = 1877ns 
Thread 147 is finished, elapsed time = 1522ns 
Thread 148 is finished, elapsed time = 5629ns 
Thread 149 is finished, elapsed time = 2059ns 
Thread 150 is finished, elapsed time = 1957ns 
Thread 151 is finished, elapsed time = 1994ns 
Thread 152 is finished, elapsed time = 5063ns 
Thread 153 is finished, elapsed time = 2185ns 
Thread 154 is finished, elapsed time = 1988ns 
Thread 155 is finished, elapsed time = 1768ns 
Thread 156 is finished, elapsed time = 4241ns 
Thread 157 is finished, elapsed time = 2461ns 
Thread 158 is finished, elapsed time = 1559ns 
Thread 159 is finished, elapsed time = 1998ns 
Thread 160 is finished, elapsed time = 3917ns 
Thread 161 is finished, elapsed time = 1979ns 
Thread 162 is finished, elapsed time = 1506ns 
Thread 163 is finished, elapsed time = 2291ns 
Thread 164 is finished, elapsed time = 3527ns 
Thread 165 is finished, elapsed time = 1836ns 
Thread 166 is finished, elapsed time = 1648ns 
Thread 167 is finished, elapsed time = 2207ns 
Thread 168 is finished, elapsed time = 5098ns 
Thread 169 is finished, elapsed time = 2621ns 
Thread 170 is finished, elapsed time = 1559ns 
Thread 171 is finished, elapsed time = 1947ns 
Thread 172 is finished, elapsed time = 4181ns 
Thread 173 is finished, elapsed time = 2050ns 
Thread 174 is finished, elapsed time = 1602ns 
Thread 175 is finished, elapsed time = 1950ns 
Thread 176 is finished, elapsed time = 4313ns 
Thread 177 is finished, elapsed time = 1943ns 
Thread 178 is finished, elapsed time = 1621ns 
Thread 179 is finished, elapsed time = 1889ns 
Thread 180 is finished, elapsed time = 3780ns 
Thread 181 is finished, elapsed time = 2109ns 
Thread 182 is finished, elapsed time = 1770ns 
Thread 183 is finished, elapsed time = 2045ns 
Thread 184 is finished, elapsed time = 3863ns 
Thread 185 is finished, elapsed time = 1967ns 
Thread 186 is finished, elapsed time = 1645ns 
Thread 187 is finished, elapsed time = 2033ns 
Thread 188 is finished, elapsed time = 4422ns 
Thread 189 is finished, elapsed time = 1983ns 
Total elapsed time = 35ms 
31192
