Number of Dyck words is 1
Processing Dyck words, elapsed time = 4740ns 
Dyck words use ~ 7.000000 bytes
Using 190 / 192 threads
Thread 0 is finished, elapsed time = 45μs 
Thread 1 is finished, elapsed time = 5523ns 
Thread 2 is finished, elapsed time = 2074ns 
Thread 3 is finished, elapsed time = 2277ns 
Thread 4 is finished, elapsed time = 5178ns 
Thread 5 is finished, elapsed time = 1940ns 
Thread 6 is finished, elapsed time = 2094ns 
Thread 7 is finished, elapsed time = 2045ns 
Thread 8 is finished, elapsed time = 4686ns 
Thread 9 is finished, elapsed time = 2092ns 
Thread 10 is finished, elapsed time = 1984ns 
Thread 11 is finished, elapsed time = 2146ns 
Thread 12 is finished, elapsed time = 4904ns 
Thread 13 is finished, elapsed time = 2063ns 
Thread 14 is finished, elapsed time = 1969ns 
Thread 15 is finished, elapsed time = 1965ns 
Thread 16 is finished, elapsed time = 4690ns 
Thread 17 is finished, elapsed time = 1930ns 
Thread 18 is finished, elapsed time = 3508ns 
Thread 19 is finished, elapsed time = 1930ns 
Thread 20 is finished, elapsed time = 4252ns 
Thread 21 is finished, elapsed time = 2479ns 
Thread 22 is finished, elapsed time = 2072ns 
Thread 23 is finished, elapsed time = 1950ns 
Thread 24 is finished, elapsed time = 4215ns 
Thread 25 is finished, elapsed time = 1881ns 
Thread 26 is finished, elapsed time = 1972ns 
Thread 27 is finished, elapsed time = 1838ns 
Thread 28 is finished, elapsed time = 5010ns 
Thread 29 is finished, elapsed time = 2029ns 
Thread 30 is finished, elapsed time = 1756ns 
Thread 31 is finished, elapsed time = 1848ns 
Thread 32 is finished, elapsed time = 4031ns 
Thread 33 is finished, elapsed time = 1938ns 
Thread 34 is finished, elapsed time = 1681ns 
Thread 35 is finished, elapsed time = 2088ns 
Thread 36 is finished, elapsed time = 4414ns 
Thread 37 is finished, elapsed time = 1957ns 
Thread 38 is finished, elapsed time = 2073ns 
Thread 39 is finished, elapsed time = 1959ns 
Thread 40 is finished, elapsed time = 4777ns 
Thread 41 is finished, elapsed time = 2179ns 
Thread 42 is finished, elapsed time = 1957ns 
Thread 43 is finished, elapsed time = 1877ns 
Thread 44 is finished, elapsed time = 4363ns 
Thread 45 is finished, elapsed time = 2043ns 
Thread 46 is finished, elapsed time = 1758ns 
Thread 47 is finished, elapsed time = 1844ns 
Thread 48 is finished, elapsed time = 4712ns 
Thread 49 is finished, elapsed time = 1897ns 
Thread 50 is finished, elapsed time = 1930ns 
Thread 51 is finished, elapsed time = 1808ns 
Thread 52 is finished, elapsed time = 4778ns 
Thread 53 is finished, elapsed time = 1910ns 
Thread 54 is finished, elapsed time = 1764ns 
Thread 55 is finished, elapsed time = 1924ns 
Thread 56 is finished, elapsed time = 4900ns 
Thread 57 is finished, elapsed time = 2316ns 
Thread 58 is finished, elapsed time = 2031ns 
Thread 59 is finished, elapsed time = 1904ns 
Thread 60 is finished, elapsed time = 6062ns 
Thread 61 is finished, elapsed time = 2088ns 
Thread 62 is finished, elapsed time = 2031ns 
Thread 63 is finished, elapsed time = 1860ns 
Thread 64 is finished, elapsed time = 5382ns 
Thread 65 is finished, elapsed time = 1889ns 
Thread 66 is finished, elapsed time = 1852ns 
Thread 67 is finished, elapsed time = 2111ns 
Thread 68 is finished, elapsed time = 4754ns 
Thread 69 is finished, elapsed time = 1852ns 
Thread 70 is finished, elapsed time = 1832ns 
Thread 71 is finished, elapsed time = 2094ns 
Thread 72 is finished, elapsed time = 4815ns 
Thread 73 is finished, elapsed time = 1869ns 
Thread 74 is finished, elapsed time = 1778ns 
Thread 75 is finished, elapsed time = 2000ns 
Thread 76 is finished, elapsed time = 4543ns 
Thread 77 is finished, elapsed time = 2559ns 
Thread 78 is finished, elapsed time = 1873ns 
Thread 79 is finished, elapsed time = 1957ns 
Thread 80 is finished, elapsed time = 4606ns 
Thread 81 is finished, elapsed time = 1962ns 
Thread 82 is finished, elapsed time = 1928ns 
Thread 83 is finished, elapsed time = 2065ns 
Thread 84 is finished, elapsed time = 4957ns 
Thread 85 is finished, elapsed time = 2291ns 
Thread 86 is finished, elapsed time = 1955ns 
Thread 87 is finished, elapsed time = 1922ns 
Thread 88 is finished, elapsed time = 5342ns 
Thread 89 is finished, elapsed time = 1957ns 
Thread 90 is finished, elapsed time = 1941ns 
Thread 91 is finished, elapsed time = 2084ns 
Thread 92 is finished, elapsed time = 4345ns 
Thread 93 is finished, elapsed time = 1853ns 
Thread 94 is finished, elapsed time = 1911ns 
Thread 95 is finished, elapsed time = 1848ns 
Thread 96 is finished, elapsed time = 3795ns 
Thread 97 is finished, elapsed time = 1933ns 
Thread 98 is finished, elapsed time = 1894ns 
Thread 99 is finished, elapsed time = 1908ns 
Thread 100 is finished, elapsed time = 4787ns 
Thread 101 is finished, elapsed time = 1957ns 
Thread 102 is finished, elapsed time = 1939ns 
Thread 103 is finished, elapsed time = 1851ns 
Thread 104 is finished, elapsed time = 4512ns 
Thread 105 is finished, elapsed time = 1973ns 
Thread 106 is finished, elapsed time = 1899ns 
Thread 107 is finished, elapsed time = 1885ns 
Thread 108 is finished, elapsed time = 4529ns 
Thread 109 is finished, elapsed time = 1916ns 
Thread 110 is finished, elapsed time = 1862ns 
Thread 111 is finished, elapsed time = 1953ns 
Thread 112 is finished, elapsed time = 4783ns 
Thread 113 is finished, elapsed time = 1940ns 
Thread 114 is finished, elapsed time = 1988ns 
Thread 115 is finished, elapsed time = 1959ns 
Thread 116 is finished, elapsed time = 4546ns 
Thread 117 is finished, elapsed time = 2125ns 
Thread 118 is finished, elapsed time = 1830ns 
Thread 119 is finished, elapsed time = 1658ns 
Thread 120 is finished, elapsed time = 4398ns 
Thread 121 is finished, elapsed time = 2000ns 
Thread 122 is finished, elapsed time = 1799ns 
Thread 123 is finished, elapsed time = 30μs 
Thread 124 is finished, elapsed time = 9780ns 
Thread 125 is finished, elapsed time = 2087ns 
Thread 126 is finished, elapsed time = 1978ns 
Thread 127 is finished, elapsed time = 1824ns 
Thread 128 is finished, elapsed time = 4464ns 
Thread 129 is finished, elapsed time = 2022ns 
Thread 130 is finished, elapsed time = 1955ns 
Thread 131 is finished, elapsed time = 2035ns 
Thread 132 is finished, elapsed time = 4526ns 
Thread 133 is finished, elapsed time = 1957ns 
Thread 134 is finished, elapsed time = 1926ns 
Thread 135 is finished, elapsed time = 1965ns 
Thread 136 is finished, elapsed time = 4924ns 
Thread 137 is finished, elapsed time = 1986ns 
Thread 138 is finished, elapsed time = 1955ns 
Thread 139 is finished, elapsed time = 1951ns 
Thread 140 is finished, elapsed time = 4105ns 
Thread 141 is finished, elapsed time = 2088ns 
Thread 142 is finished, elapsed time = 1840ns 
Thread 143 is finished, elapsed time = 1810ns 
Thread 144 is finished, elapsed time = 4633ns 
Thread 145 is finished, elapsed time = 3072ns 
Thread 146 is finished, elapsed time = 1949ns 
Thread 147 is finished, elapsed time = 1950ns 
Thread 148 is finished, elapsed time = 5049ns 
Thread 149 is finished, elapsed time = 1942ns 
Thread 150 is finished, elapsed time = 2410ns 
Thread 151 is finished, elapsed time = 1906ns 
Thread 152 is finished, elapsed time = 5218ns 
Thread 153 is finished, elapsed time = 2031ns 
Thread 154 is finished, elapsed time = 1958ns 
Thread 155 is finished, elapsed time = 1905ns 
Thread 156 is finished, elapsed time = 5404ns 
Thread 157 is finished, elapsed time = 1898ns 
Thread 158 is finished, elapsed time = 1894ns 
Thread 159 is finished, elapsed time = 2073ns 
Thread 160 is finished, elapsed time = 5726ns 
Thread 161 is finished, elapsed time = 1789ns 
Thread 162 is finished, elapsed time = 2553ns 
Thread 163 is finished, elapsed time = 2027ns 
Thread 164 is finished, elapsed time = 5201ns 
Thread 165 is finished, elapsed time = 1871ns 
Thread 166 is finished, elapsed time = 1891ns 
Thread 167 is finished, elapsed time = 1875ns 
Thread 168 is finished, elapsed time = 4897ns 
Thread 169 is finished, elapsed time = 1976ns 
Thread 170 is finished, elapsed time = 1829ns 
Thread 171 is finished, elapsed time = 2031ns 
Thread 172 is finished, elapsed time = 5120ns 
Thread 173 is finished, elapsed time = 2015ns 
Thread 174 is finished, elapsed time = 1849ns 
Thread 175 is finished, elapsed time = 1943ns 
Thread 176 is finished, elapsed time = 4715ns 
Thread 177 is finished, elapsed time = 1842ns 
Thread 178 is finished, elapsed time = 1881ns 
Thread 179 is finished, elapsed time = 2087ns 
Thread 180 is finished, elapsed time = 4366ns 
Thread 181 is finished, elapsed time = 2137ns 
Thread 182 is finished, elapsed time = 1863ns 
Thread 183 is finished, elapsed time = 1979ns 
Thread 184 is finished, elapsed time = 5533ns 
Thread 185 is finished, elapsed time = 2518ns 
Thread 186 is finished, elapsed time = 1843ns 
Thread 187 is finished, elapsed time = 2309ns 
Thread 188 is finished, elapsed time = 4195ns 
Thread 189 is finished, elapsed time = 1857ns 
Total elapsed time = 37ms 
1
