Number of Dyck words is 42
Processing Dyck words, elapsed time = 213μs 
Dyck words use ~ 930.000000 bytes
Using 190 / 192 threads
Number of palindromic Dyck words is 10
Number of non-palindromic Dyck words is 16
Thread 0 has load 9
Thread 1 has load 8
Thread 2 has load 7
Thread 3 has load 6
Thread 4 has load 5
Thread 5 has load 4
Thread 6 has load 3
Thread 7 has load 2
Thread 8 has load 1
Thread 9 has load 0
Thread 10 has load 0
Thread 0 is finished, elapsed time = 10μs 
Thread 1 is finished, elapsed time = 5141ns 
Thread 2 is finished, elapsed time = 2943ns 
Thread 3 is finished, elapsed time = 1942ns 
Thread 4 is finished, elapsed time = 5156ns 
Thread 5 is finished, elapsed time = 2106ns 
Thread 6 is finished, elapsed time = 2434ns 
Thread 7 is finished, elapsed time = 1902ns 
Thread 8 is finished, elapsed time = 4189ns 
Thread 9 is finished, elapsed time = 1688ns 
Thread 10 is finished, elapsed time = 1909ns 
Thread 11 is finished, elapsed time = 1508ns 
Thread 12 is finished, elapsed time = 4400ns 
Thread 13 is finished, elapsed time = 1447ns 
Thread 14 is finished, elapsed time = 1818ns 
Thread 15 is finished, elapsed time = 1684ns 
Thread 16 is finished, elapsed time = 4176ns 
Thread 17 is finished, elapsed time = 1744ns 
Thread 18 is finished, elapsed time = 1745ns 
Thread 19 is finished, elapsed time = 1688ns 
Thread 20 is finished, elapsed time = 4279ns 
Thread 21 is finished, elapsed time = 1839ns 
Thread 22 is finished, elapsed time = 1326ns 
Thread 23 is finished, elapsed time = 1703ns 
Thread 24 is finished, elapsed time = 5170ns 
Thread 25 is finished, elapsed time = 1867ns 
Thread 26 is finished, elapsed time = 1676ns 
Thread 27 is finished, elapsed time = 1774ns 
Thread 28 is finished, elapsed time = 8707ns 
Thread 29 is finished, elapsed time = 1875ns 
Thread 30 is finished, elapsed time = 1819ns 
Thread 31 is finished, elapsed time = 1506ns 
Thread 32 is finished, elapsed time = 4260ns 
Thread 33 is finished, elapsed time = 2340ns 
Thread 34 is finished, elapsed time = 1803ns 
Thread 35 is finished, elapsed time = 1888ns 
Thread 36 is finished, elapsed time = 4696ns 
Thread 37 is finished, elapsed time = 1768ns 
Thread 38 is finished, elapsed time = 1584ns 
Thread 39 is finished, elapsed time = 1817ns 
Thread 40 is finished, elapsed time = 4371ns 
Thread 41 is finished, elapsed time = 1463ns 
Thread 42 is finished, elapsed time = 1922ns 
Thread 43 is finished, elapsed time = 1498ns 
Thread 44 is finished, elapsed time = 4234ns 
Thread 45 is finished, elapsed time = 1594ns 
Thread 46 is finished, elapsed time = 1666ns 
Thread 47 is finished, elapsed time = 1748ns 
Thread 48 is finished, elapsed time = 6283ns 
Thread 49 is finished, elapsed time = 1781ns 
Thread 50 is finished, elapsed time = 1832ns 
Thread 51 is finished, elapsed time = 1574ns 
Thread 52 is finished, elapsed time = 6299ns 
Thread 53 is finished, elapsed time = 2308ns 
Thread 54 is finished, elapsed time = 2010ns 
Thread 55 is finished, elapsed time = 1804ns 
Thread 56 is finished, elapsed time = 4344ns 
Thread 57 is finished, elapsed time = 2459ns 
Thread 58 is finished, elapsed time = 1469ns 
Thread 59 is finished, elapsed time = 1674ns 
Thread 60 is finished, elapsed time = 4025ns 
Thread 61 is finished, elapsed time = 1805ns 
Thread 62 is finished, elapsed time = 1602ns 
Thread 63 is finished, elapsed time = 2109ns 
Thread 64 is finished, elapsed time = 3762ns 
Thread 65 is finished, elapsed time = 2276ns 
Thread 66 is finished, elapsed time = 1877ns 
Thread 67 is finished, elapsed time = 1693ns 
Thread 68 is finished, elapsed time = 4363ns 
Thread 69 is finished, elapsed time = 1626ns 
Thread 70 is finished, elapsed time = 1937ns 
Thread 71 is finished, elapsed time = 1758ns 
Thread 72 is finished, elapsed time = 4161ns 
Thread 73 is finished, elapsed time = 2528ns 
Thread 74 is finished, elapsed time = 1471ns 
Thread 75 is finished, elapsed time = 1627ns 
Thread 76 is finished, elapsed time = 4398ns 
Thread 77 is finished, elapsed time = 1442ns 
Thread 78 is finished, elapsed time = 1930ns 
Thread 79 is finished, elapsed time = 1492ns 
Thread 80 is finished, elapsed time = 4467ns 
Thread 81 is finished, elapsed time = 1426ns 
Thread 82 is finished, elapsed time = 1951ns 
Thread 83 is finished, elapsed time = 1390ns 
Thread 84 is finished, elapsed time = 4527ns 
Thread 85 is finished, elapsed time = 1592ns 
Thread 86 is finished, elapsed time = 1457ns 
Thread 87 is finished, elapsed time = 1681ns 
Thread 88 is finished, elapsed time = 4278ns 
Thread 89 is finished, elapsed time = 1918ns 
Thread 90 is finished, elapsed time = 1680ns 
Thread 91 is finished, elapsed time = 1851ns 
Thread 92 is finished, elapsed time = 4094ns 
Thread 93 is finished, elapsed time = 1838ns 
Thread 94 is finished, elapsed time = 2145ns 
Thread 95 is finished, elapsed time = 1606ns 
Thread 96 is finished, elapsed time = 4394ns 
Thread 97 is finished, elapsed time = 1707ns 
Thread 98 is finished, elapsed time = 1584ns 
Thread 99 is finished, elapsed time = 1469ns 
Thread 100 is finished, elapsed time = 5430ns 
Thread 101 is finished, elapsed time = 1615ns 
Thread 102 is finished, elapsed time = 1903ns 
Thread 103 is finished, elapsed time = 1662ns 
Thread 104 is finished, elapsed time = 4031ns 
Thread 105 is finished, elapsed time = 1543ns 
Thread 106 is finished, elapsed time = 1758ns 
Thread 107 is finished, elapsed time = 1486ns 
Thread 108 is finished, elapsed time = 4115ns 
Thread 109 is finished, elapsed time = 1631ns 
Thread 110 is finished, elapsed time = 1582ns 
Thread 111 is finished, elapsed time = 1803ns 
Thread 112 is finished, elapsed time = 4697ns 
Thread 113 is finished, elapsed time = 1877ns 
Thread 114 is finished, elapsed time = 1474ns 
Thread 115 is finished, elapsed time = 1881ns 
Thread 116 is finished, elapsed time = 3942ns 
Thread 117 is finished, elapsed time = 1594ns 
Thread 118 is finished, elapsed time = 1445ns 
Thread 119 is finished, elapsed time = 1838ns 
Thread 120 is finished, elapsed time = 4725ns 
Thread 121 is finished, elapsed time = 1957ns 
Thread 122 is finished, elapsed time = 1727ns 
Thread 123 is finished, elapsed time = 1500ns 
Thread 124 is finished, elapsed time = 4741ns 
Thread 125 is finished, elapsed time = 1873ns 
Thread 126 is finished, elapsed time = 1451ns 
Thread 127 is finished, elapsed time = 1877ns 
Thread 128 is finished, elapsed time = 3895ns 
Thread 129 is finished, elapsed time = 1824ns 
Thread 130 is finished, elapsed time = 1717ns 
Thread 131 is finished, elapsed time = 1483ns 
Thread 132 is finished, elapsed time = 4118ns 
Thread 133 is finished, elapsed time = 1895ns 
Thread 134 is finished, elapsed time = 1477ns 
Thread 135 is finished, elapsed time = 1426ns 
Thread 136 is finished, elapsed time = 4414ns 
Thread 137 is finished, elapsed time = 1482ns 
Thread 138 is finished, elapsed time = 1846ns 
Thread 139 is finished, elapsed time = 1518ns 
Thread 140 is finished, elapsed time = 3951ns 
Thread 141 is finished, elapsed time = 1435ns 
Thread 142 is finished, elapsed time = 1838ns 
Thread 143 is finished, elapsed time = 1472ns 
Thread 144 is finished, elapsed time = 4119ns 
Thread 145 is finished, elapsed time = 1566ns 
Thread 146 is finished, elapsed time = 1752ns 
Thread 147 is finished, elapsed time = 1394ns 
Thread 148 is finished, elapsed time = 4084ns 
Thread 149 is finished, elapsed time = 1545ns 
Thread 150 is finished, elapsed time = 1754ns 
Thread 151 is finished, elapsed time = 1773ns 
Thread 152 is finished, elapsed time = 3477ns 
Thread 153 is finished, elapsed time = 2963ns 
Thread 154 is finished, elapsed time = 1933ns 
Thread 155 is finished, elapsed time = 1617ns 
Thread 156 is finished, elapsed time = 5408ns 
Thread 157 is finished, elapsed time = 1502ns 
Thread 158 is finished, elapsed time = 1733ns 
Thread 159 is finished, elapsed time = 1448ns 
Thread 160 is finished, elapsed time = 4002ns 
Thread 161 is finished, elapsed time = 1484ns 
Thread 162 is finished, elapsed time = 1736ns 
Thread 163 is finished, elapsed time = 1517ns 
Thread 164 is finished, elapsed time = 4465ns 
Thread 165 is finished, elapsed time = 1416ns 
Thread 166 is finished, elapsed time = 1647ns 
Thread 167 is finished, elapsed time = 1587ns 
Thread 168 is finished, elapsed time = 4252ns 
Thread 169 is finished, elapsed time = 1653ns 
Thread 170 is finished, elapsed time = 1728ns 
Thread 171 is finished, elapsed time = 1537ns 
Thread 172 is finished, elapsed time = 3891ns 
Thread 173 is finished, elapsed time = 1439ns 
Thread 174 is finished, elapsed time = 1627ns 
Thread 175 is finished, elapsed time = 1513ns 
Thread 176 is finished, elapsed time = 4905ns 
Thread 177 is finished, elapsed time = 1561ns 
Thread 178 is finished, elapsed time = 1722ns 
Thread 179 is finished, elapsed time = 1524ns 
Thread 180 is finished, elapsed time = 4891ns 
Thread 181 is finished, elapsed time = 1492ns 
Thread 182 is finished, elapsed time = 1793ns 
Thread 183 is finished, elapsed time = 1660ns 
Thread 184 is finished, elapsed time = 5110ns 
Thread 185 is finished, elapsed time = 1508ns 
Thread 186 is finished, elapsed time = 2175ns 
Thread 187 is finished, elapsed time = 1545ns 
Thread 188 is finished, elapsed time = 4127ns 
Thread 189 is finished, elapsed time = 1463ns 
From comparison of palindromic and palindromic: 442
Thread 0 has load 15
Thread 1 has load 14
Thread 2 has load 13
Thread 3 has load 12
Thread 4 has load 11
Thread 5 has load 10
Thread 6 has load 9
Thread 7 has load 8
Thread 8 has load 7
Thread 9 has load 6
Thread 10 has load 5
Thread 11 has load 4
Thread 12 has load 3
Thread 13 has load 2
Thread 14 has load 1
Thread 15 has load 0
Thread 16 has load 0
Thread 0 is finished, elapsed time = 2996ns 
Thread 1 is finished, elapsed time = 2926ns 
Thread 2 is finished, elapsed time = 6029ns 
Thread 3 is finished, elapsed time = 2338ns 
Thread 4 is finished, elapsed time = 2606ns 
Thread 5 is finished, elapsed time = 1885ns 
Thread 6 is finished, elapsed time = 5740ns 
Thread 7 is finished, elapsed time = 1935ns 
Thread 8 is finished, elapsed time = 1832ns 
Thread 9 is finished, elapsed time = 1748ns 
Thread 10 is finished, elapsed time = 4654ns 
Thread 11 is finished, elapsed time = 1582ns 
Thread 12 is finished, elapsed time = 1807ns 
Thread 13 is finished, elapsed time = 1558ns 
Thread 14 is finished, elapsed time = 4475ns 
Thread 15 is finished, elapsed time = 1488ns 
Thread 16 is finished, elapsed time = 2160ns 
Thread 17 is finished, elapsed time = 1591ns 
Thread 18 is finished, elapsed time = 4322ns 
Thread 19 is finished, elapsed time = 1441ns 
Thread 20 is finished, elapsed time = 1690ns 
Thread 21 is finished, elapsed time = 1566ns 
Thread 22 is finished, elapsed time = 5402ns 
Thread 23 is finished, elapsed time = 1474ns 
Thread 24 is finished, elapsed time = 1779ns 
Thread 25 is finished, elapsed time = 1621ns 
Thread 26 is finished, elapsed time = 3687ns 
Thread 27 is finished, elapsed time = 1365ns 
Thread 28 is finished, elapsed time = 1463ns 
Thread 29 is finished, elapsed time = 2094ns 
Thread 30 is finished, elapsed time = 4240ns 
Thread 31 is finished, elapsed time = 1688ns 
Thread 32 is finished, elapsed time = 1556ns 
Thread 33 is finished, elapsed time = 1570ns 
Thread 34 is finished, elapsed time = 3662ns 
Thread 35 is finished, elapsed time = 1652ns 
Thread 36 is finished, elapsed time = 1383ns 
Thread 37 is finished, elapsed time = 1830ns 
Thread 38 is finished, elapsed time = 3740ns 
Thread 39 is finished, elapsed time = 1587ns 
Thread 40 is finished, elapsed time = 1428ns 
Thread 41 is finished, elapsed time = 1727ns 
Thread 42 is finished, elapsed time = 3701ns 
Thread 43 is finished, elapsed time = 1715ns 
Thread 44 is finished, elapsed time = 1399ns 
Thread 45 is finished, elapsed time = 1631ns 
Thread 46 is finished, elapsed time = 3594ns 
Thread 47 is finished, elapsed time = 1642ns 
Thread 48 is finished, elapsed time = 1537ns 
Thread 49 is finished, elapsed time = 1631ns 
Thread 50 is finished, elapsed time = 3865ns 
Thread 51 is finished, elapsed time = 1664ns 
Thread 53 is finished, elapsed time = 1729ns 
Thread 52 is finished, elapsed time = 1503ns 
Thread 54 is finished, elapsed time = 13μs 
Thread 55 is finished, elapsed time = 1929ns 
Thread 56 is finished, elapsed time = 1435ns 
Thread 57 is finished, elapsed time = 1656ns 
Thread 58 is finished, elapsed time = 3483ns 
Thread 59 is finished, elapsed time = 1670ns 
Thread 60 is finished, elapsed time = 1414ns 
Thread 61 is finished, elapsed time = 2024ns 
Thread 62 is finished, elapsed time = 3662ns 
Thread 63 is finished, elapsed time = 1826ns 
Thread 64 is finished, elapsed time = 1375ns 
Thread 65 is finished, elapsed time = 1584ns 
Thread 66 is finished, elapsed time = 3691ns 
Thread 67 is finished, elapsed time = 1670ns 
Thread 68 is finished, elapsed time = 1498ns 
Thread 69 is finished, elapsed time = 1613ns 
Thread 70 is finished, elapsed time = 4104ns 
Thread 71 is finished, elapsed time = 1611ns 
Thread 72 is finished, elapsed time = 1737ns 
Thread 73 is finished, elapsed time = 1668ns 
Thread 74 is finished, elapsed time = 4984ns 
Thread 75 is finished, elapsed time = 1678ns 
Thread 76 is finished, elapsed time = 1301ns 
Thread 77 is finished, elapsed time = 1627ns 
Thread 78 is finished, elapsed time = 3799ns 
Thread 79 is finished, elapsed time = 1653ns 
Thread 80 is finished, elapsed time = 1590ns 
Thread 81 is finished, elapsed time = 1774ns 
Thread 82 is finished, elapsed time = 3883ns 
Thread 83 is finished, elapsed time = 1606ns 
Thread 84 is finished, elapsed time = 1567ns 
Thread 85 is finished, elapsed time = 1664ns 
Thread 86 is finished, elapsed time = 4055ns 
Thread 87 is finished, elapsed time = 1717ns 
Thread 88 is finished, elapsed time = 3150ns 
Thread 89 is finished, elapsed time = 1503ns 
Thread 90 is finished, elapsed time = 5651ns 
Thread 91 is finished, elapsed time = 1693ns 
Thread 92 is finished, elapsed time = 1533ns 
Thread 93 is finished, elapsed time = 1764ns 
Thread 94 is finished, elapsed time = 3678ns 
Thread 95 is finished, elapsed time = 1584ns 
Thread 96 is finished, elapsed time = 1515ns 
Thread 97 is finished, elapsed time = 2207ns 
Thread 98 is finished, elapsed time = 3963ns 
Thread 99 is finished, elapsed time = 1698ns 
Thread 100 is finished, elapsed time = 1525ns 
Thread 101 is finished, elapsed time = 1349ns 
Thread 102 is finished, elapsed time = 3957ns 
Thread 103 is finished, elapsed time = 1330ns 
Thread 104 is finished, elapsed time = 1428ns 
Thread 105 is finished, elapsed time = 1572ns 
Thread 106 is finished, elapsed time = 4002ns 
Thread 107 is finished, elapsed time = 1689ns 
Thread 108 is finished, elapsed time = 1438ns 
Thread 109 is finished, elapsed time = 1641ns 
Thread 110 is finished, elapsed time = 4133ns 
Thread 111 is finished, elapsed time = 1461ns 
Thread 112 is finished, elapsed time = 1431ns 
Thread 113 is finished, elapsed time = 1719ns 
Thread 114 is finished, elapsed time = 3943ns 
Thread 115 is finished, elapsed time = 1672ns 
Thread 116 is finished, elapsed time = 1498ns 
Thread 117 is finished, elapsed time = 1660ns 
Thread 118 is finished, elapsed time = 4855ns 
Thread 119 is finished, elapsed time = 1571ns 
Thread 120 is finished, elapsed time = 1508ns 
Thread 121 is finished, elapsed time = 1637ns 
Thread 122 is finished, elapsed time = 4053ns 
Thread 123 is finished, elapsed time = 1545ns 
Thread 124 is finished, elapsed time = 1488ns 
Thread 125 is finished, elapsed time = 1666ns 
Thread 126 is finished, elapsed time = 3816ns 
Thread 127 is finished, elapsed time = 1891ns 
Thread 128 is finished, elapsed time = 1582ns 
Thread 129 is finished, elapsed time = 1939ns 
Thread 130 is finished, elapsed time = 3888ns 
Thread 131 is finished, elapsed time = 1709ns 
Thread 132 is finished, elapsed time = 1391ns 
Thread 133 is finished, elapsed time = 1714ns 
Thread 134 is finished, elapsed time = 3924ns 
Thread 135 is finished, elapsed time = 1713ns 
Thread 136 is finished, elapsed time = 1381ns 
Thread 137 is finished, elapsed time = 1559ns 
Thread 138 is finished, elapsed time = 4776ns 
Thread 139 is finished, elapsed time = 1873ns 
Thread 140 is finished, elapsed time = 1457ns 
Thread 141 is finished, elapsed time = 1723ns 
Thread 142 is finished, elapsed time = 4990ns 
Thread 143 is finished, elapsed time = 1691ns 
Thread 144 is finished, elapsed time = 1451ns 
Thread 145 is finished, elapsed time = 1767ns 
Thread 146 is finished, elapsed time = 4367ns 
Thread 147 is finished, elapsed time = 1709ns 
Thread 148 is finished, elapsed time = 1492ns 
Thread 149 is finished, elapsed time = 1639ns 
Thread 150 is finished, elapsed time = 3851ns 
Thread 151 is finished, elapsed time = 1658ns 
Thread 152 is finished, elapsed time = 1528ns 
Thread 153 is finished, elapsed time = 1703ns 
Thread 154 is finished, elapsed time = 4634ns 
Thread 155 is finished, elapsed time = 1573ns 
Thread 156 is finished, elapsed time = 1390ns 
Thread 157 is finished, elapsed time = 1635ns 
Thread 158 is finished, elapsed time = 4336ns 
Thread 159 is finished, elapsed time = 1892ns 
Thread 160 is finished, elapsed time = 1507ns 
Thread 161 is finished, elapsed time = 1717ns 
Thread 162 is finished, elapsed time = 3695ns 
Thread 163 is finished, elapsed time = 1789ns 
Thread 164 is finished, elapsed time = 1424ns 
Thread 165 is finished, elapsed time = 1736ns 
Thread 166 is finished, elapsed time = 4082ns 
Thread 167 is finished, elapsed time = 1759ns 
Thread 168 is finished, elapsed time = 1400ns 
Thread 169 is finished, elapsed time = 1646ns 
Thread 170 is finished, elapsed time = 5330ns 
Thread 171 is finished, elapsed time = 1668ns 
Thread 172 is finished, elapsed time = 1375ns 
Thread 173 is finished, elapsed time = 2240ns 
Thread 174 is finished, elapsed time = 5119ns 
Thread 175 is finished, elapsed time = 1701ns 
Thread 176 is finished, elapsed time = 1834ns 
Thread 177 is finished, elapsed time = 1570ns 
Thread 178 is finished, elapsed time = 4485ns 
Thread 179 is finished, elapsed time = 1451ns 
Thread 180 is finished, elapsed time = 1818ns 
Thread 181 is finished, elapsed time = 1311ns 
Thread 182 is finished, elapsed time = 4180ns 
Thread 183 is finished, elapsed time = 1427ns 
Thread 184 is finished, elapsed time = 1356ns 
Thread 185 is finished, elapsed time = 1438ns 
Thread 186 is finished, elapsed time = 4801ns 
Thread 187 is finished, elapsed time = 1584ns 
Thread 188 is finished, elapsed time = 1746ns 
Thread 189 is finished, elapsed time = 1552ns 
From comparison of non-palindromic and non-palindromic: 2696
Thread 0 has load 16
Thread 1 has load 16
Thread 2 has load 16
Thread 3 has load 16
Thread 4 has load 16
Thread 5 has load 16
Thread 6 has load 16
Thread 7 has load 16
Thread 8 has load 16
Thread 9 has load 16
Thread 10 has load 0
Thread 0 is finished, elapsed time = 5172ns 
Thread 1 is finished, elapsed time = 3042ns 
Thread 2 is finished, elapsed time = 2959ns 
Thread 3 is finished, elapsed time = 2578ns 
Thread 4 is finished, elapsed time = 6129ns 
Thread 5 is finished, elapsed time = 2187ns 
Thread 6 is finished, elapsed time = 2707ns 
Thread 7 is finished, elapsed time = 2722ns 
Thread 8 is finished, elapsed time = 4201ns 
Thread 9 is finished, elapsed time = 2193ns 
Thread 10 is finished, elapsed time = 1650ns 
Thread 11 is finished, elapsed time = 1532ns 
Thread 12 is finished, elapsed time = 3925ns 
Thread 13 is finished, elapsed time = 1568ns 
Thread 14 is finished, elapsed time = 1693ns 
Thread 15 is finished, elapsed time = 1465ns 
Thread 16 is finished, elapsed time = 5289ns 
Thread 17 is finished, elapsed time = 1429ns 
Thread 18 is finished, elapsed time = 1773ns 
Thread 19 is finished, elapsed time = 1440ns 
Thread 20 is finished, elapsed time = 5297ns 
Thread 21 is finished, elapsed time = 1402ns 
Thread 22 is finished, elapsed time = 1652ns 
Thread 23 is finished, elapsed time = 1549ns 
Thread 24 is finished, elapsed time = 4814ns 
Thread 25 is finished, elapsed time = 1459ns 
Thread 26 is finished, elapsed time = 3469ns 
Thread 27 is finished, elapsed time = 1567ns 
Thread 28 is finished, elapsed time = 5156ns 
Thread 29 is finished, elapsed time = 1570ns 
Thread 30 is finished, elapsed time = 1478ns 
Thread 31 is finished, elapsed time = 1536ns 
Thread 32 is finished, elapsed time = 3924ns 
Thread 33 is finished, elapsed time = 1516ns 
Thread 34 is finished, elapsed time = 1731ns 
Thread 35 is finished, elapsed time = 1430ns 
Thread 36 is finished, elapsed time = 3498ns 
Thread 37 is finished, elapsed time = 1465ns 
Thread 38 is finished, elapsed time = 1453ns 
Thread 39 is finished, elapsed time = 1453ns 
Thread 40 is finished, elapsed time = 3320ns 
Thread 41 is finished, elapsed time = 1432ns 
Thread 42 is finished, elapsed time = 1627ns 
Thread 43 is finished, elapsed time = 1515ns 
Thread 44 is finished, elapsed time = 4233ns 
Thread 45 is finished, elapsed time = 1520ns 
Thread 46 is finished, elapsed time = 1713ns 
Thread 47 is finished, elapsed time = 1467ns 
Thread 48 is finished, elapsed time = 3781ns 
Thread 49 is finished, elapsed time = 1504ns 
Thread 50 is finished, elapsed time = 1740ns 
Thread 51 is finished, elapsed time = 1432ns 
Thread 52 is finished, elapsed time = 4139ns 
Thread 53 is finished, elapsed time = 1469ns 
Thread 54 is finished, elapsed time = 1715ns 
Thread 55 is finished, elapsed time = 1500ns 
Thread 56 is finished, elapsed time = 4421ns 
Thread 57 is finished, elapsed time = 1381ns 
Thread 58 is finished, elapsed time = 1771ns 
Thread 59 is finished, elapsed time = 1461ns 
Thread 60 is finished, elapsed time = 4090ns 
Thread 61 is finished, elapsed time = 1373ns 
Thread 62 is finished, elapsed time = 1433ns 
Thread 63 is finished, elapsed time = 52μs 
Thread 64 is finished, elapsed time = 6614ns 
Thread 65 is finished, elapsed time = 1485ns 
Thread 66 is finished, elapsed time = 1890ns 
Thread 67 is finished, elapsed time = 1504ns 
Thread 68 is finished, elapsed time = 4770ns 
Thread 69 is finished, elapsed time = 1516ns 
Thread 70 is finished, elapsed time = 1569ns 
Thread 71 is finished, elapsed time = 1506ns 
Thread 72 is finished, elapsed time = 4434ns 
Thread 73 is finished, elapsed time = 1504ns 
Thread 74 is finished, elapsed time = 1693ns 
Thread 75 is finished, elapsed time = 1495ns 
Thread 76 is finished, elapsed time = 4565ns 
Thread 77 is finished, elapsed time = 1547ns 
Thread 78 is finished, elapsed time = 1957ns 
Thread 79 is finished, elapsed time = 1565ns 
Thread 80 is finished, elapsed time = 3752ns 
Thread 81 is finished, elapsed time = 1479ns 
Thread 82 is finished, elapsed time = 1529ns 
Thread 83 is finished, elapsed time = 1428ns 
Thread 84 is finished, elapsed time = 4039ns 
Thread 85 is finished, elapsed time = 1418ns 
Thread 86 is finished, elapsed time = 1998ns 
Thread 87 is finished, elapsed time = 1553ns 
Thread 88 is finished, elapsed time = 4306ns 
Thread 89 is finished, elapsed time = 1543ns 
Thread 90 is finished, elapsed time = 1783ns 
Thread 91 is finished, elapsed time = 1500ns 
Thread 92 is finished, elapsed time = 4743ns 
Thread 93 is finished, elapsed time = 1461ns 
Thread 94 is finished, elapsed time = 1760ns 
Thread 95 is finished, elapsed time = 1531ns 
Thread 96 is finished, elapsed time = 4740ns 
Thread 97 is finished, elapsed time = 1535ns 
Thread 98 is finished, elapsed time = 1680ns 
Thread 99 is finished, elapsed time = 1435ns 
Thread 100 is finished, elapsed time = 4701ns 
Thread 101 is finished, elapsed time = 1758ns 
Thread 102 is finished, elapsed time = 1844ns 
Thread 103 is finished, elapsed time = 1513ns 
Thread 104 is finished, elapsed time = 4663ns 
Thread 105 is finished, elapsed time = 1492ns 
Thread 106 is finished, elapsed time = 1732ns 
Thread 107 is finished, elapsed time = 1494ns 
Thread 108 is finished, elapsed time = 3849ns 
Thread 109 is finished, elapsed time = 1500ns 
Thread 110 is finished, elapsed time = 1684ns 
Thread 111 is finished, elapsed time = 1549ns 
Thread 112 is finished, elapsed time = 4955ns 
Thread 113 is finished, elapsed time = 1514ns 
Thread 114 is finished, elapsed time = 1657ns 
Thread 115 is finished, elapsed time = 1494ns 
Thread 116 is finished, elapsed time = 3674ns 
Thread 117 is finished, elapsed time = 1422ns 
Thread 118 is finished, elapsed time = 2029ns 
Thread 119 is finished, elapsed time = 1500ns 
Thread 120 is finished, elapsed time = 4108ns 
Thread 121 is finished, elapsed time = 1371ns 
Thread 122 is finished, elapsed time = 1610ns 
Thread 123 is finished, elapsed time = 1430ns 
Thread 124 is finished, elapsed time = 4525ns 
Thread 125 is finished, elapsed time = 1526ns 
Thread 126 is finished, elapsed time = 1814ns 
Thread 127 is finished, elapsed time = 1430ns 
Thread 128 is finished, elapsed time = 4024ns 
Thread 129 is finished, elapsed time = 1481ns 
Thread 130 is finished, elapsed time = 1884ns 
Thread 131 is finished, elapsed time = 1480ns 
Thread 132 is finished, elapsed time = 3949ns 
Thread 133 is finished, elapsed time = 1444ns 
Thread 134 is finished, elapsed time = 1647ns 
Thread 135 is finished, elapsed time = 1400ns 
Thread 136 is finished, elapsed time = 4420ns 
Thread 137 is finished, elapsed time = 1654ns 
Thread 138 is finished, elapsed time = 1932ns 
Thread 139 is finished, elapsed time = 1535ns 
Thread 140 is finished, elapsed time = 4166ns 
Thread 141 is finished, elapsed time = 1520ns 
Thread 142 is finished, elapsed time = 1324ns 
Thread 143 is finished, elapsed time = 1565ns 
Thread 144 is finished, elapsed time = 3995ns 
Thread 145 is finished, elapsed time = 1469ns 
Thread 146 is finished, elapsed time = 1769ns 
Thread 147 is finished, elapsed time = 1691ns 
Thread 148 is finished, elapsed time = 4228ns 
Thread 149 is finished, elapsed time = 1514ns 
Thread 150 is finished, elapsed time = 1672ns 
Thread 151 is finished, elapsed time = 1549ns 
Thread 152 is finished, elapsed time = 4232ns 
Thread 153 is finished, elapsed time = 1438ns 
Thread 154 is finished, elapsed time = 1757ns 
Thread 155 is finished, elapsed time = 1472ns 
Thread 156 is finished, elapsed time = 4155ns 
Thread 157 is finished, elapsed time = 1570ns 
Thread 158 is finished, elapsed time = 1744ns 
Thread 159 is finished, elapsed time = 1499ns 
Thread 160 is finished, elapsed time = 4827ns 
Thread 161 is finished, elapsed time = 1420ns 
Thread 162 is finished, elapsed time = 1637ns 
Thread 163 is finished, elapsed time = 1555ns 
Thread 164 is finished, elapsed time = 4082ns 
Thread 165 is finished, elapsed time = 1559ns 
Thread 166 is finished, elapsed time = 1620ns 
Thread 167 is finished, elapsed time = 1500ns 
Thread 168 is finished, elapsed time = 3838ns 
Thread 169 is finished, elapsed time = 1517ns 
Thread 170 is finished, elapsed time = 1725ns 
Thread 171 is finished, elapsed time = 1386ns 
Thread 172 is finished, elapsed time = 3790ns 
Thread 173 is finished, elapsed time = 1847ns 
Thread 174 is finished, elapsed time = 1860ns 
Thread 175 is finished, elapsed time = 1535ns 
Thread 176 is finished, elapsed time = 4320ns 
Thread 177 is finished, elapsed time = 1471ns 
Thread 178 is finished, elapsed time = 1735ns 
Thread 179 is finished, elapsed time = 1392ns 
Thread 180 is finished, elapsed time = 4293ns 
Thread 181 is finished, elapsed time = 1461ns 
Thread 182 is finished, elapsed time = 1707ns 
Thread 183 is finished, elapsed time = 1488ns 
Thread 184 is finished, elapsed time = 4535ns 
Thread 185 is finished, elapsed time = 1537ns 
Thread 186 is finished, elapsed time = 1696ns 
Thread 187 is finished, elapsed time = 1461ns 
Thread 188 is finished, elapsed time = 3941ns 
Thread 189 is finished, elapsed time = 1535ns 
From comparison of palindromic and non-palindromic: 3172
Thread 0 has load 16
Thread 1 has load 15
Thread 2 has load 14
Thread 3 has load 13
Thread 4 has load 12
Thread 5 has load 11
Thread 6 has load 10
Thread 7 has load 9
Thread 8 has load 8
Thread 9 has load 7
Thread 10 has load 6
Thread 11 has load 5
Thread 12 has load 4
Thread 13 has load 3
Thread 14 has load 2
Thread 15 has load 1
Thread 16 has load 0
Thread 0 is finished, elapsed time = 2983ns 
Thread 1 is finished, elapsed time = 3392ns 
Thread 2 is finished, elapsed time = 5723ns 
Thread 3 is finished, elapsed time = 2566ns 
Thread 4 is finished, elapsed time = 2119ns 
Thread 5 is finished, elapsed time = 1966ns 
Thread 6 is finished, elapsed time = 5537ns 
Thread 7 is finished, elapsed time = 2243ns 
Thread 8 is finished, elapsed time = 2295ns 
Thread 9 is finished, elapsed time = 1984ns 
Thread 10 is finished, elapsed time = 4896ns 
Thread 11 is finished, elapsed time = 1958ns 
Thread 12 is finished, elapsed time = 1990ns 
Thread 13 is finished, elapsed time = 1785ns 
Thread 14 is finished, elapsed time = 4746ns 
Thread 15 is finished, elapsed time = 1651ns 
Thread 16 is finished, elapsed time = 1678ns 
Thread 17 is finished, elapsed time = 1576ns 
Thread 18 is finished, elapsed time = 4104ns 
Thread 19 is finished, elapsed time = 1479ns 
Thread 20 is finished, elapsed time = 1715ns 
Thread 21 is finished, elapsed time = 1459ns 
Thread 22 is finished, elapsed time = 5160ns 
Thread 23 is finished, elapsed time = 1487ns 
Thread 24 is finished, elapsed time = 1728ns 
Thread 25 is finished, elapsed time = 1449ns 
Thread 26 is finished, elapsed time = 4301ns 
Thread 27 is finished, elapsed time = 1440ns 
Thread 28 is finished, elapsed time = 1826ns 
Thread 29 is finished, elapsed time = 1473ns 
Thread 30 is finished, elapsed time = 4518ns 
Thread 31 is finished, elapsed time = 1443ns 
Thread 32 is finished, elapsed time = 1692ns 
Thread 33 is finished, elapsed time = 1513ns 
Thread 34 is finished, elapsed time = 4738ns 
Thread 35 is finished, elapsed time = 1377ns 
Thread 36 is finished, elapsed time = 1818ns 
Thread 37 is finished, elapsed time = 1403ns 
Thread 38 is finished, elapsed time = 4098ns 
Thread 39 is finished, elapsed time = 1395ns 
Thread 40 is finished, elapsed time = 1686ns 
Thread 41 is finished, elapsed time = 1401ns 
Thread 42 is finished, elapsed time = 4213ns 
Thread 43 is finished, elapsed time = 1391ns 
Thread 44 is finished, elapsed time = 1678ns 
Thread 45 is finished, elapsed time = 1433ns 
Thread 46 is finished, elapsed time = 8002ns 
Thread 47 is finished, elapsed time = 1658ns 
Thread 48 is finished, elapsed time = 1627ns 
Thread 49 is finished, elapsed time = 1557ns 
Thread 50 is finished, elapsed time = 3516ns 
Thread 51 is finished, elapsed time = 1591ns 
Thread 52 is finished, elapsed time = 1592ns 
Thread 53 is finished, elapsed time = 1510ns 
Thread 54 is finished, elapsed time = 4352ns 
Thread 55 is finished, elapsed time = 1387ns 
Thread 56 is finished, elapsed time = 1766ns 
Thread 57 is finished, elapsed time = 1451ns 
Thread 58 is finished, elapsed time = 4079ns 
Thread 59 is finished, elapsed time = 1467ns 
Thread 60 is finished, elapsed time = 1826ns 
Thread 61 is finished, elapsed time = 1361ns 
Thread 62 is finished, elapsed time = 5141ns 
Thread 63 is finished, elapsed time = 1439ns 
Thread 64 is finished, elapsed time = 1926ns 
Thread 65 is finished, elapsed time = 1620ns 
Thread 66 is finished, elapsed time = 4182ns 
Thread 67 is finished, elapsed time = 1596ns 
Thread 68 is finished, elapsed time = 1701ns 
Thread 69 is finished, elapsed time = 1551ns 
Thread 70 is finished, elapsed time = 4781ns 
Thread 71 is finished, elapsed time = 1455ns 
Thread 72 is finished, elapsed time = 1947ns 
Thread 73 is finished, elapsed time = 1543ns 
Thread 74 is finished, elapsed time = 5131ns 
Thread 75 is finished, elapsed time = 1491ns 
Thread 76 is finished, elapsed time = 1657ns 
Thread 77 is finished, elapsed time = 1497ns 
Thread 78 is finished, elapsed time = 5467ns 
Thread 79 is finished, elapsed time = 1526ns 
Thread 80 is finished, elapsed time = 1787ns 
Thread 81 is finished, elapsed time = 1487ns 
Thread 82 is finished, elapsed time = 4246ns 
Thread 83 is finished, elapsed time = 1408ns 
Thread 84 is finished, elapsed time = 2101ns 
Thread 85 is finished, elapsed time = 1615ns 
Thread 86 is finished, elapsed time = 4074ns 
Thread 87 is finished, elapsed time = 1436ns 
Thread 88 is finished, elapsed time = 1490ns 
Thread 89 is finished, elapsed time = 1545ns 
Thread 90 is finished, elapsed time = 4300ns 
Thread 91 is finished, elapsed time = 1529ns 
Thread 92 is finished, elapsed time = 1334ns 
Thread 93 is finished, elapsed time = 1490ns 
Thread 94 is finished, elapsed time = 5238ns 
Thread 95 is finished, elapsed time = 1467ns 
Thread 96 is finished, elapsed time = 1783ns 
Thread 97 is finished, elapsed time = 1477ns 
Thread 98 is finished, elapsed time = 5309ns 
Thread 99 is finished, elapsed time = 1543ns 
Thread 100 is finished, elapsed time = 1879ns 
Thread 101 is finished, elapsed time = 1536ns 
Thread 102 is finished, elapsed time = 5139ns 
Thread 103 is finished, elapsed time = 1494ns 
Thread 104 is finished, elapsed time = 1438ns 
Thread 105 is finished, elapsed time = 1486ns 
Thread 106 is finished, elapsed time = 3297ns 
Thread 107 is finished, elapsed time = 1530ns 
Thread 108 is finished, elapsed time = 1564ns 
Thread 109 is finished, elapsed time = 1519ns 
Thread 110 is finished, elapsed time = 4185ns 
Thread 111 is finished, elapsed time = 1541ns 
Thread 112 is finished, elapsed time = 1814ns 
Thread 113 is finished, elapsed time = 1572ns 
Thread 114 is finished, elapsed time = 5172ns 
Thread 115 is finished, elapsed time = 1514ns 
Thread 116 is finished, elapsed time = 1812ns 
Thread 117 is finished, elapsed time = 1590ns 
Thread 118 is finished, elapsed time = 4849ns 
Thread 119 is finished, elapsed time = 1461ns 
Thread 120 is finished, elapsed time = 1949ns 
Thread 121 is finished, elapsed time = 1621ns 
Thread 122 is finished, elapsed time = 4878ns 
Thread 123 is finished, elapsed time = 1552ns 
Thread 124 is finished, elapsed time = 1752ns 
Thread 125 is finished, elapsed time = 1666ns 
Thread 126 is finished, elapsed time = 4426ns 
Thread 127 is finished, elapsed time = 1574ns 
Thread 128 is finished, elapsed time = 1685ns 
Thread 129 is finished, elapsed time = 1447ns 
Thread 130 is finished, elapsed time = 5188ns 
Thread 131 is finished, elapsed time = 1533ns 
Thread 132 is finished, elapsed time = 1782ns 
Thread 133 is finished, elapsed time = 1525ns 
Thread 134 is finished, elapsed time = 4187ns 
Thread 135 is finished, elapsed time = 1457ns 
Thread 136 is finished, elapsed time = 1844ns 
Thread 137 is finished, elapsed time = 1525ns 
Thread 138 is finished, elapsed time = 5225ns 
Thread 139 is finished, elapsed time = 1558ns 
Thread 140 is finished, elapsed time = 1803ns 
Thread 141 is finished, elapsed time = 1621ns 
Thread 142 is finished, elapsed time = 4925ns 
Thread 143 is finished, elapsed time = 1483ns 
Thread 144 is finished, elapsed time = 1858ns 
Thread 145 is finished, elapsed time = 1498ns 
Thread 146 is finished, elapsed time = 3900ns 
Thread 147 is finished, elapsed time = 1522ns 
Thread 148 is finished, elapsed time = 1475ns 
Thread 149 is finished, elapsed time = 1461ns 
Thread 150 is finished, elapsed time = 4554ns 
Thread 151 is finished, elapsed time = 1584ns 
Thread 152 is finished, elapsed time = 1758ns 
Thread 153 is finished, elapsed time = 1621ns 
Thread 154 is finished, elapsed time = 4791ns 
Thread 155 is finished, elapsed time = 1544ns 
Thread 156 is finished, elapsed time = 1856ns 
Thread 157 is finished, elapsed time = 1551ns 
Thread 158 is finished, elapsed time = 5174ns 
Thread 159 is finished, elapsed time = 1400ns 
Thread 160 is finished, elapsed time = 1705ns 
Thread 161 is finished, elapsed time = 1457ns 
Thread 162 is finished, elapsed time = 5154ns 
Thread 163 is finished, elapsed time = 1513ns 
Thread 164 is finished, elapsed time = 1726ns 
Thread 165 is finished, elapsed time = 1579ns 
Thread 166 is finished, elapsed time = 5154ns 
Thread 167 is finished, elapsed time = 1461ns 
Thread 168 is finished, elapsed time = 1699ns 
Thread 169 is finished, elapsed time = 1422ns 
Thread 170 is finished, elapsed time = 4266ns 
Thread 171 is finished, elapsed time = 1576ns 
Thread 172 is finished, elapsed time = 1590ns 
Thread 173 is finished, elapsed time = 1441ns 
Thread 174 is finished, elapsed time = 3758ns 
Thread 175 is finished, elapsed time = 1482ns 
Thread 176 is finished, elapsed time = 1619ns 
Thread 177 is finished, elapsed time = 1476ns 
Thread 178 is finished, elapsed time = 5028ns 
Thread 179 is finished, elapsed time = 1467ns 
Thread 180 is finished, elapsed time = 1759ns 
Thread 181 is finished, elapsed time = 1400ns 
Thread 182 is finished, elapsed time = 4250ns 
Thread 183 is finished, elapsed time = 1469ns 
Thread 184 is finished, elapsed time = 1393ns 
Thread 185 is finished, elapsed time = 1451ns 
Thread 186 is finished, elapsed time = 3996ns 
Thread 187 is finished, elapsed time = 1436ns 
Thread 188 is finished, elapsed time = 1666ns 
Thread 189 is finished, elapsed time = 1578ns 
From comparison of non-palindromics and their reverses: 2634
Total elapsed time = 101ms 
8944
