Number of Dyck words is 14
Processing Dyck words, elapsed time = 15μs 
Dyck words use ~ 280.000000 bytes
Using 190 / 192 threads
Thread 0 is finished, elapsed time = 51μs 
Thread 1 is finished, elapsed time = 11μs 
Thread 2 is finished, elapsed time = 3485ns 
Thread 3 is finished, elapsed time = 2895ns 
Thread 4 is finished, elapsed time = 4795ns 
Thread 5 is finished, elapsed time = 2765ns 
Thread 6 is finished, elapsed time = 2886ns 
Thread 7 is finished, elapsed time = 2363ns 
Thread 8 is finished, elapsed time = 5092ns 
Thread 9 is finished, elapsed time = 2865ns 
Thread 10 is finished, elapsed time = 2336ns 
Thread 11 is finished, elapsed time = 2746ns 
Thread 12 is finished, elapsed time = 5064ns 
Thread 13 is finished, elapsed time = 2564ns 
Thread 14 is finished, elapsed time = 1994ns 
Thread 15 is finished, elapsed time = 2195ns 
Thread 16 is finished, elapsed time = 4262ns 
Thread 17 is finished, elapsed time = 2325ns 
Thread 18 is finished, elapsed time = 1987ns 
Thread 19 is finished, elapsed time = 1900ns 
Thread 20 is finished, elapsed time = 4961ns 
Thread 21 is finished, elapsed time = 2099ns 
Thread 22 is finished, elapsed time = 2125ns 
Thread 23 is finished, elapsed time = 2310ns 
Thread 24 is finished, elapsed time = 5489ns 
Thread 25 is finished, elapsed time = 2010ns 
Thread 26 is finished, elapsed time = 1947ns 
Thread 27 is finished, elapsed time = 1822ns 
Thread 28 is finished, elapsed time = 4703ns 
Thread 29 is finished, elapsed time = 2107ns 
Thread 30 is finished, elapsed time = 1997ns 
Thread 31 is finished, elapsed time = 1807ns 
Thread 32 is finished, elapsed time = 4383ns 
Thread 33 is finished, elapsed time = 1674ns 
Thread 34 is finished, elapsed time = 1895ns 
Thread 35 is finished, elapsed time = 1947ns 
Thread 36 is finished, elapsed time = 5781ns 
Thread 37 is finished, elapsed time = 1972ns 
Thread 38 is finished, elapsed time = 1705ns 
Thread 39 is finished, elapsed time = 1966ns 
Thread 40 is finished, elapsed time = 4652ns 
Thread 41 is finished, elapsed time = 1947ns 
Thread 42 is finished, elapsed time = 1830ns 
Thread 43 is finished, elapsed time = 1890ns 
Thread 44 is finished, elapsed time = 4679ns 
Thread 45 is finished, elapsed time = 10μs 
Thread 46 is finished, elapsed time = 1836ns 
Thread 47 is finished, elapsed time = 2371ns 
Thread 48 is finished, elapsed time = 5112ns 
Thread 49 is finished, elapsed time = 1723ns 
Thread 50 is finished, elapsed time = 2000ns 
Thread 51 is finished, elapsed time = 1849ns 
Thread 52 is finished, elapsed time = 5090ns 
Thread 53 is finished, elapsed time = 1920ns 
Thread 54 is finished, elapsed time = 1795ns 
Thread 55 is finished, elapsed time = 2027ns 
Thread 56 is finished, elapsed time = 4571ns 
Thread 57 is finished, elapsed time = 1988ns 
Thread 58 is finished, elapsed time = 1861ns 
Thread 59 is finished, elapsed time = 1791ns 
Thread 60 is finished, elapsed time = 4361ns 
Thread 61 is finished, elapsed time = 1912ns 
Thread 62 is finished, elapsed time = 1767ns 
Thread 63 is finished, elapsed time = 1907ns 
Thread 64 is finished, elapsed time = 4849ns 
Thread 65 is finished, elapsed time = 1756ns 
Thread 66 is finished, elapsed time = 2912ns 
Thread 67 is finished, elapsed time = 1443ns 
Thread 68 is finished, elapsed time = 13μs 
Thread 69 is finished, elapsed time = 1658ns 
Thread 70 is finished, elapsed time = 1477ns 
Thread 71 is finished, elapsed time = 1498ns 
Thread 72 is finished, elapsed time = 5730ns 
Thread 73 is finished, elapsed time = 1633ns 
Thread 74 is finished, elapsed time = 1544ns 
Thread 75 is finished, elapsed time = 2018ns 
Thread 76 is finished, elapsed time = 4060ns 
Thread 77 is finished, elapsed time = 2571ns 
Thread 78 is finished, elapsed time = 1562ns 
Thread 79 is finished, elapsed time = 2025ns 
Thread 80 is finished, elapsed time = 4056ns 
Thread 81 is finished, elapsed time = 2539ns 
Thread 82 is finished, elapsed time = 1543ns 
Thread 83 is finished, elapsed time = 1879ns 
Thread 84 is finished, elapsed time = 3947ns 
Thread 85 is finished, elapsed time = 1980ns 
Thread 86 is finished, elapsed time = 1678ns 
Thread 87 is finished, elapsed time = 1966ns 
Thread 88 is finished, elapsed time = 16μs 
Thread 89 is finished, elapsed time = 2072ns 
Thread 90 is finished, elapsed time = 1550ns 
Thread 91 is finished, elapsed time = 2092ns 
Thread 92 is finished, elapsed time = 4469ns 
Thread 93 is finished, elapsed time = 1957ns 
Thread 94 is finished, elapsed time = 1644ns 
Thread 95 is finished, elapsed time = 1924ns 
Thread 96 is finished, elapsed time = 4196ns 
Thread 97 is finished, elapsed time = 1974ns 
Thread 98 is finished, elapsed time = 1553ns 
Thread 99 is finished, elapsed time = 1881ns 
Thread 100 is finished, elapsed time = 4319ns 
Thread 101 is finished, elapsed time = 1944ns 
Thread 102 is finished, elapsed time = 1676ns 
Thread 103 is finished, elapsed time = 1977ns 
Thread 104 is finished, elapsed time = 4189ns 
Thread 105 is finished, elapsed time = 1526ns 
Thread 106 is finished, elapsed time = 1496ns 
Thread 107 is finished, elapsed time = 2041ns 
Thread 108 is finished, elapsed time = 4379ns 
Thread 109 is finished, elapsed time = 1890ns 
Thread 110 is finished, elapsed time = 1626ns 
Thread 111 is finished, elapsed time = 1967ns 
Thread 112 is finished, elapsed time = 4281ns 
Thread 113 is finished, elapsed time = 2043ns 
Thread 114 is finished, elapsed time = 1640ns 
Thread 115 is finished, elapsed time = 2168ns 
Thread 116 is finished, elapsed time = 6381ns 
Thread 117 is finished, elapsed time = 1716ns 
Thread 118 is finished, elapsed time = 2435ns 
Thread 119 is finished, elapsed time = 1695ns 
Thread 120 is finished, elapsed time = 4799ns 
Thread 121 is finished, elapsed time = 1640ns 
Thread 122 is finished, elapsed time = 1873ns 
Thread 123 is finished, elapsed time = 1670ns 
Thread 124 is finished, elapsed time = 4934ns 
Thread 125 is finished, elapsed time = 1633ns 
Thread 126 is finished, elapsed time = 1949ns 
Thread 127 is finished, elapsed time = 1690ns 
Thread 128 is finished, elapsed time = 5185ns 
Thread 129 is finished, elapsed time = 1614ns 
Thread 130 is finished, elapsed time = 1881ns 
Thread 131 is finished, elapsed time = 1738ns 
Thread 132 is finished, elapsed time = 4631ns 
Thread 133 is finished, elapsed time = 1617ns 
Thread 134 is finished, elapsed time = 1920ns 
Thread 135 is finished, elapsed time = 1696ns 
Thread 136 is finished, elapsed time = 4944ns 
Thread 137 is finished, elapsed time = 1707ns 
Thread 138 is finished, elapsed time = 1653ns 
Thread 139 is finished, elapsed time = 2953ns 
Thread 140 is finished, elapsed time = 5627ns 
Thread 141 is finished, elapsed time = 1820ns 
Thread 142 is finished, elapsed time = 2009ns 
Thread 143 is finished, elapsed time = 1693ns 
Thread 144 is finished, elapsed time = 4752ns 
Thread 145 is finished, elapsed time = 1601ns 
Thread 146 is finished, elapsed time = 1639ns 
Thread 147 is finished, elapsed time = 1652ns 
Thread 148 is finished, elapsed time = 6217ns 
Thread 149 is finished, elapsed time = 1606ns 
Thread 150 is finished, elapsed time = 1568ns 
Thread 151 is finished, elapsed time = 1872ns 
Thread 152 is finished, elapsed time = 4510ns 
Thread 153 is finished, elapsed time = 1847ns 
Thread 154 is finished, elapsed time = 1668ns 
Thread 155 is finished, elapsed time = 1582ns 
Thread 156 is finished, elapsed time = 4559ns 
Thread 157 is finished, elapsed time = 1898ns 
Thread 158 is finished, elapsed time = 1719ns 
Thread 159 is finished, elapsed time = 1805ns 
Thread 160 is finished, elapsed time = 3822ns 
Thread 161 is finished, elapsed time = 1830ns 
Thread 162 is finished, elapsed time = 1658ns 
Thread 163 is finished, elapsed time = 1916ns 
Thread 164 is finished, elapsed time = 4520ns 
Thread 165 is finished, elapsed time = 1968ns 
Thread 166 is finished, elapsed time = 1863ns 
Thread 167 is finished, elapsed time = 1975ns 
Thread 168 is finished, elapsed time = 4096ns 
Thread 169 is finished, elapsed time = 1934ns 
Thread 170 is finished, elapsed time = 1633ns 
Thread 171 is finished, elapsed time = 2062ns 
Thread 172 is finished, elapsed time = 3877ns 
Thread 173 is finished, elapsed time = 1537ns 
Thread 174 is finished, elapsed time = 1973ns 
Thread 175 is finished, elapsed time = 1826ns 
Thread 176 is finished, elapsed time = 3619ns 
Thread 177 is finished, elapsed time = 1946ns 
Thread 178 is finished, elapsed time = 1711ns 
Thread 179 is finished, elapsed time = 2049ns 
Thread 180 is finished, elapsed time = 4080ns 
Thread 181 is finished, elapsed time = 2061ns 
Thread 182 is finished, elapsed time = 1656ns 
Thread 183 is finished, elapsed time = 2088ns 
Thread 184 is finished, elapsed time = 3852ns 
Thread 185 is finished, elapsed time = 2025ns 
Thread 186 is finished, elapsed time = 1719ns 
Thread 187 is finished, elapsed time = 1867ns 
Thread 188 is finished, elapsed time = 3928ns 
Thread 189 is finished, elapsed time = 1830ns 
Total elapsed time = 33ms 
311
