Number of Dyck words is 14
Processing Dyck words, elapsed time = 72μs 
Dyck words use ~ 252.000000 bytes
Using 190 / 192 threads
Number of palindromic Dyck words is 6
Number of non-palindromic Dyck words is 4
Thread 0 has load 5
Thread 1 has load 4
Thread 2 has load 3
Thread 3 has load 2
Thread 4 has load 1
Thread 5 has load 0
Thread 6 has load 0
Thread 0 is finished, elapsed time = 12μs 
Thread 1 is finished, elapsed time = 6664ns 
Thread 2 is finished, elapsed time = 2400ns 
Thread 3 is finished, elapsed time = 2354ns 
Thread 4 is finished, elapsed time = 4717ns 
Thread 5 is finished, elapsed time = 2066ns 
Thread 6 is finished, elapsed time = 1992ns 
Thread 7 is finished, elapsed time = 2010ns 
Thread 8 is finished, elapsed time = 6160ns 
Thread 9 is finished, elapsed time = 1926ns 
Thread 10 is finished, elapsed time = 1924ns 
Thread 11 is finished, elapsed time = 1828ns 
Thread 12 is finished, elapsed time = 4836ns 
Thread 13 is finished, elapsed time = 1824ns 
Thread 14 is finished, elapsed time = 1772ns 
Thread 15 is finished, elapsed time = 1857ns 
Thread 16 is finished, elapsed time = 6039ns 
Thread 17 is finished, elapsed time = 1758ns 
Thread 18 is finished, elapsed time = 1795ns 
Thread 19 is finished, elapsed time = 1504ns 
Thread 20 is finished, elapsed time = 5330ns 
Thread 21 is finished, elapsed time = 1843ns 
Thread 22 is finished, elapsed time = 1822ns 
Thread 23 is finished, elapsed time = 8323ns 
Thread 24 is finished, elapsed time = 8562ns 
Thread 25 is finished, elapsed time = 1746ns 
Thread 26 is finished, elapsed time = 1805ns 
Thread 27 is finished, elapsed time = 1839ns 
Thread 28 is finished, elapsed time = 4414ns 
Thread 29 is finished, elapsed time = 2182ns 
Thread 30 is finished, elapsed time = 1750ns 
Thread 31 is finished, elapsed time = 1786ns 
Thread 32 is finished, elapsed time = 4563ns 
Thread 33 is finished, elapsed time = 1836ns 
Thread 34 is finished, elapsed time = 1713ns 
Thread 35 is finished, elapsed time = 1642ns 
Thread 36 is finished, elapsed time = 5775ns 
Thread 37 is finished, elapsed time = 1582ns 
Thread 38 is finished, elapsed time = 1745ns 
Thread 39 is finished, elapsed time = 1769ns 
Thread 40 is finished, elapsed time = 6017ns 
Thread 41 is finished, elapsed time = 1600ns 
Thread 42 is finished, elapsed time = 1642ns 
Thread 43 is finished, elapsed time = 1782ns 
Thread 44 is finished, elapsed time = 5961ns 
Thread 45 is finished, elapsed time = 1874ns 
Thread 46 is finished, elapsed time = 1647ns 
Thread 47 is finished, elapsed time = 1664ns 
Thread 48 is finished, elapsed time = 4517ns 
Thread 49 is finished, elapsed time = 1670ns 
Thread 50 is finished, elapsed time = 2260ns 
Thread 51 is finished, elapsed time = 1762ns 
Thread 52 is finished, elapsed time = 4657ns 
Thread 53 is finished, elapsed time = 1810ns 
Thread 54 is finished, elapsed time = 1834ns 
Thread 55 is finished, elapsed time = 1676ns 
Thread 56 is finished, elapsed time = 5146ns 
Thread 57 is finished, elapsed time = 1886ns 
Thread 58 is finished, elapsed time = 1848ns 
Thread 59 is finished, elapsed time = 1717ns 
Thread 60 is finished, elapsed time = 4957ns 
Thread 61 is finished, elapsed time = 1746ns 
Thread 62 is finished, elapsed time = 1738ns 
Thread 63 is finished, elapsed time = 1834ns 
Thread 64 is finished, elapsed time = 4529ns 
Thread 65 is finished, elapsed time = 1777ns 
Thread 66 is finished, elapsed time = 1730ns 
Thread 67 is finished, elapsed time = 1725ns 
Thread 68 is finished, elapsed time = 7090ns 
Thread 69 is finished, elapsed time = 1543ns 
Thread 70 is finished, elapsed time = 1783ns 
Thread 71 is finished, elapsed time = 1676ns 
Thread 72 is finished, elapsed time = 4248ns 
Thread 73 is finished, elapsed time = 1543ns 
Thread 74 is finished, elapsed time = 1657ns 
Thread 75 is finished, elapsed time = 1564ns 
Thread 76 is finished, elapsed time = 5754ns 
Thread 77 is finished, elapsed time = 1678ns 
Thread 78 is finished, elapsed time = 1988ns 
Thread 79 is finished, elapsed time = 5396ns 
Thread 80 is finished, elapsed time = 4172ns 
Thread 81 is finished, elapsed time = 1867ns 
Thread 82 is finished, elapsed time = 1860ns 
Thread 83 is finished, elapsed time = 1750ns 
Thread 84 is finished, elapsed time = 4000ns 
Thread 85 is finished, elapsed time = 1754ns 
Thread 86 is finished, elapsed time = 1723ns 
Thread 87 is finished, elapsed time = 1633ns 
Thread 88 is finished, elapsed time = 4602ns 
Thread 89 is finished, elapsed time = 1647ns 
Thread 90 is finished, elapsed time = 1785ns 
Thread 91 is finished, elapsed time = 1891ns 
Thread 92 is finished, elapsed time = 6062ns 
Thread 93 is finished, elapsed time = 1713ns 
Thread 94 is finished, elapsed time = 2140ns 
Thread 95 is finished, elapsed time = 1721ns 
Thread 96 is finished, elapsed time = 4413ns 
Thread 97 is finished, elapsed time = 2152ns 
Thread 98 is finished, elapsed time = 1808ns 
Thread 99 is finished, elapsed time = 3272ns 
Thread 100 is finished, elapsed time = 7152ns 
Thread 101 is finished, elapsed time = 1939ns 
Thread 102 is finished, elapsed time = 1893ns 
Thread 103 is finished, elapsed time = 1922ns 
Thread 104 is finished, elapsed time = 4938ns 
Thread 105 is finished, elapsed time = 2000ns 
Thread 106 is finished, elapsed time = 1855ns 
Thread 107 is finished, elapsed time = 1611ns 
Thread 108 is finished, elapsed time = 5131ns 
Thread 109 is finished, elapsed time = 1926ns 
Thread 110 is finished, elapsed time = 1888ns 
Thread 111 is finished, elapsed time = 1863ns 
Thread 112 is finished, elapsed time = 4128ns 
Thread 113 is finished, elapsed time = 1861ns 
Thread 114 is finished, elapsed time = 1872ns 
Thread 115 is finished, elapsed time = 1774ns 
Thread 116 is finished, elapsed time = 4664ns 
Thread 117 is finished, elapsed time = 1721ns 
Thread 118 is finished, elapsed time = 1742ns 
Thread 119 is finished, elapsed time = 4378ns 
Thread 120 is finished, elapsed time = 5566ns 
Thread 121 is finished, elapsed time = 1877ns 
Thread 122 is finished, elapsed time = 1699ns 
Thread 123 is finished, elapsed time = 1764ns 
Thread 124 is finished, elapsed time = 3631ns 
Thread 125 is finished, elapsed time = 1994ns 
Thread 126 is finished, elapsed time = 4695ns 
Thread 127 is finished, elapsed time = 1780ns 
Thread 128 is finished, elapsed time = 4721ns 
Thread 129 is finished, elapsed time = 2527ns 
Thread 130 is finished, elapsed time = 1981ns 
Thread 131 is finished, elapsed time = 1774ns 
Thread 132 is finished, elapsed time = 4137ns 
Thread 133 is finished, elapsed time = 1941ns 
Thread 134 is finished, elapsed time = 1856ns 
Thread 135 is finished, elapsed time = 1865ns 
Thread 136 is finished, elapsed time = 4324ns 
Thread 137 is finished, elapsed time = 1748ns 
Thread 138 is finished, elapsed time = 1822ns 
Thread 139 is finished, elapsed time = 1780ns 
Thread 140 is finished, elapsed time = 5520ns 
Thread 141 is finished, elapsed time = 1864ns 
Thread 142 is finished, elapsed time = 1750ns 
Thread 143 is finished, elapsed time = 1797ns 
Thread 144 is finished, elapsed time = 5334ns 
Thread 145 is finished, elapsed time = 1623ns 
Thread 146 is finished, elapsed time = 1765ns 
Thread 147 is finished, elapsed time = 1797ns 
Thread 148 is finished, elapsed time = 5006ns 
Thread 149 is finished, elapsed time = 1841ns 
Thread 150 is finished, elapsed time = 1862ns 
Thread 151 is finished, elapsed time = 1677ns 
Thread 152 is finished, elapsed time = 3910ns 
Thread 153 is finished, elapsed time = 1717ns 
Thread 154 is finished, elapsed time = 1738ns 
Thread 155 is finished, elapsed time = 1734ns 
Thread 156 is finished, elapsed time = 3809ns 
Thread 157 is finished, elapsed time = 1748ns 
Thread 158 is finished, elapsed time = 1754ns 
Thread 159 is finished, elapsed time = 1764ns 
Thread 160 is finished, elapsed time = 4565ns 
Thread 161 is finished, elapsed time = 1639ns 
Thread 162 is finished, elapsed time = 1852ns 
Thread 163 is finished, elapsed time = 1840ns 
Thread 164 is finished, elapsed time = 4891ns 
Thread 165 is finished, elapsed time = 1660ns 
Thread 166 is finished, elapsed time = 1820ns 
Thread 167 is finished, elapsed time = 1808ns 
Thread 168 is finished, elapsed time = 5225ns 
Thread 169 is finished, elapsed time = 1743ns 
Thread 170 is finished, elapsed time = 1766ns 
Thread 171 is finished, elapsed time = 1781ns 
Thread 172 is finished, elapsed time = 4451ns 
Thread 173 is finished, elapsed time = 1873ns 
Thread 174 is finished, elapsed time = 1691ns 
Thread 175 is finished, elapsed time = 1741ns 
Thread 176 is finished, elapsed time = 4537ns 
Thread 177 is finished, elapsed time = 1776ns 
Thread 178 is finished, elapsed time = 1724ns 
Thread 179 is finished, elapsed time = 1713ns 
Thread 180 is finished, elapsed time = 5078ns 
Thread 181 is finished, elapsed time = 1815ns 
Thread 182 is finished, elapsed time = 1810ns 
Thread 183 is finished, elapsed time = 1795ns 
Thread 184 is finished, elapsed time = 4793ns 
Thread 185 is finished, elapsed time = 1819ns 
Thread 186 is finished, elapsed time = 1767ns 
Thread 187 is finished, elapsed time = 1824ns 
Thread 188 is finished, elapsed time = 5504ns 
Thread 189 is finished, elapsed time = 1789ns 
From comparison of palindromic and palindromic: 162
Thread 0 has load 3
Thread 1 has load 2
Thread 2 has load 1
Thread 3 has load 0
Thread 4 has load 0
Thread 0 is finished, elapsed time = 1930ns 
Thread 1 is finished, elapsed time = 2172ns 
Thread 2 is finished, elapsed time = 4063ns 
Thread 3 is finished, elapsed time = 1905ns 
Thread 4 is finished, elapsed time = 1879ns 
Thread 5 is finished, elapsed time = 1810ns 
Thread 6 is finished, elapsed time = 4070ns 
Thread 7 is finished, elapsed time = 1772ns 
Thread 8 is finished, elapsed time = 1926ns 
Thread 9 is finished, elapsed time = 1820ns 
Thread 10 is finished, elapsed time = 4574ns 
Thread 11 is finished, elapsed time = 1889ns 
Thread 12 is finished, elapsed time = 1897ns 
Thread 13 is finished, elapsed time = 1803ns 
Thread 14 is finished, elapsed time = 4031ns 
Thread 15 is finished, elapsed time = 1765ns 
Thread 16 is finished, elapsed time = 1779ns 
Thread 17 is finished, elapsed time = 1777ns 
Thread 18 is finished, elapsed time = 5156ns 
Thread 19 is finished, elapsed time = 1586ns 
Thread 20 is finished, elapsed time = 1724ns 
Thread 21 is finished, elapsed time = 1678ns 
Thread 22 is finished, elapsed time = 4222ns 
Thread 23 is finished, elapsed time = 1759ns 
Thread 24 is finished, elapsed time = 1641ns 
Thread 25 is finished, elapsed time = 1810ns 
Thread 26 is finished, elapsed time = 4111ns 
Thread 27 is finished, elapsed time = 1687ns 
Thread 28 is finished, elapsed time = 1680ns 
Thread 29 is finished, elapsed time = 1808ns 
Thread 30 is finished, elapsed time = 7332ns 
Thread 31 is finished, elapsed time = 1873ns 
Thread 32 is finished, elapsed time = 1795ns 
Thread 33 is finished, elapsed time = 1760ns 
Thread 34 is finished, elapsed time = 4897ns 
Thread 35 is finished, elapsed time = 1680ns 
Thread 36 is finished, elapsed time = 1782ns 
Thread 37 is finished, elapsed time = 1731ns 
Thread 38 is finished, elapsed time = 5057ns 
Thread 39 is finished, elapsed time = 1847ns 
Thread 40 is finished, elapsed time = 1625ns 
Thread 41 is finished, elapsed time = 1875ns 
Thread 42 is finished, elapsed time = 4360ns 
Thread 43 is finished, elapsed time = 1983ns 
Thread 44 is finished, elapsed time = 1763ns 
Thread 45 is finished, elapsed time = 1899ns 
Thread 46 is finished, elapsed time = 4660ns 
Thread 47 is finished, elapsed time = 1705ns 
Thread 48 is finished, elapsed time = 1656ns 
Thread 49 is finished, elapsed time = 1707ns 
Thread 50 is finished, elapsed time = 4625ns 
Thread 51 is finished, elapsed time = 1738ns 
Thread 52 is finished, elapsed time = 1751ns 
Thread 53 is finished, elapsed time = 1727ns 
Thread 54 is finished, elapsed time = 4982ns 
Thread 55 is finished, elapsed time = 1781ns 
Thread 56 is finished, elapsed time = 2144ns 
Thread 57 is finished, elapsed time = 1814ns 
Thread 58 is finished, elapsed time = 5234ns 
Thread 59 is finished, elapsed time = 1639ns 
Thread 60 is finished, elapsed time = 1658ns 
Thread 61 is finished, elapsed time = 1727ns 
Thread 62 is finished, elapsed time = 5405ns 
Thread 63 is finished, elapsed time = 1674ns 
Thread 64 is finished, elapsed time = 1955ns 
Thread 65 is finished, elapsed time = 1830ns 
Thread 66 is finished, elapsed time = 5195ns 
Thread 67 is finished, elapsed time = 1826ns 
Thread 68 is finished, elapsed time = 1771ns 
Thread 69 is finished, elapsed time = 1699ns 
Thread 70 is finished, elapsed time = 4532ns 
Thread 71 is finished, elapsed time = 1678ns 
Thread 72 is finished, elapsed time = 1732ns 
Thread 73 is finished, elapsed time = 1760ns 
Thread 74 is finished, elapsed time = 4362ns 
Thread 75 is finished, elapsed time = 1861ns 
Thread 76 is finished, elapsed time = 1782ns 
Thread 77 is finished, elapsed time = 1722ns 
Thread 78 is finished, elapsed time = 6119ns 
Thread 79 is finished, elapsed time = 1801ns 
Thread 80 is finished, elapsed time = 1795ns 
Thread 81 is finished, elapsed time = 1631ns 
Thread 82 is finished, elapsed time = 4213ns 
Thread 83 is finished, elapsed time = 1822ns 
Thread 84 is finished, elapsed time = 1703ns 
Thread 85 is finished, elapsed time = 1654ns 
Thread 86 is finished, elapsed time = 4885ns 
Thread 87 is finished, elapsed time = 1795ns 
Thread 88 is finished, elapsed time = 1674ns 
Thread 89 is finished, elapsed time = 1652ns 
Thread 90 is finished, elapsed time = 4348ns 
Thread 91 is finished, elapsed time = 1639ns 
Thread 92 is finished, elapsed time = 1611ns 
Thread 93 is finished, elapsed time = 1580ns 
Thread 94 is finished, elapsed time = 3965ns 
Thread 95 is finished, elapsed time = 1726ns 
Thread 96 is finished, elapsed time = 1748ns 
Thread 97 is finished, elapsed time = 1754ns 
Thread 98 is finished, elapsed time = 4151ns 
Thread 99 is finished, elapsed time = 2030ns 
Thread 100 is finished, elapsed time = 1770ns 
Thread 101 is finished, elapsed time = 1800ns 
Thread 102 is finished, elapsed time = 4959ns 
Thread 103 is finished, elapsed time = 1786ns 
Thread 104 is finished, elapsed time = 1712ns 
Thread 105 is finished, elapsed time = 1836ns 
Thread 106 is finished, elapsed time = 4777ns 
Thread 107 is finished, elapsed time = 1681ns 
Thread 108 is finished, elapsed time = 1866ns 
Thread 109 is finished, elapsed time = 1718ns 
Thread 110 is finished, elapsed time = 4790ns 
Thread 111 is finished, elapsed time = 1711ns 
Thread 112 is finished, elapsed time = 1542ns 
Thread 113 is finished, elapsed time = 1715ns 
Thread 114 is finished, elapsed time = 5096ns 
Thread 115 is finished, elapsed time = 1734ns 
Thread 116 is finished, elapsed time = 1728ns 
Thread 117 is finished, elapsed time = 1717ns 
Thread 118 is finished, elapsed time = 5078ns 
Thread 119 is finished, elapsed time = 1722ns 
Thread 120 is finished, elapsed time = 1769ns 
Thread 121 is finished, elapsed time = 1711ns 
Thread 122 is finished, elapsed time = 5203ns 
Thread 123 is finished, elapsed time = 1762ns 
Thread 124 is finished, elapsed time = 1799ns 
Thread 125 is finished, elapsed time = 1816ns 
Thread 126 is finished, elapsed time = 4859ns 
Thread 127 is finished, elapsed time = 1760ns 
Thread 128 is finished, elapsed time = 1961ns 
Thread 129 is finished, elapsed time = 1991ns 
Thread 130 is finished, elapsed time = 4078ns 
Thread 131 is finished, elapsed time = 1786ns 
Thread 132 is finished, elapsed time = 1873ns 
Thread 133 is finished, elapsed time = 3098ns 
Thread 134 is finished, elapsed time = 4389ns 
Thread 135 is finished, elapsed time = 1781ns 
Thread 136 is finished, elapsed time = 83μs 
Thread 137 is finished, elapsed time = 1640ns 
Thread 138 is finished, elapsed time = 8816ns 
Thread 139 is finished, elapsed time = 2248ns 
Thread 140 is finished, elapsed time = 1799ns 
Thread 141 is finished, elapsed time = 1832ns 
Thread 142 is finished, elapsed time = 4539ns 
Thread 143 is finished, elapsed time = 1860ns 
Thread 144 is finished, elapsed time = 1744ns 
Thread 145 is finished, elapsed time = 1848ns 
Thread 146 is finished, elapsed time = 3776ns 
Thread 147 is finished, elapsed time = 1779ns 
Thread 148 is finished, elapsed time = 1634ns 
Thread 149 is finished, elapsed time = 1578ns 
Thread 150 is finished, elapsed time = 5155ns 
Thread 151 is finished, elapsed time = 1729ns 
Thread 152 is finished, elapsed time = 1778ns 
Thread 153 is finished, elapsed time = 1742ns 
Thread 154 is finished, elapsed time = 6594ns 
Thread 155 is finished, elapsed time = 1768ns 
Thread 156 is finished, elapsed time = 1765ns 
Thread 157 is finished, elapsed time = 1689ns 
Thread 158 is finished, elapsed time = 3787ns 
Thread 159 is finished, elapsed time = 1760ns 
Thread 160 is finished, elapsed time = 2135ns 
Thread 161 is finished, elapsed time = 1672ns 
Thread 162 is finished, elapsed time = 8705ns 
Thread 163 is finished, elapsed time = 1752ns 
Thread 164 is finished, elapsed time = 1729ns 
Thread 165 is finished, elapsed time = 1698ns 
Thread 166 is finished, elapsed time = 4533ns 
Thread 167 is finished, elapsed time = 1689ns 
Thread 168 is finished, elapsed time = 2074ns 
Thread 169 is finished, elapsed time = 1736ns 
Thread 170 is finished, elapsed time = 3633ns 
Thread 171 is finished, elapsed time = 1679ns 
Thread 172 is finished, elapsed time = 1727ns 
Thread 173 is finished, elapsed time = 1719ns 
Thread 174 is finished, elapsed time = 5315ns 
Thread 175 is finished, elapsed time = 1658ns 
Thread 176 is finished, elapsed time = 1711ns 
Thread 177 is finished, elapsed time = 1742ns 
Thread 178 is finished, elapsed time = 4513ns 
Thread 179 is finished, elapsed time = 1971ns 
Thread 180 is finished, elapsed time = 1638ns 
Thread 181 is finished, elapsed time = 1871ns 
Thread 182 is finished, elapsed time = 4039ns 
Thread 183 is finished, elapsed time = 1670ns 
Thread 184 is finished, elapsed time = 1601ns 
Thread 185 is finished, elapsed time = 1713ns 
Thread 186 is finished, elapsed time = 5074ns 
Thread 187 is finished, elapsed time = 1664ns 
Thread 188 is finished, elapsed time = 1771ns 
Thread 189 is finished, elapsed time = 1670ns 
From comparison of non-palindromic and non-palindromic: 140
Thread 0 has load 4
Thread 1 has load 4
Thread 2 has load 4
Thread 3 has load 4
Thread 4 has load 4
Thread 5 has load 4
Thread 6 has load 0
Thread 0 is finished, elapsed time = 3793ns 
Thread 1 is finished, elapsed time = 2141ns 
Thread 2 is finished, elapsed time = 1968ns 
Thread 3 is finished, elapsed time = 1910ns 
Thread 4 is finished, elapsed time = 4170ns 
Thread 5 is finished, elapsed time = 1977ns 
Thread 6 is finished, elapsed time = 1871ns 
Thread 7 is finished, elapsed time = 1765ns 
Thread 8 is finished, elapsed time = 3887ns 
Thread 9 is finished, elapsed time = 1687ns 
Thread 10 is finished, elapsed time = 1754ns 
Thread 11 is finished, elapsed time = 1713ns 
Thread 12 is finished, elapsed time = 4267ns 
Thread 13 is finished, elapsed time = 1660ns 
Thread 14 is finished, elapsed time = 1607ns 
Thread 15 is finished, elapsed time = 1679ns 
Thread 16 is finished, elapsed time = 5635ns 
Thread 17 is finished, elapsed time = 1997ns 
Thread 18 is finished, elapsed time = 1603ns 
Thread 19 is finished, elapsed time = 1752ns 
Thread 20 is finished, elapsed time = 4942ns 
Thread 21 is finished, elapsed time = 1647ns 
Thread 22 is finished, elapsed time = 1907ns 
Thread 23 is finished, elapsed time = 4309ns 
Thread 24 is finished, elapsed time = 4748ns 
Thread 25 is finished, elapsed time = 1998ns 
Thread 26 is finished, elapsed time = 1414ns 
Thread 27 is finished, elapsed time = 2086ns 
Thread 28 is finished, elapsed time = 5246ns 
Thread 29 is finished, elapsed time = 1656ns 
Thread 30 is finished, elapsed time = 1766ns 
Thread 31 is finished, elapsed time = 1596ns 
Thread 32 is finished, elapsed time = 4723ns 
Thread 33 is finished, elapsed time = 1918ns 
Thread 34 is finished, elapsed time = 1645ns 
Thread 35 is finished, elapsed time = 1686ns 
Thread 36 is finished, elapsed time = 4758ns 
Thread 37 is finished, elapsed time = 2049ns 
Thread 38 is finished, elapsed time = 1615ns 
Thread 39 is finished, elapsed time = 1571ns 
Thread 40 is finished, elapsed time = 3957ns 
Thread 41 is finished, elapsed time = 1703ns 
Thread 42 is finished, elapsed time = 1606ns 
Thread 43 is finished, elapsed time = 1723ns 
Thread 44 is finished, elapsed time = 4578ns 
Thread 45 is finished, elapsed time = 1598ns 
Thread 46 is finished, elapsed time = 2184ns 
Thread 47 is finished, elapsed time = 1612ns 
Thread 48 is finished, elapsed time = 7213ns 
Thread 49 is finished, elapsed time = 1650ns 
Thread 50 is finished, elapsed time = 1727ns 
Thread 51 is finished, elapsed time = 1881ns 
Thread 52 is finished, elapsed time = 6603ns 
Thread 53 is finished, elapsed time = 1591ns 
Thread 54 is finished, elapsed time = 1850ns 
Thread 55 is finished, elapsed time = 3777ns 
Thread 56 is finished, elapsed time = 4371ns 
Thread 57 is finished, elapsed time = 2148ns 
Thread 58 is finished, elapsed time = 1672ns 
Thread 59 is finished, elapsed time = 1767ns 
Thread 60 is finished, elapsed time = 5660ns 
Thread 61 is finished, elapsed time = 1647ns 
Thread 62 is finished, elapsed time = 1711ns 
Thread 63 is finished, elapsed time = 1623ns 
Thread 64 is finished, elapsed time = 4287ns 
Thread 65 is finished, elapsed time = 1607ns 
Thread 66 is finished, elapsed time = 1682ns 
Thread 67 is finished, elapsed time = 1654ns 
Thread 68 is finished, elapsed time = 6127ns 
Thread 69 is finished, elapsed time = 1658ns 
Thread 70 is finished, elapsed time = 1608ns 
Thread 71 is finished, elapsed time = 1609ns 
Thread 72 is finished, elapsed time = 4736ns 
Thread 73 is finished, elapsed time = 1666ns 
Thread 74 is finished, elapsed time = 2341ns 
Thread 75 is finished, elapsed time = 1847ns 
Thread 76 is finished, elapsed time = 6774ns 
Thread 77 is finished, elapsed time = 1707ns 
Thread 78 is finished, elapsed time = 1550ns 
Thread 79 is finished, elapsed time = 1770ns 
Thread 80 is finished, elapsed time = 4666ns 
Thread 81 is finished, elapsed time = 1670ns 
Thread 82 is finished, elapsed time = 1797ns 
Thread 83 is finished, elapsed time = 1671ns 
Thread 84 is finished, elapsed time = 6209ns 
Thread 85 is finished, elapsed time = 3554ns 
Thread 86 is finished, elapsed time = 2001ns 
Thread 87 is finished, elapsed time = 1629ns 
Thread 88 is finished, elapsed time = 5500ns 
Thread 89 is finished, elapsed time = 1623ns 
Thread 90 is finished, elapsed time = 1638ns 
Thread 91 is finished, elapsed time = 1920ns 
Thread 92 is finished, elapsed time = 4011ns 
Thread 93 is finished, elapsed time = 1503ns 
Thread 94 is finished, elapsed time = 1781ns 
Thread 95 is finished, elapsed time = 1613ns 
Thread 96 is finished, elapsed time = 4830ns 
Thread 97 is finished, elapsed time = 1580ns 
Thread 98 is finished, elapsed time = 1557ns 
Thread 99 is finished, elapsed time = 1502ns 
Thread 100 is finished, elapsed time = 6966ns 
Thread 101 is finished, elapsed time = 1795ns 
Thread 102 is finished, elapsed time = 1767ns 
Thread 103 is finished, elapsed time = 1672ns 
Thread 104 is finished, elapsed time = 4158ns 
Thread 105 is finished, elapsed time = 1686ns 
Thread 106 is finished, elapsed time = 1803ns 
Thread 107 is finished, elapsed time = 1699ns 
Thread 108 is finished, elapsed time = 4430ns 
Thread 109 is finished, elapsed time = 2234ns 
Thread 110 is finished, elapsed time = 1693ns 
Thread 111 is finished, elapsed time = 1594ns 
Thread 112 is finished, elapsed time = 5506ns 
Thread 113 is finished, elapsed time = 1664ns 
Thread 114 is finished, elapsed time = 1649ns 
Thread 115 is finished, elapsed time = 1684ns 
Thread 116 is finished, elapsed time = 7041ns 
Thread 117 is finished, elapsed time = 1729ns 
Thread 118 is finished, elapsed time = 1690ns 
Thread 119 is finished, elapsed time = 1668ns 
Thread 120 is finished, elapsed time = 4582ns 
Thread 121 is finished, elapsed time = 1769ns 
Thread 122 is finished, elapsed time = 1662ns 
Thread 123 is finished, elapsed time = 1650ns 
Thread 124 is finished, elapsed time = 4600ns 
Thread 125 is finished, elapsed time = 2043ns 
Thread 126 is finished, elapsed time = 1713ns 
Thread 127 is finished, elapsed time = 2416ns 
Thread 128 is finished, elapsed time = 6901ns 
Thread 129 is finished, elapsed time = 1645ns 
Thread 130 is finished, elapsed time = 1727ns 
Thread 131 is finished, elapsed time = 2045ns 
Thread 132 is finished, elapsed time = 4969ns 
Thread 133 is finished, elapsed time = 1654ns 
Thread 134 is finished, elapsed time = 1596ns 
Thread 135 is finished, elapsed time = 1605ns 
Thread 136 is finished, elapsed time = 5053ns 
Thread 137 is finished, elapsed time = 1732ns 
Thread 138 is finished, elapsed time = 2158ns 
Thread 139 is finished, elapsed time = 1678ns 
Thread 140 is finished, elapsed time = 5713ns 
Thread 141 is finished, elapsed time = 1528ns 
Thread 142 is finished, elapsed time = 1791ns 
Thread 143 is finished, elapsed time = 1745ns 
Thread 144 is finished, elapsed time = 3793ns 
Thread 145 is finished, elapsed time = 1627ns 
Thread 146 is finished, elapsed time = 3029ns 
Thread 147 is finished, elapsed time = 1834ns 
Thread 148 is finished, elapsed time = 4030ns 
Thread 149 is finished, elapsed time = 1650ns 
Thread 150 is finished, elapsed time = 1691ns 
Thread 151 is finished, elapsed time = 1656ns 
Thread 152 is finished, elapsed time = 4129ns 
Thread 153 is finished, elapsed time = 1776ns 
Thread 154 is finished, elapsed time = 1701ns 
Thread 155 is finished, elapsed time = 1715ns 
Thread 156 is finished, elapsed time = 5174ns 
Thread 157 is finished, elapsed time = 1697ns 
Thread 158 is finished, elapsed time = 1742ns 
Thread 159 is finished, elapsed time = 1973ns 
Thread 160 is finished, elapsed time = 4017ns 
Thread 161 is finished, elapsed time = 1702ns 
Thread 162 is finished, elapsed time = 1608ns 
Thread 163 is finished, elapsed time = 1789ns 
Thread 164 is finished, elapsed time = 3684ns 
Thread 165 is finished, elapsed time = 1627ns 
Thread 166 is finished, elapsed time = 1666ns 
Thread 167 is finished, elapsed time = 1725ns 
Thread 168 is finished, elapsed time = 4637ns 
Thread 169 is finished, elapsed time = 1760ns 
Thread 170 is finished, elapsed time = 1715ns 
Thread 171 is finished, elapsed time = 1449ns 
Thread 172 is finished, elapsed time = 5021ns 
Thread 173 is finished, elapsed time = 1668ns 
Thread 174 is finished, elapsed time = 1635ns 
Thread 175 is finished, elapsed time = 1820ns 
Thread 176 is finished, elapsed time = 5717ns 
Thread 177 is finished, elapsed time = 1861ns 
Thread 178 is finished, elapsed time = 1789ns 
Thread 179 is finished, elapsed time = 1631ns 
Thread 180 is finished, elapsed time = 3941ns 
Thread 181 is finished, elapsed time = 1717ns 
Thread 182 is finished, elapsed time = 1653ns 
Thread 183 is finished, elapsed time = 1738ns 
Thread 184 is finished, elapsed time = 4940ns 
Thread 185 is finished, elapsed time = 1750ns 
Thread 186 is finished, elapsed time = 1795ns 
Thread 187 is finished, elapsed time = 1845ns 
Thread 188 is finished, elapsed time = 4746ns 
Thread 189 is finished, elapsed time = 1616ns 
From comparison of palindromic and non-palindromic: 440
Thread 0 has load 4
Thread 1 has load 3
Thread 2 has load 2
Thread 3 has load 1
Thread 4 has load 0
Thread 0 is finished, elapsed time = 2248ns 
Thread 1 is finished, elapsed time = 1841ns 
Thread 2 is finished, elapsed time = 3916ns 
Thread 3 is finished, elapsed time = 1738ns 
Thread 4 is finished, elapsed time = 1750ns 
Thread 5 is finished, elapsed time = 3023ns 
Thread 6 is finished, elapsed time = 4500ns 
Thread 7 is finished, elapsed time = 1783ns 
Thread 8 is finished, elapsed time = 1816ns 
Thread 9 is finished, elapsed time = 1750ns 
Thread 10 is finished, elapsed time = 4434ns 
Thread 11 is finished, elapsed time = 1604ns 
Thread 12 is finished, elapsed time = 1724ns 
Thread 13 is finished, elapsed time = 1596ns 
Thread 14 is finished, elapsed time = 4822ns 
Thread 15 is finished, elapsed time = 1571ns 
Thread 16 is finished, elapsed time = 1715ns 
Thread 17 is finished, elapsed time = 1701ns 
Thread 18 is finished, elapsed time = 4582ns 
Thread 19 is finished, elapsed time = 1801ns 
Thread 20 is finished, elapsed time = 1678ns 
Thread 21 is finished, elapsed time = 1816ns 
Thread 22 is finished, elapsed time = 4138ns 
Thread 23 is finished, elapsed time = 1576ns 
Thread 24 is finished, elapsed time = 1688ns 
Thread 25 is finished, elapsed time = 1805ns 
Thread 26 is finished, elapsed time = 4012ns 
Thread 27 is finished, elapsed time = 1707ns 
Thread 28 is finished, elapsed time = 1786ns 
Thread 29 is finished, elapsed time = 1703ns 
Thread 30 is finished, elapsed time = 4904ns 
Thread 31 is finished, elapsed time = 1617ns 
Thread 32 is finished, elapsed time = 2410ns 
Thread 33 is finished, elapsed time = 1662ns 
Thread 34 is finished, elapsed time = 4692ns 
Thread 35 is finished, elapsed time = 1713ns 
Thread 36 is finished, elapsed time = 1668ns 
Thread 37 is finished, elapsed time = 1797ns 
Thread 38 is finished, elapsed time = 5139ns 
Thread 39 is finished, elapsed time = 1919ns 
Thread 40 is finished, elapsed time = 1744ns 
Thread 41 is finished, elapsed time = 1627ns 
Thread 42 is finished, elapsed time = 5138ns 
Thread 43 is finished, elapsed time = 1623ns 
Thread 44 is finished, elapsed time = 1702ns 
Thread 45 is finished, elapsed time = 1576ns 
Thread 46 is finished, elapsed time = 4736ns 
Thread 47 is finished, elapsed time = 1666ns 
Thread 48 is finished, elapsed time = 1721ns 
Thread 49 is finished, elapsed time = 1576ns 
Thread 50 is finished, elapsed time = 3959ns 
Thread 51 is finished, elapsed time = 1599ns 
Thread 52 is finished, elapsed time = 1675ns 
Thread 53 is finished, elapsed time = 1658ns 
Thread 54 is finished, elapsed time = 4553ns 
Thread 55 is finished, elapsed time = 1661ns 
Thread 56 is finished, elapsed time = 1781ns 
Thread 57 is finished, elapsed time = 1672ns 
Thread 58 is finished, elapsed time = 4300ns 
Thread 59 is finished, elapsed time = 1533ns 
Thread 60 is finished, elapsed time = 1671ns 
Thread 61 is finished, elapsed time = 2025ns 
Thread 62 is finished, elapsed time = 4830ns 
Thread 63 is finished, elapsed time = 2203ns 
Thread 64 is finished, elapsed time = 1947ns 
Thread 65 is finished, elapsed time = 1664ns 
Thread 66 is finished, elapsed time = 6293ns 
Thread 67 is finished, elapsed time = 1635ns 
Thread 68 is finished, elapsed time = 2033ns 
Thread 69 is finished, elapsed time = 2824ns 
Thread 70 is finished, elapsed time = 5301ns 
Thread 71 is finished, elapsed time = 1593ns 
Thread 72 is finished, elapsed time = 1574ns 
Thread 73 is finished, elapsed time = 1728ns 
Thread 74 is finished, elapsed time = 4363ns 
Thread 75 is finished, elapsed time = 1658ns 
Thread 76 is finished, elapsed time = 1959ns 
Thread 77 is finished, elapsed time = 1498ns 
Thread 78 is finished, elapsed time = 4617ns 
Thread 79 is finished, elapsed time = 1567ns 
Thread 80 is finished, elapsed time = 1773ns 
Thread 81 is finished, elapsed time = 1924ns 
Thread 82 is finished, elapsed time = 4750ns 
Thread 83 is finished, elapsed time = 1485ns 
Thread 84 is finished, elapsed time = 1785ns 
Thread 85 is finished, elapsed time = 1508ns 
Thread 86 is finished, elapsed time = 3797ns 
Thread 87 is finished, elapsed time = 1494ns 
Thread 88 is finished, elapsed time = 1787ns 
Thread 89 is finished, elapsed time = 2184ns 
Thread 90 is finished, elapsed time = 5972ns 
Thread 91 is finished, elapsed time = 1623ns 
Thread 92 is finished, elapsed time = 1662ns 
Thread 93 is finished, elapsed time = 1638ns 
Thread 94 is finished, elapsed time = 4988ns 
Thread 95 is finished, elapsed time = 2309ns 
Thread 96 is finished, elapsed time = 1734ns 
Thread 97 is finished, elapsed time = 1918ns 
Thread 98 is finished, elapsed time = 6592ns 
Thread 99 is finished, elapsed time = 1949ns 
Thread 100 is finished, elapsed time = 3080ns 
Thread 101 is finished, elapsed time = 2060ns 
Thread 102 is finished, elapsed time = 5988ns 
Thread 103 is finished, elapsed time = 1758ns 
Thread 104 is finished, elapsed time = 1926ns 
Thread 105 is finished, elapsed time = 1689ns 
Thread 106 is finished, elapsed time = 6170ns 
Thread 107 is finished, elapsed time = 1586ns 
Thread 108 is finished, elapsed time = 1681ns 
Thread 109 is finished, elapsed time = 1611ns 
Thread 110 is finished, elapsed time = 6524ns 
Thread 111 is finished, elapsed time = 1865ns 
Thread 112 is finished, elapsed time = 2186ns 
Thread 113 is finished, elapsed time = 1970ns 
Thread 114 is finished, elapsed time = 4803ns 
Thread 115 is finished, elapsed time = 1509ns 
Thread 116 is finished, elapsed time = 1815ns 
Thread 117 is finished, elapsed time = 1664ns 
Thread 118 is finished, elapsed time = 4131ns 
Thread 119 is finished, elapsed time = 1719ns 
Thread 120 is finished, elapsed time = 1763ns 
Thread 121 is finished, elapsed time = 1821ns 
Thread 122 is finished, elapsed time = 5131ns 
Thread 123 is finished, elapsed time = 2103ns 
Thread 124 is finished, elapsed time = 1809ns 
Thread 125 is finished, elapsed time = 1698ns 
Thread 126 is finished, elapsed time = 4098ns 
Thread 127 is finished, elapsed time = 1664ns 
Thread 128 is finished, elapsed time = 1684ns 
Thread 129 is finished, elapsed time = 2377ns 
Thread 130 is finished, elapsed time = 4715ns 
Thread 131 is finished, elapsed time = 3089ns 
Thread 132 is finished, elapsed time = 1910ns 
Thread 133 is finished, elapsed time = 1711ns 
Thread 134 is finished, elapsed time = 4145ns 
Thread 135 is finished, elapsed time = 1801ns 
Thread 136 is finished, elapsed time = 1832ns 
Thread 137 is finished, elapsed time = 1719ns 
Thread 138 is finished, elapsed time = 6816ns 
Thread 139 is finished, elapsed time = 1639ns 
Thread 140 is finished, elapsed time = 1849ns 
Thread 141 is finished, elapsed time = 1791ns 
Thread 142 is finished, elapsed time = 4952ns 
Thread 143 is finished, elapsed time = 2000ns 
Thread 144 is finished, elapsed time = 1668ns 
Thread 145 is finished, elapsed time = 1930ns 
Thread 146 is finished, elapsed time = 3682ns 
Thread 147 is finished, elapsed time = 1697ns 
Thread 148 is finished, elapsed time = 2354ns 
Thread 149 is finished, elapsed time = 1641ns 
Thread 150 is finished, elapsed time = 5209ns 
Thread 151 is finished, elapsed time = 1752ns 
Thread 152 is finished, elapsed time = 1778ns 
Thread 153 is finished, elapsed time = 1709ns 
Thread 154 is finished, elapsed time = 4777ns 
Thread 155 is finished, elapsed time = 1840ns 
Thread 156 is finished, elapsed time = 1750ns 
Thread 157 is finished, elapsed time = 2244ns 
Thread 158 is finished, elapsed time = 3920ns 
Thread 159 is finished, elapsed time = 1715ns 
Thread 160 is finished, elapsed time = 2276ns 
Thread 161 is finished, elapsed time = 3108ns 
Thread 162 is finished, elapsed time = 5234ns 
Thread 163 is finished, elapsed time = 1806ns 
Thread 164 is finished, elapsed time = 1711ns 
Thread 165 is finished, elapsed time = 1646ns 
Thread 166 is finished, elapsed time = 6242ns 
Thread 167 is finished, elapsed time = 1744ns 
Thread 168 is finished, elapsed time = 1689ns 
Thread 169 is finished, elapsed time = 1752ns 
Thread 170 is finished, elapsed time = 4031ns 
Thread 171 is finished, elapsed time = 1598ns 
Thread 172 is finished, elapsed time = 1622ns 
Thread 173 is finished, elapsed time = 1633ns 
Thread 174 is finished, elapsed time = 6503ns 
Thread 175 is finished, elapsed time = 1974ns 
Thread 176 is finished, elapsed time = 2100ns 
Thread 177 is finished, elapsed time = 1594ns 
Thread 178 is finished, elapsed time = 4420ns 
Thread 179 is finished, elapsed time = 1689ns 
Thread 180 is finished, elapsed time = 1709ns 
Thread 181 is finished, elapsed time = 1664ns 
Thread 182 is finished, elapsed time = 6326ns 
Thread 183 is finished, elapsed time = 1592ns 
Thread 184 is finished, elapsed time = 1806ns 
Thread 185 is finished, elapsed time = 1725ns 
Thread 186 is finished, elapsed time = 6094ns 
Thread 187 is finished, elapsed time = 1664ns 
Thread 188 is finished, elapsed time = 2314ns 
Thread 189 is finished, elapsed time = 1645ns 
From comparison of non-palindromics and their reverses: 144
Total elapsed time = 116ms 
886
