Counting even rank Motzkin idempotents . . .
Number of weight 0 Motzkin words is 2188
Processing Motzkin words, elapsed time = 1450μs 
Motzkin words use ~ 46.5381 KB
Using 190 / 192 threads
Thread 0 is finished, elapsed time = 184μs 
Thread 1 is finished, elapsed time = 124μs 
Thread 2 is finished, elapsed time = 123μs 
Thread 3 is finished, elapsed time = 195μs 
Thread 4 is finished, elapsed time = 127μs 
Thread 5 is finished, elapsed time = 189μs 
Thread 6 is finished, elapsed time = 163μs 
Thread 7 is finished, elapsed time = 211μs 
Thread 8 is finished, elapsed time = 225μs 
Thread 9 is finished, elapsed time = 313μs 
Thread 10 is finished, elapsed time = 243μs 
Thread 11 is finished, elapsed time = 162μs 
Thread 12 is finished, elapsed time = 243μs 
Thread 13 is finished, elapsed time = 245μs 
Thread 14 is finished, elapsed time = 153μs 
Thread 15 is finished, elapsed time = 284μs 
Thread 16 is finished, elapsed time = 295μs 
Thread 17 is finished, elapsed time = 187μs 
Thread 18 is finished, elapsed time = 307μs 
Thread 19 is finished, elapsed time = 300μs 
Thread 20 is finished, elapsed time = 179μs 
Thread 21 is finished, elapsed time = 279μs 
Thread 22 is finished, elapsed time = 201μs 
Thread 23 is finished, elapsed time = 310μs 
Thread 24 is finished, elapsed time = 329μs 
Thread 25 is finished, elapsed time = 212μs 
Thread 26 is finished, elapsed time = 346μs 
Thread 27 is finished, elapsed time = 359μs 
Thread 28 is finished, elapsed time = 314μs 
Thread 29 is finished, elapsed time = 199μs 
Thread 30 is finished, elapsed time = 311μs 
Thread 31 is finished, elapsed time = 337μs 
Thread 32 is finished, elapsed time = 343μs 
Thread 33 is finished, elapsed time = 257μs 
Thread 34 is finished, elapsed time = 329μs 
Thread 35 is finished, elapsed time = 331μs 
Thread 36 is finished, elapsed time = 331μs 
Thread 38 is finished, elapsed time = 170μs 
Thread 37 is finished, elapsed time = 343μs 
Thread 39 is finished, elapsed time = 209μs 
Thread 40 is finished, elapsed time = 268μs 
Thread 41 is finished, elapsed time = 182μs 
Thread 42 is finished, elapsed time = 237μs 
Thread 43 is finished, elapsed time = 217μs 
Thread 44 is finished, elapsed time = 162μs 
Thread 45 is finished, elapsed time = 243μs 
Thread 46 is finished, elapsed time = 241μs 
Thread 47 is finished, elapsed time = 166μs 
Thread 48 is finished, elapsed time = 262μs 
Thread 49 is finished, elapsed time = 260μs 
Thread 50 is finished, elapsed time = 157μs 
Thread 51 is finished, elapsed time = 260μs 
Thread 52 is finished, elapsed time = 301μs 
Thread 53 is finished, elapsed time = 192μs 
Thread 54 is finished, elapsed time = 283μs 
Thread 55 is finished, elapsed time = 305μs 
Thread 56 is finished, elapsed time = 205μs 
Thread 57 is finished, elapsed time = 318μs 
Thread 58 is finished, elapsed time = 314μs 
Thread 59 is finished, elapsed time = 218μs 
Thread 60 is finished, elapsed time = 346μs 
Thread 61 is finished, elapsed time = 355μs 
Thread 62 is finished, elapsed time = 354μs 
Thread 63 is finished, elapsed time = 226μs 
Thread 64 is finished, elapsed time = 381μs 
Thread 65 is finished, elapsed time = 358μs 
Thread 66 is finished, elapsed time = 367μs 
Thread 67 is finished, elapsed time = 230μs 
Thread 68 is finished, elapsed time = 359μs 
Thread 69 is finished, elapsed time = 375μs 
Thread 71 is finished, elapsed time = 236μs 
Thread 70 is finished, elapsed time = 392μs 
Thread 72 is finished, elapsed time = 364μs 
Thread 73 is finished, elapsed time = 386μs 
Thread 74 is finished, elapsed time = 357μs 
Thread 75 is finished, elapsed time = 234μs 
Thread 76 is finished, elapsed time = 338μs 
Thread 77 is finished, elapsed time = 383μs 
Thread 78 is finished, elapsed time = 427μs 
Thread 79 is finished, elapsed time = 322μs 
Thread 80 is finished, elapsed time = 355μs 
Thread 81 is finished, elapsed time = 370μs 
Thread 82 is finished, elapsed time = 351μs 
Thread 83 is finished, elapsed time = 336μs 
Thread 84 is finished, elapsed time = 385μs 
Thread 85 is finished, elapsed time = 378μs 
Thread 86 is finished, elapsed time = 432μs 
Thread 87 is finished, elapsed time = 449μs 
Thread 88 is finished, elapsed time = 487μs 
Thread 89 is finished, elapsed time = 446μs 
Thread 90 is finished, elapsed time = 421μs 
Thread 91 is finished, elapsed time = 424μs 
Thread 92 is finished, elapsed time = 369μs 
Thread 93 is finished, elapsed time = 339μs 
Thread 94 is finished, elapsed time = 344μs 
Thread 95 is finished, elapsed time = 371μs 
Thread 96 is finished, elapsed time = 350μs 
Thread 97 is finished, elapsed time = 362μs 
Thread 98 is finished, elapsed time = 357μs 
Thread 99 is finished, elapsed time = 375μs 
Thread 100 is finished, elapsed time = 354μs 
Thread 101 is finished, elapsed time = 371μs 
Thread 102 is finished, elapsed time = 374μs 
Thread 103 is finished, elapsed time = 379μs 
Thread 104 is finished, elapsed time = 387μs 
Thread 105 is finished, elapsed time = 423μs 
Thread 106 is finished, elapsed time = 404μs 
Thread 107 is finished, elapsed time = 420μs 
Thread 108 is finished, elapsed time = 427μs 
Thread 109 is finished, elapsed time = 441μs 
Thread 110 is finished, elapsed time = 453μs 
Thread 111 is finished, elapsed time = 467μs 
Thread 112 is finished, elapsed time = 428μs 
Thread 113 is finished, elapsed time = 506μs 
Thread 115 is finished, elapsed time = 276μs 
Thread 114 is finished, elapsed time = 500μs 
Thread 116 is finished, elapsed time = 302μs 
Thread 117 is finished, elapsed time = 325μs 
Thread 118 is finished, elapsed time = 317μs 
Thread 119 is finished, elapsed time = 374μs 
Thread 120 is finished, elapsed time = 384μs 
Thread 121 is finished, elapsed time = 358μs 
Thread 122 is finished, elapsed time = 331μs 
Thread 123 is finished, elapsed time = 480μs 
Thread 132 is finished, elapsed time = 518μs 
Thread 134 is finished, elapsed time = 245μs 
Thread 133 is finished, elapsed time = 418μs 
Thread 135 is finished, elapsed time = 284μs 
Thread 124 is finished, elapsed time = 515μs 
Thread 136 is finished, elapsed time = 293μs 
Thread 137 is finished, elapsed time = 472μs 
Thread 138 is finished, elapsed time = 346μs 
Thread 125 is finished, elapsed time = 590μs 
Thread 139 is finished, elapsed time = 413μs 
Thread 140 is finished, elapsed time = 296μs 
Thread 141 is finished, elapsed time = 315μs 
Thread 142 is finished, elapsed time = 456μs 
Thread 143 is finished, elapsed time = 385μs 
Thread 126 is finished, elapsed time = 582μs 
Thread 144 is finished, elapsed time = 408μs 
Thread 146 is finished, elapsed time = 549μs 
Thread 127 is finished, elapsed time = 510μs 
Thread 148 is finished, elapsed time = 485μs 
Thread 145 is finished, elapsed time = 954μs 
Thread 147 is finished, elapsed time = 756μs 
Thread 150 is finished, elapsed time = 344μs 
Thread 149 is finished, elapsed time = 458μs 
Thread 151 is finished, elapsed time = 353μs 
Thread 152 is finished, elapsed time = 339μs 
Thread 153 is finished, elapsed time = 380μs 
Thread 154 is finished, elapsed time = 345μs 
Thread 155 is finished, elapsed time = 350μs 
Thread 156 is finished, elapsed time = 362μs 
Thread 128 is finished, elapsed time = 1429μs 
Thread 157 is finished, elapsed time = 369μs 
Thread 158 is finished, elapsed time = 443μs 
Thread 159 is finished, elapsed time = 477μs 
Thread 160 is finished, elapsed time = 484μs 
Thread 161 is finished, elapsed time = 483μs 
Thread 162 is finished, elapsed time = 512μs 
Thread 163 is finished, elapsed time = 513μs 
Thread 164 is finished, elapsed time = 520μs 
Thread 129 is finished, elapsed time = 1302μs 
Thread 165 is finished, elapsed time = 550μs 
Thread 166 is finished, elapsed time = 566μs 
Thread 167 is finished, elapsed time = 503μs 
Thread 168 is finished, elapsed time = 552μs 
Thread 169 is finished, elapsed time = 580μs 
Thread 170 is finished, elapsed time = 562μs 
Thread 171 is finished, elapsed time = 620μs 
Thread 172 is finished, elapsed time = 469μs 
Thread 173 is finished, elapsed time = 429μs 
Thread 130 is finished, elapsed time = 1233μs 
Thread 174 is finished, elapsed time = 444μs 
Thread 175 is finished, elapsed time = 342μs 
Thread 176 is finished, elapsed time = 303μs 
Thread 177 is finished, elapsed time = 319μs 
Thread 178 is finished, elapsed time = 382μs 
Thread 180 is finished, elapsed time = 101μs 
Thread 181 is finished, elapsed time = 1575ns 
Thread 179 is finished, elapsed time = 338μs 
Thread 182 is finished, elapsed time = 4527ns 
Thread 183 is finished, elapsed time = 2277ns 
Thread 131 is finished, elapsed time = 1255μs 
Thread 184 is finished, elapsed time = 1578ns 
Thread 185 is finished, elapsed time = 5142ns 
Thread 186 is finished, elapsed time = 1984ns 
Thread 187 is finished, elapsed time = 2178ns 
Thread 188 is finished, elapsed time = 1834ns 
Thread 189 is finished, elapsed time = 5560ns 
There are 5694563 even rank idempotents, elapsed time = 34ms 
Counting odd rank Motzkin idempotents . . .
Number of weight 1 Motzkin words is 3610
Processing Motzkin words, elapsed time = 3091μs 
Motzkin words use ~ 80.7695 KB
Using 190 / 192 threads
Thread 0 is finished, elapsed time = 428μs 
Thread 1 is finished, elapsed time = 431μs 
Thread 2 is finished, elapsed time = 474μs 
Thread 3 is finished, elapsed time = 522μs 
Thread 4 is finished, elapsed time = 494μs 
Thread 5 is finished, elapsed time = 489μs 
Thread 6 is finished, elapsed time = 519μs 
Thread 7 is finished, elapsed time = 513μs 
Thread 8 is finished, elapsed time = 558μs 
Thread 9 is finished, elapsed time = 527μs 
Thread 10 is finished, elapsed time = 536μs 
Thread 11 is finished, elapsed time = 530μs 
Thread 13 is finished, elapsed time = 329μs 
Thread 12 is finished, elapsed time = 534μs 
Thread 14 is finished, elapsed time = 321μs 
Thread 15 is finished, elapsed time = 310μs 
Thread 16 is finished, elapsed time = 307μs 
Thread 17 is finished, elapsed time = 313μs 
Thread 18 is finished, elapsed time = 335μs 
Thread 19 is finished, elapsed time = 354μs 
Thread 20 is finished, elapsed time = 344μs 
Thread 21 is finished, elapsed time = 376μs 
Thread 22 is finished, elapsed time = 386μs 
Thread 23 is finished, elapsed time = 420μs 
Thread 24 is finished, elapsed time = 482μs 
Thread 25 is finished, elapsed time = 579μs 
Thread 26 is finished, elapsed time = 592μs 
Thread 27 is finished, elapsed time = 639μs 
Thread 28 is finished, elapsed time = 626μs 
Thread 29 is finished, elapsed time = 612μs 
Thread 30 is finished, elapsed time = 627μs 
Thread 41 is finished, elapsed time = 670μs 
Thread 42 is finished, elapsed time = 614μs 
Thread 43 is finished, elapsed time = 647μs 
Thread 44 is finished, elapsed time = 653μs 
Thread 45 is finished, elapsed time = 645μs 
Thread 47 is finished, elapsed time = 498μs 
Thread 48 is finished, elapsed time = 420μs 
Thread 46 is finished, elapsed time = 747μs 
Thread 49 is finished, elapsed time = 445μs 
Thread 50 is finished, elapsed time = 463μs 
Thread 51 is finished, elapsed time = 501μs 
Thread 31 is finished, elapsed time = 2352μs 
Thread 52 is finished, elapsed time = 501μs 
Thread 54 is finished, elapsed time = 602μs 
Thread 55 is finished, elapsed time = 593μs 
Thread 53 is finished, elapsed time = 940μs 
Thread 56 is finished, elapsed time = 545μs 
Thread 57 is finished, elapsed time = 538μs 
Thread 58 is finished, elapsed time = 443μs 
Thread 59 is finished, elapsed time = 482μs 
Thread 60 is finished, elapsed time = 516μs 
Thread 61 is finished, elapsed time = 506μs 
Thread 62 is finished, elapsed time = 545μs 
Thread 63 is finished, elapsed time = 543μs 
Thread 64 is finished, elapsed time = 500μs 
Thread 32 is finished, elapsed time = 2316μs 
Thread 65 is finished, elapsed time = 629μs 
Thread 66 is finished, elapsed time = 555μs 
Thread 67 is finished, elapsed time = 560μs 
Thread 68 is finished, elapsed time = 557μs 
Thread 69 is finished, elapsed time = 600μs 
Thread 70 is finished, elapsed time = 624μs 
Thread 71 is finished, elapsed time = 644μs 
Thread 72 is finished, elapsed time = 613μs 
Thread 73 is finished, elapsed time = 601μs 
Thread 74 is finished, elapsed time = 634μs 
Thread 75 is finished, elapsed time = 625μs 
Thread 76 is finished, elapsed time = 782μs 
Thread 77 is finished, elapsed time = 657μs 
Thread 78 is finished, elapsed time = 667μs 
Thread 33 is finished, elapsed time = 2134μs 
Thread 79 is finished, elapsed time = 684μs 
Thread 80 is finished, elapsed time = 669μs 
Thread 39 is finished, elapsed time = 747μs 
Thread 38 is finished, elapsed time = 835μs 
Thread 82 is finished, elapsed time = 724μs 
Thread 35 is finished, elapsed time = 806μs 
Thread 81 is finished, elapsed time = 1097μs 
Thread 83 is finished, elapsed time = 749μs 
Thread 34 is finished, elapsed time = 830μs 
Thread 36 is finished, elapsed time = 978μs 
Thread 84 is finished, elapsed time = 661μs 
Thread 40 is finished, elapsed time = 707μs 
Thread 85 is finished, elapsed time = 638μs 
Thread 37 is finished, elapsed time = 870μs 
Thread 87 is finished, elapsed time = 511μs 
Thread 88 is finished, elapsed time = 381μs 
Thread 86 is finished, elapsed time = 718μs 
Thread 89 is finished, elapsed time = 386μs 
Thread 90 is finished, elapsed time = 387μs 
Thread 91 is finished, elapsed time = 368μs 
Thread 92 is finished, elapsed time = 354μs 
Thread 93 is finished, elapsed time = 350μs 
Thread 94 is finished, elapsed time = 341μs 
Thread 95 is finished, elapsed time = 338μs 
Thread 96 is finished, elapsed time = 359μs 
Thread 97 is finished, elapsed time = 419μs 
Thread 98 is finished, elapsed time = 437μs 
Thread 99 is finished, elapsed time = 376μs 
Thread 100 is finished, elapsed time = 371μs 
Thread 101 is finished, elapsed time = 404μs 
Thread 106 is finished, elapsed time = 404μs 
Thread 107 is finished, elapsed time = 408μs 
Thread 108 is finished, elapsed time = 388μs 
Thread 109 is finished, elapsed time = 385μs 
Thread 110 is finished, elapsed time = 377μs 
Thread 111 is finished, elapsed time = 369μs 
Thread 112 is finished, elapsed time = 421μs 
Thread 113 is finished, elapsed time = 506μs 
Thread 102 is finished, elapsed time = 1826μs 
Thread 114 is finished, elapsed time = 516μs 
Thread 115 is finished, elapsed time = 387μs 
Thread 116 is finished, elapsed time = 375μs 
Thread 117 is finished, elapsed time = 403μs 
Thread 118 is finished, elapsed time = 436μs 
Thread 119 is finished, elapsed time = 439μs 
Thread 120 is finished, elapsed time = 604μs 
Thread 121 is finished, elapsed time = 756μs 
Thread 103 is finished, elapsed time = 1735μs 
Thread 122 is finished, elapsed time = 802μs 
Thread 123 is finished, elapsed time = 835μs 
Thread 125 is finished, elapsed time = 516μs 
Thread 124 is finished, elapsed time = 805μs 
Thread 104 is finished, elapsed time = 519μs 
Thread 127 is finished, elapsed time = 732μs 
Thread 128 is finished, elapsed time = 619μs 
Thread 126 is finished, elapsed time = 980μs 
Thread 129 is finished, elapsed time = 670μs 
Thread 130 is finished, elapsed time = 693μs 
Thread 132 is finished, elapsed time = 431μs 
Thread 131 is finished, elapsed time = 674μs 
Thread 105 is finished, elapsed time = 2571μs 
Thread 133 is finished, elapsed time = 723μs 
Thread 134 is finished, elapsed time = 715μs 
Thread 135 is finished, elapsed time = 771μs 
Thread 136 is finished, elapsed time = 757μs 
Thread 137 is finished, elapsed time = 810μs 
Thread 139 is finished, elapsed time = 534μs 
Thread 138 is finished, elapsed time = 894μs 
Thread 140 is finished, elapsed time = 613μs 
Thread 141 is finished, elapsed time = 524μs 
Thread 142 is finished, elapsed time = 530μs 
Thread 143 is finished, elapsed time = 599μs 
Thread 145 is finished, elapsed time = 376μs 
Thread 144 is finished, elapsed time = 615μs 
Thread 146 is finished, elapsed time = 676μs 
Thread 147 is finished, elapsed time = 551μs 
Thread 148 is finished, elapsed time = 589μs 
Thread 149 is finished, elapsed time = 640μs 
Thread 151 is finished, elapsed time = 417μs 
Thread 150 is finished, elapsed time = 647μs 
Thread 152 is finished, elapsed time = 738μs 
Thread 153 is finished, elapsed time = 744μs 
Thread 154 is finished, elapsed time = 756μs 
Thread 157 is finished, elapsed time = 403μs 
Thread 155 is finished, elapsed time = 808μs 
Thread 156 is finished, elapsed time = 689μs 
Thread 158 is finished, elapsed time = 669μs 
Thread 159 is finished, elapsed time = 691μs 
Thread 161 is finished, elapsed time = 434μs 
Thread 160 is finished, elapsed time = 720μs 
Thread 162 is finished, elapsed time = 743μs 
Thread 163 is finished, elapsed time = 689μs 
Thread 165 is finished, elapsed time = 496μs 
Thread 167 is finished, elapsed time = 285μs 
Thread 166 is finished, elapsed time = 457μs 
Thread 164 is finished, elapsed time = 816μs 
Thread 168 is finished, elapsed time = 450μs 
Thread 169 is finished, elapsed time = 446μs 
Thread 170 is finished, elapsed time = 452μs 
Thread 171 is finished, elapsed time = 582μs 
Thread 172 is finished, elapsed time = 702μs 
Thread 173 is finished, elapsed time = 658μs 
Thread 174 is finished, elapsed time = 690μs 
Thread 176 is finished, elapsed time = 402μs 
Thread 175 is finished, elapsed time = 601μs 
Thread 177 is finished, elapsed time = 344μs 
Thread 178 is finished, elapsed time = 400μs 
Thread 179 is finished, elapsed time = 475μs 
Thread 180 is finished, elapsed time = 419μs 
Thread 184 is finished, elapsed time = 4836ns 
Thread 185 is finished, elapsed time = 1731ns 
Thread 181 is finished, elapsed time = 747μs 
Thread 186 is finished, elapsed time = 1645ns 
Thread 187 is finished, elapsed time = 4958ns 
Thread 182 is finished, elapsed time = 789μs 
Thread 183 is finished, elapsed time = 664μs 
Thread 188 is finished, elapsed time = 1682ns 
Thread 189 is finished, elapsed time = 4652ns 
There are 2734034 odd rank idempotents, elapsed time = 35ms 
Total elapsed time = 70ms 
8428597
