Counting even rank Motzkin idempotents . . .
Number of weight 0 Motzkin words is 15511
Processing Motzkin words, elapsed time = 6762μs 
Motzkin words use ~ 392.777 KB
Using 190 / 192 threads
Thread 2 is finished, elapsed time = 13ms 
Thread 5 is finished, elapsed time = 14ms 
Thread 8 is finished, elapsed time = 14ms 
Thread 4 is finished, elapsed time = 15ms 
Thread 3 is finished, elapsed time = 17ms 
Thread 7 is finished, elapsed time = 18ms 
Thread 0 is finished, elapsed time = 26ms 
Thread 1 is finished, elapsed time = 28ms 
Thread 11 is finished, elapsed time = 29ms 
Thread 152 is finished, elapsed time = 27ms 
Thread 133 is finished, elapsed time = 29ms 
Thread 6 is finished, elapsed time = 45ms 
Thread 129 is finished, elapsed time = 36ms 
Thread 188 is finished, elapsed time = 18ms 
Thread 130 is finished, elapsed time = 37ms 
Thread 131 is finished, elapsed time = 37ms 
Thread 148 is finished, elapsed time = 36ms 
Thread 161 is finished, elapsed time = 35ms 
Thread 149 is finished, elapsed time = 36ms 
Thread 139 is finished, elapsed time = 38ms 
Thread 184 is finished, elapsed time = 24ms 
Thread 189 is finished, elapsed time = 83μs 
Thread 150 is finished, elapsed time = 39ms 
Thread 173 is finished, elapsed time = 33ms 
Thread 171 is finished, elapsed time = 34ms 
Thread 159 is finished, elapsed time = 41ms 
Thread 168 is finished, elapsed time = 39ms 
Thread 176 is finished, elapsed time = 35ms 
Thread 186 is finished, elapsed time = 28ms 
Thread 187 is finished, elapsed time = 28ms 
Thread 162 is finished, elapsed time = 43ms 
Thread 158 is finished, elapsed time = 44ms 
Thread 9 is finished, elapsed time = 58ms 
Thread 140 is finished, elapsed time = 48ms 
Thread 151 is finished, elapsed time = 50ms 
Thread 147 is finished, elapsed time = 53ms 
Thread 57 is finished, elapsed time = 38ms 
Thread 132 is finished, elapsed time = 57ms 
Thread 14 is finished, elapsed time = 7234μs 
Thread 144 is finished, elapsed time = 59ms 
Thread 73 is finished, elapsed time = 50ms 
Thread 54 is finished, elapsed time = 39ms 
Thread 72 is finished, elapsed time = 56ms 
Thread 156 is finished, elapsed time = 62ms 
Thread 137 is finished, elapsed time = 65ms 
Thread 180 is finished, elapsed time = 53ms 
Thread 112 is finished, elapsed time = 61ms 
Thread 141 is finished, elapsed time = 67ms 
Thread 35 is finished, elapsed time = 45ms 
Thread 58 is finished, elapsed time = 42ms 
Thread 134 is finished, elapsed time = 71ms 
Thread 157 is finished, elapsed time = 68ms 
Thread 143 is finished, elapsed time = 70ms 
Thread 153 is finished, elapsed time = 70ms 
Thread 167 is finished, elapsed time = 67ms 
Thread 163 is finished, elapsed time = 68ms 
Thread 138 is finished, elapsed time = 73ms 
Thread 90 is finished, elapsed time = 63ms 
Thread 36 is finished, elapsed time = 63ms 
Thread 136 is finished, elapsed time = 74ms 
Thread 166 is finished, elapsed time = 69ms 
Thread 89 is finished, elapsed time = 69ms 
Thread 91 is finished, elapsed time = 63ms 
Thread 37 is finished, elapsed time = 48ms 
Thread 135 is finished, elapsed time = 75ms 
Thread 113 is finished, elapsed time = 65ms 
Thread 154 is finished, elapsed time = 73ms 
Thread 70 is finished, elapsed time = 65ms 
Thread 155 is finished, elapsed time = 73ms 
Thread 116 is finished, elapsed time = 53ms 
Thread 165 is finished, elapsed time = 72ms 
Thread 185 is finished, elapsed time = 61ms 
Thread 104 is finished, elapsed time = 66ms 
Thread 59 is finished, elapsed time = 44ms 
Thread 121 is finished, elapsed time = 55ms 
Thread 117 is finished, elapsed time = 55ms 
Thread 177 is finished, elapsed time = 71ms 
Thread 55 is finished, elapsed time = 48ms 
Thread 45 is finished, elapsed time = 67ms 
Thread 103 is finished, elapsed time = 64ms 
Thread 30 is finished, elapsed time = 58ms 
Thread 120 is finished, elapsed time = 67ms 
Thread 178 is finished, elapsed time = 72ms 
Thread 12 is finished, elapsed time = 66ms 
Thread 145 is finished, elapsed time = 72ms 
Thread 115 is finished, elapsed time = 69ms 
Thread 82 is finished, elapsed time = 67ms 
Thread 122 is finished, elapsed time = 51ms 
Thread 128 is finished, elapsed time = 47ms 
Thread 16 is finished, elapsed time = 79ms 
Thread 98 is finished, elapsed time = 82ms 
Thread 182 is finished, elapsed time = 76ms 
Thread 10 is finished, elapsed time = 100ms 
Thread 22 is finished, elapsed time = 85ms 
Thread 87 is finished, elapsed time = 86ms 
Thread 101 is finished, elapsed time = 82ms 
Thread 42 is finished, elapsed time = 79ms 
Thread 118 is finished, elapsed time = 67ms 
Thread 126 is finished, elapsed time = 63ms 
Thread 86 is finished, elapsed time = 71ms 
Thread 125 is finished, elapsed time = 71ms 
Thread 29 is finished, elapsed time = 72ms 
Thread 124 is finished, elapsed time = 78ms 
Thread 77 is finished, elapsed time = 73ms 
Thread 24 is finished, elapsed time = 80ms 
Thread 52 is finished, elapsed time = 71ms 
Thread 23 is finished, elapsed time = 81ms 
Thread 76 is finished, elapsed time = 85ms 
Thread 94 is finished, elapsed time = 87ms 
Thread 114 is finished, elapsed time = 82ms 
Thread 160 is finished, elapsed time = 95ms 
Thread 99 is finished, elapsed time = 75ms 
Thread 96 is finished, elapsed time = 90ms 
Thread 146 is finished, elapsed time = 97ms 
Thread 119 is finished, elapsed time = 55ms 
Thread 142 is finished, elapsed time = 97ms 
Thread 100 is finished, elapsed time = 95ms 
Thread 18 is finished, elapsed time = 91ms 
Thread 15 is finished, elapsed time = 41ms 
Thread 62 is finished, elapsed time = 73ms 
Thread 47 is finished, elapsed time = 69ms 
Thread 33 is finished, elapsed time = 93ms 
Thread 92 is finished, elapsed time = 89ms 
Thread 183 is finished, elapsed time = 85ms 
Thread 26 is finished, elapsed time = 62ms 
Thread 40 is finished, elapsed time = 94ms 
Thread 31 is finished, elapsed time = 80ms 
Thread 39 is finished, elapsed time = 76ms 
Thread 34 is finished, elapsed time = 92ms 
Thread 25 is finished, elapsed time = 76ms 
Thread 38 is finished, elapsed time = 92ms 
Thread 64 is finished, elapsed time = 68ms 
Thread 95 is finished, elapsed time = 81ms 
Thread 97 is finished, elapsed time = 82ms 
Thread 107 is finished, elapsed time = 96ms 
Thread 108 is finished, elapsed time = 83ms 
Thread 105 is finished, elapsed time = 95ms 
Thread 127 is finished, elapsed time = 67ms 
Thread 109 is finished, elapsed time = 99ms 
Thread 19 is finished, elapsed time = 91ms 
Thread 102 is finished, elapsed time = 88ms 
Thread 49 is finished, elapsed time = 92ms 
Thread 53 is finished, elapsed time = 95ms 
Thread 93 is finished, elapsed time = 80ms 
Thread 56 is finished, elapsed time = 96ms 
Thread 164 is finished, elapsed time = 88ms 
Thread 65 is finished, elapsed time = 65ms 
Thread 106 is finished, elapsed time = 82ms 
Thread 170 is finished, elapsed time = 101ms 
Thread 123 is finished, elapsed time = 66ms 
Thread 46 is finished, elapsed time = 78ms 
Thread 51 is finished, elapsed time = 91ms 
Thread 63 is finished, elapsed time = 82ms 
Thread 60 is finished, elapsed time = 92ms 
Thread 17 is finished, elapsed time = 92ms 
Thread 20 is finished, elapsed time = 95ms 
Thread 27 is finished, elapsed time = 104ms 
Thread 28 is finished, elapsed time = 97ms 
Thread 48 is finished, elapsed time = 102ms 
Thread 21 is finished, elapsed time = 82ms 
Thread 32 is finished, elapsed time = 78ms 
Thread 66 is finished, elapsed time = 99ms 
Thread 172 is finished, elapsed time = 94ms 
Thread 50 is finished, elapsed time = 95ms 
Thread 43 is finished, elapsed time = 98ms 
Thread 41 is finished, elapsed time = 105ms 
Thread 13 is finished, elapsed time = 76ms 
Thread 81 is finished, elapsed time = 98ms 
Thread 174 is finished, elapsed time = 92ms 
Thread 175 is finished, elapsed time = 99ms 
Thread 85 is finished, elapsed time = 109ms 
Thread 75 is finished, elapsed time = 78ms 
Thread 88 is finished, elapsed time = 96ms 
Thread 169 is finished, elapsed time = 113ms 
Thread 68 is finished, elapsed time = 80ms 
Thread 110 is finished, elapsed time = 98ms 
Thread 79 is finished, elapsed time = 115ms 
Thread 74 is finished, elapsed time = 103ms 
Thread 83 is finished, elapsed time = 81ms 
Thread 44 is finished, elapsed time = 91ms 
Thread 111 is finished, elapsed time = 119ms 
Thread 84 is finished, elapsed time = 72ms 
Thread 67 is finished, elapsed time = 81ms 
Thread 80 is finished, elapsed time = 112ms 
Thread 69 is finished, elapsed time = 73ms 
Thread 71 is finished, elapsed time = 102ms 
Thread 61 is finished, elapsed time = 102ms 
Thread 78 is finished, elapsed time = 90ms 
Thread 179 is finished, elapsed time = 112ms 
Thread 181 is finished, elapsed time = 114ms 
There are 282762045 even rank idempotents, elapsed time = 146ms 
Counting odd rank Motzkin idempotents . . .
Number of weight 1 Motzkin words is 26324
Processing Motzkin words, elapsed time = 18ms 
Motzkin words use ~ 694.766 KB
Using 190 / 192 threads
Thread 18 is finished, elapsed time = 25ms 
Thread 19 is finished, elapsed time = 26ms 
Thread 5 is finished, elapsed time = 28ms 
Thread 20 is finished, elapsed time = 28ms 
Thread 25 is finished, elapsed time = 28ms 
Thread 189 is finished, elapsed time = 13ms 
Thread 24 is finished, elapsed time = 28ms 
Thread 0 is finished, elapsed time = 32ms 
Thread 26 is finished, elapsed time = 29ms 
Thread 3 is finished, elapsed time = 34ms 
Thread 1 is finished, elapsed time = 35ms 
Thread 22 is finished, elapsed time = 34ms 
Thread 6 is finished, elapsed time = 36ms 
Thread 23 is finished, elapsed time = 36ms 
Thread 21 is finished, elapsed time = 37ms 
Thread 17 is finished, elapsed time = 39ms 
Thread 2 is finished, elapsed time = 42ms 
Thread 7 is finished, elapsed time = 41ms 
Thread 12 is finished, elapsed time = 41ms 
Thread 14 is finished, elapsed time = 41ms 
Thread 51 is finished, elapsed time = 12ms 
Thread 94 is finished, elapsed time = 36ms 
Thread 29 is finished, elapsed time = 41ms 
Thread 30 is finished, elapsed time = 41ms 
Thread 8 is finished, elapsed time = 44ms 
Thread 31 is finished, elapsed time = 52ms 
Thread 95 is finished, elapsed time = 48ms 
Thread 9 is finished, elapsed time = 55ms 
Thread 13 is finished, elapsed time = 55ms 
Thread 11 is finished, elapsed time = 55ms 
Thread 149 is finished, elapsed time = 45ms 
Thread 33 is finished, elapsed time = 53ms 
Thread 184 is finished, elapsed time = 42ms 
Thread 27 is finished, elapsed time = 54ms 
Thread 15 is finished, elapsed time = 56ms 
Thread 186 is finished, elapsed time = 42ms 
Thread 10 is finished, elapsed time = 57ms 
Thread 185 is finished, elapsed time = 43ms 
Thread 32 is finished, elapsed time = 56ms 
Thread 52 is finished, elapsed time = 15ms 
Thread 181 is finished, elapsed time = 46ms 
Thread 40 is finished, elapsed time = 29ms 
Thread 178 is finished, elapsed time = 48ms 
Thread 180 is finished, elapsed time = 48ms 
Thread 167 is finished, elapsed time = 50ms 
Thread 41 is finished, elapsed time = 24ms 
Thread 166 is finished, elapsed time = 51ms 
Thread 47 is finished, elapsed time = 35ms 
Thread 169 is finished, elapsed time = 51ms 
Thread 175 is finished, elapsed time = 51ms 
Thread 182 is finished, elapsed time = 50ms 
Thread 4 is finished, elapsed time = 65ms 
Thread 42 is finished, elapsed time = 15ms 
Thread 165 is finished, elapsed time = 54ms 
Thread 34 is finished, elapsed time = 60ms 
Thread 176 is finished, elapsed time = 54ms 
Thread 174 is finished, elapsed time = 55ms 
Thread 171 is finished, elapsed time = 56ms 
Thread 168 is finished, elapsed time = 56ms 
Thread 48 is finished, elapsed time = 34ms 
Thread 50 is finished, elapsed time = 18ms 
Thread 162 is finished, elapsed time = 57ms 
Thread 28 is finished, elapsed time = 67ms 
Thread 108 is finished, elapsed time = 51ms 
Thread 93 is finished, elapsed time = 64ms 
Thread 109 is finished, elapsed time = 48ms 
Thread 56 is finished, elapsed time = 31ms 
Thread 44 is finished, elapsed time = 34ms 
Thread 128 is finished, elapsed time = 33ms 
Thread 49 is finished, elapsed time = 30ms 
Thread 54 is finished, elapsed time = 38ms 
Thread 38 is finished, elapsed time = 42ms 
Thread 57 is finished, elapsed time = 34ms 
Thread 72 is finished, elapsed time = 38ms 
Thread 61 is finished, elapsed time = 44ms 
Thread 39 is finished, elapsed time = 38ms 
Thread 127 is finished, elapsed time = 37ms 
Thread 134 is finished, elapsed time = 47ms 
Thread 43 is finished, elapsed time = 49ms 
Thread 177 is finished, elapsed time = 66ms 
Thread 53 is finished, elapsed time = 51ms 
Thread 97 is finished, elapsed time = 40ms 
Thread 45 is finished, elapsed time = 37ms 
Thread 46 is finished, elapsed time = 30ms 
Thread 58 is finished, elapsed time = 46ms 
Thread 151 is finished, elapsed time = 54ms 
Thread 16 is finished, elapsed time = 85ms 
Thread 145 is finished, elapsed time = 68ms 
Thread 129 is finished, elapsed time = 47ms 
Thread 55 is finished, elapsed time = 48ms 
Thread 179 is finished, elapsed time = 74ms 
Thread 164 is finished, elapsed time = 77ms 
Thread 173 is finished, elapsed time = 76ms 
Thread 172 is finished, elapsed time = 77ms 
Thread 152 is finished, elapsed time = 55ms 
Thread 170 is finished, elapsed time = 78ms 
Thread 125 is finished, elapsed time = 54ms 
Thread 144 is finished, elapsed time = 76ms 
Thread 135 is finished, elapsed time = 53ms 
Thread 147 is finished, elapsed time = 66ms 
Thread 90 is finished, elapsed time = 66ms 
Thread 36 is finished, elapsed time = 60ms 
Thread 37 is finished, elapsed time = 47ms 
Thread 59 is finished, elapsed time = 55ms 
Thread 75 is finished, elapsed time = 74ms 
Thread 86 is finished, elapsed time = 51ms 
Thread 157 is finished, elapsed time = 60ms 
Thread 126 is finished, elapsed time = 52ms 
Thread 187 is finished, elapsed time = 79ms 
Thread 148 is finished, elapsed time = 61ms 
Thread 158 is finished, elapsed time = 50ms 
Thread 60 is finished, elapsed time = 43ms 
Thread 87 is finished, elapsed time = 51ms 
Thread 88 is finished, elapsed time = 79ms 
Thread 91 is finished, elapsed time = 69ms 
Thread 120 is finished, elapsed time = 81ms 
Thread 183 is finished, elapsed time = 85ms 
Thread 74 is finished, elapsed time = 42ms 
Thread 35 is finished, elapsed time = 70ms 
Thread 99 is finished, elapsed time = 82ms 
Thread 89 is finished, elapsed time = 78ms 
Thread 68 is finished, elapsed time = 66ms 
Thread 70 is finished, elapsed time = 66ms 
Thread 100 is finished, elapsed time = 80ms 
Thread 163 is finished, elapsed time = 92ms 
Thread 112 is finished, elapsed time = 70ms 
Thread 121 is finished, elapsed time = 82ms 
Thread 85 is finished, elapsed time = 66ms 
Thread 130 is finished, elapsed time = 67ms 
Thread 142 is finished, elapsed time = 85ms 
Thread 146 is finished, elapsed time = 83ms 
Thread 124 is finished, elapsed time = 72ms 
Thread 92 is finished, elapsed time = 72ms 
Thread 96 is finished, elapsed time = 69ms 
Thread 105 is finished, elapsed time = 61ms 
Thread 98 is finished, elapsed time = 62ms 
Thread 131 is finished, elapsed time = 55ms 
Thread 143 is finished, elapsed time = 76ms 
Thread 154 is finished, elapsed time = 76ms 
Thread 156 is finished, elapsed time = 86ms 
Thread 123 is finished, elapsed time = 81ms 
Thread 153 is finished, elapsed time = 88ms 
Thread 113 is finished, elapsed time = 76ms 
Thread 132 is finished, elapsed time = 95ms 
Thread 64 is finished, elapsed time = 78ms 
Thread 101 is finished, elapsed time = 86ms 
Thread 155 is finished, elapsed time = 66ms 
Thread 122 is finished, elapsed time = 86ms 
Thread 150 is finished, elapsed time = 86ms 
Thread 83 is finished, elapsed time = 83ms 
Thread 114 is finished, elapsed time = 72ms 
Thread 104 is finished, elapsed time = 76ms 
Thread 137 is finished, elapsed time = 73ms 
Thread 78 is finished, elapsed time = 73ms 
Thread 102 is finished, elapsed time = 85ms 
Thread 117 is finished, elapsed time = 63ms 
Thread 133 is finished, elapsed time = 93ms 
Thread 84 is finished, elapsed time = 82ms 
Thread 188 is finished, elapsed time = 102ms 
Thread 81 is finished, elapsed time = 99ms 
Thread 82 is finished, elapsed time = 92ms 
Thread 161 is finished, elapsed time = 77ms 
Thread 103 is finished, elapsed time = 85ms 
Thread 106 is finished, elapsed time = 77ms 
Thread 79 is finished, elapsed time = 71ms 
Thread 118 is finished, elapsed time = 78ms 
Thread 110 is finished, elapsed time = 96ms 
Thread 140 is finished, elapsed time = 100ms 
Thread 116 is finished, elapsed time = 73ms 
Thread 141 is finished, elapsed time = 85ms 
Thread 111 is finished, elapsed time = 93ms 
Thread 67 is finished, elapsed time = 69ms 
Thread 76 is finished, elapsed time = 99ms 
Thread 80 is finished, elapsed time = 70ms 
Thread 107 is finished, elapsed time = 68ms 
Thread 115 is finished, elapsed time = 80ms 
Thread 159 is finished, elapsed time = 108ms 
Thread 136 is finished, elapsed time = 100ms 
Thread 73 is finished, elapsed time = 81ms 
Thread 119 is finished, elapsed time = 69ms 
Thread 138 is finished, elapsed time = 104ms 
Thread 65 is finished, elapsed time = 86ms 
Thread 160 is finished, elapsed time = 98ms 
Thread 69 is finished, elapsed time = 78ms 
Thread 71 is finished, elapsed time = 79ms 
Thread 63 is finished, elapsed time = 100ms 
Thread 139 is finished, elapsed time = 92ms 
Thread 62 is finished, elapsed time = 104ms 
Thread 66 is finished, elapsed time = 89ms 
Thread 77 is finished, elapsed time = 100ms 
There are 131131744 odd rank idempotents, elapsed time = 156ms 
Total elapsed time = 302ms 
413893789
