Counting even rank Motzkin idempotents . . .
Number of weight 0 Motzkin words is 41835
Processing Motzkin words, elapsed time = 27ms 
Motzkin words use ~ 1.11674 MB
Using 190 / 192 threads
Thread 0 is finished, elapsed time = 330ms 
Thread 4 is finished, elapsed time = 420ms 
Thread 3 is finished, elapsed time = 444ms 
Thread 8 is finished, elapsed time = 475ms 
Thread 58 is finished, elapsed time = 476ms 
Thread 42 is finished, elapsed time = 491ms 
Thread 20 is finished, elapsed time = 504ms 
Thread 11 is finished, elapsed time = 521ms 
Thread 56 is finished, elapsed time = 515ms 
Thread 46 is finished, elapsed time = 528ms 
Thread 31 is finished, elapsed time = 532ms 
Thread 30 is finished, elapsed time = 533ms 
Thread 17 is finished, elapsed time = 540ms 
Thread 18 is finished, elapsed time = 545ms 
Thread 45 is finished, elapsed time = 545ms 
Thread 12 is finished, elapsed time = 552ms 
Thread 34 is finished, elapsed time = 577ms 
Thread 74 is finished, elapsed time = 573ms 
Thread 6 is finished, elapsed time = 597ms 
Thread 40 is finished, elapsed time = 599ms 
Thread 54 is finished, elapsed time = 605ms 
Thread 32 is finished, elapsed time = 643ms 
Thread 120 is finished, elapsed time = 578ms 
Thread 59 is finished, elapsed time = 637ms 
Thread 5 is finished, elapsed time = 652ms 
Thread 24 is finished, elapsed time = 651ms 
Thread 51 is finished, elapsed time = 653ms 
Thread 50 is finished, elapsed time = 657ms 
Thread 7 is finished, elapsed time = 663ms 
Thread 93 is finished, elapsed time = 628ms 
Thread 57 is finished, elapsed time = 657ms 
Thread 2 is finished, elapsed time = 677ms 
Thread 39 is finished, elapsed time = 674ms 
Thread 121 is finished, elapsed time = 608ms 
Thread 10 is finished, elapsed time = 681ms 
Thread 143 is finished, elapsed time = 585ms 
Thread 77 is finished, elapsed time = 664ms 
Thread 81 is finished, elapsed time = 661ms 
Thread 76 is finished, elapsed time = 668ms 
Thread 80 is finished, elapsed time = 665ms 
Thread 26 is finished, elapsed time = 688ms 
Thread 96 is finished, elapsed time = 654ms 
Thread 106 is finished, elapsed time = 651ms 
Thread 89 is finished, elapsed time = 678ms 
Thread 29 is finished, elapsed time = 707ms 
Thread 165 is finished, elapsed time = 583ms 
Thread 182 is finished, elapsed time = 558ms 
Thread 144 is finished, elapsed time = 615ms 
Thread 164 is finished, elapsed time = 588ms 
Thread 183 is finished, elapsed time = 561ms 
Thread 38 is finished, elapsed time = 712ms 
Thread 83 is finished, elapsed time = 698ms 
Thread 43 is finished, elapsed time = 730ms 
Thread 107 is finished, elapsed time = 680ms 
Thread 85 is finished, elapsed time = 705ms 
Thread 125 is finished, elapsed time = 664ms 
Thread 113 is finished, elapsed time = 694ms 
Thread 109 is finished, elapsed time = 699ms 
Thread 154 is finished, elapsed time = 648ms 
Thread 84 is finished, elapsed time = 715ms 
Thread 157 is finished, elapsed time = 645ms 
Thread 90 is finished, elapsed time = 731ms 
Thread 49 is finished, elapsed time = 759ms 
Thread 129 is finished, elapsed time = 683ms 
Thread 112 is finished, elapsed time = 705ms 
Thread 126 is finished, elapsed time = 691ms 
Thread 124 is finished, elapsed time = 696ms 
Thread 64 is finished, elapsed time = 747ms 
Thread 16 is finished, elapsed time = 772ms 
Thread 156 is finished, elapsed time = 638ms 
Thread 132 is finished, elapsed time = 691ms 
Thread 161 is finished, elapsed time = 657ms 
Thread 108 is finished, elapsed time = 723ms 
Thread 133 is finished, elapsed time = 697ms 
Thread 70 is finished, elapsed time = 754ms 
Thread 68 is finished, elapsed time = 770ms 
Thread 189 is finished, elapsed time = 594ms 
Thread 162 is finished, elapsed time = 668ms 
Thread 130 is finished, elapsed time = 708ms 
Thread 47 is finished, elapsed time = 788ms 
Thread 171 is finished, elapsed time = 656ms 
Thread 87 is finished, elapsed time = 766ms 
Thread 151 is finished, elapsed time = 692ms 
Thread 69 is finished, elapsed time = 771ms 
Thread 155 is finished, elapsed time = 695ms 
Thread 179 is finished, elapsed time = 659ms 
Thread 82 is finished, elapsed time = 783ms 
Thread 110 is finished, elapsed time = 752ms 
Thread 99 is finished, elapsed time = 769ms 
Thread 173 is finished, elapsed time = 673ms 
Thread 67 is finished, elapsed time = 802ms 
Thread 174 is finished, elapsed time = 673ms 
Thread 60 is finished, elapsed time = 810ms 
Thread 146 is finished, elapsed time = 719ms 
Thread 88 is finished, elapsed time = 790ms 
Thread 9 is finished, elapsed time = 821ms 
Thread 86 is finished, elapsed time = 795ms 
Thread 131 is finished, elapsed time = 740ms 
Thread 178 is finished, elapsed time = 677ms 
Thread 98 is finished, elapsed time = 782ms 
Thread 128 is finished, elapsed time = 731ms 
Thread 158 is finished, elapsed time = 721ms 
Thread 187 is finished, elapsed time = 667ms 
Thread 111 is finished, elapsed time = 780ms 
Thread 102 is finished, elapsed time = 791ms 
Thread 172 is finished, elapsed time = 702ms 
Thread 153 is finished, elapsed time = 734ms 
Thread 160 is finished, elapsed time = 725ms 
Thread 168 is finished, elapsed time = 712ms 
Thread 159 is finished, elapsed time = 733ms 
Thread 122 is finished, elapsed time = 784ms 
Thread 141 is finished, elapsed time = 753ms 
Thread 188 is finished, elapsed time = 671ms 
Thread 33 is finished, elapsed time = 858ms 
Thread 145 is finished, elapsed time = 765ms 
Thread 176 is finished, elapsed time = 721ms 
Thread 177 is finished, elapsed time = 721ms 
Thread 175 is finished, elapsed time = 725ms 
Thread 170 is finished, elapsed time = 740ms 
Thread 184 is finished, elapsed time = 725ms 
Thread 166 is finished, elapsed time = 756ms 
Thread 48 is finished, elapsed time = 882ms 
Thread 61 is finished, elapsed time = 890ms 
Thread 119 is finished, elapsed time = 857ms 
Thread 78 is finished, elapsed time = 912ms 
Thread 62 is finished, elapsed time = 908ms 
Thread 63 is finished, elapsed time = 917ms 
Thread 21 is finished, elapsed time = 958ms 
Thread 1 is finished, elapsed time = 965ms 
Thread 127 is finished, elapsed time = 888ms 
Thread 28 is finished, elapsed time = 958ms 
Thread 25 is finished, elapsed time = 973ms 
Thread 35 is finished, elapsed time = 976ms 
Thread 13 is finished, elapsed time = 985ms 
Thread 72 is finished, elapsed time = 972ms 
Thread 138 is finished, elapsed time = 893ms 
Thread 19 is finished, elapsed time = 987ms 
Thread 139 is finished, elapsed time = 880ms 
Thread 22 is finished, elapsed time = 1013ms 
Thread 52 is finished, elapsed time = 1010ms 
Thread 92 is finished, elapsed time = 982ms 
Thread 36 is finished, elapsed time = 1015ms 
Thread 116 is finished, elapsed time = 956ms 
Thread 117 is finished, elapsed time = 952ms 
Thread 73 is finished, elapsed time = 997ms 
Thread 94 is finished, elapsed time = 987ms 
Thread 41 is finished, elapsed time = 1013ms 
Thread 23 is finished, elapsed time = 1029ms 
Thread 134 is finished, elapsed time = 947ms 
Thread 185 is finished, elapsed time = 877ms 
Thread 118 is finished, elapsed time = 949ms 
Thread 140 is finished, elapsed time = 932ms 
Thread 75 is finished, elapsed time = 1021ms 
Thread 44 is finished, elapsed time = 1035ms 
Thread 123 is finished, elapsed time = 966ms 
Thread 105 is finished, elapsed time = 989ms 
Thread 55 is finished, elapsed time = 1037ms 
Thread 136 is finished, elapsed time = 954ms 
Thread 97 is finished, elapsed time = 1006ms 
Thread 115 is finished, elapsed time = 985ms 
Thread 142 is finished, elapsed time = 931ms 
Thread 15 is finished, elapsed time = 1054ms 
Thread 14 is finished, elapsed time = 1055ms 
Thread 163 is finished, elapsed time = 932ms 
Thread 104 is finished, elapsed time = 999ms 
Thread 103 is finished, elapsed time = 998ms 
Thread 71 is finished, elapsed time = 1035ms 
Thread 150 is finished, elapsed time = 955ms 
Thread 95 is finished, elapsed time = 1022ms 
Thread 186 is finished, elapsed time = 902ms 
Thread 180 is finished, elapsed time = 911ms 
Thread 137 is finished, elapsed time = 969ms 
Thread 167 is finished, elapsed time = 933ms 
Thread 53 is finished, elapsed time = 1072ms 
Thread 27 is finished, elapsed time = 1076ms 
Thread 66 is finished, elapsed time = 1059ms 
Thread 37 is finished, elapsed time = 1079ms 
Thread 65 is finished, elapsed time = 1066ms 
Thread 91 is finished, elapsed time = 1054ms 
Thread 135 is finished, elapsed time = 1000ms 
Thread 79 is finished, elapsed time = 1067ms 
Thread 148 is finished, elapsed time = 977ms 
Thread 114 is finished, elapsed time = 1026ms 
Thread 147 is finished, elapsed time = 989ms 
Thread 100 is finished, elapsed time = 1047ms 
Thread 101 is finished, elapsed time = 1050ms 
Thread 152 is finished, elapsed time = 994ms 
Thread 149 is finished, elapsed time = 957ms 
Thread 181 is finished, elapsed time = 954ms 
Thread 169 is finished, elapsed time = 996ms 
There are 2046194295 even rank idempotents, elapsed time = 1161ms 
Counting odd rank Motzkin idempotents . . .
Number of weight 1 Motzkin words is 71799
Processing Motzkin words, elapsed time = 51ms 
Motzkin words use ~ 1.99088 MB
Using 190 / 192 threads
Thread 26 is finished, elapsed time = 291ms 
Thread 31 is finished, elapsed time = 295ms 
Thread 25 is finished, elapsed time = 311ms 
Thread 2 is finished, elapsed time = 320ms 
Thread 10 is finished, elapsed time = 319ms 
Thread 98 is finished, elapsed time = 323ms 
Thread 28 is finished, elapsed time = 343ms 
Thread 4 is finished, elapsed time = 354ms 
Thread 160 is finished, elapsed time = 348ms 
Thread 13 is finished, elapsed time = 367ms 
Thread 3 is finished, elapsed time = 370ms 
Thread 12 is finished, elapsed time = 376ms 
Thread 131 is finished, elapsed time = 372ms 
Thread 18 is finished, elapsed time = 384ms 
Thread 180 is finished, elapsed time = 369ms 
Thread 5 is finished, elapsed time = 393ms 
Thread 140 is finished, elapsed time = 389ms 
Thread 100 is finished, elapsed time = 402ms 
Thread 178 is finished, elapsed time = 389ms 
Thread 99 is finished, elapsed time = 402ms 
Thread 6 is finished, elapsed time = 415ms 
Thread 181 is finished, elapsed time = 403ms 
Thread 150 is finished, elapsed time = 415ms 
Thread 135 is finished, elapsed time = 426ms 
Thread 144 is finished, elapsed time = 432ms 
Thread 179 is finished, elapsed time = 439ms 
Thread 171 is finished, elapsed time = 447ms 
Thread 15 is finished, elapsed time = 468ms 
Thread 22 is finished, elapsed time = 471ms 
Thread 21 is finished, elapsed time = 472ms 
Thread 142 is finished, elapsed time = 463ms 
Thread 143 is finished, elapsed time = 465ms 
Thread 29 is finished, elapsed time = 478ms 
Thread 147 is finished, elapsed time = 471ms 
Thread 165 is finished, elapsed time = 478ms 
Thread 152 is finished, elapsed time = 484ms 
Thread 189 is finished, elapsed time = 467ms 
Thread 109 is finished, elapsed time = 458ms 
Thread 149 is finished, elapsed time = 505ms 
Thread 0 is finished, elapsed time = 520ms 
Thread 32 is finished, elapsed time = 517ms 
Thread 97 is finished, elapsed time = 520ms 
Thread 27 is finished, elapsed time = 535ms 
Thread 44 is finished, elapsed time = 497ms 
Thread 30 is finished, elapsed time = 539ms 
Thread 159 is finished, elapsed time = 540ms 
Thread 156 is finished, elapsed time = 542ms 
Thread 184 is finished, elapsed time = 534ms 
Thread 9 is finished, elapsed time = 572ms 
Thread 11 is finished, elapsed time = 573ms 
Thread 17 is finished, elapsed time = 565ms 
Thread 16 is finished, elapsed time = 575ms 
Thread 183 is finished, elapsed time = 553ms 
Thread 42 is finished, elapsed time = 543ms 
Thread 34 is finished, elapsed time = 568ms 
Thread 24 is finished, elapsed time = 577ms 
Thread 153 is finished, elapsed time = 571ms 
Thread 117 is finished, elapsed time = 541ms 
Thread 14 is finished, elapsed time = 591ms 
Thread 50 is finished, elapsed time = 546ms 
Thread 74 is finished, elapsed time = 546ms 
Thread 145 is finished, elapsed time = 576ms 
Thread 45 is finished, elapsed time = 557ms 
Thread 96 is finished, elapsed time = 585ms 
Thread 136 is finished, elapsed time = 593ms 
Thread 53 is finished, elapsed time = 543ms 
Thread 130 is finished, elapsed time = 597ms 
Thread 1 is finished, elapsed time = 612ms 
Thread 47 is finished, elapsed time = 554ms 
Thread 46 is finished, elapsed time = 564ms 
Thread 124 is finished, elapsed time = 586ms 
Thread 125 is finished, elapsed time = 578ms 
Thread 43 is finished, elapsed time = 585ms 
Thread 139 is finished, elapsed time = 613ms 
Thread 182 is finished, elapsed time = 602ms 
Thread 48 is finished, elapsed time = 584ms 
Thread 121 is finished, elapsed time = 620ms 
Thread 116 is finished, elapsed time = 593ms 
Thread 122 is finished, elapsed time = 618ms 
Thread 186 is finished, elapsed time = 610ms 
Thread 20 is finished, elapsed time = 638ms 
Thread 19 is finished, elapsed time = 642ms 
Thread 36 is finished, elapsed time = 572ms 
Thread 35 is finished, elapsed time = 584ms 
Thread 154 is finished, elapsed time = 641ms 
Thread 49 is finished, elapsed time = 610ms 
Thread 71 is finished, elapsed time = 630ms 
Thread 146 is finished, elapsed time = 645ms 
Thread 7 is finished, elapsed time = 665ms 
Thread 161 is finished, elapsed time = 647ms 
Thread 59 is finished, elapsed time = 588ms 
Thread 91 is finished, elapsed time = 641ms 
Thread 86 is finished, elapsed time = 630ms 
Thread 94 is finished, elapsed time = 630ms 
Thread 158 is finished, elapsed time = 665ms 
Thread 176 is finished, elapsed time = 663ms 
Thread 163 is finished, elapsed time = 670ms 
Thread 157 is finished, elapsed time = 685ms 
Thread 70 is finished, elapsed time = 689ms 
Thread 151 is finished, elapsed time = 696ms 
Thread 172 is finished, elapsed time = 692ms 
Thread 67 is finished, elapsed time = 644ms 
Thread 175 is finished, elapsed time = 695ms 
Thread 167 is finished, elapsed time = 699ms 
Thread 95 is finished, elapsed time = 669ms 
Thread 187 is finished, elapsed time = 690ms 
Thread 164 is finished, elapsed time = 707ms 
Thread 33 is finished, elapsed time = 715ms 
Thread 177 is finished, elapsed time = 708ms 
Thread 92 is finished, elapsed time = 693ms 
Thread 127 is finished, elapsed time = 715ms 
Thread 170 is finished, elapsed time = 719ms 
Thread 141 is finished, elapsed time = 727ms 
Thread 93 is finished, elapsed time = 701ms 
Thread 132 is finished, elapsed time = 718ms 
Thread 113 is finished, elapsed time = 710ms 
Thread 80 is finished, elapsed time = 682ms 
Thread 155 is finished, elapsed time = 729ms 
Thread 185 is finished, elapsed time = 716ms 
Thread 73 is finished, elapsed time = 699ms 
Thread 64 is finished, elapsed time = 699ms 
Thread 123 is finished, elapsed time = 719ms 
Thread 85 is finished, elapsed time = 708ms 
Thread 72 is finished, elapsed time = 716ms 
Thread 66 is finished, elapsed time = 698ms 
Thread 137 is finished, elapsed time = 729ms 
Thread 77 is finished, elapsed time = 718ms 
Thread 112 is finished, elapsed time = 726ms 
Thread 51 is finished, elapsed time = 702ms 
Thread 105 is finished, elapsed time = 720ms 
Thread 126 is finished, elapsed time = 741ms 
Thread 68 is finished, elapsed time = 720ms 
Thread 87 is finished, elapsed time = 716ms 
Thread 103 is finished, elapsed time = 735ms 
Thread 90 is finished, elapsed time = 740ms 
Thread 75 is finished, elapsed time = 750ms 
Thread 62 is finished, elapsed time = 732ms 
Thread 79 is finished, elapsed time = 722ms 
Thread 174 is finished, elapsed time = 755ms 
Thread 63 is finished, elapsed time = 732ms 
Thread 102 is finished, elapsed time = 748ms 
Thread 58 is finished, elapsed time = 711ms 
Thread 104 is finished, elapsed time = 744ms 
Thread 84 is finished, elapsed time = 746ms 
Thread 169 is finished, elapsed time = 764ms 
Thread 162 is finished, elapsed time = 768ms 
Thread 88 is finished, elapsed time = 763ms 
Thread 89 is finished, elapsed time = 760ms 
Thread 134 is finished, elapsed time = 773ms 
Thread 166 is finished, elapsed time = 769ms 
Thread 52 is finished, elapsed time = 730ms 
Thread 23 is finished, elapsed time = 787ms 
Thread 168 is finished, elapsed time = 775ms 
Thread 81 is finished, elapsed time = 771ms 
Thread 83 is finished, elapsed time = 761ms 
Thread 56 is finished, elapsed time = 725ms 
Thread 101 is finished, elapsed time = 770ms 
Thread 148 is finished, elapsed time = 782ms 
Thread 65 is finished, elapsed time = 745ms 
Thread 188 is finished, elapsed time = 770ms 
Thread 76 is finished, elapsed time = 774ms 
Thread 61 is finished, elapsed time = 766ms 
Thread 60 is finished, elapsed time = 773ms 
Thread 110 is finished, elapsed time = 784ms 
Thread 114 is finished, elapsed time = 770ms 
Thread 111 is finished, elapsed time = 782ms 
Thread 8 is finished, elapsed time = 805ms 
Thread 128 is finished, elapsed time = 773ms 
Thread 78 is finished, elapsed time = 770ms 
Thread 54 is finished, elapsed time = 746ms 
Thread 57 is finished, elapsed time = 730ms 
Thread 173 is finished, elapsed time = 796ms 
Thread 82 is finished, elapsed time = 788ms 
Thread 115 is finished, elapsed time = 788ms 
Thread 120 is finished, elapsed time = 770ms 
Thread 138 is finished, elapsed time = 822ms 
Thread 106 is finished, elapsed time = 793ms 
Thread 108 is finished, elapsed time = 790ms 
Thread 107 is finished, elapsed time = 805ms 
Thread 69 is finished, elapsed time = 812ms 
Thread 129 is finished, elapsed time = 847ms 
Thread 55 is finished, elapsed time = 863ms 
Thread 133 is finished, elapsed time = 858ms 
Thread 119 is finished, elapsed time = 816ms 
Thread 118 is finished, elapsed time = 827ms 
Thread 40 is finished, elapsed time = 864ms 
Thread 41 is finished, elapsed time = 884ms 
Thread 37 is finished, elapsed time = 912ms 
Thread 38 is finished, elapsed time = 898ms 
Thread 39 is finished, elapsed time = 925ms 
There are 934294961 odd rank idempotents, elapsed time = 1016ms 
Total elapsed time = 2177ms 
2980489256
