Counting even rank Motzkin idempotents . . .
Number of weight 0 Motzkin words is 4
Processing Motzkin words, elapsed time = 9285ns 
Motzkin words use ~ 21 bytes
Using 190 / 192 threads
Thread 0 is finished, elapsed time = 39μs 
Thread 1 is finished, elapsed time = 7163ns 
Thread 2 is finished, elapsed time = 3199ns 
Thread 3 is finished, elapsed time = 2461ns 
Thread 4 is finished, elapsed time = 4715ns 
Thread 5 is finished, elapsed time = 1768ns 
Thread 6 is finished, elapsed time = 2262ns 
Thread 7 is finished, elapsed time = 1689ns 
Thread 8 is finished, elapsed time = 4254ns 
Thread 9 is finished, elapsed time = 1707ns 
Thread 10 is finished, elapsed time = 2192ns 
Thread 11 is finished, elapsed time = 1636ns 
Thread 12 is finished, elapsed time = 4572ns 
Thread 13 is finished, elapsed time = 1659ns 
Thread 14 is finished, elapsed time = 2014ns 
Thread 15 is finished, elapsed time = 1665ns 
Thread 16 is finished, elapsed time = 4916ns 
Thread 17 is finished, elapsed time = 1664ns 
Thread 18 is finished, elapsed time = 1939ns 
Thread 19 is finished, elapsed time = 1541ns 
Thread 20 is finished, elapsed time = 5056ns 
Thread 21 is finished, elapsed time = 1463ns 
Thread 22 is finished, elapsed time = 1975ns 
Thread 23 is finished, elapsed time = 2005ns 
Thread 24 is finished, elapsed time = 4377ns 
Thread 25 is finished, elapsed time = 1983ns 
Thread 26 is finished, elapsed time = 1512ns 
Thread 27 is finished, elapsed time = 1940ns 
Thread 28 is finished, elapsed time = 4866ns 
Thread 29 is finished, elapsed time = 1440ns 
Thread 30 is finished, elapsed time = 2062ns 
Thread 31 is finished, elapsed time = 1883ns 
Thread 32 is finished, elapsed time = 4547ns 
Thread 33 is finished, elapsed time = 1981ns 
Thread 34 is finished, elapsed time = 2060ns 
Thread 35 is finished, elapsed time = 1995ns 
Thread 36 is finished, elapsed time = 4627ns 
Thread 37 is finished, elapsed time = 1619ns 
Thread 38 is finished, elapsed time = 2053ns 
Thread 39 is finished, elapsed time = 1436ns 
Thread 40 is finished, elapsed time = 4944ns 
Thread 41 is finished, elapsed time = 1656ns 
Thread 42 is finished, elapsed time = 1898ns 
Thread 43 is finished, elapsed time = 1541ns 
Thread 44 is finished, elapsed time = 4830ns 
Thread 45 is finished, elapsed time = 1576ns 
Thread 46 is finished, elapsed time = 2051ns 
Thread 47 is finished, elapsed time = 1692ns 
Thread 48 is finished, elapsed time = 5166ns 
Thread 49 is finished, elapsed time = 1484ns 
Thread 50 is finished, elapsed time = 1841ns 
Thread 51 is finished, elapsed time = 1459ns 
Thread 52 is finished, elapsed time = 5035ns 
Thread 53 is finished, elapsed time = 1684ns 
Thread 54 is finished, elapsed time = 2021ns 
Thread 55 is finished, elapsed time = 2036ns 
Thread 56 is finished, elapsed time = 4264ns 
Thread 57 is finished, elapsed time = 1908ns 
Thread 58 is finished, elapsed time = 1491ns 
Thread 59 is finished, elapsed time = 2086ns 
Thread 60 is finished, elapsed time = 4559ns 
Thread 61 is finished, elapsed time = 1806ns 
Thread 62 is finished, elapsed time = 1592ns 
Thread 63 is finished, elapsed time = 1822ns 
Thread 64 is finished, elapsed time = 5236ns 
Thread 65 is finished, elapsed time = 2023ns 
Thread 66 is finished, elapsed time = 1832ns 
Thread 67 is finished, elapsed time = 1652ns 
Thread 68 is finished, elapsed time = 4739ns 
Thread 69 is finished, elapsed time = 1812ns 
Thread 70 is finished, elapsed time = 1756ns 
Thread 71 is finished, elapsed time = 1756ns 
Thread 72 is finished, elapsed time = 4807ns 
Thread 73 is finished, elapsed time = 1607ns 
Thread 74 is finished, elapsed time = 2161ns 
Thread 75 is finished, elapsed time = 1576ns 
Thread 76 is finished, elapsed time = 5277ns 
Thread 77 is finished, elapsed time = 1963ns 
Thread 78 is finished, elapsed time = 1913ns 
Thread 79 is finished, elapsed time = 1971ns 
Thread 80 is finished, elapsed time = 4995ns 
Thread 81 is finished, elapsed time = 1617ns 
Thread 82 is finished, elapsed time = 1955ns 
Thread 83 is finished, elapsed time = 1410ns 
Thread 84 is finished, elapsed time = 5221ns 
Thread 85 is finished, elapsed time = 1643ns 
Thread 86 is finished, elapsed time = 2015ns 
Thread 87 is finished, elapsed time = 1455ns 
Thread 88 is finished, elapsed time = 4967ns 
Thread 89 is finished, elapsed time = 1646ns 
Thread 90 is finished, elapsed time = 1898ns 
Thread 91 is finished, elapsed time = 1580ns 
Thread 92 is finished, elapsed time = 5305ns 
Thread 93 is finished, elapsed time = 1567ns 
Thread 94 is finished, elapsed time = 2066ns 
Thread 95 is finished, elapsed time = 1591ns 
Thread 96 is finished, elapsed time = 4611ns 
Thread 97 is finished, elapsed time = 1613ns 
Thread 98 is finished, elapsed time = 2039ns 
Thread 99 is finished, elapsed time = 1550ns 
Thread 100 is finished, elapsed time = 5385ns 
Thread 101 is finished, elapsed time = 1605ns 
Thread 102 is finished, elapsed time = 2012ns 
Thread 103 is finished, elapsed time = 1523ns 
Thread 104 is finished, elapsed time = 5209ns 
Thread 105 is finished, elapsed time = 1537ns 
Thread 106 is finished, elapsed time = 2051ns 
Thread 107 is finished, elapsed time = 1637ns 
Thread 108 is finished, elapsed time = 5412ns 
Thread 109 is finished, elapsed time = 1559ns 
Thread 110 is finished, elapsed time = 1943ns 
Thread 111 is finished, elapsed time = 1567ns 
Thread 112 is finished, elapsed time = 5353ns 
Thread 113 is finished, elapsed time = 1660ns 
Thread 114 is finished, elapsed time = 1953ns 
Thread 115 is finished, elapsed time = 1678ns 
Thread 116 is finished, elapsed time = 4703ns 
Thread 117 is finished, elapsed time = 56μs 
Thread 118 is finished, elapsed time = 2026ns 
Thread 119 is finished, elapsed time = 1935ns 
Thread 120 is finished, elapsed time = 4687ns 
Thread 121 is finished, elapsed time = 1602ns 
Thread 122 is finished, elapsed time = 1913ns 
Thread 123 is finished, elapsed time = 1494ns 
Thread 124 is finished, elapsed time = 4699ns 
Thread 125 is finished, elapsed time = 1508ns 
Thread 126 is finished, elapsed time = 1896ns 
Thread 127 is finished, elapsed time = 1549ns 
Thread 128 is finished, elapsed time = 4908ns 
Thread 129 is finished, elapsed time = 1603ns 
Thread 130 is finished, elapsed time = 1967ns 
Thread 131 is finished, elapsed time = 1617ns 
Thread 132 is finished, elapsed time = 5034ns 
Thread 133 is finished, elapsed time = 1637ns 
Thread 134 is finished, elapsed time = 2000ns 
Thread 135 is finished, elapsed time = 1635ns 
Thread 136 is finished, elapsed time = 4343ns 
Thread 137 is finished, elapsed time = 1492ns 
Thread 138 is finished, elapsed time = 1908ns 
Thread 139 is finished, elapsed time = 1562ns 
Thread 140 is finished, elapsed time = 5941ns 
Thread 141 is finished, elapsed time = 1559ns 
Thread 142 is finished, elapsed time = 1971ns 
Thread 143 is finished, elapsed time = 1641ns 
Thread 144 is finished, elapsed time = 7722ns 
Thread 145 is finished, elapsed time = 1783ns 
Thread 146 is finished, elapsed time = 1992ns 
Thread 147 is finished, elapsed time = 1850ns 
Thread 148 is finished, elapsed time = 5680ns 
Thread 149 is finished, elapsed time = 1532ns 
Thread 150 is finished, elapsed time = 2012ns 
Thread 151 is finished, elapsed time = 1523ns 
Thread 152 is finished, elapsed time = 4996ns 
Thread 153 is finished, elapsed time = 1559ns 
Thread 154 is finished, elapsed time = 2190ns 
Thread 155 is finished, elapsed time = 1477ns 
Thread 156 is finished, elapsed time = 4193ns 
Thread 157 is finished, elapsed time = 1557ns 
Thread 158 is finished, elapsed time = 1959ns 
Thread 159 is finished, elapsed time = 1523ns 
Thread 160 is finished, elapsed time = 4617ns 
Thread 161 is finished, elapsed time = 1569ns 
Thread 162 is finished, elapsed time = 2017ns 
Thread 163 is finished, elapsed time = 1573ns 
Thread 164 is finished, elapsed time = 4709ns 
Thread 165 is finished, elapsed time = 1627ns 
Thread 166 is finished, elapsed time = 1981ns 
Thread 167 is finished, elapsed time = 1584ns 
Thread 168 is finished, elapsed time = 4836ns 
Thread 169 is finished, elapsed time = 1682ns 
Thread 170 is finished, elapsed time = 2090ns 
Thread 171 is finished, elapsed time = 1521ns 
Thread 172 is finished, elapsed time = 5023ns 
Thread 173 is finished, elapsed time = 1632ns 
Thread 174 is finished, elapsed time = 2020ns 
Thread 175 is finished, elapsed time = 1529ns 
Thread 176 is finished, elapsed time = 4869ns 
Thread 177 is finished, elapsed time = 1689ns 
Thread 178 is finished, elapsed time = 2051ns 
Thread 179 is finished, elapsed time = 1525ns 
Thread 180 is finished, elapsed time = 5006ns 
Thread 181 is finished, elapsed time = 1828ns 
Thread 182 is finished, elapsed time = 1869ns 
Thread 183 is finished, elapsed time = 1434ns 
Thread 184 is finished, elapsed time = 5136ns 
Thread 185 is finished, elapsed time = 1487ns 
Thread 186 is finished, elapsed time = 1901ns 
Thread 187 is finished, elapsed time = 1655ns 
Thread 188 is finished, elapsed time = 5797ns 
Thread 189 is finished, elapsed time = 1643ns 
There are 19 even rank idempotents, elapsed time = 31ms 
Counting odd rank Motzkin idempotents . . .
Number of weight 1 Motzkin words is 5
Processing Motzkin words, elapsed time = 11μs 
Motzkin words use ~ 41 bytes
Using 190 / 192 threads
Thread 0 is finished, elapsed time = 2580ns 
Thread 1 is finished, elapsed time = 2961ns 
Thread 2 is finished, elapsed time = 5320ns 
Thread 3 is finished, elapsed time = 2109ns 
Thread 4 is finished, elapsed time = 2693ns 
Thread 5 is finished, elapsed time = 1733ns 
Thread 6 is finished, elapsed time = 4715ns 
Thread 7 is finished, elapsed time = 1593ns 
Thread 8 is finished, elapsed time = 2011ns 
Thread 9 is finished, elapsed time = 1672ns 
Thread 10 is finished, elapsed time = 5019ns 
Thread 11 is finished, elapsed time = 1509ns 
Thread 12 is finished, elapsed time = 2416ns 
Thread 13 is finished, elapsed time = 1664ns 
Thread 14 is finished, elapsed time = 4391ns 
Thread 15 is finished, elapsed time = 1631ns 
Thread 16 is finished, elapsed time = 2066ns 
Thread 17 is finished, elapsed time = 1697ns 
Thread 18 is finished, elapsed time = 4670ns 
Thread 19 is finished, elapsed time = 1503ns 
Thread 20 is finished, elapsed time = 1865ns 
Thread 21 is finished, elapsed time = 1539ns 
Thread 22 is finished, elapsed time = 5039ns 
Thread 23 is finished, elapsed time = 1548ns 
Thread 24 is finished, elapsed time = 2092ns 
Thread 25 is finished, elapsed time = 1533ns 
Thread 26 is finished, elapsed time = 5102ns 
Thread 27 is finished, elapsed time = 1514ns 
Thread 28 is finished, elapsed time = 1953ns 
Thread 29 is finished, elapsed time = 1479ns 
Thread 30 is finished, elapsed time = 4611ns 
Thread 31 is finished, elapsed time = 1551ns 
Thread 32 is finished, elapsed time = 2012ns 
Thread 33 is finished, elapsed time = 1634ns 
Thread 34 is finished, elapsed time = 4556ns 
Thread 35 is finished, elapsed time = 1429ns 
Thread 36 is finished, elapsed time = 2021ns 
Thread 37 is finished, elapsed time = 1606ns 
Thread 38 is finished, elapsed time = 4072ns 
Thread 39 is finished, elapsed time = 1392ns 
Thread 40 is finished, elapsed time = 1853ns 
Thread 41 is finished, elapsed time = 1664ns 
Thread 42 is finished, elapsed time = 5210ns 
Thread 43 is finished, elapsed time = 1843ns 
Thread 44 is finished, elapsed time = 1990ns 
Thread 45 is finished, elapsed time = 1480ns 
Thread 46 is finished, elapsed time = 4964ns 
Thread 47 is finished, elapsed time = 1447ns 
Thread 48 is finished, elapsed time = 1900ns 
Thread 49 is finished, elapsed time = 1400ns 
Thread 50 is finished, elapsed time = 4469ns 
Thread 51 is finished, elapsed time = 1451ns 
Thread 52 is finished, elapsed time = 2031ns 
Thread 53 is finished, elapsed time = 1480ns 
Thread 54 is finished, elapsed time = 4478ns 
Thread 55 is finished, elapsed time = 1625ns 
Thread 56 is finished, elapsed time = 1935ns 
Thread 57 is finished, elapsed time = 1471ns 
Thread 58 is finished, elapsed time = 5160ns 
Thread 59 is finished, elapsed time = 1517ns 
Thread 60 is finished, elapsed time = 1954ns 
Thread 61 is finished, elapsed time = 1435ns 
Thread 62 is finished, elapsed time = 4404ns 
Thread 63 is finished, elapsed time = 1528ns 
Thread 64 is finished, elapsed time = 1971ns 
Thread 65 is finished, elapsed time = 1470ns 
Thread 66 is finished, elapsed time = 4514ns 
Thread 67 is finished, elapsed time = 1543ns 
Thread 68 is finished, elapsed time = 1887ns 
Thread 69 is finished, elapsed time = 1584ns 
Thread 70 is finished, elapsed time = 4494ns 
Thread 71 is finished, elapsed time = 1537ns 
Thread 72 is finished, elapsed time = 1850ns 
Thread 73 is finished, elapsed time = 1666ns 
Thread 74 is finished, elapsed time = 141μs 
Thread 75 is finished, elapsed time = 1424ns 
Thread 76 is finished, elapsed time = 3486ns 
Thread 77 is finished, elapsed time = 1722ns 
Thread 78 is finished, elapsed time = 4568ns 
Thread 79 is finished, elapsed time = 1980ns 
Thread 80 is finished, elapsed time = 1580ns 
Thread 81 is finished, elapsed time = 1834ns 
Thread 82 is finished, elapsed time = 4016ns 
Thread 83 is finished, elapsed time = 1787ns 
Thread 84 is finished, elapsed time = 1492ns 
Thread 85 is finished, elapsed time = 2100ns 
Thread 86 is finished, elapsed time = 4516ns 
Thread 87 is finished, elapsed time = 1911ns 
Thread 88 is finished, elapsed time = 1469ns 
Thread 89 is finished, elapsed time = 1930ns 
Thread 90 is finished, elapsed time = 5332ns 
Thread 91 is finished, elapsed time = 1973ns 
Thread 92 is finished, elapsed time = 1532ns 
Thread 93 is finished, elapsed time = 1921ns 
Thread 94 is finished, elapsed time = 4121ns 
Thread 95 is finished, elapsed time = 1937ns 
Thread 96 is finished, elapsed time = 1486ns 
Thread 97 is finished, elapsed time = 2155ns 
Thread 98 is finished, elapsed time = 4420ns 
Thread 99 is finished, elapsed time = 1822ns 
Thread 100 is finished, elapsed time = 1543ns 
Thread 101 is finished, elapsed time = 2082ns 
Thread 102 is finished, elapsed time = 4115ns 
Thread 103 is finished, elapsed time = 1958ns 
Thread 104 is finished, elapsed time = 1552ns 
Thread 105 is finished, elapsed time = 1979ns 
Thread 106 is finished, elapsed time = 4735ns 
Thread 107 is finished, elapsed time = 2002ns 
Thread 108 is finished, elapsed time = 1615ns 
Thread 109 is finished, elapsed time = 2049ns 
Thread 110 is finished, elapsed time = 4133ns 
Thread 111 is finished, elapsed time = 2076ns 
Thread 112 is finished, elapsed time = 1654ns 
Thread 113 is finished, elapsed time = 2035ns 
Thread 114 is finished, elapsed time = 3883ns 
Thread 115 is finished, elapsed time = 2016ns 
Thread 116 is finished, elapsed time = 1518ns 
Thread 117 is finished, elapsed time = 1889ns 
Thread 118 is finished, elapsed time = 4295ns 
Thread 119 is finished, elapsed time = 1906ns 
Thread 120 is finished, elapsed time = 1590ns 
Thread 121 is finished, elapsed time = 2090ns 
Thread 122 is finished, elapsed time = 4129ns 
Thread 123 is finished, elapsed time = 1887ns 
Thread 124 is finished, elapsed time = 1544ns 
Thread 125 is finished, elapsed time = 2090ns 
Thread 126 is finished, elapsed time = 3850ns 
Thread 127 is finished, elapsed time = 1932ns 
Thread 128 is finished, elapsed time = 1578ns 
Thread 129 is finished, elapsed time = 2074ns 
Thread 130 is finished, elapsed time = 4442ns 
Thread 131 is finished, elapsed time = 1949ns 
Thread 132 is finished, elapsed time = 1655ns 
Thread 133 is finished, elapsed time = 2036ns 
Thread 134 is finished, elapsed time = 3994ns 
Thread 135 is finished, elapsed time = 1887ns 
Thread 136 is finished, elapsed time = 1648ns 
Thread 137 is finished, elapsed time = 1923ns 
Thread 138 is finished, elapsed time = 4360ns 
Thread 139 is finished, elapsed time = 1901ns 
Thread 140 is finished, elapsed time = 1625ns 
Thread 141 is finished, elapsed time = 1867ns 
Thread 142 is finished, elapsed time = 3904ns 
Thread 143 is finished, elapsed time = 2011ns 
Thread 144 is finished, elapsed time = 1566ns 
Thread 145 is finished, elapsed time = 2022ns 
Thread 146 is finished, elapsed time = 5040ns 
Thread 147 is finished, elapsed time = 1885ns 
Thread 148 is finished, elapsed time = 1545ns 
Thread 149 is finished, elapsed time = 1972ns 
Thread 150 is finished, elapsed time = 4489ns 
Thread 151 is finished, elapsed time = 1939ns 
Thread 152 is finished, elapsed time = 1531ns 
Thread 153 is finished, elapsed time = 1867ns 
Thread 154 is finished, elapsed time = 3760ns 
Thread 155 is finished, elapsed time = 2144ns 
Thread 156 is finished, elapsed time = 1543ns 
Thread 157 is finished, elapsed time = 2107ns 
Thread 158 is finished, elapsed time = 4455ns 
Thread 159 is finished, elapsed time = 2055ns 
Thread 160 is finished, elapsed time = 1852ns 
Thread 161 is finished, elapsed time = 2031ns 
Thread 162 is finished, elapsed time = 4637ns 
Thread 163 is finished, elapsed time = 2082ns 
Thread 164 is finished, elapsed time = 1482ns 
Thread 165 is finished, elapsed time = 1994ns 
Thread 166 is finished, elapsed time = 4018ns 
Thread 167 is finished, elapsed time = 1951ns 
Thread 168 is finished, elapsed time = 1546ns 
Thread 169 is finished, elapsed time = 1995ns 
Thread 170 is finished, elapsed time = 4689ns 
Thread 171 is finished, elapsed time = 1965ns 
Thread 172 is finished, elapsed time = 1545ns 
Thread 173 is finished, elapsed time = 2006ns 
Thread 174 is finished, elapsed time = 4178ns 
Thread 175 is finished, elapsed time = 2061ns 
Thread 176 is finished, elapsed time = 1607ns 
Thread 177 is finished, elapsed time = 2182ns 
Thread 178 is finished, elapsed time = 4996ns 
Thread 179 is finished, elapsed time = 1693ns 
Thread 180 is finished, elapsed time = 2020ns 
Thread 181 is finished, elapsed time = 1797ns 
Thread 182 is finished, elapsed time = 5381ns 
Thread 183 is finished, elapsed time = 1587ns 
Thread 184 is finished, elapsed time = 2033ns 
Thread 185 is finished, elapsed time = 1560ns 
Thread 186 is finished, elapsed time = 4928ns 
Thread 187 is finished, elapsed time = 1607ns 
Thread 188 is finished, elapsed time = 2006ns 
Thread 189 is finished, elapsed time = 1672ns 
There are 12 odd rank idempotents, elapsed time = 27ms 
Total elapsed time = 59ms 
31
