Counting even rank Motzkin idempotents . . .
Number of weight 0 Motzkin words is 113634
Processing Motzkin words, elapsed time = 55ms 
Motzkin words use ~ 3.25589 MB
Using 190 / 192 threads
Thread 0 is finished, elapsed time = 4411ms 
Thread 3 is finished, elapsed time = 5007ms 
Thread 1 is finished, elapsed time = 5062ms 
Thread 37 is finished, elapsed time = 5140ms 
Thread 4 is finished, elapsed time = 5147ms 
Thread 21 is finished, elapsed time = 5296ms 
Thread 114 is finished, elapsed time = 5338ms 
Thread 48 is finished, elapsed time = 5377ms 
Thread 9 is finished, elapsed time = 5386ms 
Thread 11 is finished, elapsed time = 5495ms 
Thread 113 is finished, elapsed time = 5546ms 
Thread 30 is finished, elapsed time = 5608ms 
Thread 47 is finished, elapsed time = 5678ms 
Thread 50 is finished, elapsed time = 5723ms 
Thread 24 is finished, elapsed time = 5808ms 
Thread 31 is finished, elapsed time = 5831ms 
Thread 99 is finished, elapsed time = 5815ms 
Thread 8 is finished, elapsed time = 5895ms 
Thread 26 is finished, elapsed time = 5892ms 
Thread 33 is finished, elapsed time = 5916ms 
Thread 121 is finished, elapsed time = 5899ms 
Thread 81 is finished, elapsed time = 5940ms 
Thread 94 is finished, elapsed time = 5951ms 
Thread 116 is finished, elapsed time = 5967ms 
Thread 35 is finished, elapsed time = 6080ms 
Thread 32 is finished, elapsed time = 6082ms 
Thread 95 is finished, elapsed time = 6120ms 
Thread 167 is finished, elapsed time = 6052ms 
Thread 143 is finished, elapsed time = 6108ms 
Thread 125 is finished, elapsed time = 6145ms 
Thread 117 is finished, elapsed time = 6190ms 
Thread 183 is finished, elapsed time = 6074ms 
Thread 66 is finished, elapsed time = 6231ms 
Thread 148 is finished, elapsed time = 6177ms 
Thread 17 is finished, elapsed time = 6267ms 
Thread 101 is finished, elapsed time = 6244ms 
Thread 163 is finished, elapsed time = 6172ms 
Thread 14 is finished, elapsed time = 6296ms 
Thread 92 is finished, elapsed time = 6282ms 
Thread 120 is finished, elapsed time = 6292ms 
Thread 187 is finished, elapsed time = 6191ms 
Thread 172 is finished, elapsed time = 6294ms 
Thread 184 is finished, elapsed time = 6249ms 
Thread 137 is finished, elapsed time = 6362ms 
Thread 107 is finished, elapsed time = 6412ms 
Thread 142 is finished, elapsed time = 6399ms 
Thread 144 is finished, elapsed time = 6409ms 
Thread 141 is finished, elapsed time = 6428ms 
Thread 83 is finished, elapsed time = 6516ms 
Thread 89 is finished, elapsed time = 6517ms 
Thread 65 is finished, elapsed time = 6531ms 
Thread 58 is finished, elapsed time = 6518ms 
Thread 80 is finished, elapsed time = 6575ms 
Thread 52 is finished, elapsed time = 6590ms 
Thread 181 is finished, elapsed time = 6474ms 
Thread 164 is finished, elapsed time = 6552ms 
Thread 150 is finished, elapsed time = 6576ms 
Thread 177 is finished, elapsed time = 6511ms 
Thread 158 is finished, elapsed time = 6589ms 
Thread 136 is finished, elapsed time = 6609ms 
Thread 161 is finished, elapsed time = 6683ms 
Thread 56 is finished, elapsed time = 6772ms 
Thread 98 is finished, elapsed time = 6815ms 
Thread 23 is finished, elapsed time = 6843ms 
Thread 188 is finished, elapsed time = 6692ms 
Thread 67 is finished, elapsed time = 6869ms 
Thread 119 is finished, elapsed time = 6853ms 
Thread 147 is finished, elapsed time = 6822ms 
Thread 182 is finished, elapsed time = 6775ms 
Thread 28 is finished, elapsed time = 6932ms 
Thread 79 is finished, elapsed time = 6960ms 
Thread 162 is finished, elapsed time = 6945ms 
Thread 123 is finished, elapsed time = 7018ms 
Thread 22 is finished, elapsed time = 7081ms 
Thread 171 is finished, elapsed time = 6969ms 
Thread 7 is finished, elapsed time = 7148ms 
Thread 88 is finished, elapsed time = 7142ms 
Thread 45 is finished, elapsed time = 7178ms 
Thread 165 is finished, elapsed time = 7093ms 
Thread 127 is finished, elapsed time = 7144ms 
Thread 104 is finished, elapsed time = 7171ms 
Thread 71 is finished, elapsed time = 7291ms 
Thread 25 is finished, elapsed time = 7340ms 
Thread 97 is finished, elapsed time = 7334ms 
Thread 153 is finished, elapsed time = 7338ms 
Thread 130 is finished, elapsed time = 7466ms 
Thread 100 is finished, elapsed time = 7518ms 
Thread 6 is finished, elapsed time = 7546ms 
Thread 72 is finished, elapsed time = 7615ms 
Thread 10 is finished, elapsed time = 7691ms 
Thread 40 is finished, elapsed time = 7696ms 
Thread 82 is finished, elapsed time = 7715ms 
Thread 85 is finished, elapsed time = 7765ms 
Thread 5 is finished, elapsed time = 7838ms 
Thread 18 is finished, elapsed time = 7837ms 
Thread 64 is finished, elapsed time = 7862ms 
Thread 19 is finished, elapsed time = 7919ms 
Thread 157 is finished, elapsed time = 7805ms 
Thread 90 is finished, elapsed time = 7926ms 
Thread 124 is finished, elapsed time = 7895ms 
Thread 36 is finished, elapsed time = 7954ms 
Thread 189 is finished, elapsed time = 7777ms 
Thread 84 is finished, elapsed time = 7957ms 
Thread 112 is finished, elapsed time = 7951ms 
Thread 149 is finished, elapsed time = 7913ms 
Thread 77 is finished, elapsed time = 7966ms 
Thread 86 is finished, elapsed time = 8019ms 
Thread 175 is finished, elapsed time = 7926ms 
Thread 168 is finished, elapsed time = 7939ms 
Thread 138 is finished, elapsed time = 7990ms 
Thread 91 is finished, elapsed time = 8046ms 
Thread 108 is finished, elapsed time = 8040ms 
Thread 13 is finished, elapsed time = 8073ms 
Thread 140 is finished, elapsed time = 8083ms 
Thread 73 is finished, elapsed time = 8113ms 
Thread 122 is finished, elapsed time = 8120ms 
Thread 29 is finished, elapsed time = 8170ms 
Thread 106 is finished, elapsed time = 8150ms 
Thread 103 is finished, elapsed time = 8182ms 
Thread 2 is finished, elapsed time = 8216ms 
Thread 160 is finished, elapsed time = 8120ms 
Thread 180 is finished, elapsed time = 8087ms 
Thread 39 is finished, elapsed time = 8230ms 
Thread 69 is finished, elapsed time = 8251ms 
Thread 173 is finished, elapsed time = 8167ms 
Thread 186 is finished, elapsed time = 8136ms 
Thread 179 is finished, elapsed time = 8293ms 
Thread 126 is finished, elapsed time = 8387ms 
Thread 68 is finished, elapsed time = 8416ms 
Thread 55 is finished, elapsed time = 8414ms 
Thread 27 is finished, elapsed time = 8459ms 
Thread 178 is finished, elapsed time = 8329ms 
Thread 78 is finished, elapsed time = 8467ms 
Thread 87 is finished, elapsed time = 8467ms 
Thread 38 is finished, elapsed time = 8499ms 
Thread 131 is finished, elapsed time = 8410ms 
Thread 152 is finished, elapsed time = 8428ms 
Thread 20 is finished, elapsed time = 8556ms 
Thread 118 is finished, elapsed time = 8556ms 
Thread 12 is finished, elapsed time = 8623ms 
Thread 15 is finished, elapsed time = 8624ms 
Thread 96 is finished, elapsed time = 8619ms 
Thread 129 is finished, elapsed time = 8584ms 
Thread 133 is finished, elapsed time = 8573ms 
Thread 75 is finished, elapsed time = 8653ms 
Thread 34 is finished, elapsed time = 8678ms 
Thread 62 is finished, elapsed time = 8681ms 
Thread 174 is finished, elapsed time = 8597ms 
Thread 109 is finished, elapsed time = 8681ms 
Thread 70 is finished, elapsed time = 8680ms 
Thread 60 is finished, elapsed time = 8661ms 
Thread 44 is finished, elapsed time = 8735ms 
Thread 145 is finished, elapsed time = 8681ms 
Thread 102 is finished, elapsed time = 8759ms 
Thread 46 is finished, elapsed time = 8784ms 
Thread 185 is finished, elapsed time = 8634ms 
Thread 146 is finished, elapsed time = 8724ms 
Thread 110 is finished, elapsed time = 8787ms 
Thread 74 is finished, elapsed time = 8810ms 
Thread 166 is finished, elapsed time = 8743ms 
Thread 43 is finished, elapsed time = 8849ms 
Thread 63 is finished, elapsed time = 8818ms 
Thread 176 is finished, elapsed time = 8695ms 
Thread 139 is finished, elapsed time = 8796ms 
Thread 170 is finished, elapsed time = 8743ms 
Thread 49 is finished, elapsed time = 8872ms 
Thread 105 is finished, elapsed time = 8852ms 
Thread 57 is finished, elapsed time = 8836ms 
Thread 159 is finished, elapsed time = 8794ms 
Thread 128 is finished, elapsed time = 8833ms 
Thread 169 is finished, elapsed time = 8790ms 
Thread 41 is finished, elapsed time = 8904ms 
Thread 42 is finished, elapsed time = 8924ms 
Thread 76 is finished, elapsed time = 8899ms 
Thread 16 is finished, elapsed time = 8942ms 
Thread 151 is finished, elapsed time = 8860ms 
Thread 93 is finished, elapsed time = 8942ms 
Thread 132 is finished, elapsed time = 8893ms 
Thread 115 is finished, elapsed time = 8928ms 
Thread 61 is finished, elapsed time = 8901ms 
Thread 51 is finished, elapsed time = 8990ms 
Thread 111 is finished, elapsed time = 8963ms 
Thread 54 is finished, elapsed time = 8967ms 
Thread 156 is finished, elapsed time = 8913ms 
Thread 135 is finished, elapsed time = 8953ms 
Thread 53 is finished, elapsed time = 9002ms 
Thread 59 is finished, elapsed time = 8990ms 
Thread 134 is finished, elapsed time = 9001ms 
Thread 154 is finished, elapsed time = 9004ms 
Thread 155 is finished, elapsed time = 8999ms 
There are 15025298599 even rank idempotents, elapsed time = 9157ms 
Counting odd rank Motzkin idempotents . . .
Number of weight 1 Motzkin words is 196938
Processing Motzkin words, elapsed time = 112ms 
Motzkin words use ~ 5.84481 MB
Using 190 / 192 threads
Thread 174 is finished, elapsed time = 3244ms 
Thread 173 is finished, elapsed time = 3416ms 
Thread 183 is finished, elapsed time = 5163ms 
Thread 75 is finished, elapsed time = 5329ms 
Thread 76 is finished, elapsed time = 5447ms 
Thread 74 is finished, elapsed time = 5538ms 
Thread 167 is finished, elapsed time = 5718ms 
Thread 72 is finished, elapsed time = 5750ms 
Thread 88 is finished, elapsed time = 5841ms 
Thread 73 is finished, elapsed time = 5826ms 
Thread 172 is finished, elapsed time = 5885ms 
Thread 93 is finished, elapsed time = 5951ms 
Thread 181 is finished, elapsed time = 6011ms 
Thread 120 is finished, elapsed time = 6039ms 
Thread 162 is finished, elapsed time = 6082ms 
Thread 119 is finished, elapsed time = 6083ms 
Thread 89 is finished, elapsed time = 6097ms 
Thread 147 is finished, elapsed time = 6107ms 
Thread 90 is finished, elapsed time = 6123ms 
Thread 163 is finished, elapsed time = 6130ms 
Thread 91 is finished, elapsed time = 6156ms 
Thread 70 is finished, elapsed time = 6132ms 
Thread 149 is finished, elapsed time = 6189ms 
Thread 179 is finished, elapsed time = 6245ms 
Thread 40 is finished, elapsed time = 6228ms 
Thread 154 is finished, elapsed time = 6333ms 
Thread 94 is finished, elapsed time = 6379ms 
Thread 67 is finished, elapsed time = 6325ms 
Thread 87 is finished, elapsed time = 6421ms 
Thread 166 is finished, elapsed time = 6428ms 
Thread 126 is finished, elapsed time = 6462ms 
Thread 168 is finished, elapsed time = 6496ms 
Thread 71 is finished, elapsed time = 6462ms 
Thread 5 is finished, elapsed time = 6552ms 
Thread 84 is finished, elapsed time = 6518ms 
Thread 107 is finished, elapsed time = 6528ms 
Thread 49 is finished, elapsed time = 6522ms 
Thread 18 is finished, elapsed time = 6586ms 
Thread 0 is finished, elapsed time = 6621ms 
Thread 108 is finished, elapsed time = 6611ms 
Thread 68 is finished, elapsed time = 6591ms 
Thread 155 is finished, elapsed time = 6596ms 
Thread 82 is finished, elapsed time = 6638ms 
Thread 188 is finished, elapsed time = 6647ms 
Thread 153 is finished, elapsed time = 6642ms 
Thread 42 is finished, elapsed time = 6702ms 
Thread 85 is finished, elapsed time = 6742ms 
Thread 121 is finished, elapsed time = 6767ms 
Thread 113 is finished, elapsed time = 6767ms 
Thread 124 is finished, elapsed time = 6786ms 
Thread 4 is finished, elapsed time = 6878ms 
Thread 139 is finished, elapsed time = 6814ms 
Thread 186 is finished, elapsed time = 6841ms 
Thread 43 is finished, elapsed time = 6832ms 
Thread 19 is finished, elapsed time = 6863ms 
Thread 41 is finished, elapsed time = 6841ms 
Thread 117 is finished, elapsed time = 6885ms 
Thread 29 is finished, elapsed time = 6897ms 
Thread 83 is finished, elapsed time = 6901ms 
Thread 27 is finished, elapsed time = 6925ms 
Thread 15 is finished, elapsed time = 6945ms 
Thread 2 is finished, elapsed time = 6996ms 
Thread 16 is finished, elapsed time = 7025ms 
Thread 1 is finished, elapsed time = 7068ms 
Thread 169 is finished, elapsed time = 7028ms 
Thread 137 is finished, elapsed time = 7038ms 
Thread 182 is finished, elapsed time = 7057ms 
Thread 26 is finished, elapsed time = 7093ms 
Thread 3 is finished, elapsed time = 7114ms 
Thread 92 is finished, elapsed time = 7096ms 
Thread 175 is finished, elapsed time = 7138ms 
Thread 129 is finished, elapsed time = 7136ms 
Thread 127 is finished, elapsed time = 7160ms 
Thread 17 is finished, elapsed time = 7145ms 
Thread 112 is finished, elapsed time = 7139ms 
Thread 104 is finished, elapsed time = 7182ms 
Thread 46 is finished, elapsed time = 7153ms 
Thread 28 is finished, elapsed time = 7210ms 
Thread 114 is finished, elapsed time = 7213ms 
Thread 50 is finished, elapsed time = 7189ms 
Thread 51 is finished, elapsed time = 7198ms 
Thread 171 is finished, elapsed time = 7240ms 
Thread 105 is finished, elapsed time = 7267ms 
Thread 187 is finished, elapsed time = 7248ms 
Thread 13 is finished, elapsed time = 7282ms 
Thread 109 is finished, elapsed time = 7273ms 
Thread 6 is finished, elapsed time = 7331ms 
Thread 14 is finished, elapsed time = 7308ms 
Thread 159 is finished, elapsed time = 7311ms 
Thread 86 is finished, elapsed time = 7347ms 
Thread 7 is finished, elapsed time = 7384ms 
Thread 125 is finished, elapsed time = 7343ms 
Thread 52 is finished, elapsed time = 7388ms 
Thread 106 is finished, elapsed time = 7420ms 
Thread 30 is finished, elapsed time = 7455ms 
Thread 96 is finished, elapsed time = 7463ms 
Thread 66 is finished, elapsed time = 7433ms 
Thread 55 is finished, elapsed time = 7426ms 
Thread 134 is finished, elapsed time = 7468ms 
Thread 77 is finished, elapsed time = 7478ms 
Thread 148 is finished, elapsed time = 7496ms 
Thread 53 is finished, elapsed time = 7488ms 
Thread 56 is finished, elapsed time = 7512ms 
Thread 140 is finished, elapsed time = 7509ms 
Thread 8 is finished, elapsed time = 7585ms 
Thread 146 is finished, elapsed time = 7558ms 
Thread 38 is finished, elapsed time = 7556ms 
Thread 138 is finished, elapsed time = 7540ms 
Thread 164 is finished, elapsed time = 7578ms 
Thread 57 is finished, elapsed time = 7556ms 
Thread 180 is finished, elapsed time = 7607ms 
Thread 150 is finished, elapsed time = 7580ms 
Thread 20 is finished, elapsed time = 7639ms 
Thread 118 is finished, elapsed time = 7642ms 
Thread 144 is finished, elapsed time = 7686ms 
Thread 62 is finished, elapsed time = 7673ms 
Thread 122 is finished, elapsed time = 7683ms 
Thread 59 is finished, elapsed time = 7672ms 
Thread 115 is finished, elapsed time = 7731ms 
Thread 145 is finished, elapsed time = 7724ms 
Thread 54 is finished, elapsed time = 7692ms 
Thread 39 is finished, elapsed time = 7724ms 
Thread 58 is finished, elapsed time = 7706ms 
Thread 61 is finished, elapsed time = 7718ms 
Thread 69 is finished, elapsed time = 7692ms 
Thread 185 is finished, elapsed time = 7717ms 
Thread 156 is finished, elapsed time = 7713ms 
Thread 101 is finished, elapsed time = 7766ms 
Thread 128 is finished, elapsed time = 7825ms 
Thread 45 is finished, elapsed time = 7805ms 
Thread 9 is finished, elapsed time = 7831ms 
Thread 10 is finished, elapsed time = 7838ms 
Thread 99 is finished, elapsed time = 7861ms 
Thread 80 is finished, elapsed time = 7897ms 
Thread 44 is finished, elapsed time = 7877ms 
Thread 152 is finished, elapsed time = 7898ms 
Thread 143 is finished, elapsed time = 7935ms 
Thread 25 is finished, elapsed time = 7956ms 
Thread 21 is finished, elapsed time = 7936ms 
Thread 60 is finished, elapsed time = 7931ms 
Thread 31 is finished, elapsed time = 7980ms 
Thread 78 is finished, elapsed time = 7939ms 
Thread 47 is finished, elapsed time = 7925ms 
Thread 65 is finished, elapsed time = 7914ms 
Thread 178 is finished, elapsed time = 7980ms 
Thread 133 is finished, elapsed time = 7975ms 
Thread 151 is finished, elapsed time = 7967ms 
Thread 161 is finished, elapsed time = 7995ms 
Thread 100 is finished, elapsed time = 7986ms 
Thread 32 is finished, elapsed time = 8014ms 
Thread 132 is finished, elapsed time = 7999ms 
Thread 103 is finished, elapsed time = 8026ms 
Thread 123 is finished, elapsed time = 8001ms 
Thread 81 is finished, elapsed time = 8034ms 
Thread 48 is finished, elapsed time = 7992ms 
Thread 189 is finished, elapsed time = 8024ms 
Thread 131 is finished, elapsed time = 8065ms 
Thread 63 is finished, elapsed time = 8038ms 
Thread 116 is finished, elapsed time = 8093ms 
Thread 97 is finished, elapsed time = 8093ms 
Thread 136 is finished, elapsed time = 8076ms 
Thread 177 is finished, elapsed time = 8125ms 
Thread 95 is finished, elapsed time = 8141ms 
Thread 24 is finished, elapsed time = 8126ms 
Thread 165 is finished, elapsed time = 8178ms 
Thread 135 is finished, elapsed time = 8163ms 
Thread 11 is finished, elapsed time = 8189ms 
Thread 141 is finished, elapsed time = 8212ms 
Thread 160 is finished, elapsed time = 8261ms 
Thread 23 is finished, elapsed time = 8301ms 
Thread 34 is finished, elapsed time = 8370ms 
Thread 170 is finished, elapsed time = 8358ms 
Thread 64 is finished, elapsed time = 8321ms 
Thread 12 is finished, elapsed time = 8374ms 
Thread 110 is finished, elapsed time = 8359ms 
Thread 130 is finished, elapsed time = 8390ms 
Thread 102 is finished, elapsed time = 8372ms 
Thread 111 is finished, elapsed time = 8380ms 
Thread 79 is finished, elapsed time = 8423ms 
Thread 22 is finished, elapsed time = 8455ms 
Thread 35 is finished, elapsed time = 8461ms 
Thread 33 is finished, elapsed time = 8498ms 
Thread 37 is finished, elapsed time = 8495ms 
Thread 142 is finished, elapsed time = 8527ms 
Thread 184 is finished, elapsed time = 8505ms 
Thread 36 is finished, elapsed time = 8527ms 
Thread 98 is finished, elapsed time = 8527ms 
Thread 176 is finished, elapsed time = 8634ms 
Thread 157 is finished, elapsed time = 8580ms 
Thread 158 is finished, elapsed time = 8641ms 
There are 6761918390 odd rank idempotents, elapsed time = 8845ms 
Total elapsed time = 18003ms 
21787216989
