Counting even rank Motzkin idempotents . . .
Number of weight 0 Motzkin words is 853467
Processing Motzkin words, elapsed time = 427ms 
Motzkin words use ~ 27.7841 MB
Using 190 / 192 threads
Thread 143 is finished, elapsed time = 9m 37s
Thread 47 is finished, elapsed time = 9m 43s
Thread 0 is finished, elapsed time = 9m 51s
Thread 126 is finished, elapsed time = 9m 53s
Thread 13 is finished, elapsed time = 9m 58s
Thread 16 is finished, elapsed time = 10m 3s
Thread 1 is finished, elapsed time = 10m 16s
Thread 32 is finished, elapsed time = 10m 21s
Thread 12 is finished, elapsed time = 10m 23s
Thread 10 is finished, elapsed time = 10m 24s
Thread 30 is finished, elapsed time = 10m 26s
Thread 50 is finished, elapsed time = 10m 34s
Thread 45 is finished, elapsed time = 10m 34s
Thread 182 is finished, elapsed time = 10m 35s
Thread 73 is finished, elapsed time = 10m 37s
Thread 40 is finished, elapsed time = 10m 38s
Thread 61 is finished, elapsed time = 10m 38s
Thread 79 is finished, elapsed time = 10m 39s
Thread 90 is finished, elapsed time = 10m 41s
Thread 72 is finished, elapsed time = 10m 46s
Thread 64 is finished, elapsed time = 10m 47s
Thread 17 is finished, elapsed time = 10m 48s
Thread 9 is finished, elapsed time = 10m 49s
Thread 152 is finished, elapsed time = 10m 50s
Thread 67 is finished, elapsed time = 10m 51s
Thread 7 is finished, elapsed time = 10m 51s
Thread 14 is finished, elapsed time = 10m 53s
Thread 15 is finished, elapsed time = 10m 56s
Thread 74 is finished, elapsed time = 10m 57s
Thread 5 is finished, elapsed time = 10m 57s
Thread 8 is finished, elapsed time = 10m 58s
Thread 133 is finished, elapsed time = 10m 59s
Thread 62 is finished, elapsed time = 11m 
Thread 102 is finished, elapsed time = 11m 1s
Thread 82 is finished, elapsed time = 11m 1s
Thread 46 is finished, elapsed time = 11m 2s
Thread 19 is finished, elapsed time = 11m 5s
Thread 135 is finished, elapsed time = 11m 7s
Thread 147 is finished, elapsed time = 11m 7s
Thread 131 is finished, elapsed time = 11m 9s
Thread 114 is finished, elapsed time = 11m 9s
Thread 59 is finished, elapsed time = 11m 10s
Thread 136 is finished, elapsed time = 11m 12s
Thread 103 is finished, elapsed time = 11m 13s
Thread 125 is finished, elapsed time = 11m 13s
Thread 2 is finished, elapsed time = 11m 14s
Thread 31 is finished, elapsed time = 11m 14s
Thread 20 is finished, elapsed time = 11m 15s
Thread 26 is finished, elapsed time = 11m 15s
Thread 60 is finished, elapsed time = 11m 16s
Thread 70 is finished, elapsed time = 11m 17s
Thread 18 is finished, elapsed time = 11m 17s
Thread 80 is finished, elapsed time = 11m 19s
Thread 145 is finished, elapsed time = 11m 19s
Thread 3 is finished, elapsed time = 11m 20s
Thread 65 is finished, elapsed time = 11m 20s
Thread 6 is finished, elapsed time = 11m 20s
Thread 63 is finished, elapsed time = 11m 20s
Thread 83 is finished, elapsed time = 11m 21s
Thread 43 is finished, elapsed time = 11m 21s
Thread 107 is finished, elapsed time = 11m 21s
Thread 151 is finished, elapsed time = 11m 22s
Thread 121 is finished, elapsed time = 11m 23s
Thread 78 is finished, elapsed time = 11m 24s
Thread 36 is finished, elapsed time = 11m 24s
Thread 11 is finished, elapsed time = 11m 24s
Thread 116 is finished, elapsed time = 11m 25s
Thread 137 is finished, elapsed time = 11m 25s
Thread 140 is finished, elapsed time = 11m 25s
Thread 44 is finished, elapsed time = 11m 26s
Thread 141 is finished, elapsed time = 11m 26s
Thread 158 is finished, elapsed time = 11m 27s
Thread 38 is finished, elapsed time = 11m 28s
Thread 35 is finished, elapsed time = 11m 29s
Thread 4 is finished, elapsed time = 11m 30s
Thread 130 is finished, elapsed time = 11m 30s
Thread 41 is finished, elapsed time = 11m 31s
Thread 88 is finished, elapsed time = 11m 32s
Thread 66 is finished, elapsed time = 11m 32s
Thread 25 is finished, elapsed time = 11m 32s
Thread 51 is finished, elapsed time = 11m 32s
Thread 39 is finished, elapsed time = 11m 33s
Thread 104 is finished, elapsed time = 11m 33s
Thread 101 is finished, elapsed time = 11m 34s
Thread 37 is finished, elapsed time = 11m 34s
Thread 134 is finished, elapsed time = 11m 34s
Thread 42 is finished, elapsed time = 11m 36s
Thread 138 is finished, elapsed time = 11m 36s
Thread 23 is finished, elapsed time = 11m 37s
Thread 56 is finished, elapsed time = 11m 37s
Thread 146 is finished, elapsed time = 11m 38s
Thread 71 is finished, elapsed time = 11m 38s
Thread 54 is finished, elapsed time = 11m 38s
Thread 164 is finished, elapsed time = 11m 38s
Thread 58 is finished, elapsed time = 11m 39s
Thread 117 is finished, elapsed time = 11m 39s
Thread 105 is finished, elapsed time = 11m 39s
Thread 52 is finished, elapsed time = 11m 40s
Thread 22 is finished, elapsed time = 11m 40s
Thread 120 is finished, elapsed time = 11m 41s
Thread 186 is finished, elapsed time = 11m 40s
Thread 28 is finished, elapsed time = 11m 41s
Thread 29 is finished, elapsed time = 11m 41s
Thread 179 is finished, elapsed time = 11m 41s
Thread 150 is finished, elapsed time = 11m 42s
Thread 127 is finished, elapsed time = 11m 43s
Thread 142 is finished, elapsed time = 11m 43s
Thread 34 is finished, elapsed time = 11m 43s
Thread 153 is finished, elapsed time = 11m 43s
Thread 57 is finished, elapsed time = 11m 43s
Thread 169 is finished, elapsed time = 11m 43s
Thread 55 is finished, elapsed time = 11m 43s
Thread 33 is finished, elapsed time = 11m 44s
Thread 68 is finished, elapsed time = 11m 44s
Thread 132 is finished, elapsed time = 11m 44s
Thread 27 is finished, elapsed time = 11m 44s
Thread 87 is finished, elapsed time = 11m 44s
Thread 189 is finished, elapsed time = 11m 44s
Thread 149 is finished, elapsed time = 11m 44s
Thread 53 is finished, elapsed time = 11m 45s
Thread 154 is finished, elapsed time = 11m 45s
Thread 81 is finished, elapsed time = 11m 45s
Thread 48 is finished, elapsed time = 11m 45s
Thread 99 is finished, elapsed time = 11m 45s
Thread 185 is finished, elapsed time = 11m 45s
Thread 160 is finished, elapsed time = 11m 46s
Thread 128 is finished, elapsed time = 11m 46s
Thread 139 is finished, elapsed time = 11m 46s
Thread 86 is finished, elapsed time = 11m 46s
Thread 119 is finished, elapsed time = 11m 46s
Thread 181 is finished, elapsed time = 11m 46s
Thread 21 is finished, elapsed time = 11m 47s
Thread 123 is finished, elapsed time = 11m 47s
Thread 84 is finished, elapsed time = 11m 47s
Thread 24 is finished, elapsed time = 11m 48s
Thread 129 is finished, elapsed time = 11m 49s
Thread 148 is finished, elapsed time = 11m 49s
Thread 162 is finished, elapsed time = 11m 49s
Thread 115 is finished, elapsed time = 11m 49s
Thread 77 is finished, elapsed time = 11m 49s
Thread 111 is finished, elapsed time = 11m 49s
Thread 183 is finished, elapsed time = 11m 50s
Thread 76 is finished, elapsed time = 11m 50s
Thread 166 is finished, elapsed time = 11m 50s
Thread 110 is finished, elapsed time = 11m 50s
Thread 93 is finished, elapsed time = 11m 51s
Thread 177 is finished, elapsed time = 11m 50s
Thread 144 is finished, elapsed time = 11m 51s
Thread 95 is finished, elapsed time = 11m 51s
Thread 92 is finished, elapsed time = 11m 51s
Thread 155 is finished, elapsed time = 11m 51s
Thread 49 is finished, elapsed time = 11m 52s
Thread 156 is finished, elapsed time = 11m 52s
Thread 100 is finished, elapsed time = 11m 52s
Thread 187 is finished, elapsed time = 11m 53s
Thread 106 is finished, elapsed time = 11m 53s
Thread 180 is finished, elapsed time = 11m 54s
Thread 97 is finished, elapsed time = 11m 54s
Thread 165 is finished, elapsed time = 11m 55s
Thread 118 is finished, elapsed time = 11m 55s
Thread 109 is finished, elapsed time = 11m 55s
Thread 124 is finished, elapsed time = 11m 55s
Thread 176 is finished, elapsed time = 11m 56s
Thread 178 is finished, elapsed time = 11m 56s
Thread 157 is finished, elapsed time = 11m 56s
Thread 175 is finished, elapsed time = 11m 56s
Thread 113 is finished, elapsed time = 11m 56s
Thread 188 is finished, elapsed time = 11m 56s
Thread 96 is finished, elapsed time = 11m 56s
Thread 159 is finished, elapsed time = 11m 56s
Thread 89 is finished, elapsed time = 11m 57s
Thread 69 is finished, elapsed time = 11m 57s
Thread 108 is finished, elapsed time = 11m 58s
Thread 161 is finished, elapsed time = 11m 58s
Thread 94 is finished, elapsed time = 11m 59s
Thread 75 is finished, elapsed time = 11m 59s
Thread 112 is finished, elapsed time = 11m 59s
Thread 168 is finished, elapsed time = 12m 
Thread 85 is finished, elapsed time = 12m 1s
Thread 174 is finished, elapsed time = 12m 1s
Thread 163 is finished, elapsed time = 12m 1s
Thread 171 is finished, elapsed time = 12m 2s
Thread 184 is finished, elapsed time = 12m 1s
Thread 122 is finished, elapsed time = 12m 2s
Thread 173 is finished, elapsed time = 12m 2s
Thread 167 is finished, elapsed time = 12m 2s
Thread 170 is finished, elapsed time = 12m 4s
Thread 98 is finished, elapsed time = 12m 4s
Thread 91 is finished, elapsed time = 12m 4s
Thread 172 is finished, elapsed time = 12m 11s
There are 840618758991 even rank idempotents, elapsed time = 12m 11s
Counting odd rank Motzkin idempotents . . .
Number of weight 1 Motzkin words is 1503312
Processing Motzkin words, elapsed time = 866ms 
Motzkin words use ~ 50.4618 MB
Using 190 / 192 threads
Thread 31 is finished, elapsed time = 15m 21s
Thread 94 is finished, elapsed time = 16m 9s
Thread 29 is finished, elapsed time = 16m 13s
Thread 32 is finished, elapsed time = 16m 13s
Thread 73 is finished, elapsed time = 16m 13s
Thread 40 is finished, elapsed time = 16m 25s
Thread 15 is finished, elapsed time = 16m 28s
Thread 126 is finished, elapsed time = 16m 29s
Thread 42 is finished, elapsed time = 16m 30s
Thread 114 is finished, elapsed time = 16m 32s
Thread 125 is finished, elapsed time = 16m 35s
Thread 118 is finished, elapsed time = 16m 36s
Thread 103 is finished, elapsed time = 16m 36s
Thread 128 is finished, elapsed time = 16m 38s
Thread 96 is finished, elapsed time = 16m 46s
Thread 4 is finished, elapsed time = 16m 47s
Thread 104 is finished, elapsed time = 16m 51s
Thread 97 is finished, elapsed time = 16m 53s
Thread 112 is finished, elapsed time = 16m 53s
Thread 101 is finished, elapsed time = 16m 54s
Thread 36 is finished, elapsed time = 16m 55s
Thread 127 is finished, elapsed time = 16m 57s
Thread 102 is finished, elapsed time = 16m 58s
Thread 170 is finished, elapsed time = 17m 
Thread 37 is finished, elapsed time = 17m 2s
Thread 38 is finished, elapsed time = 17m 4s
Thread 71 is finished, elapsed time = 17m 4s
Thread 120 is finished, elapsed time = 17m 7s
Thread 41 is finished, elapsed time = 17m 11s
Thread 39 is finished, elapsed time = 17m 12s
Thread 113 is finished, elapsed time = 17m 13s
Thread 64 is finished, elapsed time = 17m 13s
Thread 119 is finished, elapsed time = 17m 14s
Thread 28 is finished, elapsed time = 17m 16s
Thread 66 is finished, elapsed time = 17m 16s
Thread 18 is finished, elapsed time = 17m 18s
Thread 121 is finished, elapsed time = 17m 18s
Thread 129 is finished, elapsed time = 17m 20s
Thread 72 is finished, elapsed time = 17m 22s
Thread 3 is finished, elapsed time = 17m 22s
Thread 165 is finished, elapsed time = 17m 23s
Thread 95 is finished, elapsed time = 17m 24s
Thread 17 is finished, elapsed time = 17m 24s
Thread 63 is finished, elapsed time = 17m 26s
Thread 30 is finished, elapsed time = 17m 27s
Thread 76 is finished, elapsed time = 17m 28s
Thread 124 is finished, elapsed time = 17m 28s
Thread 84 is finished, elapsed time = 17m 29s
Thread 5 is finished, elapsed time = 17m 33s
Thread 51 is finished, elapsed time = 17m 33s
Thread 65 is finished, elapsed time = 17m 36s
Thread 105 is finished, elapsed time = 17m 36s
Thread 100 is finished, elapsed time = 17m 37s
Thread 75 is finished, elapsed time = 17m 40s
Thread 14 is finished, elapsed time = 17m 42s
Thread 74 is finished, elapsed time = 17m 42s
Thread 152 is finished, elapsed time = 17m 43s
Thread 23 is finished, elapsed time = 17m 45s
Thread 182 is finished, elapsed time = 17m 50s
Thread 85 is finished, elapsed time = 17m 57s
Thread 175 is finished, elapsed time = 17m 58s
Thread 19 is finished, elapsed time = 17m 59s
Thread 10 is finished, elapsed time = 17m 59s
Thread 80 is finished, elapsed time = 18m 1s
Thread 70 is finished, elapsed time = 18m 2s
Thread 16 is finished, elapsed time = 18m 3s
Thread 117 is finished, elapsed time = 18m 5s
Thread 9 is finished, elapsed time = 18m 6s
Thread 150 is finished, elapsed time = 18m 6s
Thread 54 is finished, elapsed time = 18m 7s
Thread 55 is finished, elapsed time = 18m 8s
Thread 53 is finished, elapsed time = 18m 8s
Thread 90 is finished, elapsed time = 18m 10s
Thread 0 is finished, elapsed time = 18m 11s
Thread 1 is finished, elapsed time = 18m 11s
Thread 108 is finished, elapsed time = 18m 14s
Thread 46 is finished, elapsed time = 18m 18s
Thread 145 is finished, elapsed time = 18m 18s
Thread 167 is finished, elapsed time = 18m 18s
Thread 144 is finished, elapsed time = 18m 18s
Thread 86 is finished, elapsed time = 18m 19s
Thread 2 is finished, elapsed time = 18m 19s
Thread 146 is finished, elapsed time = 18m 23s
Thread 22 is finished, elapsed time = 18m 25s
Thread 52 is finished, elapsed time = 18m 25s
Thread 130 is finished, elapsed time = 18m 26s
Thread 177 is finished, elapsed time = 18m 29s
Thread 153 is finished, elapsed time = 18m 30s
Thread 87 is finished, elapsed time = 18m 30s
Thread 47 is finished, elapsed time = 18m 32s
Thread 164 is finished, elapsed time = 18m 32s
Thread 24 is finished, elapsed time = 18m 33s
Thread 178 is finished, elapsed time = 18m 33s
Thread 159 is finished, elapsed time = 18m 34s
Thread 59 is finished, elapsed time = 18m 34s
Thread 67 is finished, elapsed time = 18m 34s
Thread 11 is finished, elapsed time = 18m 35s
Thread 91 is finished, elapsed time = 18m 35s
Thread 79 is finished, elapsed time = 18m 36s
Thread 138 is finished, elapsed time = 18m 39s
Thread 181 is finished, elapsed time = 18m 41s
Thread 109 is finished, elapsed time = 18m 43s
Thread 33 is finished, elapsed time = 18m 44s
Thread 43 is finished, elapsed time = 18m 46s
Thread 27 is finished, elapsed time = 18m 47s
Thread 171 is finished, elapsed time = 18m 47s
Thread 174 is finished, elapsed time = 18m 48s
Thread 148 is finished, elapsed time = 18m 48s
Thread 169 is finished, elapsed time = 18m 48s
Thread 8 is finished, elapsed time = 18m 50s
Thread 98 is finished, elapsed time = 18m 50s
Thread 183 is finished, elapsed time = 18m 51s
Thread 172 is finished, elapsed time = 18m 52s
Thread 92 is finished, elapsed time = 18m 52s
Thread 7 is finished, elapsed time = 18m 53s
Thread 83 is finished, elapsed time = 18m 53s
Thread 35 is finished, elapsed time = 18m 55s
Thread 176 is finished, elapsed time = 18m 55s
Thread 179 is finished, elapsed time = 18m 55s
Thread 26 is finished, elapsed time = 18m 55s
Thread 25 is finished, elapsed time = 18m 56s
Thread 60 is finished, elapsed time = 18m 56s
Thread 163 is finished, elapsed time = 18m 56s
Thread 58 is finished, elapsed time = 18m 58s
Thread 136 is finished, elapsed time = 18m 59s
Thread 180 is finished, elapsed time = 18m 59s
Thread 20 is finished, elapsed time = 19m 
Thread 188 is finished, elapsed time = 19m 1s
Thread 155 is finished, elapsed time = 19m 2s
Thread 115 is finished, elapsed time = 19m 3s
Thread 168 is finished, elapsed time = 19m 3s
Thread 6 is finished, elapsed time = 19m 4s
Thread 13 is finished, elapsed time = 19m 5s
Thread 81 is finished, elapsed time = 19m 6s
Thread 158 is finished, elapsed time = 19m 8s
Thread 133 is finished, elapsed time = 19m 9s
Thread 122 is finished, elapsed time = 19m 9s
Thread 141 is finished, elapsed time = 19m 9s
Thread 48 is finished, elapsed time = 19m 11s
Thread 161 is finished, elapsed time = 19m 11s
Thread 160 is finished, elapsed time = 19m 12s
Thread 12 is finished, elapsed time = 19m 14s
Thread 111 is finished, elapsed time = 19m 14s
Thread 162 is finished, elapsed time = 19m 15s
Thread 137 is finished, elapsed time = 19m 16s
Thread 34 is finished, elapsed time = 19m 17s
Thread 68 is finished, elapsed time = 19m 18s
Thread 156 is finished, elapsed time = 19m 18s
Thread 189 is finished, elapsed time = 19m 19s
Thread 99 is finished, elapsed time = 19m 19s
Thread 139 is finished, elapsed time = 19m 19s
Thread 151 is finished, elapsed time = 19m 20s
Thread 147 is finished, elapsed time = 19m 20s
Thread 149 is finished, elapsed time = 19m 21s
Thread 143 is finished, elapsed time = 19m 22s
Thread 21 is finished, elapsed time = 19m 22s
Thread 123 is finished, elapsed time = 19m 23s
Thread 110 is finished, elapsed time = 19m 23s
Thread 44 is finished, elapsed time = 19m 24s
Thread 154 is finished, elapsed time = 19m 24s
Thread 116 is finished, elapsed time = 19m 25s
Thread 93 is finished, elapsed time = 19m 25s
Thread 61 is finished, elapsed time = 19m 26s
Thread 173 is finished, elapsed time = 19m 26s
Thread 166 is finished, elapsed time = 19m 28s
Thread 157 is finished, elapsed time = 19m 28s
Thread 107 is finished, elapsed time = 19m 28s
Thread 132 is finished, elapsed time = 19m 28s
Thread 77 is finished, elapsed time = 19m 29s
Thread 56 is finished, elapsed time = 19m 29s
Thread 106 is finished, elapsed time = 19m 30s
Thread 78 is finished, elapsed time = 19m 31s
Thread 62 is finished, elapsed time = 19m 32s
Thread 89 is finished, elapsed time = 19m 33s
Thread 186 is finished, elapsed time = 19m 33s
Thread 82 is finished, elapsed time = 19m 34s
Thread 142 is finished, elapsed time = 19m 34s
Thread 135 is finished, elapsed time = 19m 35s
Thread 140 is finished, elapsed time = 19m 36s
Thread 131 is finished, elapsed time = 19m 36s
Thread 49 is finished, elapsed time = 19m 37s
Thread 45 is finished, elapsed time = 19m 37s
Thread 88 is finished, elapsed time = 19m 37s
Thread 57 is finished, elapsed time = 19m 37s
Thread 50 is finished, elapsed time = 19m 38s
Thread 69 is finished, elapsed time = 19m 38s
Thread 134 is finished, elapsed time = 19m 39s
Thread 185 is finished, elapsed time = 19m 42s
Thread 184 is finished, elapsed time = 19m 44s
Thread 187 is finished, elapsed time = 19m 44s
There are 368639984848 odd rank idempotents, elapsed time = 19m 45s
Total elapsed time = 31m 57s
1209258743839
