Counting even rank Motzkin idempotents . . .
Number of weight 0 Motzkin words is 2356779
Processing Motzkin words, elapsed time = 1226ms 
Motzkin words use ~ 81.3074 MB
Using 190 / 192 threads
Thread 0 is finished, elapsed time = 1h 12m
Thread 2 is finished, elapsed time = 1h 17m
Thread 5 is finished, elapsed time = 1h 18m
Thread 4 is finished, elapsed time = 1h 20m
Thread 3 is finished, elapsed time = 1h 20m
Thread 1 is finished, elapsed time = 1h 23m
Thread 6 is finished, elapsed time = 1h 24m
Thread 26 is finished, elapsed time = 1h 24m
Thread 48 is finished, elapsed time = 1h 25m
Thread 9 is finished, elapsed time = 1h 25m
Thread 30 is finished, elapsed time = 1h 25m
Thread 7 is finished, elapsed time = 1h 25m
Thread 113 is finished, elapsed time = 1h 26m
Thread 19 is finished, elapsed time = 1h 26m
Thread 37 is finished, elapsed time = 1h 26m
Thread 40 is finished, elapsed time = 1h 26m
Thread 22 is finished, elapsed time = 1h 27m
Thread 33 is finished, elapsed time = 1h 27m
Thread 51 is finished, elapsed time = 1h 27m
Thread 31 is finished, elapsed time = 1h 27m
Thread 38 is finished, elapsed time = 1h 27m
Thread 47 is finished, elapsed time = 1h 27m
Thread 39 is finished, elapsed time = 1h 28m
Thread 46 is finished, elapsed time = 1h 28m
Thread 10 is finished, elapsed time = 1h 28m
Thread 41 is finished, elapsed time = 1h 28m
Thread 44 is finished, elapsed time = 1h 28m
Thread 121 is finished, elapsed time = 1h 28m
Thread 58 is finished, elapsed time = 1h 28m
Thread 109 is finished, elapsed time = 1h 28m
Thread 14 is finished, elapsed time = 1h 28m
Thread 80 is finished, elapsed time = 1h 29m
Thread 112 is finished, elapsed time = 1h 29m
Thread 36 is finished, elapsed time = 1h 29m
Thread 43 is finished, elapsed time = 1h 29m
Thread 8 is finished, elapsed time = 1h 29m
Thread 15 is finished, elapsed time = 1h 29m
Thread 20 is finished, elapsed time = 1h 29m
Thread 45 is finished, elapsed time = 1h 29m
Thread 54 is finished, elapsed time = 1h 29m
Thread 12 is finished, elapsed time = 1h 30m
Thread 50 is finished, elapsed time = 1h 30m
Thread 29 is finished, elapsed time = 1h 30m
Thread 75 is finished, elapsed time = 1h 30m
Thread 23 is finished, elapsed time = 1h 30m
Thread 34 is finished, elapsed time = 1h 30m
Thread 111 is finished, elapsed time = 1h 30m
Thread 18 is finished, elapsed time = 1h 30m
Thread 57 is finished, elapsed time = 1h 30m
Thread 128 is finished, elapsed time = 1h 30m
Thread 76 is finished, elapsed time = 1h 30m
Thread 143 is finished, elapsed time = 1h 31m
Thread 100 is finished, elapsed time = 1h 31m
Thread 107 is finished, elapsed time = 1h 31m
Thread 27 is finished, elapsed time = 1h 31m
Thread 53 is finished, elapsed time = 1h 31m
Thread 99 is finished, elapsed time = 1h 31m
Thread 28 is finished, elapsed time = 1h 31m
Thread 21 is finished, elapsed time = 1h 31m
Thread 13 is finished, elapsed time = 1h 31m
Thread 135 is finished, elapsed time = 1h 31m
Thread 106 is finished, elapsed time = 1h 31m
Thread 24 is finished, elapsed time = 1h 31m
Thread 25 is finished, elapsed time = 1h 31m
Thread 110 is finished, elapsed time = 1h 31m
Thread 94 is finished, elapsed time = 1h 31m
Thread 140 is finished, elapsed time = 1h 31m
Thread 11 is finished, elapsed time = 1h 31m
Thread 182 is finished, elapsed time = 1h 32m
Thread 32 is finished, elapsed time = 1h 32m
Thread 123 is finished, elapsed time = 1h 32m
Thread 87 is finished, elapsed time = 1h 32m
Thread 95 is finished, elapsed time = 1h 32m
Thread 96 is finished, elapsed time = 1h 32m
Thread 142 is finished, elapsed time = 1h 32m
Thread 60 is finished, elapsed time = 1h 32m
Thread 117 is finished, elapsed time = 1h 32m
Thread 126 is finished, elapsed time = 1h 32m
Thread 69 is finished, elapsed time = 1h 32m
Thread 55 is finished, elapsed time = 1h 32m
Thread 35 is finished, elapsed time = 1h 32m
Thread 17 is finished, elapsed time = 1h 32m
Thread 139 is finished, elapsed time = 1h 32m
Thread 138 is finished, elapsed time = 1h 32m
Thread 59 is finished, elapsed time = 1h 32m
Thread 169 is finished, elapsed time = 1h 33m
Thread 71 is finished, elapsed time = 1h 33m
Thread 63 is finished, elapsed time = 1h 33m
Thread 56 is finished, elapsed time = 1h 33m
Thread 49 is finished, elapsed time = 1h 33m
Thread 83 is finished, elapsed time = 1h 33m
Thread 136 is finished, elapsed time = 1h 33m
Thread 179 is finished, elapsed time = 1h 33m
Thread 70 is finished, elapsed time = 1h 33m
Thread 66 is finished, elapsed time = 1h 33m
Thread 42 is finished, elapsed time = 1h 33m
Thread 85 is finished, elapsed time = 1h 33m
Thread 90 is finished, elapsed time = 1h 33m
Thread 103 is finished, elapsed time = 1h 33m
Thread 115 is finished, elapsed time = 1h 33m
Thread 16 is finished, elapsed time = 1h 33m
Thread 101 is finished, elapsed time = 1h 33m
Thread 77 is finished, elapsed time = 1h 33m
Thread 74 is finished, elapsed time = 1h 33m
Thread 86 is finished, elapsed time = 1h 33m
Thread 129 is finished, elapsed time = 1h 33m
Thread 116 is finished, elapsed time = 1h 33m
Thread 131 is finished, elapsed time = 1h 33m
Thread 89 is finished, elapsed time = 1h 33m
Thread 141 is finished, elapsed time = 1h 34m
Thread 173 is finished, elapsed time = 1h 34m
Thread 120 is finished, elapsed time = 1h 34m
Thread 114 is finished, elapsed time = 1h 34m
Thread 119 is finished, elapsed time = 1h 34m
Thread 184 is finished, elapsed time = 1h 34m
Thread 124 is finished, elapsed time = 1h 34m
Thread 73 is finished, elapsed time = 1h 34m
Thread 97 is finished, elapsed time = 1h 34m
Thread 82 is finished, elapsed time = 1h 34m
Thread 170 is finished, elapsed time = 1h 34m
Thread 108 is finished, elapsed time = 1h 34m
Thread 132 is finished, elapsed time = 1h 34m
Thread 68 is finished, elapsed time = 1h 34m
Thread 65 is finished, elapsed time = 1h 34m
Thread 67 is finished, elapsed time = 1h 34m
Thread 133 is finished, elapsed time = 1h 34m
Thread 72 is finished, elapsed time = 1h 34m
Thread 52 is finished, elapsed time = 1h 34m
Thread 88 is finished, elapsed time = 1h 34m
Thread 134 is finished, elapsed time = 1h 34m
Thread 79 is finished, elapsed time = 1h 34m
Thread 98 is finished, elapsed time = 1h 34m
Thread 61 is finished, elapsed time = 1h 34m
Thread 183 is finished, elapsed time = 1h 34m
Thread 91 is finished, elapsed time = 1h 34m
Thread 137 is finished, elapsed time = 1h 34m
Thread 81 is finished, elapsed time = 1h 34m
Thread 118 is finished, elapsed time = 1h 34m
Thread 130 is finished, elapsed time = 1h 34m
Thread 122 is finished, elapsed time = 1h 34m
Thread 64 is finished, elapsed time = 1h 34m
Thread 189 is finished, elapsed time = 1h 34m
Thread 102 is finished, elapsed time = 1h 34m
Thread 174 is finished, elapsed time = 1h 34m
Thread 78 is finished, elapsed time = 1h 34m
Thread 171 is finished, elapsed time = 1h 34m
Thread 175 is finished, elapsed time = 1h 34m
Thread 177 is finished, elapsed time = 1h 34m
Thread 84 is finished, elapsed time = 1h 34m
Thread 145 is finished, elapsed time = 1h 34m
Thread 93 is finished, elapsed time = 1h 34m
Thread 176 is finished, elapsed time = 1h 35m
Thread 105 is finished, elapsed time = 1h 35m
Thread 62 is finished, elapsed time = 1h 35m
Thread 104 is finished, elapsed time = 1h 35m
Thread 166 is finished, elapsed time = 1h 35m
Thread 92 is finished, elapsed time = 1h 35m
Thread 127 is finished, elapsed time = 1h 35m
Thread 148 is finished, elapsed time = 1h 35m
Thread 167 is finished, elapsed time = 1h 35m
Thread 161 is finished, elapsed time = 1h 35m
Thread 144 is finished, elapsed time = 1h 35m
Thread 172 is finished, elapsed time = 1h 35m
Thread 149 is finished, elapsed time = 1h 35m
Thread 150 is finished, elapsed time = 1h 35m
Thread 158 is finished, elapsed time = 1h 35m
Thread 153 is finished, elapsed time = 1h 35m
Thread 156 is finished, elapsed time = 1h 35m
Thread 159 is finished, elapsed time = 1h 35m
Thread 185 is finished, elapsed time = 1h 35m
Thread 154 is finished, elapsed time = 1h 35m
Thread 146 is finished, elapsed time = 1h 35m
Thread 186 is finished, elapsed time = 1h 35m
Thread 180 is finished, elapsed time = 1h 35m
Thread 147 is finished, elapsed time = 1h 35m
Thread 178 is finished, elapsed time = 1h 35m
Thread 162 is finished, elapsed time = 1h 35m
Thread 155 is finished, elapsed time = 1h 35m
Thread 164 is finished, elapsed time = 1h 35m
Thread 163 is finished, elapsed time = 1h 35m
Thread 152 is finished, elapsed time = 1h 35m
Thread 168 is finished, elapsed time = 1h 35m
Thread 181 is finished, elapsed time = 1h 35m
Thread 125 is finished, elapsed time = 1h 35m
Thread 157 is finished, elapsed time = 1h 35m
Thread 165 is finished, elapsed time = 1h 36m
Thread 151 is finished, elapsed time = 1h 36m
Thread 160 is finished, elapsed time = 1h 36m
Thread 188 is finished, elapsed time = 1h 36m
Thread 187 is finished, elapsed time = 1h 36m
There are 6387198172837 even rank idempotents, elapsed time = 1h 36m
Counting odd rank Motzkin idempotents . . .
Number of weight 1 Motzkin words is 4179603
Processing Motzkin words, elapsed time = 2569ms 
Motzkin words use ~ 148.404 MB
Using 190 / 192 threads
Thread 78 is finished, elapsed time = 2h 20m
Thread 77 is finished, elapsed time = 2h 21m
Thread 22 is finished, elapsed time = 2h 21m
Thread 19 is finished, elapsed time = 2h 22m
Thread 23 is finished, elapsed time = 2h 24m
Thread 24 is finished, elapsed time = 2h 25m
Thread 2 is finished, elapsed time = 2h 27m
Thread 44 is finished, elapsed time = 2h 27m
Thread 86 is finished, elapsed time = 2h 28m
Thread 99 is finished, elapsed time = 2h 28m
Thread 75 is finished, elapsed time = 2h 28m
Thread 98 is finished, elapsed time = 2h 28m
Thread 76 is finished, elapsed time = 2h 28m
Thread 90 is finished, elapsed time = 2h 28m
Thread 18 is finished, elapsed time = 2h 29m
Thread 52 is finished, elapsed time = 2h 29m
Thread 85 is finished, elapsed time = 2h 29m
Thread 45 is finished, elapsed time = 2h 29m
Thread 70 is finished, elapsed time = 2h 30m
Thread 91 is finished, elapsed time = 2h 30m
Thread 17 is finished, elapsed time = 2h 30m
Thread 74 is finished, elapsed time = 2h 30m
Thread 43 is finished, elapsed time = 2h 30m
Thread 25 is finished, elapsed time = 2h 30m
Thread 96 is finished, elapsed time = 2h 31m
Thread 153 is finished, elapsed time = 2h 31m
Thread 89 is finished, elapsed time = 2h 31m
Thread 71 is finished, elapsed time = 2h 31m
Thread 97 is finished, elapsed time = 2h 31m
Thread 144 is finished, elapsed time = 2h 32m
Thread 49 is finished, elapsed time = 2h 32m
Thread 169 is finished, elapsed time = 2h 32m
Thread 100 is finished, elapsed time = 2h 33m
Thread 69 is finished, elapsed time = 2h 33m
Thread 60 is finished, elapsed time = 2h 33m
Thread 50 is finished, elapsed time = 2h 33m
Thread 9 is finished, elapsed time = 2h 33m
Thread 10 is finished, elapsed time = 2h 34m
Thread 146 is finished, elapsed time = 2h 34m
Thread 92 is finished, elapsed time = 2h 34m
Thread 158 is finished, elapsed time = 2h 34m
Thread 165 is finished, elapsed time = 2h 34m
Thread 84 is finished, elapsed time = 2h 34m
Thread 33 is finished, elapsed time = 2h 35m
Thread 62 is finished, elapsed time = 2h 35m
Thread 26 is finished, elapsed time = 2h 35m
Thread 162 is finished, elapsed time = 2h 36m
Thread 93 is finished, elapsed time = 2h 36m
Thread 51 is finished, elapsed time = 2h 36m
Thread 124 is finished, elapsed time = 2h 36m
Thread 5 is finished, elapsed time = 2h 37m
Thread 8 is finished, elapsed time = 2h 37m
Thread 118 is finished, elapsed time = 2h 37m
Thread 120 is finished, elapsed time = 2h 38m
Thread 61 is finished, elapsed time = 2h 38m
Thread 108 is finished, elapsed time = 2h 38m
Thread 1 is finished, elapsed time = 2h 38m
Thread 14 is finished, elapsed time = 2h 38m
Thread 35 is finished, elapsed time = 2h 38m
Thread 53 is finished, elapsed time = 2h 38m
Thread 126 is finished, elapsed time = 2h 39m
Thread 114 is finished, elapsed time = 2h 39m
Thread 34 is finished, elapsed time = 2h 39m
Thread 150 is finished, elapsed time = 2h 39m
Thread 149 is finished, elapsed time = 2h 39m
Thread 172 is finished, elapsed time = 2h 40m
Thread 11 is finished, elapsed time = 2h 40m
Thread 151 is finished, elapsed time = 2h 41m
Thread 0 is finished, elapsed time = 2h 41m
Thread 110 is finished, elapsed time = 2h 41m
Thread 129 is finished, elapsed time = 2h 41m
Thread 95 is finished, elapsed time = 2h 41m
Thread 171 is finished, elapsed time = 2h 41m
Thread 160 is finished, elapsed time = 2h 42m
Thread 133 is finished, elapsed time = 2h 42m
Thread 136 is finished, elapsed time = 2h 42m
Thread 152 is finished, elapsed time = 2h 42m
Thread 138 is finished, elapsed time = 2h 42m
Thread 128 is finished, elapsed time = 2h 43m
Thread 163 is finished, elapsed time = 2h 43m
Thread 29 is finished, elapsed time = 2h 43m
Thread 141 is finished, elapsed time = 2h 43m
Thread 159 is finished, elapsed time = 2h 43m
Thread 36 is finished, elapsed time = 2h 43m
Thread 56 is finished, elapsed time = 2h 44m
Thread 13 is finished, elapsed time = 2h 44m
Thread 164 is finished, elapsed time = 2h 44m
Thread 121 is finished, elapsed time = 2h 44m
Thread 46 is finished, elapsed time = 2h 44m
Thread 173 is finished, elapsed time = 2h 45m
Thread 6 is finished, elapsed time = 2h 45m
Thread 65 is finished, elapsed time = 2h 46m
Thread 48 is finished, elapsed time = 2h 46m
Thread 39 is finished, elapsed time = 2h 46m
Thread 15 is finished, elapsed time = 2h 46m
Thread 81 is finished, elapsed time = 2h 46m
Thread 20 is finished, elapsed time = 2h 46m
Thread 87 is finished, elapsed time = 2h 46m
Thread 130 is finished, elapsed time = 2h 46m
Thread 104 is finished, elapsed time = 2h 46m
Thread 170 is finished, elapsed time = 2h 46m
Thread 145 is finished, elapsed time = 2h 47m
Thread 21 is finished, elapsed time = 2h 47m
Thread 111 is finished, elapsed time = 2h 47m
Thread 57 is finished, elapsed time = 2h 47m
Thread 3 is finished, elapsed time = 2h 47m
Thread 166 is finished, elapsed time = 2h 47m
Thread 168 is finished, elapsed time = 2h 47m
Thread 127 is finished, elapsed time = 2h 47m
Thread 66 is finished, elapsed time = 2h 47m
Thread 16 is finished, elapsed time = 2h 47m
Thread 30 is finished, elapsed time = 2h 48m
Thread 68 is finished, elapsed time = 2h 48m
Thread 40 is finished, elapsed time = 2h 48m
Thread 185 is finished, elapsed time = 2h 48m
Thread 137 is finished, elapsed time = 2h 49m
Thread 117 is finished, elapsed time = 2h 49m
Thread 72 is finished, elapsed time = 2h 49m
Thread 143 is finished, elapsed time = 2h 50m
Thread 82 is finished, elapsed time = 2h 50m
Thread 123 is finished, elapsed time = 2h 50m
Thread 7 is finished, elapsed time = 2h 50m
Thread 107 is finished, elapsed time = 2h 50m
Thread 187 is finished, elapsed time = 2h 50m
Thread 154 is finished, elapsed time = 2h 50m
Thread 4 is finished, elapsed time = 2h 50m
Thread 156 is finished, elapsed time = 2h 50m
Thread 184 is finished, elapsed time = 2h 50m
Thread 63 is finished, elapsed time = 2h 50m
Thread 188 is finished, elapsed time = 2h 50m
Thread 148 is finished, elapsed time = 2h 51m
Thread 80 is finished, elapsed time = 2h 51m
Thread 42 is finished, elapsed time = 2h 51m
Thread 132 is finished, elapsed time = 2h 51m
Thread 101 is finished, elapsed time = 2h 51m
Thread 59 is finished, elapsed time = 2h 51m
Thread 161 is finished, elapsed time = 2h 51m
Thread 54 is finished, elapsed time = 2h 51m
Thread 106 is finished, elapsed time = 2h 51m
Thread 12 is finished, elapsed time = 2h 51m
Thread 116 is finished, elapsed time = 2h 51m
Thread 131 is finished, elapsed time = 2h 51m
Thread 179 is finished, elapsed time = 2h 52m
Thread 83 is finished, elapsed time = 2h 52m
Thread 142 is finished, elapsed time = 2h 52m
Thread 37 is finished, elapsed time = 2h 52m
Thread 135 is finished, elapsed time = 2h 52m
Thread 47 is finished, elapsed time = 2h 52m
Thread 67 is finished, elapsed time = 2h 52m
Thread 88 is finished, elapsed time = 2h 52m
Thread 157 is finished, elapsed time = 2h 52m
Thread 167 is finished, elapsed time = 2h 52m
Thread 119 is finished, elapsed time = 2h 52m
Thread 102 is finished, elapsed time = 2h 52m
Thread 58 is finished, elapsed time = 2h 52m
Thread 155 is finished, elapsed time = 2h 52m
Thread 79 is finished, elapsed time = 2h 52m
Thread 180 is finished, elapsed time = 2h 52m
Thread 73 is finished, elapsed time = 2h 52m
Thread 186 is finished, elapsed time = 2h 52m
Thread 94 is finished, elapsed time = 2h 52m
Thread 125 is finished, elapsed time = 2h 52m
Thread 147 is finished, elapsed time = 2h 52m
Thread 178 is finished, elapsed time = 2h 52m
Thread 122 is finished, elapsed time = 2h 52m
Thread 134 is finished, elapsed time = 2h 52m
Thread 140 is finished, elapsed time = 2h 52m
Thread 55 is finished, elapsed time = 2h 52m
Thread 139 is finished, elapsed time = 2h 52m
Thread 183 is finished, elapsed time = 2h 52m
Thread 189 is finished, elapsed time = 2h 53m
Thread 182 is finished, elapsed time = 2h 53m
Thread 27 is finished, elapsed time = 2h 53m
Thread 32 is finished, elapsed time = 2h 53m
Thread 41 is finished, elapsed time = 2h 53m
Thread 31 is finished, elapsed time = 2h 53m
Thread 28 is finished, elapsed time = 2h 53m
Thread 38 is finished, elapsed time = 2h 53m
Thread 115 is finished, elapsed time = 2h 53m
Thread 181 is finished, elapsed time = 2h 53m
Thread 109 is finished, elapsed time = 2h 53m
Thread 64 is finished, elapsed time = 2h 53m
Thread 112 is finished, elapsed time = 2h 53m
Thread 174 is finished, elapsed time = 2h 53m
Thread 103 is finished, elapsed time = 2h 53m
Thread 175 is finished, elapsed time = 2h 53m
Thread 177 is finished, elapsed time = 2h 53m
Thread 113 is finished, elapsed time = 2h 53m
Thread 176 is finished, elapsed time = 2h 53m
Thread 105 is finished, elapsed time = 2h 53m
There are 2768716790865 odd rank idempotents, elapsed time = 2h 53m
Total elapsed time = 4h 30m
9155914963702
