Counting even rank Motzkin idempotents . . .
Number of weight 0 Motzkin words is 127
Processing Motzkin words, elapsed time = 87μs 
Motzkin words use ~ 1.90723 KB
Using 190 / 192 threads
Thread 0 is finished, elapsed time = 188μs 
Thread 1 is finished, elapsed time = 6901ns 
Thread 2 is finished, elapsed time = 6642ns 
Thread 3 is finished, elapsed time = 6047ns 
Thread 4 is finished, elapsed time = 7639ns 
Thread 5 is finished, elapsed time = 5713ns 
Thread 6 is finished, elapsed time = 16μs 
Thread 7 is finished, elapsed time = 5272ns 
Thread 8 is finished, elapsed time = 13μs 
Thread 9 is finished, elapsed time = 5916ns 
Thread 10 is finished, elapsed time = 6221ns 
Thread 11 is finished, elapsed time = 4551ns 
Thread 12 is finished, elapsed time = 8093ns 
Thread 13 is finished, elapsed time = 4926ns 
Thread 14 is finished, elapsed time = 5861ns 
Thread 15 is finished, elapsed time = 5014ns 
Thread 16 is finished, elapsed time = 6942ns 
Thread 17 is finished, elapsed time = 5581ns 
Thread 18 is finished, elapsed time = 4584ns 
Thread 19 is finished, elapsed time = 5416ns 
Thread 20 is finished, elapsed time = 7635ns 
Thread 21 is finished, elapsed time = 4953ns 
Thread 22 is finished, elapsed time = 5250ns 
Thread 23 is finished, elapsed time = 5810ns 
Thread 24 is finished, elapsed time = 8445ns 
Thread 25 is finished, elapsed time = 4900ns 
Thread 26 is finished, elapsed time = 4754ns 
Thread 27 is finished, elapsed time = 5877ns 
Thread 28 is finished, elapsed time = 13μs 
Thread 29 is finished, elapsed time = 5709ns 
Thread 30 is finished, elapsed time = 4770ns 
Thread 31 is finished, elapsed time = 5024ns 
Thread 32 is finished, elapsed time = 7739ns 
Thread 33 is finished, elapsed time = 5649ns 
Thread 34 is finished, elapsed time = 4842ns 
Thread 35 is finished, elapsed time = 5703ns 
Thread 36 is finished, elapsed time = 6995ns 
Thread 37 is finished, elapsed time = 4523ns 
Thread 38 is finished, elapsed time = 5371ns 
Thread 39 is finished, elapsed time = 5070ns 
Thread 40 is finished, elapsed time = 7106ns 
Thread 41 is finished, elapsed time = 4699ns 
Thread 42 is finished, elapsed time = 4740ns 
Thread 43 is finished, elapsed time = 5582ns 
Thread 44 is finished, elapsed time = 7787ns 
Thread 45 is finished, elapsed time = 5254ns 
Thread 46 is finished, elapsed time = 5189ns 
Thread 47 is finished, elapsed time = 4932ns 
Thread 48 is finished, elapsed time = 7647ns 
Thread 49 is finished, elapsed time = 5170ns 
Thread 50 is finished, elapsed time = 5367ns 
Thread 51 is finished, elapsed time = 4529ns 
Thread 52 is finished, elapsed time = 7640ns 
Thread 53 is finished, elapsed time = 4906ns 
Thread 54 is finished, elapsed time = 4761ns 
Thread 55 is finished, elapsed time = 4458ns 
Thread 56 is finished, elapsed time = 6162ns 
Thread 57 is finished, elapsed time = 3842ns 
Thread 58 is finished, elapsed time = 3777ns 
Thread 59 is finished, elapsed time = 4627ns 
Thread 60 is finished, elapsed time = 6186ns 
Thread 61 is finished, elapsed time = 4586ns 
Thread 62 is finished, elapsed time = 4621ns 
Thread 63 is finished, elapsed time = 4254ns 
Thread 64 is finished, elapsed time = 6618ns 
Thread 65 is finished, elapsed time = 4284ns 
Thread 66 is finished, elapsed time = 3496ns 
Thread 67 is finished, elapsed time = 3754ns 
Thread 68 is finished, elapsed time = 6931ns 
Thread 69 is finished, elapsed time = 3830ns 
Thread 70 is finished, elapsed time = 3976ns 
Thread 71 is finished, elapsed time = 3906ns 
Thread 72 is finished, elapsed time = 5539ns 
Thread 73 is finished, elapsed time = 4057ns 
Thread 74 is finished, elapsed time = 3771ns 
Thread 75 is finished, elapsed time = 3836ns 
Thread 76 is finished, elapsed time = 6338ns 
Thread 77 is finished, elapsed time = 4150ns 
Thread 78 is finished, elapsed time = 4533ns 
Thread 79 is finished, elapsed time = 3803ns 
Thread 80 is finished, elapsed time = 6928ns 
Thread 81 is finished, elapsed time = 4061ns 
Thread 82 is finished, elapsed time = 3832ns 
Thread 83 is finished, elapsed time = 3903ns 
Thread 84 is finished, elapsed time = 6412ns 
Thread 85 is finished, elapsed time = 5178ns 
Thread 86 is finished, elapsed time = 5774ns 
Thread 87 is finished, elapsed time = 5197ns 
Thread 88 is finished, elapsed time = 25μs 
Thread 89 is finished, elapsed time = 5842ns 
Thread 90 is finished, elapsed time = 5336ns 
Thread 91 is finished, elapsed time = 5000ns 
Thread 92 is finished, elapsed time = 7065ns 
Thread 93 is finished, elapsed time = 4404ns 
Thread 94 is finished, elapsed time = 4516ns 
Thread 95 is finished, elapsed time = 4428ns 
Thread 96 is finished, elapsed time = 6373ns 
Thread 97 is finished, elapsed time = 3512ns 
Thread 98 is finished, elapsed time = 3627ns 
Thread 99 is finished, elapsed time = 2978ns 
Thread 100 is finished, elapsed time = 4375ns 
Thread 101 is finished, elapsed time = 1926ns 
Thread 102 is finished, elapsed time = 1977ns 
Thread 103 is finished, elapsed time = 2231ns 
Thread 104 is finished, elapsed time = 4671ns 
Thread 105 is finished, elapsed time = 1882ns 
Thread 106 is finished, elapsed time = 2000ns 
Thread 107 is finished, elapsed time = 2164ns 
Thread 108 is finished, elapsed time = 4785ns 
Thread 109 is finished, elapsed time = 1906ns 
Thread 110 is finished, elapsed time = 2026ns 
Thread 111 is finished, elapsed time = 2123ns 
Thread 112 is finished, elapsed time = 4452ns 
Thread 113 is finished, elapsed time = 2004ns 
Thread 114 is finished, elapsed time = 1843ns 
Thread 115 is finished, elapsed time = 1994ns 
Thread 116 is finished, elapsed time = 5093ns 
Thread 117 is finished, elapsed time = 2016ns 
Thread 118 is finished, elapsed time = 1933ns 
Thread 119 is finished, elapsed time = 2147ns 
Thread 120 is finished, elapsed time = 4375ns 
Thread 121 is finished, elapsed time = 2158ns 
Thread 122 is finished, elapsed time = 1953ns 
Thread 123 is finished, elapsed time = 1928ns 
Thread 124 is finished, elapsed time = 4877ns 
Thread 125 is finished, elapsed time = 1934ns 
Thread 126 is finished, elapsed time = 2041ns 
Thread 127 is finished, elapsed time = 1860ns 
Thread 128 is finished, elapsed time = 5100ns 
Thread 129 is finished, elapsed time = 1924ns 
Thread 130 is finished, elapsed time = 1970ns 
Thread 131 is finished, elapsed time = 1852ns 
Thread 132 is finished, elapsed time = 4806ns 
Thread 133 is finished, elapsed time = 1621ns 
Thread 134 is finished, elapsed time = 1864ns 
Thread 135 is finished, elapsed time = 2481ns 
Thread 136 is finished, elapsed time = 4627ns 
Thread 137 is finished, elapsed time = 1986ns 
Thread 138 is finished, elapsed time = 1904ns 
Thread 139 is finished, elapsed time = 1772ns 
Thread 140 is finished, elapsed time = 5086ns 
Thread 141 is finished, elapsed time = 1955ns 
Thread 142 is finished, elapsed time = 2158ns 
Thread 143 is finished, elapsed time = 2031ns 
Thread 144 is finished, elapsed time = 4987ns 
Thread 145 is finished, elapsed time = 2152ns 
Thread 146 is finished, elapsed time = 1969ns 
Thread 147 is finished, elapsed time = 2117ns 
Thread 148 is finished, elapsed time = 4310ns 
Thread 149 is finished, elapsed time = 2158ns 
Thread 150 is finished, elapsed time = 2004ns 
Thread 151 is finished, elapsed time = 1987ns 
Thread 152 is finished, elapsed time = 5818ns 
Thread 153 is finished, elapsed time = 2041ns 
Thread 154 is finished, elapsed time = 2332ns 
Thread 155 is finished, elapsed time = 2043ns 
Thread 156 is finished, elapsed time = 4340ns 
Thread 157 is finished, elapsed time = 1845ns 
Thread 158 is finished, elapsed time = 1991ns 
Thread 159 is finished, elapsed time = 2146ns 
Thread 160 is finished, elapsed time = 4664ns 
Thread 161 is finished, elapsed time = 2006ns 
Thread 162 is finished, elapsed time = 2145ns 
Thread 163 is finished, elapsed time = 1856ns 
Thread 164 is finished, elapsed time = 5112ns 
Thread 165 is finished, elapsed time = 2075ns 
Thread 166 is finished, elapsed time = 2199ns 
Thread 167 is finished, elapsed time = 1998ns 
Thread 168 is finished, elapsed time = 6492ns 
Thread 169 is finished, elapsed time = 2213ns 
Thread 170 is finished, elapsed time = 2094ns 
Thread 171 is finished, elapsed time = 1972ns 
Thread 172 is finished, elapsed time = 5076ns 
Thread 173 is finished, elapsed time = 2072ns 
Thread 174 is finished, elapsed time = 2227ns 
Thread 175 is finished, elapsed time = 1898ns 
Thread 176 is finished, elapsed time = 5231ns 
Thread 177 is finished, elapsed time = 2435ns 
Thread 178 is finished, elapsed time = 2090ns 
Thread 179 is finished, elapsed time = 2076ns 
Thread 180 is finished, elapsed time = 4901ns 
Thread 181 is finished, elapsed time = 2018ns 
Thread 182 is finished, elapsed time = 2017ns 
Thread 183 is finished, elapsed time = 2994ns 
Thread 184 is finished, elapsed time = 5785ns 
Thread 185 is finished, elapsed time = 1957ns 
Thread 186 is finished, elapsed time = 2112ns 
Thread 187 is finished, elapsed time = 2617ns 
Thread 188 is finished, elapsed time = 4830ns 
Thread 189 is finished, elapsed time = 1953ns 
There are 19573 even rank idempotents, elapsed time = 32ms 
Counting odd rank Motzkin idempotents . . .
Number of weight 1 Motzkin words is 196
Processing Motzkin words, elapsed time = 134μs 
Motzkin words use ~ 3.19238 KB
Using 190 / 192 threads
Thread 0 is finished, elapsed time = 7498ns 
Thread 1 is finished, elapsed time = 4319ns 
Thread 2 is finished, elapsed time = 7049ns 
Thread 3 is finished, elapsed time = 4472ns 
Thread 4 is finished, elapsed time = 4892ns 
Thread 5 is finished, elapsed time = 4787ns 
Thread 6 is finished, elapsed time = 7016ns 
Thread 7 is finished, elapsed time = 5643ns 
Thread 8 is finished, elapsed time = 6924ns 
Thread 9 is finished, elapsed time = 5745ns 
Thread 10 is finished, elapsed time = 8834ns 
Thread 11 is finished, elapsed time = 6211ns 
Thread 12 is finished, elapsed time = 5476ns 
Thread 13 is finished, elapsed time = 5227ns 
Thread 14 is finished, elapsed time = 7826ns 
Thread 15 is finished, elapsed time = 6139ns 
Thread 16 is finished, elapsed time = 6047ns 
Thread 17 is finished, elapsed time = 5509ns 
Thread 18 is finished, elapsed time = 7947ns 
Thread 19 is finished, elapsed time = 6328ns 
Thread 20 is finished, elapsed time = 6064ns 
Thread 21 is finished, elapsed time = 6115ns 
Thread 22 is finished, elapsed time = 8392ns 
Thread 23 is finished, elapsed time = 5754ns 
Thread 24 is finished, elapsed time = 5209ns 
Thread 25 is finished, elapsed time = 5727ns 
Thread 26 is finished, elapsed time = 8088ns 
Thread 27 is finished, elapsed time = 5400ns 
Thread 28 is finished, elapsed time = 5864ns 
Thread 29 is finished, elapsed time = 6112ns 
Thread 30 is finished, elapsed time = 8314ns 
Thread 31 is finished, elapsed time = 6018ns 
Thread 32 is finished, elapsed time = 5580ns 
Thread 33 is finished, elapsed time = 5437ns 
Thread 34 is finished, elapsed time = 8252ns 
Thread 35 is finished, elapsed time = 5904ns 
Thread 36 is finished, elapsed time = 5568ns 
Thread 37 is finished, elapsed time = 6106ns 
Thread 38 is finished, elapsed time = 7836ns 
Thread 39 is finished, elapsed time = 5569ns 
Thread 40 is finished, elapsed time = 5873ns 
Thread 41 is finished, elapsed time = 6137ns 
Thread 42 is finished, elapsed time = 10μs 
Thread 43 is finished, elapsed time = 5849ns 
Thread 44 is finished, elapsed time = 4370ns 
Thread 45 is finished, elapsed time = 3254ns 
Thread 46 is finished, elapsed time = 7440ns 
Thread 47 is finished, elapsed time = 4011ns 
Thread 48 is finished, elapsed time = 3916ns 
Thread 49 is finished, elapsed time = 4166ns 
Thread 50 is finished, elapsed time = 6496ns 
Thread 51 is finished, elapsed time = 4070ns 
Thread 52 is finished, elapsed time = 3920ns 
Thread 53 is finished, elapsed time = 3750ns 
Thread 54 is finished, elapsed time = 6670ns 
Thread 55 is finished, elapsed time = 3705ns 
Thread 56 is finished, elapsed time = 3982ns 
Thread 57 is finished, elapsed time = 4170ns 
Thread 58 is finished, elapsed time = 6475ns 
Thread 59 is finished, elapsed time = 4211ns 
Thread 60 is finished, elapsed time = 4238ns 
Thread 61 is finished, elapsed time = 4058ns 
Thread 62 is finished, elapsed time = 6813ns 
Thread 63 is finished, elapsed time = 4103ns 
Thread 64 is finished, elapsed time = 3999ns 
Thread 65 is finished, elapsed time = 3916ns 
Thread 66 is finished, elapsed time = 6220ns 
Thread 67 is finished, elapsed time = 4709ns 
Thread 68 is finished, elapsed time = 4406ns 
Thread 69 is finished, elapsed time = 5010ns 
Thread 70 is finished, elapsed time = 7129ns 
Thread 71 is finished, elapsed time = 4274ns 
Thread 72 is finished, elapsed time = 4350ns 
Thread 73 is finished, elapsed time = 4369ns 
Thread 74 is finished, elapsed time = 6910ns 
Thread 75 is finished, elapsed time = 4017ns 
Thread 76 is finished, elapsed time = 4393ns 
Thread 77 is finished, elapsed time = 5072ns 
Thread 78 is finished, elapsed time = 6408ns 
Thread 79 is finished, elapsed time = 5455ns 
Thread 80 is finished, elapsed time = 5928ns 
Thread 81 is finished, elapsed time = 5713ns 
Thread 82 is finished, elapsed time = 9049ns 
Thread 83 is finished, elapsed time = 5049ns 
Thread 84 is finished, elapsed time = 5207ns 
Thread 85 is finished, elapsed time = 5490ns 
Thread 86 is finished, elapsed time = 7699ns 
Thread 87 is finished, elapsed time = 4567ns 
Thread 88 is finished, elapsed time = 4824ns 
Thread 89 is finished, elapsed time = 5527ns 
Thread 90 is finished, elapsed time = 7234ns 
Thread 91 is finished, elapsed time = 5737ns 
Thread 92 is finished, elapsed time = 4615ns 
Thread 93 is finished, elapsed time = 4985ns 
Thread 94 is finished, elapsed time = 8151ns 
Thread 95 is finished, elapsed time = 5157ns 
Thread 96 is finished, elapsed time = 7835ns 
Thread 97 is finished, elapsed time = 7043ns 
Thread 98 is finished, elapsed time = 8881ns 
Thread 99 is finished, elapsed time = 5951ns 
Thread 100 is finished, elapsed time = 6178ns 
Thread 101 is finished, elapsed time = 6089ns 
Thread 102 is finished, elapsed time = 8779ns 
Thread 103 is finished, elapsed time = 5792ns 
Thread 104 is finished, elapsed time = 6113ns 
Thread 105 is finished, elapsed time = 5612ns 
Thread 106 is finished, elapsed time = 8471ns 
Thread 107 is finished, elapsed time = 5954ns 
Thread 108 is finished, elapsed time = 5771ns 
Thread 109 is finished, elapsed time = 6037ns 
Thread 110 is finished, elapsed time = 8113ns 
Thread 111 is finished, elapsed time = 5897ns 
Thread 112 is finished, elapsed time = 6000ns 
Thread 113 is finished, elapsed time = 5363ns 
Thread 114 is finished, elapsed time = 7792ns 
Thread 115 is finished, elapsed time = 5170ns 
Thread 116 is finished, elapsed time = 5848ns 
Thread 117 is finished, elapsed time = 5226ns 
Thread 118 is finished, elapsed time = 7385ns 
Thread 119 is finished, elapsed time = 4369ns 
Thread 120 is finished, elapsed time = 3786ns 
Thread 121 is finished, elapsed time = 4848ns 
Thread 122 is finished, elapsed time = 6558ns 
Thread 123 is finished, elapsed time = 4110ns 
Thread 124 is finished, elapsed time = 4621ns 
Thread 125 is finished, elapsed time = 4426ns 
Thread 126 is finished, elapsed time = 7932ns 
Thread 127 is finished, elapsed time = 4582ns 
Thread 128 is finished, elapsed time = 4437ns 
Thread 129 is finished, elapsed time = 4498ns 
Thread 130 is finished, elapsed time = 10μs 
Thread 131 is finished, elapsed time = 3711ns 
Thread 132 is finished, elapsed time = 1888ns 
Thread 133 is finished, elapsed time = 1982ns 
Thread 134 is finished, elapsed time = 5145ns 
Thread 135 is finished, elapsed time = 1832ns 
Thread 136 is finished, elapsed time = 1888ns 
Thread 137 is finished, elapsed time = 1871ns 
Thread 138 is finished, elapsed time = 4449ns 
Thread 139 is finished, elapsed time = 1939ns 
Thread 140 is finished, elapsed time = 1842ns 
Thread 141 is finished, elapsed time = 4574ns 
Thread 142 is finished, elapsed time = 5034ns 
Thread 143 is finished, elapsed time = 1996ns 
Thread 144 is finished, elapsed time = 1893ns 
Thread 145 is finished, elapsed time = 1951ns 
Thread 146 is finished, elapsed time = 5334ns 
Thread 147 is finished, elapsed time = 1873ns 
Thread 148 is finished, elapsed time = 2099ns 
Thread 149 is finished, elapsed time = 2031ns 
Thread 150 is finished, elapsed time = 5530ns 
Thread 151 is finished, elapsed time = 1834ns 
Thread 152 is finished, elapsed time = 2043ns 
Thread 153 is finished, elapsed time = 1979ns 
Thread 154 is finished, elapsed time = 4791ns 
Thread 155 is finished, elapsed time = 1828ns 
Thread 156 is finished, elapsed time = 2109ns 
Thread 157 is finished, elapsed time = 1929ns 
Thread 158 is finished, elapsed time = 4373ns 
Thread 159 is finished, elapsed time = 2000ns 
Thread 160 is finished, elapsed time = 1949ns 
Thread 161 is finished, elapsed time = 2006ns 
Thread 162 is finished, elapsed time = 5141ns 
Thread 163 is finished, elapsed time = 2068ns 
Thread 164 is finished, elapsed time = 1994ns 
Thread 165 is finished, elapsed time = 1867ns 
Thread 166 is finished, elapsed time = 5305ns 
Thread 167 is finished, elapsed time = 2008ns 
Thread 168 is finished, elapsed time = 1826ns 
Thread 169 is finished, elapsed time = 2004ns 
Thread 170 is finished, elapsed time = 4334ns 
Thread 171 is finished, elapsed time = 1746ns 
Thread 172 is finished, elapsed time = 1734ns 
Thread 173 is finished, elapsed time = 1670ns 
Thread 174 is finished, elapsed time = 3900ns 
Thread 175 is finished, elapsed time = 1785ns 
Thread 176 is finished, elapsed time = 1600ns 
Thread 177 is finished, elapsed time = 1713ns 
Thread 178 is finished, elapsed time = 3969ns 
Thread 179 is finished, elapsed time = 1754ns 
Thread 180 is finished, elapsed time = 1656ns 
Thread 181 is finished, elapsed time = 1655ns 
Thread 182 is finished, elapsed time = 3894ns 
Thread 183 is finished, elapsed time = 1574ns 
Thread 184 is finished, elapsed time = 1688ns 
Thread 185 is finished, elapsed time = 1998ns 
Thread 186 is finished, elapsed time = 4699ns 
Thread 187 is finished, elapsed time = 1682ns 
Thread 188 is finished, elapsed time = 1711ns 
Thread 189 is finished, elapsed time = 1674ns 
There are 10039 odd rank idempotents, elapsed time = 24ms 
Total elapsed time = 57ms 
29612
