Counting even rank Motzkin idempotents . . .
Number of weight 0 Motzkin words is 2
Processing Motzkin words, elapsed time = 6984ns 
Motzkin words use ~ 5 bytes
Using 190 / 192 threads
Thread 0 is finished, elapsed time = 42μs 
Thread 1 is finished, elapsed time = 9377ns 
Thread 2 is finished, elapsed time = 3223ns 
Thread 3 is finished, elapsed time = 2783ns 
Thread 4 is finished, elapsed time = 5502ns 
Thread 5 is finished, elapsed time = 2352ns 
Thread 6 is finished, elapsed time = 2676ns 
Thread 7 is finished, elapsed time = 2491ns 
Thread 8 is finished, elapsed time = 5639ns 
Thread 9 is finished, elapsed time = 2433ns 
Thread 10 is finished, elapsed time = 2779ns 
Thread 11 is finished, elapsed time = 6258ns 
Thread 12 is finished, elapsed time = 4519ns 
Thread 13 is finished, elapsed time = 2504ns 
Thread 14 is finished, elapsed time = 2218ns 
Thread 15 is finished, elapsed time = 2003ns 
Thread 16 is finished, elapsed time = 4662ns 
Thread 17 is finished, elapsed time = 1878ns 
Thread 18 is finished, elapsed time = 1972ns 
Thread 19 is finished, elapsed time = 2131ns 
Thread 20 is finished, elapsed time = 4906ns 
Thread 21 is finished, elapsed time = 2359ns 
Thread 22 is finished, elapsed time = 2008ns 
Thread 23 is finished, elapsed time = 2199ns 
Thread 24 is finished, elapsed time = 4197ns 
Thread 25 is finished, elapsed time = 1918ns 
Thread 26 is finished, elapsed time = 2234ns 
Thread 27 is finished, elapsed time = 2068ns 
Thread 28 is finished, elapsed time = 5158ns 
Thread 29 is finished, elapsed time = 2193ns 
Thread 30 is finished, elapsed time = 2015ns 
Thread 31 is finished, elapsed time = 2545ns 
Thread 32 is finished, elapsed time = 4922ns 
Thread 33 is finished, elapsed time = 2289ns 
Thread 35 is finished, elapsed time = 3359ns 
Thread 34 is finished, elapsed time = 3488ns 
Thread 36 is finished, elapsed time = 9191ns 
Thread 37 is finished, elapsed time = 2668ns 
Thread 38 is finished, elapsed time = 2070ns 
Thread 39 is finished, elapsed time = 2229ns 
Thread 40 is finished, elapsed time = 5027ns 
Thread 41 is finished, elapsed time = 2187ns 
Thread 42 is finished, elapsed time = 1950ns 
Thread 43 is finished, elapsed time = 2031ns 
Thread 44 is finished, elapsed time = 4090ns 
Thread 45 is finished, elapsed time = 2025ns 
Thread 46 is finished, elapsed time = 2232ns 
Thread 47 is finished, elapsed time = 2013ns 
Thread 48 is finished, elapsed time = 4472ns 
Thread 49 is finished, elapsed time = 2014ns 
Thread 50 is finished, elapsed time = 2459ns 
Thread 51 is finished, elapsed time = 1901ns 
Thread 52 is finished, elapsed time = 4767ns 
Thread 53 is finished, elapsed time = 1953ns 
Thread 54 is finished, elapsed time = 2178ns 
Thread 55 is finished, elapsed time = 2105ns 
Thread 56 is finished, elapsed time = 4644ns 
Thread 57 is finished, elapsed time = 1847ns 
Thread 58 is finished, elapsed time = 1932ns 
Thread 59 is finished, elapsed time = 1944ns 
Thread 60 is finished, elapsed time = 5111ns 
Thread 61 is finished, elapsed time = 1816ns 
Thread 62 is finished, elapsed time = 2312ns 
Thread 63 is finished, elapsed time = 2006ns 
Thread 64 is finished, elapsed time = 4463ns 
Thread 65 is finished, elapsed time = 1979ns 
Thread 66 is finished, elapsed time = 1769ns 
Thread 67 is finished, elapsed time = 1900ns 
Thread 68 is finished, elapsed time = 5281ns 
Thread 69 is finished, elapsed time = 1955ns 
Thread 70 is finished, elapsed time = 2284ns 
Thread 71 is finished, elapsed time = 1996ns 
Thread 72 is finished, elapsed time = 4650ns 
Thread 73 is finished, elapsed time = 1855ns 
Thread 74 is finished, elapsed time = 2404ns 
Thread 75 is finished, elapsed time = 1978ns 
Thread 76 is finished, elapsed time = 5186ns 
Thread 77 is finished, elapsed time = 1930ns 
Thread 78 is finished, elapsed time = 3553ns 
Thread 79 is finished, elapsed time = 1968ns 
Thread 80 is finished, elapsed time = 4953ns 
Thread 81 is finished, elapsed time = 2122ns 
Thread 82 is finished, elapsed time = 1986ns 
Thread 83 is finished, elapsed time = 2357ns 
Thread 84 is finished, elapsed time = 4611ns 
Thread 85 is finished, elapsed time = 2058ns 
Thread 86 is finished, elapsed time = 2072ns 
Thread 87 is finished, elapsed time = 2325ns 
Thread 88 is finished, elapsed time = 5317ns 
Thread 89 is finished, elapsed time = 2230ns 
Thread 90 is finished, elapsed time = 1854ns 
Thread 91 is finished, elapsed time = 2225ns 
Thread 92 is finished, elapsed time = 4852ns 
Thread 93 is finished, elapsed time = 2332ns 
Thread 94 is finished, elapsed time = 2076ns 
Thread 95 is finished, elapsed time = 2196ns 
Thread 96 is finished, elapsed time = 4000ns 
Thread 97 is finished, elapsed time = 2365ns 
Thread 98 is finished, elapsed time = 1953ns 
Thread 99 is finished, elapsed time = 2297ns 
Thread 100 is finished, elapsed time = 4444ns 
Thread 101 is finished, elapsed time = 3840ns 
Thread 102 is finished, elapsed time = 2176ns 
Thread 103 is finished, elapsed time = 2106ns 
Thread 104 is finished, elapsed time = 5096ns 
Thread 105 is finished, elapsed time = 2002ns 
Thread 106 is finished, elapsed time = 1840ns 
Thread 107 is finished, elapsed time = 2114ns 
Thread 108 is finished, elapsed time = 4924ns 
Thread 109 is finished, elapsed time = 1979ns 
Thread 110 is finished, elapsed time = 2283ns 
Thread 111 is finished, elapsed time = 1927ns 
Thread 112 is finished, elapsed time = 4660ns 
Thread 113 is finished, elapsed time = 1957ns 
Thread 114 is finished, elapsed time = 2334ns 
Thread 115 is finished, elapsed time = 2178ns 
Thread 116 is finished, elapsed time = 5023ns 
Thread 117 is finished, elapsed time = 1891ns 
Thread 118 is finished, elapsed time = 2129ns 
Thread 119 is finished, elapsed time = 2025ns 
Thread 120 is finished, elapsed time = 4684ns 
Thread 121 is finished, elapsed time = 2125ns 
Thread 122 is finished, elapsed time = 1990ns 
Thread 123 is finished, elapsed time = 3492ns 
Thread 124 is finished, elapsed time = 4334ns 
Thread 125 is finished, elapsed time = 2273ns 
Thread 126 is finished, elapsed time = 2224ns 
Thread 127 is finished, elapsed time = 1943ns 
Thread 128 is finished, elapsed time = 3910ns 
Thread 129 is finished, elapsed time = 2197ns 
Thread 130 is finished, elapsed time = 1842ns 
Thread 131 is finished, elapsed time = 2117ns 
Thread 132 is finished, elapsed time = 5178ns 
Thread 133 is finished, elapsed time = 1972ns 
Thread 134 is finished, elapsed time = 2158ns 
Thread 135 is finished, elapsed time = 1994ns 
Thread 136 is finished, elapsed time = 4838ns 
Thread 137 is finished, elapsed time = 1944ns 
Thread 138 is finished, elapsed time = 2227ns 
Thread 139 is finished, elapsed time = 2134ns 
Thread 140 is finished, elapsed time = 4795ns 
Thread 141 is finished, elapsed time = 1998ns 
Thread 142 is finished, elapsed time = 2129ns 
Thread 143 is finished, elapsed time = 1936ns 
Thread 144 is finished, elapsed time = 5082ns 
Thread 145 is finished, elapsed time = 1990ns 
Thread 146 is finished, elapsed time = 2713ns 
Thread 147 is finished, elapsed time = 2059ns 
Thread 148 is finished, elapsed time = 5014ns 
Thread 149 is finished, elapsed time = 2219ns 
Thread 150 is finished, elapsed time = 2152ns 
Thread 151 is finished, elapsed time = 2285ns 
Thread 152 is finished, elapsed time = 6702ns 
Thread 153 is finished, elapsed time = 2042ns 
Thread 154 is finished, elapsed time = 2426ns 
Thread 155 is finished, elapsed time = 2073ns 
Thread 156 is finished, elapsed time = 4806ns 
Thread 157 is finished, elapsed time = 2080ns 
Thread 158 is finished, elapsed time = 1887ns 
Thread 159 is finished, elapsed time = 2215ns 
Thread 160 is finished, elapsed time = 5750ns 
Thread 161 is finished, elapsed time = 2025ns 
Thread 162 is finished, elapsed time = 1998ns 
Thread 163 is finished, elapsed time = 2203ns 
Thread 164 is finished, elapsed time = 4925ns 
Thread 165 is finished, elapsed time = 2350ns 
Thread 166 is finished, elapsed time = 1834ns 
Thread 167 is finished, elapsed time = 2158ns 
Thread 168 is finished, elapsed time = 4992ns 
Thread 169 is finished, elapsed time = 2086ns 
Thread 170 is finished, elapsed time = 2082ns 
Thread 171 is finished, elapsed time = 2132ns 
Thread 172 is finished, elapsed time = 6697ns 
Thread 173 is finished, elapsed time = 1842ns 
Thread 174 is finished, elapsed time = 1990ns 
Thread 175 is finished, elapsed time = 2280ns 
Thread 176 is finished, elapsed time = 4270ns 
Thread 177 is finished, elapsed time = 2166ns 
Thread 178 is finished, elapsed time = 2480ns 
Thread 179 is finished, elapsed time = 1974ns 
Thread 180 is finished, elapsed time = 5992ns 
Thread 181 is finished, elapsed time = 2133ns 
Thread 182 is finished, elapsed time = 2044ns 
Thread 183 is finished, elapsed time = 2094ns 
Thread 184 is finished, elapsed time = 4861ns 
Thread 185 is finished, elapsed time = 2459ns 
Thread 186 is finished, elapsed time = 1896ns 
Thread 187 is finished, elapsed time = 2029ns 
Thread 188 is finished, elapsed time = 4805ns 
Thread 189 is finished, elapsed time = 1824ns 
There are 5 even rank idempotents, elapsed time = 33ms 
Counting odd rank Motzkin idempotents . . .
Number of weight 1 Motzkin words is 2
Processing Motzkin words, elapsed time = 10μs 
Motzkin words use ~ 12 bytes
Using 190 / 192 threads
Thread 0 is finished, elapsed time = 2551ns 
Thread 1 is finished, elapsed time = 2795ns 
Thread 2 is finished, elapsed time = 4360ns 
Thread 3 is finished, elapsed time = 3418ns 
Thread 4 is finished, elapsed time = 2045ns 
Thread 5 is finished, elapsed time = 1938ns 
Thread 6 is finished, elapsed time = 4475ns 
Thread 7 is finished, elapsed time = 1978ns 
Thread 8 is finished, elapsed time = 1969ns 
Thread 9 is finished, elapsed time = 2002ns 
Thread 10 is finished, elapsed time = 5125ns 
Thread 11 is finished, elapsed time = 1955ns 
Thread 12 is finished, elapsed time = 1904ns 
Thread 13 is finished, elapsed time = 1934ns 
Thread 14 is finished, elapsed time = 4384ns 
Thread 15 is finished, elapsed time = 1896ns 
Thread 16 is finished, elapsed time = 1986ns 
Thread 17 is finished, elapsed time = 1843ns 
Thread 18 is finished, elapsed time = 3951ns 
Thread 19 is finished, elapsed time = 2004ns 
Thread 20 is finished, elapsed time = 1955ns 
Thread 21 is finished, elapsed time = 1825ns 
Thread 22 is finished, elapsed time = 4250ns 
Thread 23 is finished, elapsed time = 1875ns 
Thread 24 is finished, elapsed time = 2014ns 
Thread 25 is finished, elapsed time = 1854ns 
Thread 26 is finished, elapsed time = 4672ns 
Thread 27 is finished, elapsed time = 2043ns 
Thread 28 is finished, elapsed time = 2149ns 
Thread 29 is finished, elapsed time = 1838ns 
Thread 30 is finished, elapsed time = 4303ns 
Thread 31 is finished, elapsed time = 1896ns 
Thread 32 is finished, elapsed time = 1878ns 
Thread 33 is finished, elapsed time = 1889ns 
Thread 34 is finished, elapsed time = 4151ns 
Thread 35 is finished, elapsed time = 1840ns 
Thread 36 is finished, elapsed time = 3605ns 
Thread 37 is finished, elapsed time = 1842ns 
Thread 38 is finished, elapsed time = 7119ns 
Thread 39 is finished, elapsed time = 1856ns 
Thread 40 is finished, elapsed time = 1830ns 
Thread 41 is finished, elapsed time = 1804ns 
Thread 42 is finished, elapsed time = 4140ns 
Thread 43 is finished, elapsed time = 1793ns 
Thread 44 is finished, elapsed time = 1752ns 
Thread 45 is finished, elapsed time = 1879ns 
Thread 46 is finished, elapsed time = 5769ns 
Thread 47 is finished, elapsed time = 1953ns 
Thread 48 is finished, elapsed time = 1918ns 
Thread 49 is finished, elapsed time = 1957ns 
Thread 50 is finished, elapsed time = 4510ns 
Thread 51 is finished, elapsed time = 1832ns 
Thread 52 is finished, elapsed time = 2292ns 
Thread 53 is finished, elapsed time = 1972ns 
Thread 54 is finished, elapsed time = 5814ns 
Thread 55 is finished, elapsed time = 1955ns 
Thread 56 is finished, elapsed time = 1846ns 
Thread 57 is finished, elapsed time = 2053ns 
Thread 58 is finished, elapsed time = 4828ns 
Thread 59 is finished, elapsed time = 1940ns 
Thread 60 is finished, elapsed time = 2222ns 
Thread 61 is finished, elapsed time = 1894ns 
Thread 62 is finished, elapsed time = 4672ns 
Thread 63 is finished, elapsed time = 1898ns 
Thread 64 is finished, elapsed time = 2723ns 
Thread 65 is finished, elapsed time = 1920ns 
Thread 66 is finished, elapsed time = 3858ns 
Thread 67 is finished, elapsed time = 1875ns 
Thread 68 is finished, elapsed time = 5371ns 
Thread 69 is finished, elapsed time = 1866ns 
Thread 70 is finished, elapsed time = 4612ns 
Thread 71 is finished, elapsed time = 1780ns 
Thread 72 is finished, elapsed time = 1831ns 
Thread 73 is finished, elapsed time = 2271ns 
Thread 74 is finished, elapsed time = 4465ns 
Thread 75 is finished, elapsed time = 1934ns 
Thread 76 is finished, elapsed time = 1832ns 
Thread 77 is finished, elapsed time = 1881ns 
Thread 78 is finished, elapsed time = 4729ns 
Thread 79 is finished, elapsed time = 1879ns 
Thread 80 is finished, elapsed time = 1991ns 
Thread 81 is finished, elapsed time = 1843ns 
Thread 82 is finished, elapsed time = 4697ns 
Thread 83 is finished, elapsed time = 1912ns 
Thread 84 is finished, elapsed time = 2170ns 
Thread 85 is finished, elapsed time = 2071ns 
Thread 86 is finished, elapsed time = 5445ns 
Thread 87 is finished, elapsed time = 1784ns 
Thread 88 is finished, elapsed time = 1881ns 
Thread 89 is finished, elapsed time = 1826ns 
Thread 90 is finished, elapsed time = 4344ns 
Thread 91 is finished, elapsed time = 1756ns 
Thread 92 is finished, elapsed time = 1897ns 
Thread 93 is finished, elapsed time = 2008ns 
Thread 94 is finished, elapsed time = 4937ns 
Thread 95 is finished, elapsed time = 2301ns 
Thread 96 is finished, elapsed time = 1817ns 
Thread 97 is finished, elapsed time = 1912ns 
Thread 98 is finished, elapsed time = 4369ns 
Thread 99 is finished, elapsed time = 1931ns 
Thread 100 is finished, elapsed time = 2338ns 
Thread 101 is finished, elapsed time = 1900ns 
Thread 102 is finished, elapsed time = 5670ns 
Thread 103 is finished, elapsed time = 1816ns 
Thread 104 is finished, elapsed time = 1935ns 
Thread 105 is finished, elapsed time = 1949ns 
Thread 106 is finished, elapsed time = 5236ns 
Thread 107 is finished, elapsed time = 1838ns 
Thread 108 is finished, elapsed time = 2078ns 
Thread 109 is finished, elapsed time = 2388ns 
Thread 110 is finished, elapsed time = 4879ns 
Thread 111 is finished, elapsed time = 1982ns 
Thread 112 is finished, elapsed time = 2166ns 
Thread 113 is finished, elapsed time = 2005ns 
Thread 114 is finished, elapsed time = 4815ns 
Thread 115 is finished, elapsed time = 1904ns 
Thread 116 is finished, elapsed time = 2156ns 
Thread 117 is finished, elapsed time = 1920ns 
Thread 118 is finished, elapsed time = 5824ns 
Thread 119 is finished, elapsed time = 1934ns 
Thread 120 is finished, elapsed time = 2275ns 
Thread 121 is finished, elapsed time = 1842ns 
Thread 122 is finished, elapsed time = 6139ns 
Thread 123 is finished, elapsed time = 1923ns 
Thread 124 is finished, elapsed time = 2199ns 
Thread 125 is finished, elapsed time = 1925ns 
Thread 126 is finished, elapsed time = 4979ns 
Thread 127 is finished, elapsed time = 2111ns 
Thread 128 is finished, elapsed time = 2328ns 
Thread 129 is finished, elapsed time = 1818ns 
Thread 130 is finished, elapsed time = 7945ns 
Thread 131 is finished, elapsed time = 1942ns 
Thread 132 is finished, elapsed time = 2047ns 
Thread 133 is finished, elapsed time = 1891ns 
Thread 134 is finished, elapsed time = 4349ns 
Thread 135 is finished, elapsed time = 2503ns 
Thread 136 is finished, elapsed time = 2435ns 
Thread 137 is finished, elapsed time = 1908ns 
Thread 138 is finished, elapsed time = 4529ns 
Thread 139 is finished, elapsed time = 2300ns 
Thread 140 is finished, elapsed time = 1912ns 
Thread 141 is finished, elapsed time = 1953ns 
Thread 142 is finished, elapsed time = 4527ns 
Thread 143 is finished, elapsed time = 1983ns 
Thread 144 is finished, elapsed time = 1858ns 
Thread 145 is finished, elapsed time = 1947ns 
Thread 146 is finished, elapsed time = 5090ns 
Thread 147 is finished, elapsed time = 1996ns 
Thread 148 is finished, elapsed time = 1911ns 
Thread 149 is finished, elapsed time = 1828ns 
Thread 150 is finished, elapsed time = 4728ns 
Thread 151 is finished, elapsed time = 2180ns 
Thread 152 is finished, elapsed time = 1826ns 
Thread 153 is finished, elapsed time = 1913ns 
Thread 154 is finished, elapsed time = 4623ns 
Thread 155 is finished, elapsed time = 1887ns 
Thread 156 is finished, elapsed time = 2153ns 
Thread 157 is finished, elapsed time = 2152ns 
Thread 158 is finished, elapsed time = 4565ns 
Thread 159 is finished, elapsed time = 2011ns 
Thread 160 is finished, elapsed time = 1863ns 
Thread 161 is finished, elapsed time = 2561ns 
Thread 162 is finished, elapsed time = 4727ns 
Thread 163 is finished, elapsed time = 1978ns 
Thread 164 is finished, elapsed time = 2367ns 
Thread 165 is finished, elapsed time = 1989ns 
Thread 166 is finished, elapsed time = 4340ns 
Thread 167 is finished, elapsed time = 1949ns 
Thread 168 is finished, elapsed time = 2082ns 
Thread 169 is finished, elapsed time = 2135ns 
Thread 170 is finished, elapsed time = 4726ns 
Thread 171 is finished, elapsed time = 1912ns 
Thread 172 is finished, elapsed time = 1816ns 
Thread 173 is finished, elapsed time = 1894ns 
Thread 174 is finished, elapsed time = 4608ns 
Thread 175 is finished, elapsed time = 1936ns 
Thread 176 is finished, elapsed time = 2310ns 
Thread 177 is finished, elapsed time = 1930ns 
Thread 178 is finished, elapsed time = 5195ns 
Thread 179 is finished, elapsed time = 2086ns 
Thread 180 is finished, elapsed time = 1879ns 
Thread 181 is finished, elapsed time = 1942ns 
Thread 182 is finished, elapsed time = 5215ns 
Thread 183 is finished, elapsed time = 1815ns 
Thread 184 is finished, elapsed time = 2373ns 
Thread 185 is finished, elapsed time = 1880ns 
Thread 186 is finished, elapsed time = 4760ns 
Thread 187 is finished, elapsed time = 1863ns 
Thread 188 is finished, elapsed time = 2129ns 
Thread 189 is finished, elapsed time = 1869ns 
There are 2 odd rank idempotents, elapsed time = 25ms 
Total elapsed time = 59ms 
7
