Counting even rank Motzkin idempotents . . .
Number of weight 0 Motzkin words is 6536382
Processing Motzkin words, elapsed time = 3318ms 
Motzkin words use ~ 238.193 MB
Using 190 / 192 threads
Thread 4 is finished, elapsed time = 11h 11m
Thread 0 is finished, elapsed time = 11h 19m
Thread 3 is finished, elapsed time = 11h 23m
Thread 1 is finished, elapsed time = 11h 33m
Thread 23 is finished, elapsed time = 11h 52m
Thread 11 is finished, elapsed time = 11h 52m
Thread 25 is finished, elapsed time = 11h 53m
Thread 2 is finished, elapsed time = 11h 53m
Thread 6 is finished, elapsed time = 11h 55m
Thread 14 is finished, elapsed time = 11h 56m
Thread 37 is finished, elapsed time = 11h 57m
Thread 18 is finished, elapsed time = 11h 57m
Thread 5 is finished, elapsed time = 11h 58m
Thread 13 is finished, elapsed time = 11h 58m
Thread 15 is finished, elapsed time = 12h 1m
Thread 26 is finished, elapsed time = 12h 4m
Thread 8 is finished, elapsed time = 12h 6m
Thread 33 is finished, elapsed time = 12h 7m
Thread 34 is finished, elapsed time = 12h 9m
Thread 30 is finished, elapsed time = 12h 9m
Thread 35 is finished, elapsed time = 12h 10m
Thread 19 is finished, elapsed time = 12h 11m
Thread 85 is finished, elapsed time = 12h 13m
Thread 101 is finished, elapsed time = 12h 15m
Thread 32 is finished, elapsed time = 12h 15m
Thread 21 is finished, elapsed time = 12h 16m
Thread 28 is finished, elapsed time = 12h 16m
Thread 83 is finished, elapsed time = 12h 17m
Thread 103 is finished, elapsed time = 12h 18m
Thread 27 is finished, elapsed time = 12h 19m
Thread 16 is finished, elapsed time = 12h 20m
Thread 7 is finished, elapsed time = 12h 20m
Thread 12 is finished, elapsed time = 12h 21m
Thread 36 is finished, elapsed time = 12h 22m
Thread 20 is finished, elapsed time = 12h 24m
Thread 94 is finished, elapsed time = 12h 24m
Thread 75 is finished, elapsed time = 12h 25m
Thread 87 is finished, elapsed time = 12h 26m
Thread 79 is finished, elapsed time = 12h 28m
Thread 9 is finished, elapsed time = 12h 28m
Thread 10 is finished, elapsed time = 12h 29m
Thread 91 is finished, elapsed time = 12h 29m
Thread 31 is finished, elapsed time = 12h 29m
Thread 17 is finished, elapsed time = 12h 30m
Thread 96 is finished, elapsed time = 12h 31m
Thread 38 is finished, elapsed time = 12h 32m
Thread 24 is finished, elapsed time = 12h 32m
Thread 63 is finished, elapsed time = 12h 33m
Thread 29 is finished, elapsed time = 12h 33m
Thread 86 is finished, elapsed time = 12h 33m
Thread 108 is finished, elapsed time = 12h 34m
Thread 57 is finished, elapsed time = 12h 34m
Thread 106 is finished, elapsed time = 12h 36m
Thread 69 is finished, elapsed time = 12h 36m
Thread 89 is finished, elapsed time = 12h 36m
Thread 157 is finished, elapsed time = 12h 37m
Thread 113 is finished, elapsed time = 12h 37m
Thread 84 is finished, elapsed time = 12h 37m
Thread 102 is finished, elapsed time = 12h 37m
Thread 73 is finished, elapsed time = 12h 37m
Thread 22 is finished, elapsed time = 12h 38m
Thread 92 is finished, elapsed time = 12h 38m
Thread 41 is finished, elapsed time = 12h 39m
Thread 39 is finished, elapsed time = 12h 40m
Thread 71 is finished, elapsed time = 12h 40m
Thread 80 is finished, elapsed time = 12h 41m
Thread 109 is finished, elapsed time = 12h 41m
Thread 155 is finished, elapsed time = 12h 43m
Thread 65 is finished, elapsed time = 12h 43m
Thread 90 is finished, elapsed time = 12h 43m
Thread 55 is finished, elapsed time = 12h 43m
Thread 93 is finished, elapsed time = 12h 43m
Thread 88 is finished, elapsed time = 12h 44m
Thread 50 is finished, elapsed time = 12h 44m
Thread 160 is finished, elapsed time = 12h 44m
Thread 46 is finished, elapsed time = 12h 44m
Thread 159 is finished, elapsed time = 12h 45m
Thread 116 is finished, elapsed time = 12h 46m
Thread 44 is finished, elapsed time = 12h 46m
Thread 59 is finished, elapsed time = 12h 46m
Thread 81 is finished, elapsed time = 12h 47m
Thread 82 is finished, elapsed time = 12h 47m
Thread 61 is finished, elapsed time = 12h 47m
Thread 154 is finished, elapsed time = 12h 47m
Thread 52 is finished, elapsed time = 12h 48m
Thread 45 is finished, elapsed time = 12h 48m
Thread 115 is finished, elapsed time = 12h 48m
Thread 110 is finished, elapsed time = 12h 48m
Thread 99 is finished, elapsed time = 12h 48m
Thread 97 is finished, elapsed time = 12h 49m
Thread 105 is finished, elapsed time = 12h 49m
Thread 104 is finished, elapsed time = 12h 50m
Thread 147 is finished, elapsed time = 12h 50m
Thread 42 is finished, elapsed time = 12h 50m
Thread 68 is finished, elapsed time = 12h 50m
Thread 58 is finished, elapsed time = 12h 50m
Thread 40 is finished, elapsed time = 12h 51m
Thread 107 is finished, elapsed time = 12h 51m
Thread 62 is finished, elapsed time = 12h 51m
Thread 43 is finished, elapsed time = 12h 51m
Thread 163 is finished, elapsed time = 12h 51m
Thread 60 is finished, elapsed time = 12h 52m
Thread 74 is finished, elapsed time = 12h 52m
Thread 77 is finished, elapsed time = 12h 52m
Thread 48 is finished, elapsed time = 12h 52m
Thread 56 is finished, elapsed time = 12h 52m
Thread 156 is finished, elapsed time = 12h 52m
Thread 100 is finished, elapsed time = 12h 52m
Thread 95 is finished, elapsed time = 12h 53m
Thread 150 is finished, elapsed time = 12h 53m
Thread 70 is finished, elapsed time = 12h 53m
Thread 161 is finished, elapsed time = 12h 54m
Thread 76 is finished, elapsed time = 12h 54m
Thread 49 is finished, elapsed time = 12h 54m
Thread 72 is finished, elapsed time = 12h 54m
Thread 51 is finished, elapsed time = 12h 55m
Thread 98 is finished, elapsed time = 12h 55m
Thread 144 is finished, elapsed time = 12h 55m
Thread 66 is finished, elapsed time = 12h 55m
Thread 168 is finished, elapsed time = 12h 55m
Thread 152 is finished, elapsed time = 12h 55m
Thread 112 is finished, elapsed time = 12h 55m
Thread 111 is finished, elapsed time = 12h 55m
Thread 67 is finished, elapsed time = 12h 56m
Thread 171 is finished, elapsed time = 12h 56m
Thread 162 is finished, elapsed time = 12h 56m
Thread 54 is finished, elapsed time = 12h 57m
Thread 64 is finished, elapsed time = 12h 57m
Thread 47 is finished, elapsed time = 12h 57m
Thread 149 is finished, elapsed time = 12h 57m
Thread 146 is finished, elapsed time = 12h 57m
Thread 153 is finished, elapsed time = 12h 57m
Thread 145 is finished, elapsed time = 12h 58m
Thread 53 is finished, elapsed time = 12h 58m
Thread 148 is finished, elapsed time = 12h 59m
Thread 151 is finished, elapsed time = 12h 59m
Thread 114 is finished, elapsed time = 12h 59m
Thread 78 is finished, elapsed time = 12h 59m
Thread 118 is finished, elapsed time = 12h 59m
Thread 133 is finished, elapsed time = 12h 59m
Thread 167 is finished, elapsed time = 13h 
Thread 169 is finished, elapsed time = 13h 
Thread 117 is finished, elapsed time = 13h 
Thread 165 is finished, elapsed time = 13h 
Thread 186 is finished, elapsed time = 13h 1m
Thread 119 is finished, elapsed time = 13h 2m
Thread 135 is finished, elapsed time = 13h 2m
Thread 172 is finished, elapsed time = 13h 2m
Thread 131 is finished, elapsed time = 13h 2m
Thread 140 is finished, elapsed time = 13h 2m
Thread 158 is finished, elapsed time = 13h 2m
Thread 126 is finished, elapsed time = 13h 2m
Thread 130 is finished, elapsed time = 13h 2m
Thread 170 is finished, elapsed time = 13h 2m
Thread 175 is finished, elapsed time = 13h 3m
Thread 141 is finished, elapsed time = 13h 3m
Thread 176 is finished, elapsed time = 13h 3m
Thread 128 is finished, elapsed time = 13h 3m
Thread 166 is finished, elapsed time = 13h 3m
Thread 121 is finished, elapsed time = 13h 3m
Thread 124 is finished, elapsed time = 13h 4m
Thread 142 is finished, elapsed time = 13h 4m
Thread 173 is finished, elapsed time = 13h 4m
Thread 120 is finished, elapsed time = 13h 4m
Thread 188 is finished, elapsed time = 13h 4m
Thread 125 is finished, elapsed time = 13h 4m
Thread 139 is finished, elapsed time = 13h 4m
Thread 132 is finished, elapsed time = 13h 4m
Thread 136 is finished, elapsed time = 13h 4m
Thread 129 is finished, elapsed time = 13h 5m
Thread 164 is finished, elapsed time = 13h 5m
Thread 177 is finished, elapsed time = 13h 5m
Thread 187 is finished, elapsed time = 13h 5m
Thread 127 is finished, elapsed time = 13h 5m
Thread 138 is finished, elapsed time = 13h 5m
Thread 143 is finished, elapsed time = 13h 5m
Thread 122 is finished, elapsed time = 13h 5m
Thread 137 is finished, elapsed time = 13h 6m
Thread 134 is finished, elapsed time = 13h 6m
Thread 174 is finished, elapsed time = 13h 6m
Thread 123 is finished, elapsed time = 13h 7m
Thread 185 is finished, elapsed time = 13h 7m
Thread 178 is finished, elapsed time = 13h 8m
Thread 179 is finished, elapsed time = 13h 8m
Thread 182 is finished, elapsed time = 13h 8m
Thread 183 is finished, elapsed time = 13h 8m
Thread 184 is finished, elapsed time = 13h 9m
Thread 189 is finished, elapsed time = 13h 10m
Thread 180 is finished, elapsed time = 13h 10m
Thread 181 is finished, elapsed time = 13h 10m
There are 48970107114037 even rank idempotents, elapsed time = 13h 10m
Counting odd rank Motzkin idempotents . . .
Number of weight 1 Motzkin words is 11662902
Processing Motzkin words, elapsed time = 7531ms 
Motzkin words use ~ 436.704 MB
Using 190 / 192 threads
Thread 10 is finished, elapsed time = 20h 27m
Thread 52 is finished, elapsed time = 20h 55m
Thread 48 is finished, elapsed time = 20h 58m
Thread 53 is finished, elapsed time = 21h 4m
Thread 66 is finished, elapsed time = 21h 5m
Thread 13 is finished, elapsed time = 21h 17m
Thread 14 is finished, elapsed time = 21h 18m
Thread 65 is finished, elapsed time = 21h 21m
Thread 60 is finished, elapsed time = 21h 21m
Thread 54 is finished, elapsed time = 21h 22m
Thread 69 is finished, elapsed time = 21h 23m
Thread 49 is finished, elapsed time = 21h 27m
Thread 70 is finished, elapsed time = 21h 33m
Thread 71 is finished, elapsed time = 21h 34m
Thread 61 is finished, elapsed time = 21h 34m
Thread 152 is finished, elapsed time = 21h 40m
Thread 138 is finished, elapsed time = 21h 41m
Thread 5 is finished, elapsed time = 21h 43m
Thread 120 is finished, elapsed time = 21h 45m
Thread 130 is finished, elapsed time = 21h 46m
Thread 155 is finished, elapsed time = 21h 49m
Thread 64 is finished, elapsed time = 21h 50m
Thread 72 is finished, elapsed time = 21h 50m
Thread 122 is finished, elapsed time = 21h 51m
Thread 29 is finished, elapsed time = 21h 53m
Thread 35 is finished, elapsed time = 21h 54m
Thread 32 is finished, elapsed time = 21h 55m
Thread 145 is finished, elapsed time = 21h 55m
Thread 143 is finished, elapsed time = 22h 
Thread 154 is finished, elapsed time = 22h 6m
Thread 127 is finished, elapsed time = 22h 8m
Thread 34 is finished, elapsed time = 22h 8m
Thread 128 is finished, elapsed time = 22h 12m
Thread 150 is finished, elapsed time = 22h 14m
Thread 93 is finished, elapsed time = 22h 16m
Thread 28 is finished, elapsed time = 22h 18m
Thread 94 is finished, elapsed time = 22h 22m
Thread 80 is finished, elapsed time = 22h 23m
Thread 21 is finished, elapsed time = 22h 27m
Thread 141 is finished, elapsed time = 22h 28m
Thread 33 is finished, elapsed time = 22h 30m
Thread 11 is finished, elapsed time = 22h 36m
Thread 41 is finished, elapsed time = 22h 38m
Thread 100 is finished, elapsed time = 22h 38m
Thread 91 is finished, elapsed time = 22h 41m
Thread 104 is finished, elapsed time = 22h 43m
Thread 111 is finished, elapsed time = 22h 44m
Thread 15 is finished, elapsed time = 22h 45m
Thread 103 is finished, elapsed time = 22h 51m
Thread 42 is finished, elapsed time = 22h 51m
Thread 148 is finished, elapsed time = 22h 51m
Thread 179 is finished, elapsed time = 22h 55m
Thread 22 is finished, elapsed time = 22h 56m
Thread 113 is finished, elapsed time = 22h 57m
Thread 83 is finished, elapsed time = 22h 58m
Thread 20 is finished, elapsed time = 23h 5m
Thread 98 is finished, elapsed time = 23h 6m
Thread 0 is finished, elapsed time = 23h 8m
Thread 87 is finished, elapsed time = 23h 8m
Thread 1 is finished, elapsed time = 23h 15m
Thread 131 is finished, elapsed time = 23h 19m
Thread 136 is finished, elapsed time = 23h 19m
Thread 6 is finished, elapsed time = 23h 20m
Thread 55 is finished, elapsed time = 23h 21m
Thread 45 is finished, elapsed time = 23h 27m
Thread 125 is finished, elapsed time = 23h 28m
Thread 63 is finished, elapsed time = 23h 31m
Thread 76 is finished, elapsed time = 23h 32m
Thread 146 is finished, elapsed time = 23h 33m
Thread 57 is finished, elapsed time = 23h 33m
Thread 8 is finished, elapsed time = 23h 34m
Thread 184 is finished, elapsed time = 23h 38m
Thread 183 is finished, elapsed time = 23h 44m
Thread 2 is finished, elapsed time = 23h 46m
Thread 25 is finished, elapsed time = 23h 47m
Thread 186 is finished, elapsed time = 23h 47m
Thread 107 is finished, elapsed time = 23h 48m
Thread 12 is finished, elapsed time = 23h 50m
Thread 97 is finished, elapsed time = 23h 51m
Thread 126 is finished, elapsed time = 23h 51m
Thread 9 is finished, elapsed time = 23h 51m
Thread 30 is finished, elapsed time = 23h 52m
Thread 176 is finished, elapsed time = 23h 52m
Thread 51 is finished, elapsed time = 23h 54m
Thread 101 is finished, elapsed time = 23h 54m
Thread 38 is finished, elapsed time = 23h 55m
Thread 73 is finished, elapsed time = 23h 56m
Thread 47 is finished, elapsed time = 23h 57m
Thread 178 is finished, elapsed time = 23h 59m
Thread 82 is finished, elapsed time = 23h 59m
Thread 117 is finished, elapsed time = 24h 
Thread 129 is finished, elapsed time = 24h 1m
Thread 4 is finished, elapsed time = 24h 1m
Thread 67 is finished, elapsed time = 24h 3m
Thread 17 is finished, elapsed time = 24h 5m
Thread 139 is finished, elapsed time = 24h 5m
Thread 59 is finished, elapsed time = 24h 5m
Thread 182 is finished, elapsed time = 24h 7m
Thread 3 is finished, elapsed time = 24h 7m
Thread 102 is finished, elapsed time = 24h 8m
Thread 7 is finished, elapsed time = 24h 9m
Thread 27 is finished, elapsed time = 24h 10m
Thread 114 is finished, elapsed time = 24h 11m
Thread 50 is finished, elapsed time = 24h 11m
Thread 149 is finished, elapsed time = 24h 13m
Thread 167 is finished, elapsed time = 24h 14m
Thread 123 is finished, elapsed time = 24h 15m
Thread 151 is finished, elapsed time = 24h 15m
Thread 68 is finished, elapsed time = 24h 16m
Thread 40 is finished, elapsed time = 24h 19m
Thread 18 is finished, elapsed time = 24h 19m
Thread 175 is finished, elapsed time = 24h 19m
Thread 137 is finished, elapsed time = 24h 19m
Thread 169 is finished, elapsed time = 24h 20m
Thread 84 is finished, elapsed time = 24h 20m
Thread 177 is finished, elapsed time = 24h 20m
Thread 144 is finished, elapsed time = 24h 21m
Thread 81 is finished, elapsed time = 24h 21m
Thread 185 is finished, elapsed time = 24h 22m
Thread 181 is finished, elapsed time = 24h 22m
Thread 121 is finished, elapsed time = 24h 24m
Thread 187 is finished, elapsed time = 24h 25m
Thread 142 is finished, elapsed time = 24h 25m
Thread 153 is finished, elapsed time = 24h 26m
Thread 164 is finished, elapsed time = 24h 26m
Thread 108 is finished, elapsed time = 24h 27m
Thread 163 is finished, elapsed time = 24h 27m
Thread 134 is finished, elapsed time = 24h 28m
Thread 99 is finished, elapsed time = 24h 30m
Thread 109 is finished, elapsed time = 24h 31m
Thread 36 is finished, elapsed time = 24h 32m
Thread 124 is finished, elapsed time = 24h 32m
Thread 115 is finished, elapsed time = 24h 33m
Thread 110 is finished, elapsed time = 24h 33m
Thread 133 is finished, elapsed time = 24h 33m
Thread 166 is finished, elapsed time = 24h 34m
Thread 172 is finished, elapsed time = 24h 34m
Thread 160 is finished, elapsed time = 24h 34m
Thread 174 is finished, elapsed time = 24h 35m
Thread 46 is finished, elapsed time = 24h 35m
Thread 43 is finished, elapsed time = 24h 35m
Thread 62 is finished, elapsed time = 24h 35m
Thread 168 is finished, elapsed time = 24h 36m
Thread 77 is finished, elapsed time = 24h 36m
Thread 135 is finished, elapsed time = 24h 36m
Thread 88 is finished, elapsed time = 24h 36m
Thread 180 is finished, elapsed time = 24h 36m
Thread 112 is finished, elapsed time = 24h 36m
Thread 23 is finished, elapsed time = 24h 36m
Thread 140 is finished, elapsed time = 24h 38m
Thread 119 is finished, elapsed time = 24h 38m
Thread 58 is finished, elapsed time = 24h 38m
Thread 96 is finished, elapsed time = 24h 38m
Thread 106 is finished, elapsed time = 24h 38m
Thread 116 is finished, elapsed time = 24h 38m
Thread 44 is finished, elapsed time = 24h 39m
Thread 132 is finished, elapsed time = 24h 39m
Thread 26 is finished, elapsed time = 24h 39m
Thread 24 is finished, elapsed time = 24h 40m
Thread 173 is finished, elapsed time = 24h 40m
Thread 37 is finished, elapsed time = 24h 40m
Thread 89 is finished, elapsed time = 24h 40m
Thread 118 is finished, elapsed time = 24h 41m
Thread 147 is finished, elapsed time = 24h 41m
Thread 159 is finished, elapsed time = 24h 41m
Thread 92 is finished, elapsed time = 24h 42m
Thread 39 is finished, elapsed time = 24h 42m
Thread 31 is finished, elapsed time = 24h 43m
Thread 189 is finished, elapsed time = 24h 43m
Thread 165 is finished, elapsed time = 24h 43m
Thread 158 is finished, elapsed time = 24h 43m
Thread 171 is finished, elapsed time = 24h 44m
Thread 162 is finished, elapsed time = 24h 44m
Thread 170 is finished, elapsed time = 24h 44m
Thread 78 is finished, elapsed time = 24h 44m
Thread 74 is finished, elapsed time = 24h 45m
Thread 85 is finished, elapsed time = 24h 45m
Thread 16 is finished, elapsed time = 24h 45m
Thread 105 is finished, elapsed time = 24h 46m
Thread 157 is finished, elapsed time = 24h 46m
Thread 90 is finished, elapsed time = 24h 46m
Thread 19 is finished, elapsed time = 24h 47m
Thread 56 is finished, elapsed time = 24h 47m
Thread 95 is finished, elapsed time = 24h 48m
Thread 156 is finished, elapsed time = 24h 48m
Thread 161 is finished, elapsed time = 24h 49m
Thread 75 is finished, elapsed time = 24h 49m
Thread 79 is finished, elapsed time = 24h 49m
Thread 86 is finished, elapsed time = 24h 50m
Thread 188 is finished, elapsed time = 24h 52m
There are 20999556128450 odd rank idempotents, elapsed time = 24h 53m
Total elapsed time = 38h 3m
69969663242487
