Counting even rank Motzkin idempotents . . .
Number of weight 0 Motzkin words is 835
Processing Motzkin words, elapsed time = 430μs 
Motzkin words use ~ 16.0488 KB
Using 190 / 192 threads
Thread 0 is finished, elapsed time = 75μs 
Thread 1 is finished, elapsed time = 51μs 
Thread 2 is finished, elapsed time = 36μs 
Thread 3 is finished, elapsed time = 25μs 
Thread 4 is finished, elapsed time = 50μs 
Thread 5 is finished, elapsed time = 23μs 
Thread 6 is finished, elapsed time = 47μs 
Thread 7 is finished, elapsed time = 26μs 
Thread 8 is finished, elapsed time = 48μs 
Thread 9 is finished, elapsed time = 32μs 
Thread 10 is finished, elapsed time = 44μs 
Thread 11 is finished, elapsed time = 50μs 
Thread 12 is finished, elapsed time = 45μs 
Thread 13 is finished, elapsed time = 36μs 
Thread 14 is finished, elapsed time = 44μs 
Thread 15 is finished, elapsed time = 34μs 
Thread 16 is finished, elapsed time = 56μs 
Thread 17 is finished, elapsed time = 32μs 
Thread 18 is finished, elapsed time = 53μs 
Thread 19 is finished, elapsed time = 29μs 
Thread 20 is finished, elapsed time = 57μs 
Thread 21 is finished, elapsed time = 35μs 
Thread 22 is finished, elapsed time = 52μs 
Thread 23 is finished, elapsed time = 33μs 
Thread 24 is finished, elapsed time = 51μs 
Thread 25 is finished, elapsed time = 35μs 
Thread 26 is finished, elapsed time = 57μs 
Thread 27 is finished, elapsed time = 32μs 
Thread 28 is finished, elapsed time = 60μs 
Thread 29 is finished, elapsed time = 35μs 
Thread 30 is finished, elapsed time = 51μs 
Thread 31 is finished, elapsed time = 33μs 
Thread 32 is finished, elapsed time = 58μs 
Thread 33 is finished, elapsed time = 36μs 
Thread 34 is finished, elapsed time = 55μs 
Thread 35 is finished, elapsed time = 36μs 
Thread 36 is finished, elapsed time = 63μs 
Thread 37 is finished, elapsed time = 37μs 
Thread 38 is finished, elapsed time = 59μs 
Thread 39 is finished, elapsed time = 39μs 
Thread 40 is finished, elapsed time = 63μs 
Thread 41 is finished, elapsed time = 39μs 
Thread 42 is finished, elapsed time = 51μs 
Thread 43 is finished, elapsed time = 35μs 
Thread 44 is finished, elapsed time = 58μs 
Thread 45 is finished, elapsed time = 36μs 
Thread 46 is finished, elapsed time = 58μs 
Thread 47 is finished, elapsed time = 37μs 
Thread 48 is finished, elapsed time = 63μs 
Thread 49 is finished, elapsed time = 34μs 
Thread 50 is finished, elapsed time = 56μs 
Thread 51 is finished, elapsed time = 37μs 
Thread 52 is finished, elapsed time = 57μs 
Thread 53 is finished, elapsed time = 34μs 
Thread 54 is finished, elapsed time = 32μs 
Thread 55 is finished, elapsed time = 26μs 
Thread 56 is finished, elapsed time = 37μs 
Thread 57 is finished, elapsed time = 28μs 
Thread 58 is finished, elapsed time = 44μs 
Thread 59 is finished, elapsed time = 29μs 
Thread 60 is finished, elapsed time = 49μs 
Thread 61 is finished, elapsed time = 21μs 
Thread 62 is finished, elapsed time = 40μs 
Thread 63 is finished, elapsed time = 27μs 
Thread 64 is finished, elapsed time = 45μs 
Thread 65 is finished, elapsed time = 31μs 
Thread 66 is finished, elapsed time = 34μs 
Thread 67 is finished, elapsed time = 27μs 
Thread 68 is finished, elapsed time = 49μs 
Thread 69 is finished, elapsed time = 26μs 
Thread 70 is finished, elapsed time = 44μs 
Thread 71 is finished, elapsed time = 28μs 
Thread 72 is finished, elapsed time = 45μs 
Thread 73 is finished, elapsed time = 33μs 
Thread 74 is finished, elapsed time = 48μs 
Thread 75 is finished, elapsed time = 65μs 
Thread 76 is finished, elapsed time = 76μs 
Thread 77 is finished, elapsed time = 59μs 
Thread 78 is finished, elapsed time = 66μs 
Thread 79 is finished, elapsed time = 66μs 
Thread 80 is finished, elapsed time = 75μs 
Thread 81 is finished, elapsed time = 69μs 
Thread 82 is finished, elapsed time = 57μs 
Thread 83 is finished, elapsed time = 67μs 
Thread 84 is finished, elapsed time = 68μs 
Thread 85 is finished, elapsed time = 70μs 
Thread 86 is finished, elapsed time = 67μs 
Thread 87 is finished, elapsed time = 61μs 
Thread 88 is finished, elapsed time = 72μs 
Thread 89 is finished, elapsed time = 67μs 
Thread 90 is finished, elapsed time = 78μs 
Thread 91 is finished, elapsed time = 69μs 
Thread 92 is finished, elapsed time = 73μs 
Thread 93 is finished, elapsed time = 71μs 
Thread 94 is finished, elapsed time = 69μs 
Thread 95 is finished, elapsed time = 70μs 
Thread 96 is finished, elapsed time = 71μs 
Thread 97 is finished, elapsed time = 159μs 
Thread 98 is finished, elapsed time = 101μs 
Thread 99 is finished, elapsed time = 73μs 
Thread 100 is finished, elapsed time = 72μs 
Thread 101 is finished, elapsed time = 70μs 
Thread 102 is finished, elapsed time = 65μs 
Thread 103 is finished, elapsed time = 61μs 
Thread 104 is finished, elapsed time = 63μs 
Thread 105 is finished, elapsed time = 67μs 
Thread 106 is finished, elapsed time = 69μs 
Thread 107 is finished, elapsed time = 65μs 
Thread 108 is finished, elapsed time = 71μs 
Thread 109 is finished, elapsed time = 68μs 
Thread 110 is finished, elapsed time = 63μs 
Thread 111 is finished, elapsed time = 55μs 
Thread 112 is finished, elapsed time = 56μs 
Thread 113 is finished, elapsed time = 76μs 
Thread 114 is finished, elapsed time = 67μs 
Thread 115 is finished, elapsed time = 70μs 
Thread 116 is finished, elapsed time = 69μs 
Thread 117 is finished, elapsed time = 70μs 
Thread 118 is finished, elapsed time = 70μs 
Thread 119 is finished, elapsed time = 68μs 
Thread 120 is finished, elapsed time = 76μs 
Thread 121 is finished, elapsed time = 69μs 
Thread 122 is finished, elapsed time = 70μs 
Thread 123 is finished, elapsed time = 66μs 
Thread 124 is finished, elapsed time = 78μs 
Thread 125 is finished, elapsed time = 72μs 
Thread 126 is finished, elapsed time = 76μs 
Thread 127 is finished, elapsed time = 73μs 
Thread 128 is finished, elapsed time = 67μs 
Thread 129 is finished, elapsed time = 47μs 
Thread 130 is finished, elapsed time = 51μs 
Thread 131 is finished, elapsed time = 60μs 
Thread 132 is finished, elapsed time = 67μs 
Thread 133 is finished, elapsed time = 62μs 
Thread 134 is finished, elapsed time = 63μs 
Thread 135 is finished, elapsed time = 56μs 
Thread 136 is finished, elapsed time = 59μs 
Thread 137 is finished, elapsed time = 55μs 
Thread 138 is finished, elapsed time = 57μs 
Thread 139 is finished, elapsed time = 236μs 
Thread 141 is finished, elapsed time = 72μs 
Thread 140 is finished, elapsed time = 192μs 
Thread 142 is finished, elapsed time = 138μs 
Thread 143 is finished, elapsed time = 46μs 
Thread 144 is finished, elapsed time = 54μs 
Thread 145 is finished, elapsed time = 47μs 
Thread 146 is finished, elapsed time = 52μs 
Thread 147 is finished, elapsed time = 53μs 
Thread 148 is finished, elapsed time = 52μs 
Thread 149 is finished, elapsed time = 49μs 
Thread 150 is finished, elapsed time = 56μs 
Thread 151 is finished, elapsed time = 63μs 
Thread 152 is finished, elapsed time = 73μs 
Thread 153 is finished, elapsed time = 62μs 
Thread 154 is finished, elapsed time = 58μs 
Thread 155 is finished, elapsed time = 80μs 
Thread 156 is finished, elapsed time = 126μs 
Thread 157 is finished, elapsed time = 55μs 
Thread 158 is finished, elapsed time = 57μs 
Thread 159 is finished, elapsed time = 79μs 
Thread 160 is finished, elapsed time = 86μs 
Thread 161 is finished, elapsed time = 96μs 
Thread 162 is finished, elapsed time = 92μs 
Thread 163 is finished, elapsed time = 77μs 
Thread 164 is finished, elapsed time = 53μs 
Thread 165 is finished, elapsed time = 10μs 
Thread 166 is finished, elapsed time = 2238ns 
Thread 167 is finished, elapsed time = 2268ns 
Thread 168 is finished, elapsed time = 4605ns 
Thread 169 is finished, elapsed time = 2145ns 
Thread 170 is finished, elapsed time = 2068ns 
Thread 171 is finished, elapsed time = 2142ns 
Thread 172 is finished, elapsed time = 4652ns 
Thread 173 is finished, elapsed time = 2039ns 
Thread 174 is finished, elapsed time = 1996ns 
Thread 175 is finished, elapsed time = 2125ns 
Thread 176 is finished, elapsed time = 4768ns 
Thread 177 is finished, elapsed time = 2067ns 
Thread 178 is finished, elapsed time = 1859ns 
Thread 179 is finished, elapsed time = 1745ns 
Thread 180 is finished, elapsed time = 4840ns 
Thread 181 is finished, elapsed time = 2145ns 
Thread 182 is finished, elapsed time = 2107ns 
Thread 183 is finished, elapsed time = 2158ns 
Thread 184 is finished, elapsed time = 5002ns 
Thread 185 is finished, elapsed time = 1995ns 
Thread 186 is finished, elapsed time = 2084ns 
Thread 187 is finished, elapsed time = 2125ns 
Thread 188 is finished, elapsed time = 5063ns 
Thread 189 is finished, elapsed time = 1818ns 
There are 834765 even rank idempotents, elapsed time = 30ms 
Counting odd rank Motzkin idempotents . . .
Number of weight 1 Motzkin words is 1353
Processing Motzkin words, elapsed time = 1152μs 
Motzkin words use ~ 27.5391 KB
Using 190 / 192 threads
Thread 0 is finished, elapsed time = 61μs 
Thread 1 is finished, elapsed time = 65μs 
Thread 2 is finished, elapsed time = 67μs 
Thread 3 is finished, elapsed time = 76μs 
Thread 4 is finished, elapsed time = 70μs 
Thread 5 is finished, elapsed time = 79μs 
Thread 6 is finished, elapsed time = 81μs 
Thread 7 is finished, elapsed time = 84μs 
Thread 8 is finished, elapsed time = 86μs 
Thread 9 is finished, elapsed time = 73μs 
Thread 10 is finished, elapsed time = 83μs 
Thread 11 is finished, elapsed time = 79μs 
Thread 12 is finished, elapsed time = 82μs 
Thread 13 is finished, elapsed time = 89μs 
Thread 14 is finished, elapsed time = 88μs 
Thread 15 is finished, elapsed time = 81μs 
Thread 16 is finished, elapsed time = 84μs 
Thread 17 is finished, elapsed time = 89μs 
Thread 18 is finished, elapsed time = 84μs 
Thread 19 is finished, elapsed time = 86μs 
Thread 20 is finished, elapsed time = 92μs 
Thread 21 is finished, elapsed time = 83μs 
Thread 22 is finished, elapsed time = 90μs 
Thread 23 is finished, elapsed time = 62μs 
Thread 24 is finished, elapsed time = 55μs 
Thread 25 is finished, elapsed time = 49μs 
Thread 26 is finished, elapsed time = 52μs 
Thread 27 is finished, elapsed time = 49μs 
Thread 28 is finished, elapsed time = 48μs 
Thread 29 is finished, elapsed time = 47μs 
Thread 30 is finished, elapsed time = 52μs 
Thread 31 is finished, elapsed time = 52μs 
Thread 32 is finished, elapsed time = 50μs 
Thread 33 is finished, elapsed time = 49μs 
Thread 34 is finished, elapsed time = 51μs 
Thread 35 is finished, elapsed time = 51μs 
Thread 36 is finished, elapsed time = 56μs 
Thread 37 is finished, elapsed time = 64μs 
Thread 38 is finished, elapsed time = 67μs 
Thread 39 is finished, elapsed time = 73μs 
Thread 40 is finished, elapsed time = 69μs 
Thread 41 is finished, elapsed time = 77μs 
Thread 42 is finished, elapsed time = 82μs 
Thread 43 is finished, elapsed time = 99μs 
Thread 44 is finished, elapsed time = 107μs 
Thread 45 is finished, elapsed time = 113μs 
Thread 46 is finished, elapsed time = 105μs 
Thread 47 is finished, elapsed time = 114μs 
Thread 48 is finished, elapsed time = 109μs 
Thread 49 is finished, elapsed time = 107μs 
Thread 50 is finished, elapsed time = 107μs 
Thread 51 is finished, elapsed time = 114μs 
Thread 52 is finished, elapsed time = 109μs 
Thread 53 is finished, elapsed time = 109μs 
Thread 54 is finished, elapsed time = 113μs 
Thread 55 is finished, elapsed time = 110μs 
Thread 56 is finished, elapsed time = 110μs 
Thread 57 is finished, elapsed time = 101μs 
Thread 58 is finished, elapsed time = 117μs 
Thread 59 is finished, elapsed time = 109μs 
Thread 60 is finished, elapsed time = 111μs 
Thread 61 is finished, elapsed time = 111μs 
Thread 62 is finished, elapsed time = 193μs 
Thread 63 is finished, elapsed time = 117μs 
Thread 64 is finished, elapsed time = 108μs 
Thread 65 is finished, elapsed time = 111μs 
Thread 66 is finished, elapsed time = 116μs 
Thread 67 is finished, elapsed time = 115μs 
Thread 68 is finished, elapsed time = 77μs 
Thread 69 is finished, elapsed time = 78μs 
Thread 70 is finished, elapsed time = 71μs 
Thread 71 is finished, elapsed time = 76μs 
Thread 72 is finished, elapsed time = 69μs 
Thread 73 is finished, elapsed time = 82μs 
Thread 74 is finished, elapsed time = 82μs 
Thread 75 is finished, elapsed time = 81μs 
Thread 76 is finished, elapsed time = 72μs 
Thread 77 is finished, elapsed time = 82μs 
Thread 78 is finished, elapsed time = 82μs 
Thread 79 is finished, elapsed time = 87μs 
Thread 80 is finished, elapsed time = 83μs 
Thread 81 is finished, elapsed time = 90μs 
Thread 82 is finished, elapsed time = 80μs 
Thread 83 is finished, elapsed time = 70μs 
Thread 84 is finished, elapsed time = 80μs 
Thread 85 is finished, elapsed time = 98μs 
Thread 86 is finished, elapsed time = 102μs 
Thread 87 is finished, elapsed time = 102μs 
Thread 88 is finished, elapsed time = 105μs 
Thread 89 is finished, elapsed time = 95μs 
Thread 90 is finished, elapsed time = 109μs 
Thread 91 is finished, elapsed time = 103μs 
Thread 92 is finished, elapsed time = 93μs 
Thread 93 is finished, elapsed time = 103μs 
Thread 94 is finished, elapsed time = 108μs 
Thread 95 is finished, elapsed time = 108μs 
Thread 96 is finished, elapsed time = 107μs 
Thread 97 is finished, elapsed time = 106μs 
Thread 98 is finished, elapsed time = 102μs 
Thread 99 is finished, elapsed time = 105μs 
Thread 100 is finished, elapsed time = 107μs 
Thread 101 is finished, elapsed time = 101μs 
Thread 102 is finished, elapsed time = 105μs 
Thread 103 is finished, elapsed time = 118μs 
Thread 104 is finished, elapsed time = 105μs 
Thread 105 is finished, elapsed time = 110μs 
Thread 106 is finished, elapsed time = 118μs 
Thread 107 is finished, elapsed time = 103μs 
Thread 108 is finished, elapsed time = 111μs 
Thread 109 is finished, elapsed time = 101μs 
Thread 110 is finished, elapsed time = 116μs 
Thread 111 is finished, elapsed time = 105μs 
Thread 112 is finished, elapsed time = 113μs 
Thread 113 is finished, elapsed time = 67μs 
Thread 114 is finished, elapsed time = 67μs 
Thread 115 is finished, elapsed time = 66μs 
Thread 116 is finished, elapsed time = 66μs 
Thread 117 is finished, elapsed time = 65μs 
Thread 118 is finished, elapsed time = 61μs 
Thread 119 is finished, elapsed time = 58μs 
Thread 120 is finished, elapsed time = 57μs 
Thread 121 is finished, elapsed time = 57μs 
Thread 122 is finished, elapsed time = 60μs 
Thread 123 is finished, elapsed time = 65μs 
Thread 124 is finished, elapsed time = 67μs 
Thread 125 is finished, elapsed time = 65μs 
Thread 126 is finished, elapsed time = 62μs 
Thread 127 is finished, elapsed time = 61μs 
Thread 128 is finished, elapsed time = 80μs 
Thread 129 is finished, elapsed time = 74μs 
Thread 130 is finished, elapsed time = 77μs 
Thread 131 is finished, elapsed time = 71μs 
Thread 132 is finished, elapsed time = 69μs 
Thread 133 is finished, elapsed time = 70μs 
Thread 134 is finished, elapsed time = 69μs 
Thread 135 is finished, elapsed time = 60μs 
Thread 136 is finished, elapsed time = 58μs 
Thread 137 is finished, elapsed time = 135μs 
Thread 138 is finished, elapsed time = 138μs 
Thread 141 is finished, elapsed time = 80μs 
Thread 139 is finished, elapsed time = 105μs 
Thread 142 is finished, elapsed time = 62μs 
Thread 140 is finished, elapsed time = 196μs 
Thread 144 is finished, elapsed time = 96μs 
Thread 143 is finished, elapsed time = 104μs 
Thread 145 is finished, elapsed time = 108μs 
Thread 146 is finished, elapsed time = 151μs 
Thread 147 is finished, elapsed time = 99μs 
Thread 148 is finished, elapsed time = 149μs 
Thread 149 is finished, elapsed time = 112μs 
Thread 150 is finished, elapsed time = 122μs 
Thread 151 is finished, elapsed time = 78μs 
Thread 152 is finished, elapsed time = 127μs 
Thread 153 is finished, elapsed time = 136μs 
Thread 154 is finished, elapsed time = 88μs 
Thread 155 is finished, elapsed time = 133μs 
Thread 156 is finished, elapsed time = 99μs 
Thread 157 is finished, elapsed time = 60μs 
Thread 158 is finished, elapsed time = 103μs 
Thread 159 is finished, elapsed time = 112μs 
Thread 160 is finished, elapsed time = 100μs 
Thread 161 is finished, elapsed time = 76μs 
Thread 162 is finished, elapsed time = 124μs 
Thread 163 is finished, elapsed time = 128μs 
Thread 164 is finished, elapsed time = 70μs 
Thread 165 is finished, elapsed time = 112μs 
Thread 166 is finished, elapsed time = 115μs 
Thread 167 is finished, elapsed time = 120μs 
Thread 168 is finished, elapsed time = 92μs 
Thread 169 is finished, elapsed time = 71μs 
Thread 170 is finished, elapsed time = 78μs 
Thread 171 is finished, elapsed time = 94μs 
Thread 172 is finished, elapsed time = 118μs 
Thread 173 is finished, elapsed time = 73μs 
Thread 174 is finished, elapsed time = 86μs 
Thread 175 is finished, elapsed time = 44μs 
Thread 176 is finished, elapsed time = 1994ns 
Thread 177 is finished, elapsed time = 2178ns 
Thread 178 is finished, elapsed time = 4938ns 
Thread 179 is finished, elapsed time = 2513ns 
Thread 180 is finished, elapsed time = 2117ns 
Thread 181 is finished, elapsed time = 2135ns 
Thread 182 is finished, elapsed time = 4791ns 
Thread 183 is finished, elapsed time = 2049ns 
Thread 184 is finished, elapsed time = 1957ns 
Thread 185 is finished, elapsed time = 2183ns 
Thread 186 is finished, elapsed time = 5805ns 
Thread 187 is finished, elapsed time = 2039ns 
Thread 188 is finished, elapsed time = 2153ns 
Thread 189 is finished, elapsed time = 2002ns 
There are 408981 odd rank idempotents, elapsed time = 28ms 
Total elapsed time = 58ms 
1243746
