Counting even rank Motzkin idempotents . . .
Number of weight 0 Motzkin words is 21
Processing Motzkin words, elapsed time = 21μs 
Motzkin words use ~ 225 bytes
Using 190 / 192 threads
Thread 0 is finished, elapsed time = 42μs 
Thread 1 is finished, elapsed time = 4848ns 
Thread 2 is finished, elapsed time = 4528ns 
Thread 3 is finished, elapsed time = 8435ns 
Thread 4 is finished, elapsed time = 9142ns 
Thread 5 is finished, elapsed time = 3988ns 
Thread 6 is finished, elapsed time = 3266ns 
Thread 7 is finished, elapsed time = 4762ns 
Thread 8 is finished, elapsed time = 6265ns 
Thread 9 is finished, elapsed time = 5322ns 
Thread 10 is finished, elapsed time = 3162ns 
Thread 11 is finished, elapsed time = 5076ns 
Thread 12 is finished, elapsed time = 5400ns 
Thread 13 is finished, elapsed time = 3428ns 
Thread 14 is finished, elapsed time = 2821ns 
Thread 15 is finished, elapsed time = 2246ns 
Thread 16 is finished, elapsed time = 5141ns 
Thread 17 is finished, elapsed time = 3787ns 
Thread 18 is finished, elapsed time = 2436ns 
Thread 19 is finished, elapsed time = 2438ns 
Thread 20 is finished, elapsed time = 4776ns 
Thread 21 is finished, elapsed time = 1817ns 
Thread 22 is finished, elapsed time = 1936ns 
Thread 23 is finished, elapsed time = 2170ns 
Thread 24 is finished, elapsed time = 4584ns 
Thread 25 is finished, elapsed time = 2545ns 
Thread 26 is finished, elapsed time = 2156ns 
Thread 27 is finished, elapsed time = 2039ns 
Thread 28 is finished, elapsed time = 4795ns 
Thread 29 is finished, elapsed time = 1978ns 
Thread 30 is finished, elapsed time = 2094ns 
Thread 31 is finished, elapsed time = 2389ns 
Thread 32 is finished, elapsed time = 4574ns 
Thread 33 is finished, elapsed time = 2159ns 
Thread 34 is finished, elapsed time = 1897ns 
Thread 35 is finished, elapsed time = 1859ns 
Thread 36 is finished, elapsed time = 4717ns 
Thread 37 is finished, elapsed time = 1995ns 
Thread 38 is finished, elapsed time = 1955ns 
Thread 39 is finished, elapsed time = 1780ns 
Thread 40 is finished, elapsed time = 4920ns 
Thread 41 is finished, elapsed time = 2065ns 
Thread 42 is finished, elapsed time = 2039ns 
Thread 43 is finished, elapsed time = 1939ns 
Thread 44 is finished, elapsed time = 4826ns 
Thread 45 is finished, elapsed time = 1968ns 
Thread 46 is finished, elapsed time = 2297ns 
Thread 47 is finished, elapsed time = 1881ns 
Thread 48 is finished, elapsed time = 4408ns 
Thread 49 is finished, elapsed time = 1982ns 
Thread 50 is finished, elapsed time = 2043ns 
Thread 51 is finished, elapsed time = 1825ns 
Thread 52 is finished, elapsed time = 5092ns 
Thread 53 is finished, elapsed time = 2121ns 
Thread 54 is finished, elapsed time = 1959ns 
Thread 55 is finished, elapsed time = 2773ns 
Thread 56 is finished, elapsed time = 4969ns 
Thread 57 is finished, elapsed time = 2090ns 
Thread 58 is finished, elapsed time = 2199ns 
Thread 59 is finished, elapsed time = 1902ns 
Thread 60 is finished, elapsed time = 6697ns 
Thread 61 is finished, elapsed time = 2150ns 
Thread 62 is finished, elapsed time = 1963ns 
Thread 63 is finished, elapsed time = 1908ns 
Thread 64 is finished, elapsed time = 5195ns 
Thread 65 is finished, elapsed time = 1938ns 
Thread 66 is finished, elapsed time = 2075ns 
Thread 67 is finished, elapsed time = 1932ns 
Thread 68 is finished, elapsed time = 4242ns 
Thread 69 is finished, elapsed time = 2058ns 
Thread 70 is finished, elapsed time = 2217ns 
Thread 71 is finished, elapsed time = 2287ns 
Thread 72 is finished, elapsed time = 4273ns 
Thread 73 is finished, elapsed time = 2067ns 
Thread 74 is finished, elapsed time = 1992ns 
Thread 75 is finished, elapsed time = 2328ns 
Thread 76 is finished, elapsed time = 4457ns 
Thread 77 is finished, elapsed time = 2178ns 
Thread 78 is finished, elapsed time = 2065ns 
Thread 79 is finished, elapsed time = 2064ns 
Thread 80 is finished, elapsed time = 4570ns 
Thread 81 is finished, elapsed time = 2230ns 
Thread 82 is finished, elapsed time = 2220ns 
Thread 83 is finished, elapsed time = 2100ns 
Thread 84 is finished, elapsed time = 4943ns 
Thread 85 is finished, elapsed time = 2047ns 
Thread 86 is finished, elapsed time = 2235ns 
Thread 87 is finished, elapsed time = 2073ns 
Thread 88 is finished, elapsed time = 4918ns 
Thread 89 is finished, elapsed time = 2112ns 
Thread 90 is finished, elapsed time = 2367ns 
Thread 91 is finished, elapsed time = 1910ns 
Thread 92 is finished, elapsed time = 4580ns 
Thread 93 is finished, elapsed time = 1863ns 
Thread 94 is finished, elapsed time = 1939ns 
Thread 95 is finished, elapsed time = 1872ns 
Thread 96 is finished, elapsed time = 4735ns 
Thread 97 is finished, elapsed time = 1953ns 
Thread 98 is finished, elapsed time = 2215ns 
Thread 99 is finished, elapsed time = 2019ns 
Thread 100 is finished, elapsed time = 5410ns 
Thread 101 is finished, elapsed time = 1869ns 
Thread 102 is finished, elapsed time = 2182ns 
Thread 103 is finished, elapsed time = 1951ns 
Thread 104 is finished, elapsed time = 5106ns 
Thread 105 is finished, elapsed time = 2140ns 
Thread 106 is finished, elapsed time = 2101ns 
Thread 107 is finished, elapsed time = 2297ns 
Thread 108 is finished, elapsed time = 5099ns 
Thread 109 is finished, elapsed time = 2282ns 
Thread 110 is finished, elapsed time = 1989ns 
Thread 111 is finished, elapsed time = 2264ns 
Thread 112 is finished, elapsed time = 4814ns 
Thread 113 is finished, elapsed time = 2178ns 
Thread 114 is finished, elapsed time = 2008ns 
Thread 115 is finished, elapsed time = 1724ns 
Thread 116 is finished, elapsed time = 4920ns 
Thread 117 is finished, elapsed time = 1963ns 
Thread 118 is finished, elapsed time = 2160ns 
Thread 119 is finished, elapsed time = 2467ns 
Thread 120 is finished, elapsed time = 4486ns 
Thread 121 is finished, elapsed time = 2105ns 
Thread 122 is finished, elapsed time = 2144ns 
Thread 123 is finished, elapsed time = 2360ns 
Thread 124 is finished, elapsed time = 4875ns 
Thread 125 is finished, elapsed time = 2351ns 
Thread 126 is finished, elapsed time = 1949ns 
Thread 127 is finished, elapsed time = 1885ns 
Thread 128 is finished, elapsed time = 4336ns 
Thread 129 is finished, elapsed time = 1869ns 
Thread 130 is finished, elapsed time = 2115ns 
Thread 131 is finished, elapsed time = 2307ns 
Thread 132 is finished, elapsed time = 5074ns 
Thread 133 is finished, elapsed time = 2182ns 
Thread 134 is finished, elapsed time = 1990ns 
Thread 135 is finished, elapsed time = 2289ns 
Thread 136 is finished, elapsed time = 5289ns 
Thread 137 is finished, elapsed time = 2135ns 
Thread 138 is finished, elapsed time = 2367ns 
Thread 139 is finished, elapsed time = 2472ns 
Thread 140 is finished, elapsed time = 4562ns 
Thread 141 is finished, elapsed time = 2161ns 
Thread 142 is finished, elapsed time = 1930ns 
Thread 143 is finished, elapsed time = 1998ns 
Thread 144 is finished, elapsed time = 4609ns 
Thread 145 is finished, elapsed time = 2321ns 
Thread 146 is finished, elapsed time = 2443ns 
Thread 147 is finished, elapsed time = 2139ns 
Thread 148 is finished, elapsed time = 4773ns 
Thread 149 is finished, elapsed time = 2200ns 
Thread 150 is finished, elapsed time = 1959ns 
Thread 151 is finished, elapsed time = 1896ns 
Thread 152 is finished, elapsed time = 4840ns 
Thread 153 is finished, elapsed time = 1990ns 
Thread 154 is finished, elapsed time = 2381ns 
Thread 155 is finished, elapsed time = 2533ns 
Thread 156 is finished, elapsed time = 4471ns 
Thread 157 is finished, elapsed time = 2269ns 
Thread 158 is finished, elapsed time = 2146ns 
Thread 159 is finished, elapsed time = 2200ns 
Thread 160 is finished, elapsed time = 5088ns 
Thread 161 is finished, elapsed time = 2101ns 
Thread 162 is finished, elapsed time = 2287ns 
Thread 163 is finished, elapsed time = 2430ns 
Thread 164 is finished, elapsed time = 4449ns 
Thread 165 is finished, elapsed time = 2232ns 
Thread 166 is finished, elapsed time = 2063ns 
Thread 167 is finished, elapsed time = 1998ns 
Thread 168 is finished, elapsed time = 4377ns 
Thread 169 is finished, elapsed time = 2068ns 
Thread 170 is finished, elapsed time = 1912ns 
Thread 171 is finished, elapsed time = 2252ns 
Thread 172 is finished, elapsed time = 4872ns 
Thread 173 is finished, elapsed time = 1975ns 
Thread 174 is finished, elapsed time = 2289ns 
Thread 175 is finished, elapsed time = 2246ns 
Thread 176 is finished, elapsed time = 4823ns 
Thread 177 is finished, elapsed time = 2105ns 
Thread 178 is finished, elapsed time = 2049ns 
Thread 179 is finished, elapsed time = 2252ns 
Thread 180 is finished, elapsed time = 4809ns 
Thread 181 is finished, elapsed time = 2043ns 
Thread 182 is finished, elapsed time = 2338ns 
Thread 183 is finished, elapsed time = 2239ns 
Thread 184 is finished, elapsed time = 4566ns 
Thread 185 is finished, elapsed time = 2305ns 
Thread 186 is finished, elapsed time = 2094ns 
Thread 187 is finished, elapsed time = 2361ns 
Thread 188 is finished, elapsed time = 4820ns 
Thread 189 is finished, elapsed time = 1922ns 
There are 539 even rank idempotents, elapsed time = 36ms 
Counting odd rank Motzkin idempotents . . .
Number of weight 1 Motzkin words is 30
Processing Motzkin words, elapsed time = 32μs 
Motzkin words use ~ 374 bytes
Using 190 / 192 threads
Thread 0 is finished, elapsed time = 3979ns 
Thread 1 is finished, elapsed time = 3901ns 
Thread 2 is finished, elapsed time = 5791ns 
Thread 3 is finished, elapsed time = 3014ns 
Thread 4 is finished, elapsed time = 2965ns 
Thread 5 is finished, elapsed time = 3940ns 
Thread 6 is finished, elapsed time = 7500ns 
Thread 7 is finished, elapsed time = 3163ns 
Thread 8 is finished, elapsed time = 3145ns 
Thread 9 is finished, elapsed time = 3020ns 
Thread 10 is finished, elapsed time = 5565ns 
Thread 11 is finished, elapsed time = 2718ns 
Thread 12 is finished, elapsed time = 3057ns 
Thread 13 is finished, elapsed time = 2937ns 
Thread 14 is finished, elapsed time = 7158ns 
Thread 15 is finished, elapsed time = 5002ns 
Thread 16 is finished, elapsed time = 7645ns 
Thread 17 is finished, elapsed time = 2842ns 
Thread 18 is finished, elapsed time = 5883ns 
Thread 19 is finished, elapsed time = 2680ns 
Thread 20 is finished, elapsed time = 2908ns 
Thread 21 is finished, elapsed time = 2506ns 
Thread 22 is finished, elapsed time = 4664ns 
Thread 23 is finished, elapsed time = 3049ns 
Thread 24 is finished, elapsed time = 2359ns 
Thread 25 is finished, elapsed time = 3316ns 
Thread 26 is finished, elapsed time = 5375ns 
Thread 27 is finished, elapsed time = 2447ns 
Thread 28 is finished, elapsed time = 2420ns 
Thread 29 is finished, elapsed time = 2164ns 
Thread 30 is finished, elapsed time = 6193ns 
Thread 31 is finished, elapsed time = 2111ns 
Thread 32 is finished, elapsed time = 1881ns 
Thread 33 is finished, elapsed time = 2359ns 
Thread 34 is finished, elapsed time = 4760ns 
Thread 35 is finished, elapsed time = 2066ns 
Thread 36 is finished, elapsed time = 1912ns 
Thread 37 is finished, elapsed time = 1896ns 
Thread 38 is finished, elapsed time = 4884ns 
Thread 39 is finished, elapsed time = 2043ns 
Thread 40 is finished, elapsed time = 2160ns 
Thread 41 is finished, elapsed time = 2984ns 
Thread 42 is finished, elapsed time = 4416ns 
Thread 43 is finished, elapsed time = 2125ns 
Thread 44 is finished, elapsed time = 1809ns 
Thread 45 is finished, elapsed time = 1998ns 
Thread 46 is finished, elapsed time = 4422ns 
Thread 47 is finished, elapsed time = 2136ns 
Thread 48 is finished, elapsed time = 2293ns 
Thread 49 is finished, elapsed time = 2047ns 
Thread 50 is finished, elapsed time = 4324ns 
Thread 51 is finished, elapsed time = 2078ns 
Thread 52 is finished, elapsed time = 1969ns 
Thread 53 is finished, elapsed time = 2049ns 
Thread 54 is finished, elapsed time = 4454ns 
Thread 55 is finished, elapsed time = 2082ns 
Thread 56 is finished, elapsed time = 1903ns 
Thread 57 is finished, elapsed time = 2005ns 
Thread 58 is finished, elapsed time = 5912ns 
Thread 59 is finished, elapsed time = 2072ns 
Thread 60 is finished, elapsed time = 1859ns 
Thread 61 is finished, elapsed time = 2102ns 
Thread 62 is finished, elapsed time = 5113ns 
Thread 63 is finished, elapsed time = 2117ns 
Thread 64 is finished, elapsed time = 2021ns 
Thread 65 is finished, elapsed time = 1863ns 
Thread 66 is finished, elapsed time = 6094ns 
Thread 67 is finished, elapsed time = 1967ns 
Thread 68 is finished, elapsed time = 2219ns 
Thread 69 is finished, elapsed time = 6381ns 
Thread 70 is finished, elapsed time = 4615ns 
Thread 71 is finished, elapsed time = 1853ns 
Thread 72 is finished, elapsed time = 1890ns 
Thread 73 is finished, elapsed time = 1894ns 
Thread 74 is finished, elapsed time = 4863ns 
Thread 75 is finished, elapsed time = 2099ns 
Thread 76 is finished, elapsed time = 1930ns 
Thread 77 is finished, elapsed time = 2289ns 
Thread 78 is finished, elapsed time = 4910ns 
Thread 79 is finished, elapsed time = 2066ns 
Thread 80 is finished, elapsed time = 1936ns 
Thread 81 is finished, elapsed time = 2147ns 
Thread 82 is finished, elapsed time = 4230ns 
Thread 83 is finished, elapsed time = 2097ns 
Thread 84 is finished, elapsed time = 2092ns 
Thread 85 is finished, elapsed time = 2016ns 
Thread 86 is finished, elapsed time = 3942ns 
Thread 87 is finished, elapsed time = 2037ns 
Thread 88 is finished, elapsed time = 1707ns 
Thread 89 is finished, elapsed time = 2347ns 
Thread 90 is finished, elapsed time = 5145ns 
Thread 91 is finished, elapsed time = 2108ns 
Thread 92 is finished, elapsed time = 2041ns 
Thread 93 is finished, elapsed time = 1996ns 
Thread 94 is finished, elapsed time = 4744ns 
Thread 95 is finished, elapsed time = 1970ns 
Thread 96 is finished, elapsed time = 2100ns 
Thread 97 is finished, elapsed time = 1889ns 
Thread 98 is finished, elapsed time = 4252ns 
Thread 99 is finished, elapsed time = 1931ns 
Thread 100 is finished, elapsed time = 1913ns 
Thread 101 is finished, elapsed time = 2053ns 
Thread 102 is finished, elapsed time = 4834ns 
Thread 103 is finished, elapsed time = 2116ns 
Thread 104 is finished, elapsed time = 1894ns 
Thread 105 is finished, elapsed time = 2112ns 
Thread 106 is finished, elapsed time = 4360ns 
Thread 107 is finished, elapsed time = 1992ns 
Thread 108 is finished, elapsed time = 1982ns 
Thread 109 is finished, elapsed time = 1955ns 
Thread 110 is finished, elapsed time = 6032ns 
Thread 111 is finished, elapsed time = 2008ns 
Thread 112 is finished, elapsed time = 1961ns 
Thread 113 is finished, elapsed time = 2223ns 
Thread 114 is finished, elapsed time = 5535ns 
Thread 115 is finished, elapsed time = 2203ns 
Thread 116 is finished, elapsed time = 2070ns 
Thread 117 is finished, elapsed time = 1967ns 
Thread 118 is finished, elapsed time = 6650ns 
Thread 119 is finished, elapsed time = 2074ns 
Thread 120 is finished, elapsed time = 2041ns 
Thread 121 is finished, elapsed time = 2115ns 
Thread 122 is finished, elapsed time = 5319ns 
Thread 123 is finished, elapsed time = 2194ns 
Thread 124 is finished, elapsed time = 2111ns 
Thread 125 is finished, elapsed time = 2584ns 
Thread 126 is finished, elapsed time = 4743ns 
Thread 127 is finished, elapsed time = 1805ns 
Thread 128 is finished, elapsed time = 2164ns 
Thread 129 is finished, elapsed time = 2176ns 
Thread 130 is finished, elapsed time = 4523ns 
Thread 131 is finished, elapsed time = 2149ns 
Thread 132 is finished, elapsed time = 2394ns 
Thread 133 is finished, elapsed time = 2164ns 
Thread 134 is finished, elapsed time = 6798ns 
Thread 135 is finished, elapsed time = 2324ns 
Thread 136 is finished, elapsed time = 2204ns 
Thread 137 is finished, elapsed time = 2293ns 
Thread 138 is finished, elapsed time = 5354ns 
Thread 139 is finished, elapsed time = 2580ns 
Thread 140 is finished, elapsed time = 2055ns 
Thread 141 is finished, elapsed time = 2328ns 
Thread 142 is finished, elapsed time = 4545ns 
Thread 143 is finished, elapsed time = 2234ns 
Thread 144 is finished, elapsed time = 2321ns 
Thread 145 is finished, elapsed time = 2121ns 
Thread 146 is finished, elapsed time = 4582ns 
Thread 147 is finished, elapsed time = 2758ns 
Thread 148 is finished, elapsed time = 2254ns 
Thread 149 is finished, elapsed time = 2068ns 
Thread 150 is finished, elapsed time = 4592ns 
Thread 151 is finished, elapsed time = 2008ns 
Thread 152 is finished, elapsed time = 1988ns 
Thread 153 is finished, elapsed time = 2112ns 
Thread 154 is finished, elapsed time = 5433ns 
Thread 155 is finished, elapsed time = 3390ns 
Thread 156 is finished, elapsed time = 2136ns 
Thread 157 is finished, elapsed time = 1940ns 
Thread 158 is finished, elapsed time = 4664ns 
Thread 159 is finished, elapsed time = 1965ns 
Thread 160 is finished, elapsed time = 1780ns 
Thread 161 is finished, elapsed time = 2029ns 
Thread 162 is finished, elapsed time = 4736ns 
Thread 163 is finished, elapsed time = 1895ns 
Thread 164 is finished, elapsed time = 1978ns 
Thread 165 is finished, elapsed time = 1889ns 
Thread 166 is finished, elapsed time = 5277ns 
Thread 167 is finished, elapsed time = 2574ns 
Thread 168 is finished, elapsed time = 2178ns 
Thread 169 is finished, elapsed time = 2133ns 
Thread 170 is finished, elapsed time = 4977ns 
Thread 171 is finished, elapsed time = 1894ns 
Thread 172 is finished, elapsed time = 2195ns 
Thread 173 is finished, elapsed time = 2404ns 
Thread 174 is finished, elapsed time = 4773ns 
Thread 175 is finished, elapsed time = 2047ns 
Thread 176 is finished, elapsed time = 2326ns 
Thread 177 is finished, elapsed time = 2074ns 
Thread 178 is finished, elapsed time = 4633ns 
Thread 179 is finished, elapsed time = 2049ns 
Thread 180 is finished, elapsed time = 2122ns 
Thread 181 is finished, elapsed time = 2140ns 
Thread 182 is finished, elapsed time = 6092ns 
Thread 183 is finished, elapsed time = 2408ns 
Thread 184 is finished, elapsed time = 1908ns 
Thread 185 is finished, elapsed time = 2152ns 
Thread 186 is finished, elapsed time = 5018ns 
Thread 187 is finished, elapsed time = 2119ns 
Thread 188 is finished, elapsed time = 2283ns 
Thread 189 is finished, elapsed time = 1935ns 
There are 295 odd rank idempotents, elapsed time = 28ms 
Total elapsed time = 65ms 
834
