Counting even rank Motzkin idempotents . . .
Number of weight 0 Motzkin words is 9
Processing Motzkin words, elapsed time = 14μs 
Motzkin words use ~ 73 bytes
Using 190 / 192 threads
Thread 0 is finished, elapsed time = 42μs 
Thread 1 is finished, elapsed time = 8730ns 
Thread 2 is finished, elapsed time = 3234ns 
Thread 3 is finished, elapsed time = 2672ns 
Thread 4 is finished, elapsed time = 6389ns 
Thread 5 is finished, elapsed time = 2238ns 
Thread 6 is finished, elapsed time = 2858ns 
Thread 7 is finished, elapsed time = 2100ns 
Thread 8 is finished, elapsed time = 5279ns 
Thread 9 is finished, elapsed time = 1770ns 
Thread 10 is finished, elapsed time = 2894ns 
Thread 11 is finished, elapsed time = 2203ns 
Thread 12 is finished, elapsed time = 6556ns 
Thread 13 is finished, elapsed time = 2146ns 
Thread 14 is finished, elapsed time = 1689ns 
Thread 15 is finished, elapsed time = 2096ns 
Thread 16 is finished, elapsed time = 4426ns 
Thread 17 is finished, elapsed time = 2092ns 
Thread 18 is finished, elapsed time = 1520ns 
Thread 19 is finished, elapsed time = 2051ns 
Thread 20 is finished, elapsed time = 4298ns 
Thread 21 is finished, elapsed time = 2062ns 
Thread 22 is finished, elapsed time = 1704ns 
Thread 23 is finished, elapsed time = 1830ns 
Thread 24 is finished, elapsed time = 4035ns 
Thread 25 is finished, elapsed time = 2076ns 
Thread 26 is finished, elapsed time = 1658ns 
Thread 27 is finished, elapsed time = 1879ns 
Thread 28 is finished, elapsed time = 3892ns 
Thread 29 is finished, elapsed time = 2027ns 
Thread 30 is finished, elapsed time = 1806ns 
Thread 31 is finished, elapsed time = 2079ns 
Thread 32 is finished, elapsed time = 3998ns 
Thread 33 is finished, elapsed time = 2183ns 
Thread 34 is finished, elapsed time = 1728ns 
Thread 35 is finished, elapsed time = 2090ns 
Thread 36 is finished, elapsed time = 4516ns 
Thread 37 is finished, elapsed time = 2116ns 
Thread 38 is finished, elapsed time = 1851ns 
Thread 39 is finished, elapsed time = 2052ns 
Thread 40 is finished, elapsed time = 3943ns 
Thread 41 is finished, elapsed time = 2054ns 
Thread 42 is finished, elapsed time = 1586ns 
Thread 43 is finished, elapsed time = 2051ns 
Thread 44 is finished, elapsed time = 4854ns 
Thread 45 is finished, elapsed time = 1621ns 
Thread 46 is finished, elapsed time = 2054ns 
Thread 47 is finished, elapsed time = 1455ns 
Thread 48 is finished, elapsed time = 4980ns 
Thread 49 is finished, elapsed time = 1592ns 
Thread 50 is finished, elapsed time = 2168ns 
Thread 51 is finished, elapsed time = 1563ns 
Thread 52 is finished, elapsed time = 4914ns 
Thread 53 is finished, elapsed time = 1512ns 
Thread 54 is finished, elapsed time = 2187ns 
Thread 55 is finished, elapsed time = 1756ns 
Thread 56 is finished, elapsed time = 4910ns 
Thread 57 is finished, elapsed time = 1534ns 
Thread 58 is finished, elapsed time = 2082ns 
Thread 59 is finished, elapsed time = 1643ns 
Thread 60 is finished, elapsed time = 6490ns 
Thread 61 is finished, elapsed time = 1897ns 
Thread 62 is finished, elapsed time = 2177ns 
Thread 63 is finished, elapsed time = 1683ns 
Thread 64 is finished, elapsed time = 4793ns 
Thread 65 is finished, elapsed time = 1808ns 
Thread 66 is finished, elapsed time = 2071ns 
Thread 67 is finished, elapsed time = 1500ns 
Thread 68 is finished, elapsed time = 4866ns 
Thread 69 is finished, elapsed time = 1518ns 
Thread 70 is finished, elapsed time = 2069ns 
Thread 71 is finished, elapsed time = 1605ns 
Thread 72 is finished, elapsed time = 5360ns 
Thread 73 is finished, elapsed time = 1558ns 
Thread 74 is finished, elapsed time = 2006ns 
Thread 75 is finished, elapsed time = 1842ns 
Thread 76 is finished, elapsed time = 4873ns 
Thread 77 is finished, elapsed time = 1488ns 
Thread 78 is finished, elapsed time = 1961ns 
Thread 79 is finished, elapsed time = 1680ns 
Thread 80 is finished, elapsed time = 5746ns 
Thread 81 is finished, elapsed time = 1492ns 
Thread 82 is finished, elapsed time = 1990ns 
Thread 83 is finished, elapsed time = 1631ns 
Thread 84 is finished, elapsed time = 4469ns 
Thread 85 is finished, elapsed time = 1490ns 
Thread 86 is finished, elapsed time = 2037ns 
Thread 87 is finished, elapsed time = 1646ns 
Thread 88 is finished, elapsed time = 4513ns 
Thread 89 is finished, elapsed time = 1824ns 
Thread 90 is finished, elapsed time = 1898ns 
Thread 91 is finished, elapsed time = 1555ns 
Thread 92 is finished, elapsed time = 4641ns 
Thread 93 is finished, elapsed time = 1534ns 
Thread 94 is finished, elapsed time = 2008ns 
Thread 95 is finished, elapsed time = 1477ns 
Thread 96 is finished, elapsed time = 4695ns 
Thread 97 is finished, elapsed time = 1711ns 
Thread 98 is finished, elapsed time = 2028ns 
Thread 99 is finished, elapsed time = 1615ns 
Thread 100 is finished, elapsed time = 5242ns 
Thread 101 is finished, elapsed time = 1683ns 
Thread 102 is finished, elapsed time = 2068ns 
Thread 103 is finished, elapsed time = 1590ns 
Thread 104 is finished, elapsed time = 5065ns 
Thread 105 is finished, elapsed time = 1494ns 
Thread 106 is finished, elapsed time = 2050ns 
Thread 107 is finished, elapsed time = 1615ns 
Thread 108 is finished, elapsed time = 5957ns 
Thread 109 is finished, elapsed time = 1558ns 
Thread 110 is finished, elapsed time = 2080ns 
Thread 111 is finished, elapsed time = 1494ns 
Thread 112 is finished, elapsed time = 4375ns 
Thread 113 is finished, elapsed time = 1518ns 
Thread 114 is finished, elapsed time = 2035ns 
Thread 115 is finished, elapsed time = 1629ns 
Thread 116 is finished, elapsed time = 6718ns 
Thread 117 is finished, elapsed time = 1701ns 
Thread 118 is finished, elapsed time = 2033ns 
Thread 119 is finished, elapsed time = 1599ns 
Thread 120 is finished, elapsed time = 4973ns 
Thread 121 is finished, elapsed time = 1496ns 
Thread 122 is finished, elapsed time = 1960ns 
Thread 123 is finished, elapsed time = 1647ns 
Thread 124 is finished, elapsed time = 4806ns 
Thread 125 is finished, elapsed time = 1500ns 
Thread 126 is finished, elapsed time = 2115ns 
Thread 127 is finished, elapsed time = 1590ns 
Thread 128 is finished, elapsed time = 4815ns 
Thread 129 is finished, elapsed time = 1763ns 
Thread 130 is finished, elapsed time = 2033ns 
Thread 131 is finished, elapsed time = 1606ns 
Thread 132 is finished, elapsed time = 6242ns 
Thread 133 is finished, elapsed time = 1547ns 
Thread 134 is finished, elapsed time = 2080ns 
Thread 135 is finished, elapsed time = 1504ns 
Thread 136 is finished, elapsed time = 6153ns 
Thread 137 is finished, elapsed time = 1460ns 
Thread 138 is finished, elapsed time = 2065ns 
Thread 139 is finished, elapsed time = 1585ns 
Thread 140 is finished, elapsed time = 4944ns 
Thread 141 is finished, elapsed time = 1568ns 
Thread 142 is finished, elapsed time = 1965ns 
Thread 143 is finished, elapsed time = 1506ns 
Thread 144 is finished, elapsed time = 4611ns 
Thread 145 is finished, elapsed time = 1623ns 
Thread 146 is finished, elapsed time = 1944ns 
Thread 147 is finished, elapsed time = 1563ns 
Thread 148 is finished, elapsed time = 4681ns 
Thread 149 is finished, elapsed time = 1692ns 
Thread 150 is finished, elapsed time = 2031ns 
Thread 151 is finished, elapsed time = 1629ns 
Thread 152 is finished, elapsed time = 5742ns 
Thread 153 is finished, elapsed time = 1563ns 
Thread 154 is finished, elapsed time = 2010ns 
Thread 155 is finished, elapsed time = 1578ns 
Thread 156 is finished, elapsed time = 4758ns 
Thread 157 is finished, elapsed time = 1500ns 
Thread 158 is finished, elapsed time = 2535ns 
Thread 159 is finished, elapsed time = 1600ns 
Thread 160 is finished, elapsed time = 5225ns 
Thread 161 is finished, elapsed time = 1619ns 
Thread 162 is finished, elapsed time = 1881ns 
Thread 163 is finished, elapsed time = 1582ns 
Thread 164 is finished, elapsed time = 4199ns 
Thread 165 is finished, elapsed time = 1517ns 
Thread 166 is finished, elapsed time = 2239ns 
Thread 167 is finished, elapsed time = 1521ns 
Thread 168 is finished, elapsed time = 7799ns 
Thread 169 is finished, elapsed time = 1486ns 
Thread 170 is finished, elapsed time = 2002ns 
Thread 171 is finished, elapsed time = 1654ns 
Thread 172 is finished, elapsed time = 6690ns 
Thread 173 is finished, elapsed time = 1570ns 
Thread 174 is finished, elapsed time = 1998ns 
Thread 175 is finished, elapsed time = 1684ns 
Thread 176 is finished, elapsed time = 5241ns 
Thread 177 is finished, elapsed time = 1497ns 
Thread 178 is finished, elapsed time = 2012ns 
Thread 179 is finished, elapsed time = 1490ns 
Thread 180 is finished, elapsed time = 5031ns 
Thread 181 is finished, elapsed time = 1683ns 
Thread 182 is finished, elapsed time = 2096ns 
Thread 183 is finished, elapsed time = 1476ns 
Thread 184 is finished, elapsed time = 5031ns 
Thread 185 is finished, elapsed time = 1587ns 
Thread 186 is finished, elapsed time = 2201ns 
Thread 187 is finished, elapsed time = 1656ns 
Thread 188 is finished, elapsed time = 5088ns 
Thread 189 is finished, elapsed time = 1512ns 
There are 101 even rank idempotents, elapsed time = 30ms 
Counting odd rank Motzkin idempotents . . .
Number of weight 1 Motzkin words is 12
Processing Motzkin words, elapsed time = 19μs 
Motzkin words use ~ 124 bytes
Using 190 / 192 threads
Thread 0 is finished, elapsed time = 3129ns 
Thread 1 is finished, elapsed time = 3022ns 
Thread 2 is finished, elapsed time = 5795ns 
Thread 3 is finished, elapsed time = 2273ns 
Thread 4 is finished, elapsed time = 2517ns 
Thread 5 is finished, elapsed time = 2276ns 
Thread 6 is finished, elapsed time = 5187ns 
Thread 7 is finished, elapsed time = 2028ns 
Thread 8 is finished, elapsed time = 2494ns 
Thread 9 is finished, elapsed time = 2129ns 
Thread 10 is finished, elapsed time = 5238ns 
Thread 11 is finished, elapsed time = 2007ns 
Thread 12 is finished, elapsed time = 2004ns 
Thread 13 is finished, elapsed time = 1702ns 
Thread 14 is finished, elapsed time = 4803ns 
Thread 15 is finished, elapsed time = 1588ns 
Thread 16 is finished, elapsed time = 2322ns 
Thread 17 is finished, elapsed time = 1584ns 
Thread 18 is finished, elapsed time = 6198ns 
Thread 19 is finished, elapsed time = 1613ns 
Thread 20 is finished, elapsed time = 1943ns 
Thread 21 is finished, elapsed time = 1605ns 
Thread 22 is finished, elapsed time = 8510ns 
Thread 23 is finished, elapsed time = 1761ns 
Thread 24 is finished, elapsed time = 2023ns 
Thread 25 is finished, elapsed time = 1631ns 
Thread 26 is finished, elapsed time = 4383ns 
Thread 27 is finished, elapsed time = 1647ns 
Thread 28 is finished, elapsed time = 2039ns 
Thread 29 is finished, elapsed time = 1629ns 
Thread 30 is finished, elapsed time = 4190ns 
Thread 31 is finished, elapsed time = 1566ns 
Thread 32 is finished, elapsed time = 2141ns 
Thread 33 is finished, elapsed time = 1765ns 
Thread 34 is finished, elapsed time = 5051ns 
Thread 35 is finished, elapsed time = 1401ns 
Thread 36 is finished, elapsed time = 2146ns 
Thread 37 is finished, elapsed time = 1467ns 
Thread 38 is finished, elapsed time = 4844ns 
Thread 39 is finished, elapsed time = 1705ns 
Thread 40 is finished, elapsed time = 2203ns 
Thread 41 is finished, elapsed time = 1410ns 
Thread 42 is finished, elapsed time = 4674ns 
Thread 43 is finished, elapsed time = 1598ns 
Thread 44 is finished, elapsed time = 2008ns 
Thread 45 is finished, elapsed time = 1486ns 
Thread 46 is finished, elapsed time = 4543ns 
Thread 47 is finished, elapsed time = 1560ns 
Thread 48 is finished, elapsed time = 1994ns 
Thread 49 is finished, elapsed time = 1613ns 
Thread 50 is finished, elapsed time = 4217ns 
Thread 51 is finished, elapsed time = 1724ns 
Thread 52 is finished, elapsed time = 2051ns 
Thread 53 is finished, elapsed time = 1477ns 
Thread 54 is finished, elapsed time = 5030ns 
Thread 55 is finished, elapsed time = 1668ns 
Thread 56 is finished, elapsed time = 2063ns 
Thread 57 is finished, elapsed time = 1592ns 
Thread 58 is finished, elapsed time = 5197ns 
Thread 59 is finished, elapsed time = 1523ns 
Thread 60 is finished, elapsed time = 2453ns 
Thread 61 is finished, elapsed time = 1668ns 
Thread 62 is finished, elapsed time = 5339ns 
Thread 63 is finished, elapsed time = 1504ns 
Thread 64 is finished, elapsed time = 2141ns 
Thread 65 is finished, elapsed time = 1818ns 
Thread 66 is finished, elapsed time = 4430ns 
Thread 67 is finished, elapsed time = 1543ns 
Thread 68 is finished, elapsed time = 2021ns 
Thread 69 is finished, elapsed time = 1363ns 
Thread 70 is finished, elapsed time = 4629ns 
Thread 71 is finished, elapsed time = 1552ns 
Thread 72 is finished, elapsed time = 2048ns 
Thread 73 is finished, elapsed time = 1689ns 
Thread 74 is finished, elapsed time = 6365ns 
Thread 75 is finished, elapsed time = 1584ns 
Thread 76 is finished, elapsed time = 2139ns 
Thread 77 is finished, elapsed time = 1539ns 
Thread 78 is finished, elapsed time = 43μs 
Thread 79 is finished, elapsed time = 1494ns 
Thread 80 is finished, elapsed time = 2035ns 
Thread 81 is finished, elapsed time = 1609ns 
Thread 82 is finished, elapsed time = 4543ns 
Thread 83 is finished, elapsed time = 1445ns 
Thread 84 is finished, elapsed time = 2123ns 
Thread 85 is finished, elapsed time = 1437ns 
Thread 86 is finished, elapsed time = 4918ns 
Thread 87 is finished, elapsed time = 1420ns 
Thread 88 is finished, elapsed time = 2211ns 
Thread 89 is finished, elapsed time = 1498ns 
Thread 90 is finished, elapsed time = 5063ns 
Thread 91 is finished, elapsed time = 1480ns 
Thread 92 is finished, elapsed time = 1990ns 
Thread 93 is finished, elapsed time = 1533ns 
Thread 94 is finished, elapsed time = 4715ns 
Thread 95 is finished, elapsed time = 1554ns 
Thread 96 is finished, elapsed time = 1909ns 
Thread 97 is finished, elapsed time = 1474ns 
Thread 98 is finished, elapsed time = 4497ns 
Thread 99 is finished, elapsed time = 1451ns 
Thread 100 is finished, elapsed time = 1936ns 
Thread 101 is finished, elapsed time = 1516ns 
Thread 102 is finished, elapsed time = 4489ns 
Thread 103 is finished, elapsed time = 1504ns 
Thread 104 is finished, elapsed time = 1957ns 
Thread 105 is finished, elapsed time = 1465ns 
Thread 106 is finished, elapsed time = 4664ns 
Thread 107 is finished, elapsed time = 1560ns 
Thread 108 is finished, elapsed time = 1908ns 
Thread 109 is finished, elapsed time = 2991ns 
Thread 110 is finished, elapsed time = 7458ns 
Thread 111 is finished, elapsed time = 1486ns 
Thread 112 is finished, elapsed time = 2049ns 
Thread 113 is finished, elapsed time = 1588ns 
Thread 114 is finished, elapsed time = 4438ns 
Thread 115 is finished, elapsed time = 1623ns 
Thread 116 is finished, elapsed time = 2067ns 
Thread 117 is finished, elapsed time = 1575ns 
Thread 118 is finished, elapsed time = 4732ns 
Thread 119 is finished, elapsed time = 1499ns 
Thread 120 is finished, elapsed time = 2005ns 
Thread 121 is finished, elapsed time = 1539ns 
Thread 122 is finished, elapsed time = 4368ns 
Thread 123 is finished, elapsed time = 1648ns 
Thread 124 is finished, elapsed time = 2002ns 
Thread 125 is finished, elapsed time = 1512ns 
Thread 126 is finished, elapsed time = 4390ns 
Thread 127 is finished, elapsed time = 1568ns 
Thread 128 is finished, elapsed time = 2014ns 
Thread 129 is finished, elapsed time = 1597ns 
Thread 130 is finished, elapsed time = 4889ns 
Thread 131 is finished, elapsed time = 1537ns 
Thread 132 is finished, elapsed time = 1914ns 
Thread 133 is finished, elapsed time = 1563ns 
Thread 134 is finished, elapsed time = 4834ns 
Thread 135 is finished, elapsed time = 1547ns 
Thread 136 is finished, elapsed time = 1939ns 
Thread 137 is finished, elapsed time = 1539ns 
Thread 138 is finished, elapsed time = 4695ns 
Thread 139 is finished, elapsed time = 1516ns 
Thread 140 is finished, elapsed time = 1973ns 
Thread 141 is finished, elapsed time = 1532ns 
Thread 142 is finished, elapsed time = 4235ns 
Thread 143 is finished, elapsed time = 1587ns 
Thread 144 is finished, elapsed time = 1981ns 
Thread 145 is finished, elapsed time = 1582ns 
Thread 146 is finished, elapsed time = 4147ns 
Thread 147 is finished, elapsed time = 1693ns 
Thread 148 is finished, elapsed time = 2916ns 
Thread 149 is finished, elapsed time = 1535ns 
Thread 150 is finished, elapsed time = 4668ns 
Thread 151 is finished, elapsed time = 1562ns 
Thread 152 is finished, elapsed time = 2051ns 
Thread 153 is finished, elapsed time = 1566ns 
Thread 154 is finished, elapsed time = 4414ns 
Thread 155 is finished, elapsed time = 1679ns 
Thread 156 is finished, elapsed time = 1940ns 
Thread 157 is finished, elapsed time = 1461ns 
Thread 158 is finished, elapsed time = 4718ns 
Thread 159 is finished, elapsed time = 1604ns 
Thread 160 is finished, elapsed time = 2017ns 
Thread 161 is finished, elapsed time = 1471ns 
Thread 162 is finished, elapsed time = 4656ns 
Thread 163 is finished, elapsed time = 1549ns 
Thread 164 is finished, elapsed time = 2055ns 
Thread 165 is finished, elapsed time = 1629ns 
Thread 166 is finished, elapsed time = 4432ns 
Thread 167 is finished, elapsed time = 1494ns 
Thread 168 is finished, elapsed time = 2061ns 
Thread 169 is finished, elapsed time = 1526ns 
Thread 170 is finished, elapsed time = 4604ns 
Thread 171 is finished, elapsed time = 1472ns 
Thread 172 is finished, elapsed time = 1854ns 
Thread 173 is finished, elapsed time = 1500ns 
Thread 174 is finished, elapsed time = 4433ns 
Thread 175 is finished, elapsed time = 1526ns 
Thread 176 is finished, elapsed time = 1963ns 
Thread 177 is finished, elapsed time = 1627ns 
Thread 178 is finished, elapsed time = 4060ns 
Thread 179 is finished, elapsed time = 1619ns 
Thread 180 is finished, elapsed time = 1922ns 
Thread 181 is finished, elapsed time = 1521ns 
Thread 182 is finished, elapsed time = 4301ns 
Thread 183 is finished, elapsed time = 1564ns 
Thread 184 is finished, elapsed time = 1867ns 
Thread 185 is finished, elapsed time = 1580ns 
Thread 186 is finished, elapsed time = 4949ns 
Thread 187 is finished, elapsed time = 1623ns 
Thread 188 is finished, elapsed time = 2494ns 
Thread 189 is finished, elapsed time = 1563ns 
There are 52 odd rank idempotents, elapsed time = 24ms 
Total elapsed time = 55ms 
153
