Counting even rank Motzkin idempotents . . .
Number of weight 0 Motzkin words is 51
Processing Motzkin words, elapsed time = 41μs 
Motzkin words use ~ 669 bytes
Using 190 / 192 threads
Thread 0 is finished, elapsed time = 36μs 
Thread 1 is finished, elapsed time = 11μs 
Thread 2 is finished, elapsed time = 4476ns 
Thread 3 is finished, elapsed time = 4867ns 
Thread 4 is finished, elapsed time = 8713ns 
Thread 5 is finished, elapsed time = 3828ns 
Thread 6 is finished, elapsed time = 3980ns 
Thread 7 is finished, elapsed time = 4214ns 
Thread 8 is finished, elapsed time = 6746ns 
Thread 9 is finished, elapsed time = 3920ns 
Thread 10 is finished, elapsed time = 4393ns 
Thread 11 is finished, elapsed time = 3951ns 
Thread 12 is finished, elapsed time = 6012ns 
Thread 13 is finished, elapsed time = 3615ns 
Thread 14 is finished, elapsed time = 3930ns 
Thread 15 is finished, elapsed time = 3427ns 
Thread 16 is finished, elapsed time = 6506ns 
Thread 17 is finished, elapsed time = 3915ns 
Thread 18 is finished, elapsed time = 3769ns 
Thread 19 is finished, elapsed time = 3444ns 
Thread 20 is finished, elapsed time = 7104ns 
Thread 21 is finished, elapsed time = 5640ns 
Thread 22 is finished, elapsed time = 4160ns 
Thread 23 is finished, elapsed time = 3217ns 
Thread 24 is finished, elapsed time = 6082ns 
Thread 25 is finished, elapsed time = 3187ns 
Thread 26 is finished, elapsed time = 3392ns 
Thread 27 is finished, elapsed time = 3589ns 
Thread 28 is finished, elapsed time = 7500ns 
Thread 29 is finished, elapsed time = 3592ns 
Thread 30 is finished, elapsed time = 2699ns 
Thread 31 is finished, elapsed time = 3137ns 
Thread 32 is finished, elapsed time = 6906ns 
Thread 33 is finished, elapsed time = 2838ns 
Thread 34 is finished, elapsed time = 3187ns 
Thread 35 is finished, elapsed time = 2875ns 
Thread 36 is finished, elapsed time = 5554ns 
Thread 37 is finished, elapsed time = 3229ns 
Thread 38 is finished, elapsed time = 2750ns 
Thread 39 is finished, elapsed time = 3076ns 
Thread 40 is finished, elapsed time = 5041ns 
Thread 41 is finished, elapsed time = 3226ns 
Thread 42 is finished, elapsed time = 3020ns 
Thread 43 is finished, elapsed time = 2779ns 
Thread 44 is finished, elapsed time = 98μs 
Thread 45 is finished, elapsed time = 3076ns 
Thread 46 is finished, elapsed time = 2807ns 
Thread 47 is finished, elapsed time = 1934ns 
Thread 48 is finished, elapsed time = 6443ns 
Thread 49 is finished, elapsed time = 1789ns 
Thread 50 is finished, elapsed time = 2131ns 
Thread 51 is finished, elapsed time = 2260ns 
Thread 52 is finished, elapsed time = 5282ns 
Thread 53 is finished, elapsed time = 2424ns 
Thread 54 is finished, elapsed time = 1863ns 
Thread 55 is finished, elapsed time = 1973ns 
Thread 56 is finished, elapsed time = 4640ns 
Thread 57 is finished, elapsed time = 2315ns 
Thread 58 is finished, elapsed time = 2107ns 
Thread 59 is finished, elapsed time = 2274ns 
Thread 60 is finished, elapsed time = 4636ns 
Thread 61 is finished, elapsed time = 2109ns 
Thread 62 is finished, elapsed time = 2126ns 
Thread 63 is finished, elapsed time = 1869ns 
Thread 64 is finished, elapsed time = 4647ns 
Thread 65 is finished, elapsed time = 1912ns 
Thread 66 is finished, elapsed time = 1982ns 
Thread 67 is finished, elapsed time = 2545ns 
Thread 68 is finished, elapsed time = 4859ns 
Thread 69 is finished, elapsed time = 2146ns 
Thread 70 is finished, elapsed time = 1791ns 
Thread 71 is finished, elapsed time = 2247ns 
Thread 72 is finished, elapsed time = 4781ns 
Thread 73 is finished, elapsed time = 1808ns 
Thread 74 is finished, elapsed time = 1888ns 
Thread 75 is finished, elapsed time = 2274ns 
Thread 76 is finished, elapsed time = 4077ns 
Thread 77 is finished, elapsed time = 1894ns 
Thread 78 is finished, elapsed time = 1797ns 
Thread 79 is finished, elapsed time = 1928ns 
Thread 80 is finished, elapsed time = 5101ns 
Thread 81 is finished, elapsed time = 1942ns 
Thread 82 is finished, elapsed time = 2174ns 
Thread 83 is finished, elapsed time = 1900ns 
Thread 84 is finished, elapsed time = 5281ns 
Thread 85 is finished, elapsed time = 1996ns 
Thread 86 is finished, elapsed time = 1891ns 
Thread 87 is finished, elapsed time = 2237ns 
Thread 88 is finished, elapsed time = 4594ns 
Thread 89 is finished, elapsed time = 2244ns 
Thread 90 is finished, elapsed time = 2275ns 
Thread 91 is finished, elapsed time = 2095ns 
Thread 92 is finished, elapsed time = 4924ns 
Thread 93 is finished, elapsed time = 1801ns 
Thread 94 is finished, elapsed time = 2140ns 
Thread 95 is finished, elapsed time = 1764ns 
Thread 96 is finished, elapsed time = 4576ns 
Thread 97 is finished, elapsed time = 1998ns 
Thread 98 is finished, elapsed time = 2182ns 
Thread 99 is finished, elapsed time = 2299ns 
Thread 100 is finished, elapsed time = 5119ns 
Thread 101 is finished, elapsed time = 1957ns 
Thread 102 is finished, elapsed time = 2348ns 
Thread 103 is finished, elapsed time = 1943ns 
Thread 104 is finished, elapsed time = 4797ns 
Thread 105 is finished, elapsed time = 2164ns 
Thread 106 is finished, elapsed time = 1827ns 
Thread 107 is finished, elapsed time = 1877ns 
Thread 108 is finished, elapsed time = 5402ns 
Thread 109 is finished, elapsed time = 2166ns 
Thread 110 is finished, elapsed time = 2028ns 
Thread 111 is finished, elapsed time = 2328ns 
Thread 112 is finished, elapsed time = 5283ns 
Thread 113 is finished, elapsed time = 2247ns 
Thread 114 is finished, elapsed time = 1971ns 
Thread 115 is finished, elapsed time = 1900ns 
Thread 116 is finished, elapsed time = 5348ns 
Thread 117 is finished, elapsed time = 1978ns 
Thread 118 is finished, elapsed time = 1959ns 
Thread 119 is finished, elapsed time = 2068ns 
Thread 120 is finished, elapsed time = 4330ns 
Thread 121 is finished, elapsed time = 2035ns 
Thread 122 is finished, elapsed time = 2305ns 
Thread 123 is finished, elapsed time = 1965ns 
Thread 124 is finished, elapsed time = 5147ns 
Thread 125 is finished, elapsed time = 2051ns 
Thread 126 is finished, elapsed time = 1912ns 
Thread 127 is finished, elapsed time = 1951ns 
Thread 128 is finished, elapsed time = 4642ns 
Thread 129 is finished, elapsed time = 2205ns 
Thread 130 is finished, elapsed time = 2455ns 
Thread 131 is finished, elapsed time = 2056ns 
Thread 132 is finished, elapsed time = 4506ns 
Thread 133 is finished, elapsed time = 1955ns 
Thread 134 is finished, elapsed time = 2023ns 
Thread 135 is finished, elapsed time = 2299ns 
Thread 136 is finished, elapsed time = 4730ns 
Thread 137 is finished, elapsed time = 2111ns 
Thread 138 is finished, elapsed time = 2270ns 
Thread 139 is finished, elapsed time = 2138ns 
Thread 140 is finished, elapsed time = 4582ns 
Thread 141 is finished, elapsed time = 2276ns 
Thread 142 is finished, elapsed time = 1897ns 
Thread 143 is finished, elapsed time = 2248ns 
Thread 144 is finished, elapsed time = 4645ns 
Thread 145 is finished, elapsed time = 2031ns 
Thread 146 is finished, elapsed time = 1947ns 
Thread 147 is finished, elapsed time = 1830ns 
Thread 148 is finished, elapsed time = 4467ns 
Thread 149 is finished, elapsed time = 2154ns 
Thread 150 is finished, elapsed time = 1910ns 
Thread 151 is finished, elapsed time = 2180ns 
Thread 152 is finished, elapsed time = 4594ns 
Thread 153 is finished, elapsed time = 2066ns 
Thread 154 is finished, elapsed time = 1818ns 
Thread 155 is finished, elapsed time = 2166ns 
Thread 156 is finished, elapsed time = 4261ns 
Thread 157 is finished, elapsed time = 2142ns 
Thread 158 is finished, elapsed time = 2086ns 
Thread 159 is finished, elapsed time = 1889ns 
Thread 160 is finished, elapsed time = 4432ns 
Thread 161 is finished, elapsed time = 2078ns 
Thread 162 is finished, elapsed time = 2115ns 
Thread 163 is finished, elapsed time = 1855ns 
Thread 164 is finished, elapsed time = 4928ns 
Thread 165 is finished, elapsed time = 1800ns 
Thread 166 is finished, elapsed time = 1905ns 
Thread 167 is finished, elapsed time = 2219ns 
Thread 168 is finished, elapsed time = 4933ns 
Thread 169 is finished, elapsed time = 2211ns 
Thread 170 is finished, elapsed time = 2046ns 
Thread 171 is finished, elapsed time = 1848ns 
Thread 172 is finished, elapsed time = 4806ns 
Thread 173 is finished, elapsed time = 2088ns 
Thread 174 is finished, elapsed time = 1945ns 
Thread 175 is finished, elapsed time = 2076ns 
Thread 176 is finished, elapsed time = 4869ns 
Thread 177 is finished, elapsed time = 2212ns 
Thread 178 is finished, elapsed time = 1867ns 
Thread 179 is finished, elapsed time = 2102ns 
Thread 180 is finished, elapsed time = 4656ns 
Thread 181 is finished, elapsed time = 2054ns 
Thread 182 is finished, elapsed time = 1927ns 
Thread 183 is finished, elapsed time = 1875ns 
Thread 184 is finished, elapsed time = 4668ns 
Thread 185 is finished, elapsed time = 1933ns 
Thread 186 is finished, elapsed time = 2051ns 
Thread 187 is finished, elapsed time = 2160ns 
Thread 188 is finished, elapsed time = 4449ns 
Thread 189 is finished, elapsed time = 2293ns 
There are 3189 even rank idempotents, elapsed time = 28ms 
Counting odd rank Motzkin idempotents . . .
Number of weight 1 Motzkin words is 76
Processing Motzkin words, elapsed time = 48μs 
Motzkin words use ~ 1.08203 KB
Using 190 / 192 threads
Thread 0 is finished, elapsed time = 3838ns 
Thread 1 is finished, elapsed time = 5358ns 
Thread 2 is finished, elapsed time = 6309ns 
Thread 3 is finished, elapsed time = 3736ns 
Thread 4 is finished, elapsed time = 3461ns 
Thread 5 is finished, elapsed time = 3407ns 
Thread 6 is finished, elapsed time = 6787ns 
Thread 7 is finished, elapsed time = 3735ns 
Thread 8 is finished, elapsed time = 3808ns 
Thread 9 is finished, elapsed time = 3908ns 
Thread 10 is finished, elapsed time = 7207ns 
Thread 11 is finished, elapsed time = 3719ns 
Thread 12 is finished, elapsed time = 4033ns 
Thread 13 is finished, elapsed time = 3684ns 
Thread 14 is finished, elapsed time = 6357ns 
Thread 15 is finished, elapsed time = 4027ns 
Thread 16 is finished, elapsed time = 3759ns 
Thread 17 is finished, elapsed time = 3541ns 
Thread 18 is finished, elapsed time = 6315ns 
Thread 19 is finished, elapsed time = 3490ns 
Thread 20 is finished, elapsed time = 3961ns 
Thread 21 is finished, elapsed time = 3812ns 
Thread 22 is finished, elapsed time = 6053ns 
Thread 23 is finished, elapsed time = 3549ns 
Thread 24 is finished, elapsed time = 4059ns 
Thread 25 is finished, elapsed time = 3553ns 
Thread 26 is finished, elapsed time = 6006ns 
Thread 27 is finished, elapsed time = 3110ns 
Thread 28 is finished, elapsed time = 3250ns 
Thread 29 is finished, elapsed time = 3180ns 
Thread 30 is finished, elapsed time = 6310ns 
Thread 31 is finished, elapsed time = 2938ns 
Thread 32 is finished, elapsed time = 3321ns 
Thread 33 is finished, elapsed time = 2948ns 
Thread 34 is finished, elapsed time = 5885ns 
Thread 35 is finished, elapsed time = 2953ns 
Thread 36 is finished, elapsed time = 3429ns 
Thread 37 is finished, elapsed time = 3094ns 
Thread 38 is finished, elapsed time = 5953ns 
Thread 39 is finished, elapsed time = 3067ns 
Thread 40 is finished, elapsed time = 3151ns 
Thread 41 is finished, elapsed time = 2906ns 
Thread 42 is finished, elapsed time = 5904ns 
Thread 43 is finished, elapsed time = 2918ns 
Thread 44 is finished, elapsed time = 2885ns 
Thread 45 is finished, elapsed time = 2851ns 
Thread 46 is finished, elapsed time = 5664ns 
Thread 47 is finished, elapsed time = 3160ns 
Thread 48 is finished, elapsed time = 3428ns 
Thread 49 is finished, elapsed time = 3199ns 
Thread 50 is finished, elapsed time = 5520ns 
Thread 51 is finished, elapsed time = 3229ns 
Thread 52 is finished, elapsed time = 2963ns 
Thread 53 is finished, elapsed time = 2805ns 
Thread 54 is finished, elapsed time = 5356ns 
Thread 55 is finished, elapsed time = 2863ns 
Thread 56 is finished, elapsed time = 2975ns 
Thread 57 is finished, elapsed time = 2859ns 
Thread 58 is finished, elapsed time = 5816ns 
Thread 59 is finished, elapsed time = 3127ns 
Thread 60 is finished, elapsed time = 3086ns 
Thread 61 is finished, elapsed time = 3396ns 
Thread 62 is finished, elapsed time = 5545ns 
Thread 63 is finished, elapsed time = 2785ns 
Thread 64 is finished, elapsed time = 3308ns 
Thread 65 is finished, elapsed time = 2869ns 
Thread 66 is finished, elapsed time = 5854ns 
Thread 67 is finished, elapsed time = 1945ns 
Thread 68 is finished, elapsed time = 6174ns 
Thread 69 is finished, elapsed time = 2045ns 
Thread 70 is finished, elapsed time = 4475ns 
Thread 71 is finished, elapsed time = 2233ns 
Thread 72 is finished, elapsed time = 2029ns 
Thread 73 is finished, elapsed time = 1738ns 
Thread 74 is finished, elapsed time = 5142ns 
Thread 75 is finished, elapsed time = 2035ns 
Thread 76 is finished, elapsed time = 1939ns 
Thread 77 is finished, elapsed time = 2018ns 
Thread 78 is finished, elapsed time = 4717ns 
Thread 79 is finished, elapsed time = 2281ns 
Thread 80 is finished, elapsed time = 1963ns 
Thread 81 is finished, elapsed time = 1682ns 
Thread 82 is finished, elapsed time = 5176ns 
Thread 83 is finished, elapsed time = 1864ns 
Thread 84 is finished, elapsed time = 1924ns 
Thread 85 is finished, elapsed time = 1781ns 
Thread 86 is finished, elapsed time = 5064ns 
Thread 87 is finished, elapsed time = 2018ns 
Thread 88 is finished, elapsed time = 1930ns 
Thread 89 is finished, elapsed time = 2014ns 
Thread 90 is finished, elapsed time = 4414ns 
Thread 91 is finished, elapsed time = 2070ns 
Thread 92 is finished, elapsed time = 1957ns 
Thread 93 is finished, elapsed time = 1801ns 
Thread 94 is finished, elapsed time = 4561ns 
Thread 95 is finished, elapsed time = 1816ns 
Thread 96 is finished, elapsed time = 1906ns 
Thread 97 is finished, elapsed time = 1729ns 
Thread 98 is finished, elapsed time = 5084ns 
Thread 99 is finished, elapsed time = 2207ns 
Thread 100 is finished, elapsed time = 1840ns 
Thread 101 is finished, elapsed time = 1897ns 
Thread 102 is finished, elapsed time = 4477ns 
Thread 103 is finished, elapsed time = 2160ns 
Thread 104 is finished, elapsed time = 1994ns 
Thread 105 is finished, elapsed time = 1854ns 
Thread 106 is finished, elapsed time = 4316ns 
Thread 107 is finished, elapsed time = 2461ns 
Thread 108 is finished, elapsed time = 1881ns 
Thread 109 is finished, elapsed time = 1899ns 
Thread 110 is finished, elapsed time = 4812ns 
Thread 111 is finished, elapsed time = 2189ns 
Thread 112 is finished, elapsed time = 1974ns 
Thread 113 is finished, elapsed time = 1908ns 
Thread 114 is finished, elapsed time = 4686ns 
Thread 115 is finished, elapsed time = 2140ns 
Thread 116 is finished, elapsed time = 1917ns 
Thread 117 is finished, elapsed time = 2358ns 
Thread 118 is finished, elapsed time = 4834ns 
Thread 119 is finished, elapsed time = 2149ns 
Thread 120 is finished, elapsed time = 1979ns 
Thread 121 is finished, elapsed time = 2322ns 
Thread 122 is finished, elapsed time = 4731ns 
Thread 123 is finished, elapsed time = 2224ns 
Thread 124 is finished, elapsed time = 1808ns 
Thread 125 is finished, elapsed time = 1834ns 
Thread 126 is finished, elapsed time = 4363ns 
Thread 127 is finished, elapsed time = 2261ns 
Thread 128 is finished, elapsed time = 1967ns 
Thread 129 is finished, elapsed time = 2221ns 
Thread 130 is finished, elapsed time = 4277ns 
Thread 131 is finished, elapsed time = 1916ns 
Thread 132 is finished, elapsed time = 1864ns 
Thread 133 is finished, elapsed time = 1814ns 
Thread 134 is finished, elapsed time = 4246ns 
Thread 135 is finished, elapsed time = 2223ns 
Thread 136 is finished, elapsed time = 1961ns 
Thread 137 is finished, elapsed time = 2193ns 
Thread 138 is finished, elapsed time = 5082ns 
Thread 139 is finished, elapsed time = 2115ns 
Thread 140 is finished, elapsed time = 2019ns 
Thread 141 is finished, elapsed time = 1953ns 
Thread 142 is finished, elapsed time = 4273ns 
Thread 143 is finished, elapsed time = 2149ns 
Thread 144 is finished, elapsed time = 1877ns 
Thread 145 is finished, elapsed time = 1996ns 
Thread 146 is finished, elapsed time = 5049ns 
Thread 147 is finished, elapsed time = 2242ns 
Thread 148 is finished, elapsed time = 1851ns 
Thread 149 is finished, elapsed time = 1806ns 
Thread 150 is finished, elapsed time = 5095ns 
Thread 151 is finished, elapsed time = 2072ns 
Thread 152 is finished, elapsed time = 2000ns 
Thread 153 is finished, elapsed time = 1984ns 
Thread 154 is finished, elapsed time = 4278ns 
Thread 155 is finished, elapsed time = 1924ns 
Thread 156 is finished, elapsed time = 1887ns 
Thread 157 is finished, elapsed time = 1881ns 
Thread 158 is finished, elapsed time = 5320ns 
Thread 159 is finished, elapsed time = 2148ns 
Thread 160 is finished, elapsed time = 1826ns 
Thread 161 is finished, elapsed time = 1861ns 
Thread 162 is finished, elapsed time = 4940ns 
Thread 163 is finished, elapsed time = 2160ns 
Thread 164 is finished, elapsed time = 2074ns 
Thread 165 is finished, elapsed time = 2445ns 
Thread 166 is finished, elapsed time = 4924ns 
Thread 167 is finished, elapsed time = 2150ns 
Thread 168 is finished, elapsed time = 1996ns 
Thread 169 is finished, elapsed time = 1912ns 
Thread 170 is finished, elapsed time = 4849ns 
Thread 171 is finished, elapsed time = 2129ns 
Thread 172 is finished, elapsed time = 2024ns 
Thread 173 is finished, elapsed time = 2238ns 
Thread 174 is finished, elapsed time = 4511ns 
Thread 175 is finished, elapsed time = 2112ns 
Thread 176 is finished, elapsed time = 1920ns 
Thread 177 is finished, elapsed time = 1885ns 
Thread 178 is finished, elapsed time = 4695ns 
Thread 179 is finished, elapsed time = 2246ns 
Thread 180 is finished, elapsed time = 1930ns 
Thread 181 is finished, elapsed time = 2230ns 
Thread 182 is finished, elapsed time = 4418ns 
Thread 183 is finished, elapsed time = 2254ns 
Thread 184 is finished, elapsed time = 1898ns 
Thread 185 is finished, elapsed time = 1766ns 
Thread 186 is finished, elapsed time = 5047ns 
Thread 187 is finished, elapsed time = 2227ns 
Thread 188 is finished, elapsed time = 1996ns 
Thread 189 is finished, elapsed time = 2293ns 
There are 1650 odd rank idempotents, elapsed time = 22ms 
Total elapsed time = 50ms 
4839
