Counting even rank Motzkin idempotents . . .
Number of weight 0 Motzkin words is 323
Processing Motzkin words, elapsed time = 217μs 
Motzkin words use ~ 5.53711 KB
Using 190 / 192 threads
Thread 0 is finished, elapsed time = 111μs 
Thread 1 is finished, elapsed time = 5638ns 
Thread 2 is finished, elapsed time = 5560ns 
Thread 3 is finished, elapsed time = 6190ns 
Thread 4 is finished, elapsed time = 7969ns 
Thread 5 is finished, elapsed time = 6506ns 
Thread 6 is finished, elapsed time = 7129ns 
Thread 7 is finished, elapsed time = 6183ns 
Thread 8 is finished, elapsed time = 8973ns 
Thread 9 is finished, elapsed time = 6252ns 
Thread 10 is finished, elapsed time = 6834ns 
Thread 11 is finished, elapsed time = 7162ns 
Thread 12 is finished, elapsed time = 10μs 
Thread 13 is finished, elapsed time = 6043ns 
Thread 14 is finished, elapsed time = 6106ns 
Thread 15 is finished, elapsed time = 6627ns 
Thread 16 is finished, elapsed time = 8633ns 
Thread 17 is finished, elapsed time = 7978ns 
Thread 18 is finished, elapsed time = 6223ns 
Thread 19 is finished, elapsed time = 7031ns 
Thread 20 is finished, elapsed time = 8918ns 
Thread 21 is finished, elapsed time = 8391ns 
Thread 22 is finished, elapsed time = 6857ns 
Thread 23 is finished, elapsed time = 6538ns 
Thread 24 is finished, elapsed time = 10μs 
Thread 25 is finished, elapsed time = 6566ns 
Thread 26 is finished, elapsed time = 7489ns 
Thread 27 is finished, elapsed time = 7231ns 
Thread 28 is finished, elapsed time = 8625ns 
Thread 29 is finished, elapsed time = 7428ns 
Thread 30 is finished, elapsed time = 7171ns 
Thread 31 is finished, elapsed time = 7474ns 
Thread 32 is finished, elapsed time = 11μs 
Thread 33 is finished, elapsed time = 6768ns 
Thread 34 is finished, elapsed time = 7510ns 
Thread 35 is finished, elapsed time = 7602ns 
Thread 36 is finished, elapsed time = 12μs 
Thread 37 is finished, elapsed time = 7200ns 
Thread 38 is finished, elapsed time = 7107ns 
Thread 39 is finished, elapsed time = 8867ns 
Thread 40 is finished, elapsed time = 10μs 
Thread 41 is finished, elapsed time = 8020ns 
Thread 42 is finished, elapsed time = 7705ns 
Thread 43 is finished, elapsed time = 6844ns 
Thread 44 is finished, elapsed time = 9509ns 
Thread 45 is finished, elapsed time = 7314ns 
Thread 46 is finished, elapsed time = 9392ns 
Thread 47 is finished, elapsed time = 6777ns 
Thread 48 is finished, elapsed time = 9879ns 
Thread 49 is finished, elapsed time = 8676ns 
Thread 50 is finished, elapsed time = 13μs 
Thread 51 is finished, elapsed time = 12μs 
Thread 52 is finished, elapsed time = 17μs 
Thread 53 is finished, elapsed time = 13μs 
Thread 54 is finished, elapsed time = 12μs 
Thread 55 is finished, elapsed time = 14μs 
Thread 56 is finished, elapsed time = 15μs 
Thread 57 is finished, elapsed time = 12μs 
Thread 58 is finished, elapsed time = 14μs 
Thread 59 is finished, elapsed time = 14μs 
Thread 60 is finished, elapsed time = 16μs 
Thread 61 is finished, elapsed time = 13μs 
Thread 62 is finished, elapsed time = 15μs 
Thread 63 is finished, elapsed time = 13μs 
Thread 64 is finished, elapsed time = 16μs 
Thread 65 is finished, elapsed time = 15μs 
Thread 66 is finished, elapsed time = 13μs 
Thread 67 is finished, elapsed time = 13μs 
Thread 69 is finished, elapsed time = 15μs 
Thread 68 is finished, elapsed time = 373μs 
Thread 70 is finished, elapsed time = 21μs 
Thread 71 is finished, elapsed time = 12μs 
Thread 72 is finished, elapsed time = 16μs 
Thread 73 is finished, elapsed time = 12μs 
Thread 74 is finished, elapsed time = 8209ns 
Thread 75 is finished, elapsed time = 9182ns 
Thread 76 is finished, elapsed time = 11μs 
Thread 77 is finished, elapsed time = 9293ns 
Thread 78 is finished, elapsed time = 9991ns 
Thread 79 is finished, elapsed time = 10μs 
Thread 80 is finished, elapsed time = 13μs 
Thread 81 is finished, elapsed time = 9361ns 
Thread 82 is finished, elapsed time = 8660ns 
Thread 83 is finished, elapsed time = 9798ns 
Thread 84 is finished, elapsed time = 12μs 
Thread 85 is finished, elapsed time = 10μs 
Thread 86 is finished, elapsed time = 8929ns 
Thread 87 is finished, elapsed time = 9835ns 
Thread 88 is finished, elapsed time = 76μs 
Thread 89 is finished, elapsed time = 10μs 
Thread 90 is finished, elapsed time = 9951ns 
Thread 91 is finished, elapsed time = 10μs 
Thread 92 is finished, elapsed time = 14μs 
Thread 93 is finished, elapsed time = 13μs 
Thread 94 is finished, elapsed time = 14μs 
Thread 95 is finished, elapsed time = 14μs 
Thread 96 is finished, elapsed time = 15μs 
Thread 97 is finished, elapsed time = 13μs 
Thread 98 is finished, elapsed time = 13μs 
Thread 99 is finished, elapsed time = 13μs 
Thread 100 is finished, elapsed time = 16μs 
Thread 101 is finished, elapsed time = 12μs 
Thread 102 is finished, elapsed time = 13μs 
Thread 103 is finished, elapsed time = 13μs 
Thread 104 is finished, elapsed time = 15μs 
Thread 105 is finished, elapsed time = 13μs 
Thread 106 is finished, elapsed time = 12μs 
Thread 107 is finished, elapsed time = 14μs 
Thread 108 is finished, elapsed time = 15μs 
Thread 109 is finished, elapsed time = 90μs 
Thread 110 is finished, elapsed time = 24μs 
Thread 111 is finished, elapsed time = 14μs 
Thread 112 is finished, elapsed time = 17μs 
Thread 113 is finished, elapsed time = 14μs 
Thread 114 is finished, elapsed time = 13μs 
Thread 115 is finished, elapsed time = 13μs 
Thread 117 is finished, elapsed time = 13μs 
Thread 116 is finished, elapsed time = 179μs 
Thread 118 is finished, elapsed time = 15μs 
Thread 119 is finished, elapsed time = 17μs 
Thread 120 is finished, elapsed time = 17μs 
Thread 121 is finished, elapsed time = 17μs 
Thread 122 is finished, elapsed time = 16μs 
Thread 123 is finished, elapsed time = 14μs 
Thread 124 is finished, elapsed time = 13μs 
Thread 125 is finished, elapsed time = 17μs 
Thread 126 is finished, elapsed time = 13μs 
Thread 127 is finished, elapsed time = 14μs 
Thread 128 is finished, elapsed time = 13μs 
Thread 129 is finished, elapsed time = 16μs 
Thread 130 is finished, elapsed time = 12μs 
Thread 131 is finished, elapsed time = 10μs 
Thread 132 is finished, elapsed time = 10μs 
Thread 133 is finished, elapsed time = 15μs 
Thread 134 is finished, elapsed time = 13μs 
Thread 135 is finished, elapsed time = 11μs 
Thread 136 is finished, elapsed time = 11μs 
Thread 137 is finished, elapsed time = 15μs 
Thread 138 is finished, elapsed time = 8699ns 
Thread 139 is finished, elapsed time = 10μs 
Thread 140 is finished, elapsed time = 9740ns 
Thread 141 is finished, elapsed time = 12μs 
Thread 142 is finished, elapsed time = 11μs 
Thread 143 is finished, elapsed time = 11μs 
Thread 144 is finished, elapsed time = 11μs 
Thread 145 is finished, elapsed time = 31μs 
Thread 146 is finished, elapsed time = 10μs 
Thread 147 is finished, elapsed time = 1877ns 
Thread 148 is finished, elapsed time = 2006ns 
Thread 149 is finished, elapsed time = 4690ns 
Thread 150 is finished, elapsed time = 2061ns 
Thread 151 is finished, elapsed time = 1788ns 
Thread 152 is finished, elapsed time = 1920ns 
Thread 153 is finished, elapsed time = 5002ns 
Thread 154 is finished, elapsed time = 2014ns 
Thread 155 is finished, elapsed time = 1935ns 
Thread 156 is finished, elapsed time = 2053ns 
Thread 157 is finished, elapsed time = 4724ns 
Thread 158 is finished, elapsed time = 1912ns 
Thread 159 is finished, elapsed time = 1867ns 
Thread 160 is finished, elapsed time = 2025ns 
Thread 161 is finished, elapsed time = 4576ns 
Thread 162 is finished, elapsed time = 1902ns 
Thread 163 is finished, elapsed time = 1736ns 
Thread 164 is finished, elapsed time = 2125ns 
Thread 165 is finished, elapsed time = 4447ns 
Thread 166 is finished, elapsed time = 2089ns 
Thread 167 is finished, elapsed time = 1774ns 
Thread 168 is finished, elapsed time = 1988ns 
Thread 169 is finished, elapsed time = 4802ns 
Thread 170 is finished, elapsed time = 2041ns 
Thread 171 is finished, elapsed time = 1795ns 
Thread 172 is finished, elapsed time = 1994ns 
Thread 173 is finished, elapsed time = 5116ns 
Thread 174 is finished, elapsed time = 1793ns 
Thread 175 is finished, elapsed time = 1908ns 
Thread 176 is finished, elapsed time = 1934ns 
Thread 177 is finished, elapsed time = 4880ns 
Thread 178 is finished, elapsed time = 2021ns 
Thread 179 is finished, elapsed time = 2141ns 
Thread 180 is finished, elapsed time = 1998ns 
Thread 181 is finished, elapsed time = 4592ns 
Thread 182 is finished, elapsed time = 1916ns 
Thread 183 is finished, elapsed time = 1897ns 
Thread 184 is finished, elapsed time = 2039ns 
Thread 185 is finished, elapsed time = 6054ns 
Thread 186 is finished, elapsed time = 1928ns 
Thread 187 is finished, elapsed time = 2100ns 
Thread 188 is finished, elapsed time = 1961ns 
Thread 189 is finished, elapsed time = 4268ns 
There are 125875 even rank idempotents, elapsed time = 34ms 
Counting odd rank Motzkin idempotents . . .
Number of weight 1 Motzkin words is 512
Processing Motzkin words, elapsed time = 389μs 
Motzkin words use ~ 9.38281 KB
Using 190 / 192 threads
Thread 0 is finished, elapsed time = 19μs 
Thread 1 is finished, elapsed time = 13μs 
Thread 2 is finished, elapsed time = 13μs 
Thread 3 is finished, elapsed time = 17μs 
Thread 4 is finished, elapsed time = 16μs 
Thread 5 is finished, elapsed time = 16μs 
Thread 6 is finished, elapsed time = 17μs 
Thread 7 is finished, elapsed time = 19μs 
Thread 8 is finished, elapsed time = 16μs 
Thread 9 is finished, elapsed time = 18μs 
Thread 10 is finished, elapsed time = 17μs 
Thread 11 is finished, elapsed time = 21μs 
Thread 12 is finished, elapsed time = 18μs 
Thread 13 is finished, elapsed time = 19μs 
Thread 14 is finished, elapsed time = 18μs 
Thread 15 is finished, elapsed time = 18μs 
Thread 16 is finished, elapsed time = 18μs 
Thread 17 is finished, elapsed time = 17μs 
Thread 18 is finished, elapsed time = 18μs 
Thread 19 is finished, elapsed time = 20μs 
Thread 20 is finished, elapsed time = 20μs 
Thread 21 is finished, elapsed time = 21μs 
Thread 22 is finished, elapsed time = 17μs 
Thread 23 is finished, elapsed time = 21μs 
Thread 24 is finished, elapsed time = 18μs 
Thread 25 is finished, elapsed time = 19μs 
Thread 26 is finished, elapsed time = 20μs 
Thread 27 is finished, elapsed time = 20μs 
Thread 28 is finished, elapsed time = 32μs 
Thread 29 is finished, elapsed time = 21μs 
Thread 30 is finished, elapsed time = 18μs 
Thread 31 is finished, elapsed time = 22μs 
Thread 32 is finished, elapsed time = 12μs 
Thread 33 is finished, elapsed time = 12μs 
Thread 34 is finished, elapsed time = 12μs 
Thread 35 is finished, elapsed time = 14μs 
Thread 36 is finished, elapsed time = 11μs 
Thread 37 is finished, elapsed time = 11μs 
Thread 38 is finished, elapsed time = 11μs 
Thread 39 is finished, elapsed time = 13μs 
Thread 40 is finished, elapsed time = 11μs 
Thread 41 is finished, elapsed time = 10μs 
Thread 42 is finished, elapsed time = 11μs 
Thread 43 is finished, elapsed time = 14μs 
Thread 44 is finished, elapsed time = 12μs 
Thread 45 is finished, elapsed time = 11μs 
Thread 46 is finished, elapsed time = 11μs 
Thread 47 is finished, elapsed time = 13μs 
Thread 48 is finished, elapsed time = 11μs 
Thread 49 is finished, elapsed time = 10μs 
Thread 50 is finished, elapsed time = 13μs 
Thread 51 is finished, elapsed time = 15μs 
Thread 52 is finished, elapsed time = 12μs 
Thread 53 is finished, elapsed time = 11μs 
Thread 54 is finished, elapsed time = 11μs 
Thread 55 is finished, elapsed time = 15μs 
Thread 56 is finished, elapsed time = 13μs 
Thread 58 is finished, elapsed time = 12μs 
Thread 59 is finished, elapsed time = 9621ns 
Thread 57 is finished, elapsed time = 14μs 
Thread 60 is finished, elapsed time = 16μs 
Thread 61 is finished, elapsed time = 17μs 
Thread 62 is finished, elapsed time = 18μs 
Thread 63 is finished, elapsed time = 21μs 
Thread 64 is finished, elapsed time = 20μs 
Thread 65 is finished, elapsed time = 17μs 
Thread 66 is finished, elapsed time = 18μs 
Thread 67 is finished, elapsed time = 21μs 
Thread 68 is finished, elapsed time = 17μs 
Thread 69 is finished, elapsed time = 18μs 
Thread 70 is finished, elapsed time = 16μs 
Thread 71 is finished, elapsed time = 20μs 
Thread 72 is finished, elapsed time = 19μs 
Thread 73 is finished, elapsed time = 17μs 
Thread 74 is finished, elapsed time = 18μs 
Thread 75 is finished, elapsed time = 20μs 
Thread 76 is finished, elapsed time = 18μs 
Thread 77 is finished, elapsed time = 17μs 
Thread 78 is finished, elapsed time = 16μs 
Thread 79 is finished, elapsed time = 20μs 
Thread 80 is finished, elapsed time = 18μs 
Thread 81 is finished, elapsed time = 18μs 
Thread 82 is finished, elapsed time = 17μs 
Thread 83 is finished, elapsed time = 20μs 
Thread 84 is finished, elapsed time = 25μs 
Thread 85 is finished, elapsed time = 25μs 
Thread 86 is finished, elapsed time = 24μs 
Thread 88 is finished, elapsed time = 21μs 
Thread 89 is finished, elapsed time = 12μs 
Thread 87 is finished, elapsed time = 19μs 
Thread 90 is finished, elapsed time = 20μs 
Thread 91 is finished, elapsed time = 20μs 
Thread 92 is finished, elapsed time = 18μs 
Thread 93 is finished, elapsed time = 19μs 
Thread 94 is finished, elapsed time = 19μs 
Thread 95 is finished, elapsed time = 20μs 
Thread 96 is finished, elapsed time = 19μs 
Thread 97 is finished, elapsed time = 19μs 
Thread 98 is finished, elapsed time = 19μs 
Thread 99 is finished, elapsed time = 20μs 
Thread 100 is finished, elapsed time = 17μs 
Thread 101 is finished, elapsed time = 18μs 
Thread 102 is finished, elapsed time = 18μs 
Thread 103 is finished, elapsed time = 21μs 
Thread 104 is finished, elapsed time = 18μs 
Thread 105 is finished, elapsed time = 18μs 
Thread 106 is finished, elapsed time = 18μs 
Thread 107 is finished, elapsed time = 20μs 
Thread 108 is finished, elapsed time = 19μs 
Thread 109 is finished, elapsed time = 18μs 
Thread 110 is finished, elapsed time = 19μs 
Thread 111 is finished, elapsed time = 23μs 
Thread 112 is finished, elapsed time = 17μs 
Thread 113 is finished, elapsed time = 18μs 
Thread 114 is finished, elapsed time = 18μs 
Thread 115 is finished, elapsed time = 20μs 
Thread 116 is finished, elapsed time = 20μs 
Thread 117 is finished, elapsed time = 22μs 
Thread 118 is finished, elapsed time = 19μs 
Thread 119 is finished, elapsed time = 20μs 
Thread 120 is finished, elapsed time = 18μs 
Thread 121 is finished, elapsed time = 19μs 
Thread 122 is finished, elapsed time = 23μs 
Thread 123 is finished, elapsed time = 21μs 
Thread 124 is finished, elapsed time = 13μs 
Thread 125 is finished, elapsed time = 12μs 
Thread 126 is finished, elapsed time = 13μs 
Thread 127 is finished, elapsed time = 15μs 
Thread 128 is finished, elapsed time = 12μs 
Thread 129 is finished, elapsed time = 11μs 
Thread 130 is finished, elapsed time = 11μs 
Thread 131 is finished, elapsed time = 13μs 
Thread 132 is finished, elapsed time = 13μs 
Thread 133 is finished, elapsed time = 13μs 
Thread 134 is finished, elapsed time = 13μs 
Thread 135 is finished, elapsed time = 13μs 
Thread 136 is finished, elapsed time = 15μs 
Thread 137 is finished, elapsed time = 14μs 
Thread 138 is finished, elapsed time = 13μs 
Thread 139 is finished, elapsed time = 15μs 
Thread 140 is finished, elapsed time = 13μs 
Thread 141 is finished, elapsed time = 11μs 
Thread 142 is finished, elapsed time = 11μs 
Thread 143 is finished, elapsed time = 14μs 
Thread 144 is finished, elapsed time = 14μs 
Thread 145 is finished, elapsed time = 14μs 
Thread 146 is finished, elapsed time = 13μs 
Thread 147 is finished, elapsed time = 25μs 
Thread 148 is finished, elapsed time = 26μs 
Thread 149 is finished, elapsed time = 24μs 
Thread 150 is finished, elapsed time = 22μs 
Thread 151 is finished, elapsed time = 22μs 
Thread 152 is finished, elapsed time = 20μs 
Thread 153 is finished, elapsed time = 19μs 
Thread 154 is finished, elapsed time = 15μs 
Thread 155 is finished, elapsed time = 17μs 
Thread 156 is finished, elapsed time = 3697ns 
Thread 157 is finished, elapsed time = 1873ns 
Thread 158 is finished, elapsed time = 1767ns 
Thread 159 is finished, elapsed time = 5599ns 
Thread 160 is finished, elapsed time = 2058ns 
Thread 161 is finished, elapsed time = 1917ns 
Thread 162 is finished, elapsed time = 2279ns 
Thread 163 is finished, elapsed time = 5904ns 
Thread 164 is finished, elapsed time = 2325ns 
Thread 165 is finished, elapsed time = 1968ns 
Thread 166 is finished, elapsed time = 1880ns 
Thread 167 is finished, elapsed time = 5095ns 
Thread 168 is finished, elapsed time = 1914ns 
Thread 169 is finished, elapsed time = 2061ns 
Thread 170 is finished, elapsed time = 1970ns 
Thread 171 is finished, elapsed time = 4194ns 
Thread 172 is finished, elapsed time = 2041ns 
Thread 173 is finished, elapsed time = 1713ns 
Thread 174 is finished, elapsed time = 1709ns 
Thread 175 is finished, elapsed time = 3871ns 
Thread 176 is finished, elapsed time = 1869ns 
Thread 177 is finished, elapsed time = 1935ns 
Thread 178 is finished, elapsed time = 1912ns 
Thread 179 is finished, elapsed time = 5191ns 
Thread 180 is finished, elapsed time = 1946ns 
Thread 181 is finished, elapsed time = 1961ns 
Thread 182 is finished, elapsed time = 1729ns 
Thread 183 is finished, elapsed time = 3877ns 
Thread 184 is finished, elapsed time = 1813ns 
Thread 185 is finished, elapsed time = 1895ns 
Thread 186 is finished, elapsed time = 1865ns 
Thread 187 is finished, elapsed time = 3731ns 
Thread 188 is finished, elapsed time = 2035ns 
Thread 189 is finished, elapsed time = 1576ns 
There are 62820 odd rank idempotents, elapsed time = 27ms 
Total elapsed time = 62ms 
188695
