Counting even rank Motzkin idempotents . . .
Number of weight 0 Motzkin words is 5798
Processing Motzkin words, elapsed time = 3520μs 
Motzkin words use ~ 135.104 KB
Using 190 / 192 threads
Thread 2 is finished, elapsed time = 1096μs 
Thread 0 is finished, elapsed time = 1406μs 
Thread 1 is finished, elapsed time = 1672μs 
Thread 3 is finished, elapsed time = 1165μs 
Thread 17 is finished, elapsed time = 1748μs 
Thread 18 is finished, elapsed time = 1802μs 
Thread 19 is finished, elapsed time = 1932μs 
Thread 24 is finished, elapsed time = 1269μs 
Thread 25 is finished, elapsed time = 1501μs 
Thread 20 is finished, elapsed time = 2512μs 
Thread 21 is finished, elapsed time = 2403μs 
Thread 23 is finished, elapsed time = 2102μs 
Thread 22 is finished, elapsed time = 2422μs 
Thread 4 is finished, elapsed time = 2496μs 
Thread 26 is finished, elapsed time = 1416μs 
Thread 27 is finished, elapsed time = 1519μs 
Thread 29 is finished, elapsed time = 1986μs 
Thread 28 is finished, elapsed time = 2368μs 
Thread 31 is finished, elapsed time = 2078μs 
Thread 32 is finished, elapsed time = 2056μs 
Thread 36 is finished, elapsed time = 1803μs 
Thread 34 is finished, elapsed time = 2225μs 
Thread 35 is finished, elapsed time = 2119μs 
Thread 37 is finished, elapsed time = 1984μs 
Thread 39 is finished, elapsed time = 2162μs 
Thread 38 is finished, elapsed time = 2630μs 
Thread 40 is finished, elapsed time = 2442μs 
Thread 42 is finished, elapsed time = 2484μs 
Thread 43 is finished, elapsed time = 2449μs 
Thread 13 is finished, elapsed time = 1722μs 
Thread 30 is finished, elapsed time = 4613μs 
Thread 41 is finished, elapsed time = 2697μs 
Thread 10 is finished, elapsed time = 2094μs 
Thread 11 is finished, elapsed time = 2166μs 
Thread 15 is finished, elapsed time = 2501μs 
Thread 46 is finished, elapsed time = 2490μs 
Thread 33 is finished, elapsed time = 5019μs 
Thread 47 is finished, elapsed time = 2526μs 
Thread 6 is finished, elapsed time = 1994μs 
Thread 7 is finished, elapsed time = 2173μs 
Thread 49 is finished, elapsed time = 2463μs 
Thread 14 is finished, elapsed time = 1721μs 
Thread 50 is finished, elapsed time = 2007μs 
Thread 48 is finished, elapsed time = 2674μs 
Thread 12 is finished, elapsed time = 2111μs 
Thread 51 is finished, elapsed time = 3445μs 
Thread 9 is finished, elapsed time = 4196μs 
Thread 8 is finished, elapsed time = 4085μs 
Thread 44 is finished, elapsed time = 2332μs 
Thread 16 is finished, elapsed time = 2417μs 
Thread 5 is finished, elapsed time = 8030μs 
Thread 45 is finished, elapsed time = 1822μs 
Thread 52 is finished, elapsed time = 2977μs 
Thread 53 is finished, elapsed time = 2888μs 
Thread 55 is finished, elapsed time = 2942μs 
Thread 56 is finished, elapsed time = 2869μs 
Thread 54 is finished, elapsed time = 3304μs 
Thread 57 is finished, elapsed time = 3187μs 
Thread 60 is finished, elapsed time = 2838μs 
Thread 58 is finished, elapsed time = 3179μs 
Thread 59 is finished, elapsed time = 3154μs 
Thread 63 is finished, elapsed time = 2805μs 
Thread 71 is finished, elapsed time = 1502μs 
Thread 68 is finished, elapsed time = 2062μs 
Thread 61 is finished, elapsed time = 3239μs 
Thread 65 is finished, elapsed time = 2729μs 
Thread 67 is finished, elapsed time = 2441μs 
Thread 64 is finished, elapsed time = 3090μs 
Thread 62 is finished, elapsed time = 3971μs 
Thread 70 is finished, elapsed time = 2533μs 
Thread 72 is finished, elapsed time = 2846μs 
Thread 69 is finished, elapsed time = 2715μs 
Thread 66 is finished, elapsed time = 2854μs 
Thread 75 is finished, elapsed time = 2971μs 
Thread 80 is finished, elapsed time = 2911μs 
Thread 83 is finished, elapsed time = 2653μs 
Thread 81 is finished, elapsed time = 3076μs 
Thread 86 is finished, elapsed time = 2356μs 
Thread 77 is finished, elapsed time = 2563μs 
Thread 82 is finished, elapsed time = 3042μs 
Thread 85 is finished, elapsed time = 2871μs 
Thread 89 is finished, elapsed time = 2310μs 
Thread 84 is finished, elapsed time = 3163μs 
Thread 91 is finished, elapsed time = 2308μs 
Thread 87 is finished, elapsed time = 3199μs 
Thread 92 is finished, elapsed time = 2544μs 
Thread 74 is finished, elapsed time = 2485μs 
Thread 76 is finished, elapsed time = 2555μs 
Thread 79 is finished, elapsed time = 5285μs 
Thread 78 is finished, elapsed time = 5336μs 
Thread 73 is finished, elapsed time = 4981μs 
Thread 94 is finished, elapsed time = 2329μs 
Thread 95 is finished, elapsed time = 2292μs 
Thread 96 is finished, elapsed time = 2381μs 
Thread 98 is finished, elapsed time = 2421μs 
Thread 99 is finished, elapsed time = 2579μs 
Thread 100 is finished, elapsed time = 2660μs 
Thread 88 is finished, elapsed time = 4737μs 
Thread 101 is finished, elapsed time = 2662μs 
Thread 102 is finished, elapsed time = 2968μs 
Thread 111 is finished, elapsed time = 1763μs 
Thread 105 is finished, elapsed time = 2792μs 
Thread 104 is finished, elapsed time = 2961μs 
Thread 103 is finished, elapsed time = 3155μs 
Thread 109 is finished, elapsed time = 2428μs 
Thread 106 is finished, elapsed time = 3051μs 
Thread 110 is finished, elapsed time = 2498μs 
Thread 113 is finished, elapsed time = 2455μs 
Thread 114 is finished, elapsed time = 2272μs 
Thread 107 is finished, elapsed time = 3277μs 
Thread 116 is finished, elapsed time = 2504μs 
Thread 119 is finished, elapsed time = 2500μs 
Thread 122 is finished, elapsed time = 2196μs 
Thread 126 is finished, elapsed time = 2327μs 
Thread 90 is finished, elapsed time = 7870μs 
Thread 112 is finished, elapsed time = 2028μs 
Thread 129 is finished, elapsed time = 2370μs 
Thread 93 is finished, elapsed time = 7650μs 
Thread 132 is finished, elapsed time = 1996μs 
Thread 128 is finished, elapsed time = 2659μs 
Thread 127 is finished, elapsed time = 2810μs 
Thread 131 is finished, elapsed time = 2334μs 
Thread 97 is finished, elapsed time = 7569μs 
Thread 133 is finished, elapsed time = 2307μs 
Thread 130 is finished, elapsed time = 2820μs 
Thread 120 is finished, elapsed time = 4238μs 
Thread 135 is finished, elapsed time = 2099μs 
Thread 136 is finished, elapsed time = 2597μs 
Thread 115 is finished, elapsed time = 4325μs 
Thread 134 is finished, elapsed time = 2594μs 
Thread 121 is finished, elapsed time = 6698μs 
Thread 124 is finished, elapsed time = 6415μs 
Thread 125 is finished, elapsed time = 6449μs 
Thread 123 is finished, elapsed time = 6695μs 
Thread 108 is finished, elapsed time = 5341μs 
Thread 117 is finished, elapsed time = 8133μs 
Thread 137 is finished, elapsed time = 5532μs 
Thread 118 is finished, elapsed time = 8247μs 
Thread 138 is finished, elapsed time = 2419μs 
Thread 142 is finished, elapsed time = 2644μs 
Thread 139 is finished, elapsed time = 3348μs 
Thread 140 is finished, elapsed time = 3336μs 
Thread 141 is finished, elapsed time = 3414μs 
Thread 144 is finished, elapsed time = 3211μs 
Thread 145 is finished, elapsed time = 3137μs 
Thread 143 is finished, elapsed time = 3472μs 
Thread 147 is finished, elapsed time = 3284μs 
Thread 148 is finished, elapsed time = 3318μs 
Thread 150 is finished, elapsed time = 2895μs 
Thread 154 is finished, elapsed time = 3134μs 
Thread 151 is finished, elapsed time = 3708μs 
Thread 152 is finished, elapsed time = 3598μs 
Thread 153 is finished, elapsed time = 3517μs 
Thread 157 is finished, elapsed time = 2981μs 
Thread 156 is finished, elapsed time = 3195μs 
Thread 160 is finished, elapsed time = 2681μs 
Thread 146 is finished, elapsed time = 7143μs 
Thread 149 is finished, elapsed time = 5106μs 
Thread 159 is finished, elapsed time = 3494μs 
Thread 155 is finished, elapsed time = 4296μs 
Thread 165 is finished, elapsed time = 2593μs 
Thread 161 is finished, elapsed time = 3509μs 
Thread 166 is finished, elapsed time = 2746μs 
Thread 162 is finished, elapsed time = 3587μs 
Thread 167 is finished, elapsed time = 1886μs 
Thread 158 is finished, elapsed time = 4714μs 
Thread 163 is finished, elapsed time = 3125μs 
Thread 168 is finished, elapsed time = 2777μs 
Thread 164 is finished, elapsed time = 6265μs 
Thread 171 is finished, elapsed time = 2735μs 
Thread 170 is finished, elapsed time = 3090μs 
Thread 174 is finished, elapsed time = 1949μs 
Thread 172 is finished, elapsed time = 3157μs 
Thread 169 is finished, elapsed time = 4307μs 
Thread 173 is finished, elapsed time = 2933μs 
Thread 175 is finished, elapsed time = 2948μs 
Thread 177 is finished, elapsed time = 2526μs 
Thread 179 is finished, elapsed time = 2725μs 
Thread 176 is finished, elapsed time = 3565μs 
Thread 181 is finished, elapsed time = 2317μs 
Thread 180 is finished, elapsed time = 2747μs 
Thread 182 is finished, elapsed time = 2692μs 
Thread 183 is finished, elapsed time = 2883μs 
Thread 178 is finished, elapsed time = 5931μs 
Thread 184 is finished, elapsed time = 3510μs 
Thread 189 is finished, elapsed time = 1632ns 
Thread 188 is finished, elapsed time = 2672ns 
Thread 187 is finished, elapsed time = 1494ns 
Thread 186 is finished, elapsed time = 1152ns 
Thread 185 is finished, elapsed time = 2450μs 
There are 39734739 even rank idempotents, elapsed time = 61ms 
Counting odd rank Motzkin idempotents . . .
Number of weight 1 Motzkin words is 9713
Processing Motzkin words, elapsed time = 7223μs 
Motzkin words use ~ 236.865 KB
Using 190 / 192 threads
Thread 0 is finished, elapsed time = 2860μs 
Thread 8 is finished, elapsed time = 2493μs 
Thread 2 is finished, elapsed time = 3548μs 
Thread 6 is finished, elapsed time = 3213μs 
Thread 4 is finished, elapsed time = 3567μs 
Thread 10 is finished, elapsed time = 2742μs 
Thread 1 is finished, elapsed time = 4186μs 
Thread 3 is finished, elapsed time = 4139μs 
Thread 12 is finished, elapsed time = 3768μs 
Thread 13 is finished, elapsed time = 4392μs 
Thread 21 is finished, elapsed time = 3511μs 
Thread 11 is finished, elapsed time = 5376μs 
Thread 18 is finished, elapsed time = 3841μs 
Thread 19 is finished, elapsed time = 4349μs 
Thread 7 is finished, elapsed time = 2524μs 
Thread 15 is finished, elapsed time = 5255μs 
Thread 16 is finished, elapsed time = 5243μs 
Thread 32 is finished, elapsed time = 3808μs 
Thread 17 is finished, elapsed time = 5608μs 
Thread 20 is finished, elapsed time = 3863μs 
Thread 33 is finished, elapsed time = 3912μs 
Thread 29 is finished, elapsed time = 4450μs 
Thread 24 is finished, elapsed time = 4972μs 
Thread 25 is finished, elapsed time = 5091μs 
Thread 26 is finished, elapsed time = 5577μs 
Thread 14 is finished, elapsed time = 7167μs 
Thread 5 is finished, elapsed time = 8443μs 
Thread 28 is finished, elapsed time = 5609μs 
Thread 34 is finished, elapsed time = 3048μs 
Thread 27 is finished, elapsed time = 5920μs 
Thread 23 is finished, elapsed time = 4066μs 
Thread 35 is finished, elapsed time = 3617μs 
Thread 37 is finished, elapsed time = 2600μs 
Thread 22 is finished, elapsed time = 4680μs 
Thread 39 is finished, elapsed time = 2368μs 
Thread 36 is finished, elapsed time = 3887μs 
Thread 40 is finished, elapsed time = 2842μs 
Thread 38 is finished, elapsed time = 3720μs 
Thread 41 is finished, elapsed time = 3847μs 
Thread 42 is finished, elapsed time = 4029μs 
Thread 9 is finished, elapsed time = 13ms 
Thread 44 is finished, elapsed time = 4490μs 
Thread 53 is finished, elapsed time = 3752μs 
Thread 47 is finished, elapsed time = 5068μs 
Thread 49 is finished, elapsed time = 4968μs 
Thread 50 is finished, elapsed time = 4886μs 
Thread 51 is finished, elapsed time = 4771μs 
Thread 48 is finished, elapsed time = 6020μs 
Thread 62 is finished, elapsed time = 3208μs 
Thread 54 is finished, elapsed time = 5503μs 
Thread 65 is finished, elapsed time = 3569μs 
Thread 63 is finished, elapsed time = 4025μs 
Thread 73 is finished, elapsed time = 2764μs 
Thread 30 is finished, elapsed time = 10ms 
Thread 67 is finished, elapsed time = 3664μs 
Thread 68 is finished, elapsed time = 3702μs 
Thread 55 is finished, elapsed time = 5992μs 
Thread 31 is finished, elapsed time = 11ms 
Thread 78 is finished, elapsed time = 2809μs 
Thread 45 is finished, elapsed time = 3949μs 
Thread 59 is finished, elapsed time = 5561μs 
Thread 71 is finished, elapsed time = 3693μs 
Thread 43 is finished, elapsed time = 9103μs 
Thread 56 is finished, elapsed time = 6509μs 
Thread 66 is finished, elapsed time = 4844μs 
Thread 75 is finished, elapsed time = 3910μs 
Thread 58 is finished, elapsed time = 6480μs 
Thread 77 is finished, elapsed time = 3815μs 
Thread 79 is finished, elapsed time = 3685μs 
Thread 74 is finished, elapsed time = 4189μs 
Thread 72 is finished, elapsed time = 4426μs 
Thread 76 is finished, elapsed time = 4453μs 
Thread 64 is finished, elapsed time = 2638μs 
Thread 46 is finished, elapsed time = 9817μs 
Thread 83 is finished, elapsed time = 3787μs 
Thread 85 is finished, elapsed time = 3654μs 
Thread 61 is finished, elapsed time = 4495μs 
Thread 69 is finished, elapsed time = 2461μs 
Thread 70 is finished, elapsed time = 2480μs 
Thread 84 is finished, elapsed time = 4287μs 
Thread 57 is finished, elapsed time = 8757μs 
Thread 52 is finished, elapsed time = 9927μs 
Thread 60 is finished, elapsed time = 5809μs 
Thread 86 is finished, elapsed time = 4917μs 
Thread 89 is finished, elapsed time = 4066μs 
Thread 82 is finished, elapsed time = 5153μs 
Thread 80 is finished, elapsed time = 7322μs 
Thread 81 is finished, elapsed time = 5558μs 
Thread 87 is finished, elapsed time = 3110μs 
Thread 88 is finished, elapsed time = 5460μs 
Thread 90 is finished, elapsed time = 5548μs 
Thread 91 is finished, elapsed time = 5936μs 
Thread 114 is finished, elapsed time = 2354μs 
Thread 92 is finished, elapsed time = 6266μs 
Thread 97 is finished, elapsed time = 5423μs 
Thread 99 is finished, elapsed time = 4974μs 
Thread 93 is finished, elapsed time = 6300μs 
Thread 95 is finished, elapsed time = 6434μs 
Thread 100 is finished, elapsed time = 5488μs 
Thread 96 is finished, elapsed time = 6645μs 
Thread 94 is finished, elapsed time = 7165μs 
Thread 101 is finished, elapsed time = 5840μs 
Thread 98 is finished, elapsed time = 4879μs 
Thread 142 is finished, elapsed time = 3150μs 
Thread 153 is finished, elapsed time = 3019μs 
Thread 122 is finished, elapsed time = 3685μs 
Thread 154 is finished, elapsed time = 3362μs 
Thread 143 is finished, elapsed time = 4551μs 
Thread 188 is finished, elapsed time = 2557ns 
Thread 102 is finished, elapsed time = 9406μs 
Thread 189 is finished, elapsed time = 2236ns 
Thread 103 is finished, elapsed time = 6751μs 
Thread 176 is finished, elapsed time = 4727μs 
Thread 184 is finished, elapsed time = 4094μs 
Thread 157 is finished, elapsed time = 4118μs 
Thread 185 is finished, elapsed time = 4584μs 
Thread 115 is finished, elapsed time = 4405μs 
Thread 120 is finished, elapsed time = 4603μs 
Thread 180 is finished, elapsed time = 5835μs 
Thread 181 is finished, elapsed time = 5729μs 
Thread 186 is finished, elapsed time = 4986μs 
Thread 183 is finished, elapsed time = 5737μs 
Thread 163 is finished, elapsed time = 6082μs 
Thread 127 is finished, elapsed time = 4529μs 
Thread 170 is finished, elapsed time = 3619μs 
Thread 129 is finished, elapsed time = 5367μs 
Thread 130 is finished, elapsed time = 5538μs 
Thread 105 is finished, elapsed time = 3334μs 
Thread 104 is finished, elapsed time = 5706μs 
Thread 110 is finished, elapsed time = 7179μs 
Thread 126 is finished, elapsed time = 6232μs 
Thread 136 is finished, elapsed time = 4182μs 
Thread 187 is finished, elapsed time = 9185μs 
Thread 106 is finished, elapsed time = 7075μs 
Thread 139 is finished, elapsed time = 4991μs 
Thread 179 is finished, elapsed time = 7305μs 
Thread 135 is finished, elapsed time = 4542μs 
Thread 140 is finished, elapsed time = 5017μs 
Thread 146 is finished, elapsed time = 6061μs 
Thread 137 is finished, elapsed time = 5320μs 
Thread 128 is finished, elapsed time = 4050μs 
Thread 158 is finished, elapsed time = 5869μs 
Thread 138 is finished, elapsed time = 5607μs 
Thread 141 is finished, elapsed time = 6238μs 
Thread 171 is finished, elapsed time = 11ms 
Thread 144 is finished, elapsed time = 6537μs 
Thread 116 is finished, elapsed time = 6259μs 
Thread 121 is finished, elapsed time = 6314μs 
Thread 172 is finished, elapsed time = 8697μs 
Thread 161 is finished, elapsed time = 8819μs 
Thread 132 is finished, elapsed time = 4277μs 
Thread 173 is finished, elapsed time = 5375μs 
Thread 123 is finished, elapsed time = 5383μs 
Thread 124 is finished, elapsed time = 5632μs 
Thread 125 is finished, elapsed time = 5662μs 
Thread 148 is finished, elapsed time = 5314μs 
Thread 119 is finished, elapsed time = 6175μs 
Thread 118 is finished, elapsed time = 6128μs 
Thread 182 is finished, elapsed time = 13ms 
Thread 152 is finished, elapsed time = 6383μs 
Thread 117 is finished, elapsed time = 6404μs 
Thread 147 is finished, elapsed time = 6363μs 
Thread 175 is finished, elapsed time = 7176μs 
Thread 160 is finished, elapsed time = 4133μs 
Thread 167 is finished, elapsed time = 7548μs 
Thread 150 is finished, elapsed time = 7496μs 
Thread 174 is finished, elapsed time = 4199μs 
Thread 169 is finished, elapsed time = 8120μs 
Thread 108 is finished, elapsed time = 7720μs 
Thread 168 is finished, elapsed time = 8200μs 
Thread 155 is finished, elapsed time = 8025μs 
Thread 151 is finished, elapsed time = 7814μs 
Thread 177 is finished, elapsed time = 7925μs 
Thread 178 is finished, elapsed time = 7979μs 
Thread 156 is finished, elapsed time = 8166μs 
Thread 107 is finished, elapsed time = 7938μs 
Thread 164 is finished, elapsed time = 8819μs 
Thread 149 is finished, elapsed time = 2637μs 
Thread 166 is finished, elapsed time = 8358μs 
Thread 159 is finished, elapsed time = 7694μs 
Thread 133 is finished, elapsed time = 8294μs 
Thread 109 is finished, elapsed time = 8739μs 
Thread 134 is finished, elapsed time = 4662μs 
Thread 131 is finished, elapsed time = 8734μs 
Thread 145 is finished, elapsed time = 4870μs 
Thread 111 is finished, elapsed time = 8901μs 
Thread 112 is finished, elapsed time = 9492μs 
Thread 165 is finished, elapsed time = 5366μs 
Thread 162 is finished, elapsed time = 8624μs 
Thread 113 is finished, elapsed time = 3445μs 
There are 18741742 odd rank idempotents, elapsed time = 58ms 
Total elapsed time = 119ms 
58476481
