Counting even rank Motzkin idempotents . . .
Number of weight 0 Motzkin words is 310572
Processing Motzkin words, elapsed time = 150ms 
Motzkin words use ~ 9.50525 MB
Using 190 / 192 threads
Thread 16 is finished, elapsed time = 42620ms 
Thread 12 is finished, elapsed time = 43506ms 
Thread 25 is finished, elapsed time = 49842ms 
Thread 60 is finished, elapsed time = 58582ms 
Thread 24 is finished, elapsed time = 1m 8s
Thread 160 is finished, elapsed time = 1m 9s
Thread 62 is finished, elapsed time = 1m 9s
Thread 35 is finished, elapsed time = 1m 9s
Thread 80 is finished, elapsed time = 1m 9s
Thread 87 is finished, elapsed time = 1m 10s
Thread 83 is finished, elapsed time = 1m 10s
Thread 86 is finished, elapsed time = 1m 10s
Thread 94 is finished, elapsed time = 1m 10s
Thread 175 is finished, elapsed time = 1m 11s
Thread 22 is finished, elapsed time = 1m 11s
Thread 144 is finished, elapsed time = 1m 11s
Thread 1 is finished, elapsed time = 1m 12s
Thread 109 is finished, elapsed time = 1m 12s
Thread 141 is finished, elapsed time = 1m 12s
Thread 20 is finished, elapsed time = 1m 12s
Thread 46 is finished, elapsed time = 1m 12s
Thread 90 is finished, elapsed time = 1m 13s
Thread 27 is finished, elapsed time = 1m 13s
Thread 30 is finished, elapsed time = 1m 13s
Thread 13 is finished, elapsed time = 1m 13s
Thread 31 is finished, elapsed time = 1m 14s
Thread 168 is finished, elapsed time = 1m 14s
Thread 92 is finished, elapsed time = 1m 14s
Thread 91 is finished, elapsed time = 1m 15s
Thread 40 is finished, elapsed time = 1m 15s
Thread 21 is finished, elapsed time = 1m 16s
Thread 11 is finished, elapsed time = 1m 16s
Thread 4 is finished, elapsed time = 1m 16s
Thread 85 is finished, elapsed time = 1m 16s
Thread 5 is finished, elapsed time = 1m 17s
Thread 2 is finished, elapsed time = 1m 17s
Thread 71 is finished, elapsed time = 1m 17s
Thread 105 is finished, elapsed time = 1m 18s
Thread 23 is finished, elapsed time = 1m 18s
Thread 93 is finished, elapsed time = 1m 18s
Thread 15 is finished, elapsed time = 1m 19s
Thread 84 is finished, elapsed time = 1m 19s
Thread 8 is finished, elapsed time = 1m 19s
Thread 81 is finished, elapsed time = 1m 19s
Thread 6 is finished, elapsed time = 1m 19s
Thread 88 is finished, elapsed time = 1m 19s
Thread 110 is finished, elapsed time = 1m 19s
Thread 100 is finished, elapsed time = 1m 19s
Thread 158 is finished, elapsed time = 1m 20s
Thread 108 is finished, elapsed time = 1m 20s
Thread 14 is finished, elapsed time = 1m 20s
Thread 102 is finished, elapsed time = 1m 20s
Thread 28 is finished, elapsed time = 1m 20s
Thread 157 is finished, elapsed time = 1m 20s
Thread 96 is finished, elapsed time = 1m 20s
Thread 89 is finished, elapsed time = 1m 20s
Thread 116 is finished, elapsed time = 1m 20s
Thread 50 is finished, elapsed time = 1m 21s
Thread 164 is finished, elapsed time = 1m 20s
Thread 165 is finished, elapsed time = 1m 21s
Thread 106 is finished, elapsed time = 1m 21s
Thread 76 is finished, elapsed time = 1m 21s
Thread 54 is finished, elapsed time = 1m 21s
Thread 174 is finished, elapsed time = 1m 21s
Thread 0 is finished, elapsed time = 1m 21s
Thread 3 is finished, elapsed time = 1m 21s
Thread 107 is finished, elapsed time = 1m 21s
Thread 146 is finished, elapsed time = 1m 21s
Thread 163 is finished, elapsed time = 1m 21s
Thread 74 is finished, elapsed time = 1m 21s
Thread 134 is finished, elapsed time = 1m 22s
Thread 55 is finished, elapsed time = 1m 22s
Thread 17 is finished, elapsed time = 1m 22s
Thread 42 is finished, elapsed time = 1m 22s
Thread 151 is finished, elapsed time = 1m 22s
Thread 57 is finished, elapsed time = 1m 22s
Thread 41 is finished, elapsed time = 1m 22s
Thread 7 is finished, elapsed time = 1m 22s
Thread 10 is finished, elapsed time = 1m 22s
Thread 38 is finished, elapsed time = 1m 22s
Thread 33 is finished, elapsed time = 1m 22s
Thread 32 is finished, elapsed time = 1m 22s
Thread 112 is finished, elapsed time = 1m 22s
Thread 140 is finished, elapsed time = 1m 22s
Thread 145 is finished, elapsed time = 1m 22s
Thread 103 is finished, elapsed time = 1m 22s
Thread 135 is finished, elapsed time = 1m 23s
Thread 176 is finished, elapsed time = 1m 22s
Thread 128 is finished, elapsed time = 1m 23s
Thread 52 is finished, elapsed time = 1m 23s
Thread 133 is finished, elapsed time = 1m 23s
Thread 95 is finished, elapsed time = 1m 23s
Thread 53 is finished, elapsed time = 1m 23s
Thread 68 is finished, elapsed time = 1m 23s
Thread 26 is finished, elapsed time = 1m 23s
Thread 136 is finished, elapsed time = 1m 23s
Thread 156 is finished, elapsed time = 1m 23s
Thread 159 is finished, elapsed time = 1m 23s
Thread 123 is finished, elapsed time = 1m 23s
Thread 19 is finished, elapsed time = 1m 23s
Thread 75 is finished, elapsed time = 1m 23s
Thread 78 is finished, elapsed time = 1m 23s
Thread 104 is finished, elapsed time = 1m 23s
Thread 127 is finished, elapsed time = 1m 24s
Thread 122 is finished, elapsed time = 1m 24s
Thread 36 is finished, elapsed time = 1m 24s
Thread 73 is finished, elapsed time = 1m 24s
Thread 39 is finished, elapsed time = 1m 24s
Thread 120 is finished, elapsed time = 1m 24s
Thread 58 is finished, elapsed time = 1m 24s
Thread 137 is finished, elapsed time = 1m 24s
Thread 114 is finished, elapsed time = 1m 24s
Thread 9 is finished, elapsed time = 1m 24s
Thread 162 is finished, elapsed time = 1m 24s
Thread 98 is finished, elapsed time = 1m 24s
Thread 173 is finished, elapsed time = 1m 24s
Thread 29 is finished, elapsed time = 1m 24s
Thread 117 is finished, elapsed time = 1m 24s
Thread 101 is finished, elapsed time = 1m 24s
Thread 56 is finished, elapsed time = 1m 24s
Thread 178 is finished, elapsed time = 1m 24s
Thread 118 is finished, elapsed time = 1m 24s
Thread 69 is finished, elapsed time = 1m 24s
Thread 47 is finished, elapsed time = 1m 24s
Thread 97 is finished, elapsed time = 1m 24s
Thread 125 is finished, elapsed time = 1m 24s
Thread 18 is finished, elapsed time = 1m 24s
Thread 113 is finished, elapsed time = 1m 24s
Thread 138 is finished, elapsed time = 1m 24s
Thread 154 is finished, elapsed time = 1m 24s
Thread 179 is finished, elapsed time = 1m 24s
Thread 45 is finished, elapsed time = 1m 25s
Thread 130 is finished, elapsed time = 1m 25s
Thread 82 is finished, elapsed time = 1m 25s
Thread 48 is finished, elapsed time = 1m 25s
Thread 129 is finished, elapsed time = 1m 25s
Thread 34 is finished, elapsed time = 1m 25s
Thread 161 is finished, elapsed time = 1m 25s
Thread 70 is finished, elapsed time = 1m 25s
Thread 166 is finished, elapsed time = 1m 25s
Thread 67 is finished, elapsed time = 1m 25s
Thread 155 is finished, elapsed time = 1m 25s
Thread 147 is finished, elapsed time = 1m 25s
Thread 132 is finished, elapsed time = 1m 25s
Thread 177 is finished, elapsed time = 1m 25s
Thread 79 is finished, elapsed time = 1m 25s
Thread 59 is finished, elapsed time = 1m 25s
Thread 148 is finished, elapsed time = 1m 25s
Thread 99 is finished, elapsed time = 1m 25s
Thread 170 is finished, elapsed time = 1m 25s
Thread 149 is finished, elapsed time = 1m 25s
Thread 65 is finished, elapsed time = 1m 25s
Thread 139 is finished, elapsed time = 1m 25s
Thread 172 is finished, elapsed time = 1m 25s
Thread 61 is finished, elapsed time = 1m 25s
Thread 126 is finished, elapsed time = 1m 25s
Thread 180 is finished, elapsed time = 1m 25s
Thread 43 is finished, elapsed time = 1m 25s
Thread 142 is finished, elapsed time = 1m 25s
Thread 77 is finished, elapsed time = 1m 26s
Thread 66 is finished, elapsed time = 1m 25s
Thread 72 is finished, elapsed time = 1m 26s
Thread 63 is finished, elapsed time = 1m 26s
Thread 64 is finished, elapsed time = 1m 26s
Thread 51 is finished, elapsed time = 1m 26s
Thread 150 is finished, elapsed time = 1m 26s
Thread 44 is finished, elapsed time = 1m 26s
Thread 49 is finished, elapsed time = 1m 26s
Thread 152 is finished, elapsed time = 1m 26s
Thread 187 is finished, elapsed time = 1m 26s
Thread 37 is finished, elapsed time = 1m 26s
Thread 181 is finished, elapsed time = 1m 26s
Thread 169 is finished, elapsed time = 1m 26s
Thread 186 is finished, elapsed time = 1m 26s
Thread 119 is finished, elapsed time = 1m 26s
Thread 121 is finished, elapsed time = 1m 26s
Thread 143 is finished, elapsed time = 1m 26s
Thread 153 is finished, elapsed time = 1m 26s
Thread 182 is finished, elapsed time = 1m 26s
Thread 167 is finished, elapsed time = 1m 26s
Thread 185 is finished, elapsed time = 1m 26s
Thread 115 is finished, elapsed time = 1m 26s
Thread 188 is finished, elapsed time = 1m 26s
Thread 124 is finished, elapsed time = 1m 26s
Thread 171 is finished, elapsed time = 1m 26s
Thread 111 is finished, elapsed time = 1m 27s
Thread 131 is finished, elapsed time = 1m 27s
Thread 184 is finished, elapsed time = 1m 27s
Thread 189 is finished, elapsed time = 1m 27s
Thread 183 is finished, elapsed time = 1m 27s
There are 111751958951 even rank idempotents, elapsed time = 1m 27s
Counting odd rank Motzkin idempotents . . .
Number of weight 1 Motzkin words is 542895
Processing Motzkin words, elapsed time = 293ms 
Motzkin words use ~ 17.1687 MB
Using 190 / 192 threads
Thread 140 is finished, elapsed time = 1m 20s
Thread 152 is finished, elapsed time = 1m 23s
Thread 153 is finished, elapsed time = 1m 24s
Thread 129 is finished, elapsed time = 1m 28s
Thread 130 is finished, elapsed time = 1m 29s
Thread 139 is finished, elapsed time = 1m 33s
Thread 61 is finished, elapsed time = 1m 38s
Thread 141 is finished, elapsed time = 1m 40s
Thread 114 is finished, elapsed time = 1m 40s
Thread 131 is finished, elapsed time = 1m 40s
Thread 60 is finished, elapsed time = 1m 41s
Thread 121 is finished, elapsed time = 1m 41s
Thread 51 is finished, elapsed time = 1m 41s
Thread 58 is finished, elapsed time = 1m 41s
Thread 78 is finished, elapsed time = 1m 41s
Thread 46 is finished, elapsed time = 1m 42s
Thread 123 is finished, elapsed time = 1m 42s
Thread 47 is finished, elapsed time = 1m 42s
Thread 124 is finished, elapsed time = 1m 43s
Thread 48 is finished, elapsed time = 1m 43s
Thread 62 is finished, elapsed time = 1m 43s
Thread 50 is finished, elapsed time = 1m 43s
Thread 56 is finished, elapsed time = 1m 43s
Thread 151 is finished, elapsed time = 1m 44s
Thread 66 is finished, elapsed time = 1m 44s
Thread 132 is finished, elapsed time = 1m 44s
Thread 7 is finished, elapsed time = 1m 44s
Thread 145 is finished, elapsed time = 1m 44s
Thread 10 is finished, elapsed time = 1m 44s
Thread 101 is finished, elapsed time = 1m 44s
Thread 24 is finished, elapsed time = 1m 44s
Thread 57 is finished, elapsed time = 1m 44s
Thread 122 is finished, elapsed time = 1m 45s
Thread 27 is finished, elapsed time = 1m 45s
Thread 90 is finished, elapsed time = 1m 45s
Thread 45 is finished, elapsed time = 1m 45s
Thread 154 is finished, elapsed time = 1m 45s
Thread 92 is finished, elapsed time = 1m 46s
Thread 59 is finished, elapsed time = 1m 46s
Thread 64 is finished, elapsed time = 1m 46s
Thread 156 is finished, elapsed time = 1m 46s
Thread 8 is finished, elapsed time = 1m 46s
Thread 26 is finished, elapsed time = 1m 46s
Thread 161 is finished, elapsed time = 1m 47s
Thread 187 is finished, elapsed time = 1m 47s
Thread 97 is finished, elapsed time = 1m 47s
Thread 91 is finished, elapsed time = 1m 47s
Thread 155 is finished, elapsed time = 1m 47s
Thread 31 is finished, elapsed time = 1m 47s
Thread 160 is finished, elapsed time = 1m 47s
Thread 99 is finished, elapsed time = 1m 47s
Thread 128 is finished, elapsed time = 1m 47s
Thread 165 is finished, elapsed time = 1m 47s
Thread 28 is finished, elapsed time = 1m 47s
Thread 9 is finished, elapsed time = 1m 48s
Thread 2 is finished, elapsed time = 1m 48s
Thread 100 is finished, elapsed time = 1m 49s
Thread 96 is finished, elapsed time = 1m 49s
Thread 76 is finished, elapsed time = 1m 49s
Thread 63 is finished, elapsed time = 1m 49s
Thread 29 is finished, elapsed time = 1m 49s
Thread 65 is finished, elapsed time = 1m 49s
Thread 147 is finished, elapsed time = 1m 49s
Thread 37 is finished, elapsed time = 1m 49s
Thread 4 is finished, elapsed time = 1m 50s
Thread 38 is finished, elapsed time = 1m 50s
Thread 111 is finished, elapsed time = 1m 50s
Thread 144 is finished, elapsed time = 1m 50s
Thread 25 is finished, elapsed time = 1m 50s
Thread 30 is finished, elapsed time = 1m 50s
Thread 171 is finished, elapsed time = 1m 50s
Thread 40 is finished, elapsed time = 1m 50s
Thread 77 is finished, elapsed time = 1m 50s
Thread 112 is finished, elapsed time = 1m 50s
Thread 16 is finished, elapsed time = 1m 50s
Thread 89 is finished, elapsed time = 1m 50s
Thread 0 is finished, elapsed time = 1m 50s
Thread 3 is finished, elapsed time = 1m 51s
Thread 18 is finished, elapsed time = 1m 52s
Thread 148 is finished, elapsed time = 1m 52s
Thread 102 is finished, elapsed time = 1m 52s
Thread 146 is finished, elapsed time = 1m 52s
Thread 49 is finished, elapsed time = 1m 53s
Thread 39 is finished, elapsed time = 1m 53s
Thread 176 is finished, elapsed time = 1m 53s
Thread 17 is finished, elapsed time = 1m 53s
Thread 98 is finished, elapsed time = 1m 53s
Thread 177 is finished, elapsed time = 1m 53s
Thread 113 is finished, elapsed time = 1m 53s
Thread 44 is finished, elapsed time = 1m 54s
Thread 127 is finished, elapsed time = 1m 54s
Thread 93 is finished, elapsed time = 1m 54s
Thread 135 is finished, elapsed time = 1m 54s
Thread 172 is finished, elapsed time = 1m 54s
Thread 166 is finished, elapsed time = 1m 54s
Thread 110 is finished, elapsed time = 1m 54s
Thread 5 is finished, elapsed time = 1m 55s
Thread 178 is finished, elapsed time = 1m 55s
Thread 180 is finished, elapsed time = 1m 55s
Thread 36 is finished, elapsed time = 1m 55s
Thread 79 is finished, elapsed time = 1m 55s
Thread 136 is finished, elapsed time = 1m 55s
Thread 106 is finished, elapsed time = 1m 55s
Thread 55 is finished, elapsed time = 1m 55s
Thread 169 is finished, elapsed time = 1m 55s
Thread 1 is finished, elapsed time = 1m 55s
Thread 84 is finished, elapsed time = 1m 55s
Thread 32 is finished, elapsed time = 1m 56s
Thread 75 is finished, elapsed time = 1m 56s
Thread 142 is finished, elapsed time = 1m 56s
Thread 43 is finished, elapsed time = 1m 56s
Thread 52 is finished, elapsed time = 1m 56s
Thread 118 is finished, elapsed time = 1m 56s
Thread 15 is finished, elapsed time = 1m 56s
Thread 185 is finished, elapsed time = 1m 56s
Thread 125 is finished, elapsed time = 1m 57s
Thread 117 is finished, elapsed time = 1m 57s
Thread 71 is finished, elapsed time = 1m 57s
Thread 181 is finished, elapsed time = 1m 57s
Thread 41 is finished, elapsed time = 1m 57s
Thread 54 is finished, elapsed time = 1m 57s
Thread 184 is finished, elapsed time = 1m 58s
Thread 88 is finished, elapsed time = 1m 58s
Thread 85 is finished, elapsed time = 1m 58s
Thread 107 is finished, elapsed time = 1m 58s
Thread 70 is finished, elapsed time = 1m 58s
Thread 19 is finished, elapsed time = 1m 58s
Thread 183 is finished, elapsed time = 1m 58s
Thread 186 is finished, elapsed time = 1m 58s
Thread 6 is finished, elapsed time = 1m 58s
Thread 120 is finished, elapsed time = 1m 58s
Thread 20 is finished, elapsed time = 1m 59s
Thread 170 is finished, elapsed time = 1m 59s
Thread 133 is finished, elapsed time = 1m 59s
Thread 174 is finished, elapsed time = 1m 59s
Thread 83 is finished, elapsed time = 1m 59s
Thread 21 is finished, elapsed time = 1m 59s
Thread 53 is finished, elapsed time = 2m 
Thread 80 is finished, elapsed time = 2m 
Thread 115 is finished, elapsed time = 2m 
Thread 179 is finished, elapsed time = 2m 
Thread 95 is finished, elapsed time = 2m 
Thread 163 is finished, elapsed time = 2m 
Thread 175 is finished, elapsed time = 2m 
Thread 14 is finished, elapsed time = 2m 
Thread 82 is finished, elapsed time = 2m 
Thread 23 is finished, elapsed time = 2m 
Thread 158 is finished, elapsed time = 2m 
Thread 22 is finished, elapsed time = 2m 
Thread 94 is finished, elapsed time = 2m 1s
Thread 34 is finished, elapsed time = 2m 1s
Thread 150 is finished, elapsed time = 2m 1s
Thread 67 is finished, elapsed time = 2m 1s
Thread 138 is finished, elapsed time = 2m 1s
Thread 72 is finished, elapsed time = 2m 1s
Thread 143 is finished, elapsed time = 2m 1s
Thread 168 is finished, elapsed time = 2m 1s
Thread 137 is finished, elapsed time = 2m 1s
Thread 86 is finished, elapsed time = 2m 1s
Thread 42 is finished, elapsed time = 2m 1s
Thread 33 is finished, elapsed time = 2m 1s
Thread 103 is finished, elapsed time = 2m 1s
Thread 109 is finished, elapsed time = 2m 2s
Thread 189 is finished, elapsed time = 2m 2s
Thread 108 is finished, elapsed time = 2m 2s
Thread 13 is finished, elapsed time = 2m 2s
Thread 116 is finished, elapsed time = 2m 2s
Thread 188 is finished, elapsed time = 2m 2s
Thread 104 is finished, elapsed time = 2m 2s
Thread 162 is finished, elapsed time = 2m 2s
Thread 126 is finished, elapsed time = 2m 2s
Thread 35 is finished, elapsed time = 2m 2s
Thread 11 is finished, elapsed time = 2m 2s
Thread 12 is finished, elapsed time = 2m 2s
Thread 74 is finished, elapsed time = 2m 2s
Thread 149 is finished, elapsed time = 2m 2s
Thread 81 is finished, elapsed time = 2m 2s
Thread 182 is finished, elapsed time = 2m 2s
Thread 159 is finished, elapsed time = 2m 2s
Thread 134 is finished, elapsed time = 2m 2s
Thread 69 is finished, elapsed time = 2m 3s
Thread 119 is finished, elapsed time = 2m 3s
Thread 164 is finished, elapsed time = 2m 3s
Thread 173 is finished, elapsed time = 2m 3s
Thread 105 is finished, elapsed time = 2m 3s
Thread 87 is finished, elapsed time = 2m 3s
Thread 68 is finished, elapsed time = 2m 3s
Thread 73 is finished, elapsed time = 2m 3s
Thread 167 is finished, elapsed time = 2m 4s
Thread 157 is finished, elapsed time = 2m 4s
There are 49622082994 odd rank idempotents, elapsed time = 2m 4s
Total elapsed time = 3m 32s
161374041945
