Counting even rank Motzkin idempotents . . .
Number of weight 0 Motzkin words is 18199284
Processing Motzkin words, elapsed time = 9066ms 
Motzkin words use ~ 698.487 MB
Using 190 / 192 threads
Thread 0 is finished, elapsed time = 81h 12m
Thread 2 is finished, elapsed time = 81h 30m
Thread 1 is finished, elapsed time = 83h 8m
Thread 3 is finished, elapsed time = 86h 44m
Thread 4 is finished, elapsed time = 88h 
Thread 7 is finished, elapsed time = 88h 17m
Thread 6 is finished, elapsed time = 88h 22m
Thread 5 is finished, elapsed time = 88h 58m
Thread 21 is finished, elapsed time = 91h 58m
Thread 15 is finished, elapsed time = 92h 36m
Thread 18 is finished, elapsed time = 92h 40m
Thread 17 is finished, elapsed time = 92h 48m
Thread 20 is finished, elapsed time = 92h 48m
Thread 9 is finished, elapsed time = 93h 28m
Thread 12 is finished, elapsed time = 93h 29m
Thread 23 is finished, elapsed time = 93h 37m
Thread 14 is finished, elapsed time = 93h 57m
Thread 8 is finished, elapsed time = 94h 6m
Thread 11 is finished, elapsed time = 94h 12m
Thread 16 is finished, elapsed time = 94h 20m
Thread 22 is finished, elapsed time = 94h 27m
Thread 19 is finished, elapsed time = 94h 47m
Thread 10 is finished, elapsed time = 94h 59m
Thread 13 is finished, elapsed time = 95h 21m
Thread 63 is finished, elapsed time = 95h 39m
Thread 66 is finished, elapsed time = 96h 25m
Thread 81 is finished, elapsed time = 96h 45m
Thread 62 is finished, elapsed time = 96h 46m
Thread 24 is finished, elapsed time = 96h 59m
Thread 60 is finished, elapsed time = 97h 2m
Thread 61 is finished, elapsed time = 97h 4m
Thread 69 is finished, elapsed time = 97h 23m
Thread 42 is finished, elapsed time = 97h 30m
Thread 40 is finished, elapsed time = 97h 32m
Thread 38 is finished, elapsed time = 97h 36m
Thread 57 is finished, elapsed time = 97h 39m
Thread 68 is finished, elapsed time = 97h 42m
Thread 87 is finished, elapsed time = 97h 45m
Thread 58 is finished, elapsed time = 97h 47m
Thread 75 is finished, elapsed time = 97h 48m
Thread 67 is finished, elapsed time = 97h 49m
Thread 77 is finished, elapsed time = 97h 49m
Thread 37 is finished, elapsed time = 97h 52m
Thread 80 is finished, elapsed time = 97h 57m
Thread 55 is finished, elapsed time = 98h 7m
Thread 33 is finished, elapsed time = 98h 10m
Thread 50 is finished, elapsed time = 98h 17m
Thread 45 is finished, elapsed time = 98h 19m
Thread 64 is finished, elapsed time = 98h 21m
Thread 65 is finished, elapsed time = 98h 21m
Thread 71 is finished, elapsed time = 98h 23m
Thread 52 is finished, elapsed time = 98h 26m
Thread 53 is finished, elapsed time = 98h 27m
Thread 35 is finished, elapsed time = 98h 27m
Thread 76 is finished, elapsed time = 98h 32m
Thread 74 is finished, elapsed time = 98h 34m
Thread 47 is finished, elapsed time = 98h 38m
Thread 41 is finished, elapsed time = 98h 39m
Thread 28 is finished, elapsed time = 98h 44m
Thread 44 is finished, elapsed time = 98h 44m
Thread 43 is finished, elapsed time = 98h 46m
Thread 26 is finished, elapsed time = 98h 46m
Thread 90 is finished, elapsed time = 98h 48m
Thread 88 is finished, elapsed time = 98h 49m
Thread 83 is finished, elapsed time = 98h 51m
Thread 49 is finished, elapsed time = 98h 55m
Thread 48 is finished, elapsed time = 98h 56m
Thread 86 is finished, elapsed time = 98h 58m
Thread 78 is finished, elapsed time = 98h 59m
Thread 70 is finished, elapsed time = 99h 7m
Thread 39 is finished, elapsed time = 99h 11m
Thread 29 is finished, elapsed time = 99h 13m
Thread 54 is finished, elapsed time = 99h 14m
Thread 82 is finished, elapsed time = 99h 15m
Thread 31 is finished, elapsed time = 99h 15m
Thread 79 is finished, elapsed time = 99h 18m
Thread 72 is finished, elapsed time = 99h 22m
Thread 139 is finished, elapsed time = 99h 25m
Thread 134 is finished, elapsed time = 99h 28m
Thread 34 is finished, elapsed time = 99h 29m
Thread 30 is finished, elapsed time = 99h 29m
Thread 136 is finished, elapsed time = 99h 30m
Thread 25 is finished, elapsed time = 99h 31m
Thread 56 is finished, elapsed time = 99h 32m
Thread 46 is finished, elapsed time = 99h 32m
Thread 184 is finished, elapsed time = 99h 34m
Thread 135 is finished, elapsed time = 99h 35m
Thread 84 is finished, elapsed time = 99h 35m
Thread 51 is finished, elapsed time = 99h 37m
Thread 59 is finished, elapsed time = 99h 43m
Thread 85 is finished, elapsed time = 99h 44m
Thread 133 is finished, elapsed time = 99h 46m
Thread 141 is finished, elapsed time = 99h 47m
Thread 143 is finished, elapsed time = 99h 57m
Thread 140 is finished, elapsed time = 99h 58m
Thread 185 is finished, elapsed time = 100h 
Thread 32 is finished, elapsed time = 100h 2m
Thread 132 is finished, elapsed time = 100h 4m
Thread 89 is finished, elapsed time = 100h 4m
Thread 36 is finished, elapsed time = 100h 5m
Thread 27 is finished, elapsed time = 100h 13m
Thread 73 is finished, elapsed time = 100h 19m
Thread 148 is finished, elapsed time = 100h 26m
Thread 149 is finished, elapsed time = 100h 31m
Thread 125 is finished, elapsed time = 100h 32m
Thread 142 is finished, elapsed time = 100h 36m
Thread 129 is finished, elapsed time = 100h 37m
Thread 153 is finished, elapsed time = 100h 38m
Thread 150 is finished, elapsed time = 100h 38m
Thread 131 is finished, elapsed time = 100h 42m
Thread 126 is finished, elapsed time = 100h 44m
Thread 137 is finished, elapsed time = 100h 46m
Thread 138 is finished, elapsed time = 100h 46m
Thread 144 is finished, elapsed time = 100h 47m
Thread 118 is finished, elapsed time = 100h 47m
Thread 186 is finished, elapsed time = 100h 52m
Thread 151 is finished, elapsed time = 100h 53m
Thread 107 is finished, elapsed time = 100h 54m
Thread 154 is finished, elapsed time = 100h 54m
Thread 155 is finished, elapsed time = 100h 56m
Thread 108 is finished, elapsed time = 100h 56m
Thread 122 is finished, elapsed time = 100h 57m
Thread 130 is finished, elapsed time = 101h 1m
Thread 120 is finished, elapsed time = 101h 1m
Thread 180 is finished, elapsed time = 101h 4m
Thread 116 is finished, elapsed time = 101h 6m
Thread 147 is finished, elapsed time = 101h 7m
Thread 127 is finished, elapsed time = 101h 8m
Thread 121 is finished, elapsed time = 101h 8m
Thread 111 is finished, elapsed time = 101h 8m
Thread 113 is finished, elapsed time = 101h 10m
Thread 123 is finished, elapsed time = 101h 12m
Thread 95 is finished, elapsed time = 101h 13m
Thread 91 is finished, elapsed time = 101h 15m
Thread 128 is finished, elapsed time = 101h 15m
Thread 110 is finished, elapsed time = 101h 15m
Thread 109 is finished, elapsed time = 101h 16m
Thread 106 is finished, elapsed time = 101h 16m
Thread 145 is finished, elapsed time = 101h 20m
Thread 124 is finished, elapsed time = 101h 22m
Thread 187 is finished, elapsed time = 101h 24m
Thread 146 is finished, elapsed time = 101h 25m
Thread 157 is finished, elapsed time = 101h 27m
Thread 112 is finished, elapsed time = 101h 28m
Thread 97 is finished, elapsed time = 101h 29m
Thread 105 is finished, elapsed time = 101h 29m
Thread 98 is finished, elapsed time = 101h 30m
Thread 114 is finished, elapsed time = 101h 31m
Thread 99 is finished, elapsed time = 101h 31m
Thread 159 is finished, elapsed time = 101h 32m
Thread 119 is finished, elapsed time = 101h 32m
Thread 156 is finished, elapsed time = 101h 32m
Thread 162 is finished, elapsed time = 101h 32m
Thread 115 is finished, elapsed time = 101h 33m
Thread 100 is finished, elapsed time = 101h 34m
Thread 103 is finished, elapsed time = 101h 36m
Thread 181 is finished, elapsed time = 101h 38m
Thread 117 is finished, elapsed time = 101h 38m
Thread 152 is finished, elapsed time = 101h 38m
Thread 96 is finished, elapsed time = 101h 39m
Thread 101 is finished, elapsed time = 101h 39m
Thread 104 is finished, elapsed time = 101h 40m
Thread 160 is finished, elapsed time = 101h 40m
Thread 102 is finished, elapsed time = 101h 40m
Thread 182 is finished, elapsed time = 101h 42m
Thread 161 is finished, elapsed time = 101h 46m
Thread 93 is finished, elapsed time = 101h 46m
Thread 163 is finished, elapsed time = 101h 48m
Thread 92 is finished, elapsed time = 101h 49m
Thread 179 is finished, elapsed time = 101h 49m
Thread 158 is finished, elapsed time = 101h 55m
Thread 164 is finished, elapsed time = 101h 57m
Thread 94 is finished, elapsed time = 101h 59m
Thread 165 is finished, elapsed time = 102h 1m
Thread 178 is finished, elapsed time = 102h 2m
Thread 183 is finished, elapsed time = 102h 5m
Thread 177 is finished, elapsed time = 102h 8m
Thread 189 is finished, elapsed time = 102h 16m
Thread 171 is finished, elapsed time = 102h 16m
Thread 172 is finished, elapsed time = 102h 16m
Thread 176 is finished, elapsed time = 102h 17m
Thread 188 is finished, elapsed time = 102h 17m
Thread 174 is finished, elapsed time = 102h 17m
Thread 173 is finished, elapsed time = 102h 17m
Thread 175 is finished, elapsed time = 102h 20m
Thread 168 is finished, elapsed time = 102h 24m
Thread 167 is finished, elapsed time = 102h 24m
Thread 169 is finished, elapsed time = 102h 24m
Thread 166 is finished, elapsed time = 102h 25m
Thread 170 is finished, elapsed time = 102h 26m
There are 378503545488715 even rank idempotents, elapsed time = 102h 26m
Counting odd rank Motzkin idempotents . . .
Number of weight 1 Motzkin words is 32652735
Processing Motzkin words, elapsed time = 19280ms 
Motzkin words use ~ 1.25568 GB
Using 190 / 192 threads
Thread 32 is finished, elapsed time = 172h 21m
Thread 35 is finished, elapsed time = 172h 46m
Thread 43 is finished, elapsed time = 173h 2m
Thread 44 is finished, elapsed time = 173h 3m
Thread 40 is finished, elapsed time = 173h 9m
Thread 48 is finished, elapsed time = 173h 41m
Thread 47 is finished, elapsed time = 173h 41m
Thread 97 is finished, elapsed time = 173h 50m
Thread 49 is finished, elapsed time = 173h 57m
Thread 36 is finished, elapsed time = 174h 11m
Thread 102 is finished, elapsed time = 175h 
Thread 7 is finished, elapsed time = 175h 17m
Thread 105 is finished, elapsed time = 175h 41m
Thread 118 is finished, elapsed time = 175h 44m
Thread 18 is finished, elapsed time = 175h 46m
Thread 100 is finished, elapsed time = 175h 53m
Thread 113 is finished, elapsed time = 175h 55m
Thread 111 is finished, elapsed time = 176h 5m
Thread 120 is finished, elapsed time = 176h 57m
Thread 128 is finished, elapsed time = 177h 8m
Thread 130 is finished, elapsed time = 177h 38m
Thread 116 is finished, elapsed time = 177h 49m
Thread 121 is finished, elapsed time = 178h 1m
Thread 34 is finished, elapsed time = 178h 11m
Thread 131 is finished, elapsed time = 178h 23m
Thread 22 is finished, elapsed time = 178h 29m
Thread 8 is finished, elapsed time = 178h 38m
Thread 21 is finished, elapsed time = 178h 43m
Thread 104 is finished, elapsed time = 179h 6m
Thread 12 is finished, elapsed time = 179h 39m
Thread 41 is finished, elapsed time = 179h 54m
Thread 73 is finished, elapsed time = 180h 7m
Thread 69 is finished, elapsed time = 180h 27m
Thread 125 is finished, elapsed time = 181h 4m
Thread 31 is finished, elapsed time = 181h 7m
Thread 17 is finished, elapsed time = 181h 22m
Thread 75 is finished, elapsed time = 181h 57m
Thread 27 is finished, elapsed time = 181h 59m
Thread 13 is finished, elapsed time = 182h 19m
Thread 78 is finished, elapsed time = 182h 58m
Thread 79 is finished, elapsed time = 183h 5m
Thread 5 is finished, elapsed time = 183h 23m
Thread 127 is finished, elapsed time = 184h 7m
Thread 20 is finished, elapsed time = 184h 32m
Thread 96 is finished, elapsed time = 184h 34m
Thread 88 is finished, elapsed time = 184h 57m
Thread 0 is finished, elapsed time = 185h 31m
Thread 3 is finished, elapsed time = 185h 38m
Thread 59 is finished, elapsed time = 185h 49m
Thread 6 is finished, elapsed time = 186h 7m
Thread 26 is finished, elapsed time = 186h 38m
Thread 168 is finished, elapsed time = 186h 57m
Thread 2 is finished, elapsed time = 187h 15m
Thread 45 is finished, elapsed time = 188h 8m
Thread 67 is finished, elapsed time = 188h 12m
Thread 63 is finished, elapsed time = 188h 30m
Thread 94 is finished, elapsed time = 189h 18m
Thread 82 is finished, elapsed time = 189h 44m
Thread 1 is finished, elapsed time = 189h 58m
Thread 86 is finished, elapsed time = 190h 11m
Thread 56 is finished, elapsed time = 190h 23m
Thread 38 is finished, elapsed time = 190h 25m
Thread 53 is finished, elapsed time = 190h 32m
Thread 76 is finished, elapsed time = 190h 35m
Thread 4 is finished, elapsed time = 190h 42m
Thread 15 is finished, elapsed time = 190h 55m
Thread 95 is finished, elapsed time = 191h 3m
Thread 180 is finished, elapsed time = 192h 
Thread 166 is finished, elapsed time = 192h 4m
Thread 10 is finished, elapsed time = 192h 8m
Thread 126 is finished, elapsed time = 192h 12m
Thread 91 is finished, elapsed time = 192h 16m
Thread 66 is finished, elapsed time = 192h 22m
Thread 108 is finished, elapsed time = 192h 29m
Thread 176 is finished, elapsed time = 193h 
Thread 57 is finished, elapsed time = 193h 5m
Thread 172 is finished, elapsed time = 193h 10m
Thread 124 is finished, elapsed time = 193h 11m
Thread 161 is finished, elapsed time = 193h 25m
Thread 46 is finished, elapsed time = 193h 27m
Thread 147 is finished, elapsed time = 193h 28m
Thread 29 is finished, elapsed time = 193h 38m
Thread 24 is finished, elapsed time = 193h 39m
Thread 85 is finished, elapsed time = 194h 26m
Thread 103 is finished, elapsed time = 194h 45m
Thread 87 is finished, elapsed time = 194h 46m
Thread 167 is finished, elapsed time = 194h 57m
Thread 151 is finished, elapsed time = 194h 59m
Thread 175 is finished, elapsed time = 195h 1m
Thread 144 is finished, elapsed time = 195h 2m
Thread 77 is finished, elapsed time = 195h 34m
Thread 162 is finished, elapsed time = 195h 35m
Thread 70 is finished, elapsed time = 195h 43m
Thread 149 is finished, elapsed time = 195h 55m
Thread 157 is finished, elapsed time = 196h 
Thread 68 is finished, elapsed time = 196h 4m
Thread 138 is finished, elapsed time = 196h 18m
Thread 165 is finished, elapsed time = 196h 28m
Thread 60 is finished, elapsed time = 196h 35m
Thread 152 is finished, elapsed time = 196h 35m
Thread 58 is finished, elapsed time = 196h 51m
Thread 171 is finished, elapsed time = 197h 6m
Thread 163 is finished, elapsed time = 197h 10m
Thread 129 is finished, elapsed time = 197h 11m
Thread 119 is finished, elapsed time = 197h 13m
Thread 145 is finished, elapsed time = 197h 17m
Thread 174 is finished, elapsed time = 197h 21m
Thread 179 is finished, elapsed time = 197h 23m
Thread 123 is finished, elapsed time = 197h 29m
Thread 106 is finished, elapsed time = 197h 31m
Thread 136 is finished, elapsed time = 197h 43m
Thread 117 is finished, elapsed time = 197h 45m
Thread 112 is finished, elapsed time = 197h 46m
Thread 178 is finished, elapsed time = 197h 48m
Thread 114 is finished, elapsed time = 197h 50m
Thread 182 is finished, elapsed time = 197h 52m
Thread 23 is finished, elapsed time = 198h 6m
Thread 93 is finished, elapsed time = 198h 11m
Thread 101 is finished, elapsed time = 198h 14m
Thread 181 is finished, elapsed time = 198h 16m
Thread 42 is finished, elapsed time = 198h 18m
Thread 33 is finished, elapsed time = 198h 31m
Thread 51 is finished, elapsed time = 198h 36m
Thread 28 is finished, elapsed time = 198h 37m
Thread 19 is finished, elapsed time = 198h 44m
Thread 164 is finished, elapsed time = 198h 53m
Thread 92 is finished, elapsed time = 198h 59m
Thread 65 is finished, elapsed time = 199h 3m
Thread 158 is finished, elapsed time = 199h 4m
Thread 84 is finished, elapsed time = 199h 7m
Thread 156 is finished, elapsed time = 199h 11m
Thread 30 is finished, elapsed time = 199h 12m
Thread 154 is finished, elapsed time = 199h 16m
Thread 25 is finished, elapsed time = 199h 20m
Thread 143 is finished, elapsed time = 199h 22m
Thread 90 is finished, elapsed time = 199h 30m
Thread 177 is finished, elapsed time = 199h 30m
Thread 52 is finished, elapsed time = 199h 32m
Thread 71 is finished, elapsed time = 199h 34m
Thread 107 is finished, elapsed time = 199h 36m
Thread 83 is finished, elapsed time = 199h 38m
Thread 148 is finished, elapsed time = 199h 42m
Thread 72 is finished, elapsed time = 199h 50m
Thread 61 is finished, elapsed time = 200h 8m
Thread 89 is finished, elapsed time = 200h 9m
Thread 110 is finished, elapsed time = 200h 11m
Thread 16 is finished, elapsed time = 200h 12m
Thread 115 is finished, elapsed time = 200h 12m
Thread 150 is finished, elapsed time = 200h 14m
Thread 39 is finished, elapsed time = 200h 15m
Thread 173 is finished, elapsed time = 200h 16m
Thread 160 is finished, elapsed time = 200h 16m
Thread 99 is finished, elapsed time = 200h 22m
Thread 74 is finished, elapsed time = 200h 24m
Thread 142 is finished, elapsed time = 200h 25m
Thread 159 is finished, elapsed time = 200h 27m
Thread 109 is finished, elapsed time = 200h 29m
Thread 137 is finished, elapsed time = 200h 31m
Thread 9 is finished, elapsed time = 200h 33m
Thread 11 is finished, elapsed time = 200h 35m
Thread 81 is finished, elapsed time = 200h 37m
Thread 170 is finished, elapsed time = 200h 39m
Thread 141 is finished, elapsed time = 200h 39m
Thread 55 is finished, elapsed time = 200h 47m
Thread 98 is finished, elapsed time = 200h 47m
Thread 37 is finished, elapsed time = 200h 48m
Thread 50 is finished, elapsed time = 200h 49m
Thread 134 is finished, elapsed time = 200h 50m
Thread 155 is finished, elapsed time = 200h 50m
Thread 187 is finished, elapsed time = 200h 54m
Thread 14 is finished, elapsed time = 200h 56m
Thread 188 is finished, elapsed time = 201h 1m
Thread 80 is finished, elapsed time = 201h 3m
Thread 122 is finished, elapsed time = 201h 3m
Thread 135 is finished, elapsed time = 201h 5m
Thread 153 is finished, elapsed time = 201h 5m
Thread 169 is finished, elapsed time = 201h 6m
Thread 133 is finished, elapsed time = 201h 10m
Thread 140 is finished, elapsed time = 201h 14m
Thread 139 is finished, elapsed time = 201h 15m
Thread 62 is finished, elapsed time = 201h 18m
Thread 64 is finished, elapsed time = 201h 20m
Thread 132 is finished, elapsed time = 201h 20m
Thread 146 is finished, elapsed time = 201h 20m
Thread 189 is finished, elapsed time = 201h 26m
Thread 54 is finished, elapsed time = 201h 29m
Thread 186 is finished, elapsed time = 201h 43m
Thread 185 is finished, elapsed time = 201h 46m
Thread 184 is finished, elapsed time = 201h 53m
Thread 183 is finished, elapsed time = 202h 4m
There are 160685511211912 odd rank idempotents, elapsed time = 202h 5m
Total elapsed time = 304h 32m
539189056700627
