Number of Dyck words is 1
Processing Dyck words, elapsed time = 18μs 
Dyck words use ~ 5.000000 bytes
Using 4 / 4 threads
Number of palindromic Dyck words is 1
Number of non-palindromic Dyck words is 0
Thread 0 has load 0
Thread 1 has load 0
Thread 1 is finished, elapsed time = 7505ns 
Thread 0 is finished, elapsed time = 17μs 
Thread 2 is finished, elapsed time = 41μs 
Thread 3 is finished, elapsed time = 58μs 
From comparison of palindromic and palindromic: 2
Thread 0 has load 0
Thread 0 is finished, elapsed time = 7392ns 
Thread 1 is finished, elapsed time = 18μs 
Thread 2 is finished, elapsed time = 41μs 
Thread 3 is finished, elapsed time = 60μs 
From comparison of non-palindromic and non-palindromic: 0
Thread 0 has load 0
Thread 1 has load 0
Thread 0 is finished, elapsed time = 7961ns 
Thread 1 is finished, elapsed time = 16μs 
Thread 2 is finished, elapsed time = 5664ns 
Thread 3 is finished, elapsed time = 6110ns 
From comparison of palindromic and non-palindromic: 0
Thread 0 has load 0
Thread 0 is finished, elapsed time = 7162ns 
Thread 1 is finished, elapsed time = 6004ns 
Thread 2 is finished, elapsed time = 31μs 
Thread 3 is finished, elapsed time = 48μs 
From comparison of non-palindromics and their reverses: 0
Total elapsed time = 790μs 
2
