Number of Dyck words is 1430
Processing Dyck words, elapsed time = 1305μs 
Dyck words use ~ 48.039062 KB
Using 4 / 4 threads
Number of palindromic Dyck words is 70
Number of non-palindromic Dyck words is 680
Thread 0 has load 645
Thread 1 has load 642
Thread 2 has load 632
Thread 3 has load 496
Thread 2 is finished, elapsed time = 21μs 
Thread 3 is finished, elapsed time = 32μs 
Thread 0 is finished, elapsed time = 60μs 
Thread 1 is finished, elapsed time = 78μs 
From comparison of palindromic and palindromic: 32170
Thread 0 has load 58282
Thread 1 has load 58097
Thread 2 has load 57865
Thread 3 has load 56616
Thread 3 is finished, elapsed time = 1950μs 
Thread 2 is finished, elapsed time = 2348μs 
Thread 1 is finished, elapsed time = 2509μs 
Thread 0 is finished, elapsed time = 2598μs 
From comparison of non-palindromic and non-palindromic: 5886740
Thread 0 has load 12240
Thread 1 has load 12240
Thread 2 has load 12240
Thread 3 has load 10880
Thread 3 is finished, elapsed time = 422μs 
Thread 2 is finished, elapsed time = 513μs 
Thread 1 is finished, elapsed time = 544μs 
Thread 0 is finished, elapsed time = 567μs 
From comparison of palindromic and non-palindromic: 1225768
Thread 0 has load 58374
Thread 1 has load 58206
Thread 2 has load 58007
Thread 3 has load 56953
Thread 3 is finished, elapsed time = 1852μs 
Thread 2 is finished, elapsed time = 2257μs 
Thread 1 is finished, elapsed time = 2401μs 
Thread 0 is finished, elapsed time = 2482μs 
From comparison of non-palindromics and their reverses: 5511346
Total elapsed time = 7525μs 
12656024
