Number of Dyck words is 2
Processing Dyck words, elapsed time = 19μs 
Dyck words use ~ 19.000000 bytes
Using 4 / 4 threads
Number of palindromic Dyck words is 2
Number of non-palindromic Dyck words is 0
Thread 0 has load 1
Thread 1 has load 0
Thread 2 has load 0
Thread 0 is finished, elapsed time = 6506ns 
Thread 2 is finished, elapsed time = 5767ns 
Thread 1 is finished, elapsed time = 8606ns 
Thread 3 is finished, elapsed time = 24μs 
From comparison of palindromic and palindromic: 12
Thread 0 has load 0
Thread 0 is finished, elapsed time = 5474ns 
Thread 2 is finished, elapsed time = 7040ns 
Thread 1 is finished, elapsed time = 23μs 
Thread 3 is finished, elapsed time = 34μs 
From comparison of non-palindromic and non-palindromic: 0
Thread 0 has load 0
Thread 1 has load 0
Thread 2 has load 0
Thread 0 is finished, elapsed time = 7219ns 
Thread 1 is finished, elapsed time = 22μs 
Thread 2 is finished, elapsed time = 35μs 
Thread 3 is finished, elapsed time = 50μs 
From comparison of palindromic and non-palindromic: 0
Thread 0 has load 0
Thread 0 is finished, elapsed time = 6150ns 
Thread 1 is finished, elapsed time = 18μs 
Thread 2 is finished, elapsed time = 32μs 
Thread 3 is finished, elapsed time = 48μs 
From comparison of non-palindromics and their reverses: 0
Total elapsed time = 675μs 
12
