Number of Dyck words is 42
Processing Dyck words, elapsed time = 65μs 
Dyck words use ~ 930.000000 bytes
Using 4 / 4 threads
Number of palindromic Dyck words is 10
Number of non-palindromic Dyck words is 16
Thread 0 has load 17
Thread 1 has load 13
Thread 2 has load 12
Thread 3 has load 3
Thread 0 is finished, elapsed time = 7940ns 
Thread 1 is finished, elapsed time = 9331ns 
Thread 2 is finished, elapsed time = 26μs 
Thread 3 is finished, elapsed time = 41μs 
From comparison of palindromic and palindromic: 442
Thread 0 has load 42
Thread 1 has load 33
Thread 2 has load 30
Thread 3 has load 15
Thread 0 is finished, elapsed time = 9171ns 
Thread 2 is finished, elapsed time = 29μs 
Thread 1 is finished, elapsed time = 52μs 
Thread 3 is finished, elapsed time = 88μs 
From comparison of non-palindromic and non-palindromic: 2696
Thread 0 has load 48
Thread 1 has load 48
Thread 2 has load 48
Thread 3 has load 16
Thread 0 is finished, elapsed time = 8137ns 
Thread 2 is finished, elapsed time = 22μs 
Thread 1 is finished, elapsed time = 49μs 
Thread 3 is finished, elapsed time = 70μs 
From comparison of palindromic and non-palindromic: 3172
Thread 0 has load 45
Thread 1 has load 36
Thread 2 has load 34
Thread 3 has load 21
Thread 0 is finished, elapsed time = 8840ns 
Thread 1 is finished, elapsed time = 27μs 
Thread 2 is finished, elapsed time = 65μs 
Thread 3 is finished, elapsed time = 78μs 
From comparison of non-palindromics and their reverses: 2634
Total elapsed time = 776μs 
8944
