Number of Dyck words is 5
Processing Dyck words, elapsed time = 25μs 
Dyck words use ~ 69.000000 bytes
Using 4 / 4 threads
Number of palindromic Dyck words is 3
Number of non-palindromic Dyck words is 1
Thread 0 has load 2
Thread 1 has load 1
Thread 2 has load 0
Thread 3 has load 0
Thread 3 is finished, elapsed time = 6975ns 
Thread 2 is finished, elapsed time = 22μs 
Thread 0 is finished, elapsed time = 38μs 
Thread 1 is finished, elapsed time = 39μs 
From comparison of palindromic and palindromic: 30
Thread 0 has load 0
Thread 1 has load 0
Thread 2 is finished, elapsed time = 13μs 
Thread 0 is finished, elapsed time = 49μs 
Thread 1 is finished, elapsed time = 80μs 
Thread 3 is finished, elapsed time = 95μs 
From comparison of non-palindromic and non-palindromic: 8
Thread 0 has load 1
Thread 1 has load 1
Thread 2 has load 1
Thread 3 has load 0
Thread 2 is finished, elapsed time = 12μs 
Thread 0 is finished, elapsed time = 36μs 
Thread 1 is finished, elapsed time = 62μs 
Thread 3 is finished, elapsed time = 97μs 
From comparison of palindromic and non-palindromic: 48
Thread 0 has load 1
Thread 1 has load 0
Thread 2 is finished, elapsed time = 12μs 
Thread 1 is finished, elapsed time = 35μs 
Thread 0 is finished, elapsed time = 56μs 
Thread 3 is finished, elapsed time = 96μs 
From comparison of non-palindromics and their reverses: 10
Total elapsed time = 789μs 
96
