Counting even rank Motzkin idempotents . . .
Number of weight 0 Motzkin words is 835
Processing Motzkin words, elapsed time = 259μs 
Motzkin words use ~ 16.0488 KB
Using 4 / 4 threads
Thread 1 is finished, elapsed time = 2976μs 
Thread 2 is finished, elapsed time = 3037μs 
Thread 0 is finished, elapsed time = 3235μs 
Thread 3 is finished, elapsed time = 3295μs 
There are 834765 even rank idempotents, elapsed time = 3714μs 
Counting odd rank Motzkin idempotents . . .
Number of weight 1 Motzkin words is 1353
Processing Motzkin words, elapsed time = 482μs 
Motzkin words use ~ 27.5391 KB
Using 4 / 4 threads
Thread 0 is finished, elapsed time = 1840μs 
Thread 2 is finished, elapsed time = 2546μs 
Thread 1 is finished, elapsed time = 2655μs 
Thread 3 is finished, elapsed time = 2946μs 
There are 408981 odd rank idempotents, elapsed time = 3527μs 
Total elapsed time = 7315μs 
1243746
