Counting even rank Motzkin idempotents . . .
Number of weight 0 Motzkin words is 9
Processing Motzkin words, elapsed time = 15μs 
Motzkin words use ~ 73 bytes
Using 4 / 4 threads
Thread 0 is finished, elapsed time = 9939ns 
Thread 2 is finished, elapsed time = 5614ns 
Thread 1 is finished, elapsed time = 9628ns 
Thread 3 is finished, elapsed time = 5749ns 
There are 101 even rank idempotents, elapsed time = 194μs 
Counting odd rank Motzkin idempotents . . .
Number of weight 1 Motzkin words is 12
Processing Motzkin words, elapsed time = 12μs 
Motzkin words use ~ 124 bytes
Using 4 / 4 threads
Thread 0 is finished, elapsed time = 6525ns 
Thread 1 is finished, elapsed time = 22μs 
Thread 2 is finished, elapsed time = 41μs 
Thread 3 is finished, elapsed time = 52μs 
There are 52 odd rank idempotents, elapsed time = 144μs 
Total elapsed time = 411μs 
153
