Counting even rank Motzkin idempotents . . .
Number of weight 0 Motzkin words is 2
Processing Motzkin words, elapsed time = 10μs 
Motzkin words use ~ 5 bytes
Using 4 / 4 threads
Thread 1 is finished, elapsed time = 6107ns 
Thread 0 is finished, elapsed time = 30μs 
Thread 2 is finished, elapsed time = 49μs 
Thread 3 is finished, elapsed time = 82μs 
There are 5 even rank idempotents, elapsed time = 247μs 
Counting odd rank Motzkin idempotents . . .
Number of weight 1 Motzkin words is 2
Processing Motzkin words, elapsed time = 21μs 
Motzkin words use ~ 12 bytes
Using 4 / 4 threads
Thread 0 is finished, elapsed time = 7143ns 
Thread 1 is finished, elapsed time = 5042ns 
Thread 2 is finished, elapsed time = 4709ns 
Thread 3 is finished, elapsed time = 35μs 
There are 2 odd rank idempotents, elapsed time = 242μs 
Total elapsed time = 581μs 
7
