Counting even rank Motzkin idempotents . . .
Number of weight 0 Motzkin words is 113634
Processing Motzkin words, elapsed time = 35ms 
Motzkin words use ~ 3.25589 MB
Using 4 / 4 threads
Thread 0 is finished, elapsed time = 1m 7s
Thread 1 is finished, elapsed time = 1m 9s
Thread 2 is finished, elapsed time = 1m 9s
Thread 3 is finished, elapsed time = 1m 11s
There are 15025298599 even rank idempotents, elapsed time = 1m 11s
Counting odd rank Motzkin idempotents . . .
Number of weight 1 Motzkin words is 196938
Processing Motzkin words, elapsed time = 98ms 
Motzkin words use ~ 5.84481 MB
Using 4 / 4 threads
Thread 1 is finished, elapsed time = 1m 10s
Thread 0 is finished, elapsed time = 1m 11s
Thread 3 is finished, elapsed time = 1m 18s
Thread 2 is finished, elapsed time = 1m 18s
There are 6761918390 odd rank idempotents, elapsed time = 1m 18s
Total elapsed time = 2m 30s
21787216989
