Counting even rank Motzkin idempotents . . .
Number of weight 0 Motzkin words is 5798
Processing Motzkin words, elapsed time = 1774μs 
Motzkin words use ~ 135.104 KB
Using 4 / 4 threads
Thread 0 is finished, elapsed time = 158ms 
Thread 2 is finished, elapsed time = 160ms 
Thread 3 is finished, elapsed time = 160ms 
Thread 1 is finished, elapsed time = 165ms 
There are 39734739 even rank idempotents, elapsed time = 167ms 
Counting odd rank Motzkin idempotents . . .
Number of weight 1 Motzkin words is 9713
Processing Motzkin words, elapsed time = 3917μs 
Motzkin words use ~ 236.865 KB
Using 4 / 4 threads
Thread 1 is finished, elapsed time = 96ms 
Thread 0 is finished, elapsed time = 100ms 
Thread 3 is finished, elapsed time = 130ms 
Thread 2 is finished, elapsed time = 130ms 
There are 18741742 odd rank idempotents, elapsed time = 135ms 
Total elapsed time = 302ms 
58476481
