Counting even rank Motzkin idempotents . . .
Number of weight 0 Motzkin words is 323
Processing Motzkin words, elapsed time = 108μs 
Motzkin words use ~ 5.53711 KB
Using 4 / 4 threads
Thread 0 is finished, elapsed time = 413μs 
Thread 2 is finished, elapsed time = 426μs 
Thread 3 is finished, elapsed time = 472μs 
Thread 1 is finished, elapsed time = 478μs 
There are 125875 even rank idempotents, elapsed time = 752μs 
Counting odd rank Motzkin idempotents . . .
Number of weight 1 Motzkin words is 512
Processing Motzkin words, elapsed time = 183μs 
Motzkin words use ~ 9.38281 KB
Using 4 / 4 threads
Thread 1 is finished, elapsed time = 331μs 
Thread 0 is finished, elapsed time = 348μs 
Thread 3 is finished, elapsed time = 390μs 
Thread 2 is finished, elapsed time = 441μs 
There are 62820 odd rank idempotents, elapsed time = 704μs 
Total elapsed time = 1528μs 
188695
