Counting even rank Motzkin idempotents . . .
Number of weight 0 Motzkin words is 310572
Processing Motzkin words, elapsed time = 103ms 
Motzkin words use ~ 9.50525 MB
Using 4 / 4 threads
Thread 0 is finished, elapsed time = 8m 17s
Thread 1 is finished, elapsed time = 8m 23s
Thread 2 is finished, elapsed time = 8m 32s
Thread 3 is finished, elapsed time = 8m 36s
There are 111751958951 even rank idempotents, elapsed time = 8m 36s
Counting odd rank Motzkin idempotents . . .
Number of weight 1 Motzkin words is 542895
Processing Motzkin words, elapsed time = 233ms 
Motzkin words use ~ 17.1687 MB
Using 4 / 4 threads
Thread 0 is finished, elapsed time = 9m 48s
Thread 1 is finished, elapsed time = 10m 6s
Thread 2 is finished, elapsed time = 10m 16s
Thread 3 is finished, elapsed time = 10m 49s
There are 49622082994 odd rank idempotents, elapsed time = 10m 49s
Total elapsed time = 19m 25s
161374041945
