Counting even rank Motzkin idempotents . . .
Number of weight 0 Motzkin words is 2188
Processing Motzkin words, elapsed time = 654μs 
Motzkin words use ~ 46.5381 KB
Using 4 / 4 threads
Thread 0 is finished, elapsed time = 15ms 
Thread 1 is finished, elapsed time = 17ms 
Thread 3 is finished, elapsed time = 18ms 
Thread 2 is finished, elapsed time = 19ms 
There are 5694563 even rank idempotents, elapsed time = 20ms 
Counting odd rank Motzkin idempotents . . .
Number of weight 1 Motzkin words is 3610
Processing Motzkin words, elapsed time = 1287μs 
Motzkin words use ~ 80.7695 KB
Using 4 / 4 threads
Thread 0 is finished, elapsed time = 15ms 
Thread 2 is finished, elapsed time = 15ms 
Thread 1 is finished, elapsed time = 16ms 
Thread 3 is finished, elapsed time = 19ms 
There are 2734034 odd rank idempotents, elapsed time = 20ms 
Total elapsed time = 41ms 
8428597
