Number of Dyck words is 5
Processing Dyck words, elapsed time = 36μs 
Dyck words use ~ 69.000000 bytes
Using 2 / 4 threads
Number of palindromic Dyck words is 3
Number of non-palindromic Dyck words is 1
Thread 0 has load 2
Thread 1 has load 1
Thread 1 is finished, elapsed time = 10μs 
Thread 0 is finished, elapsed time = 22μs 
From comparison of palindromic and palindromic: 30
Thread 0 has load 0
Thread 1 has load 0
Thread 1 is finished, elapsed time = 9846ns 
Thread 0 is finished, elapsed time = 9997ns 
From comparison of non-palindromic and non-palindromic: 8
Thread 0 has load 1
Thread 1 has load 2
Thread 0 is finished, elapsed time = 9554ns 
Thread 1 is finished, elapsed time = 8310ns 
From comparison of palindromic and non-palindromic: 48
Thread 0 has load 1
Thread 1 has load 0
Thread 0 is finished, elapsed time = 11μs 
Thread 1 is finished, elapsed time = 43μs 
From comparison of non-palindromics and their reverses: 10
Total elapsed time = 896μs 
96
